2021-12-22T10:19:23-03:00	400	395	28	401	395	29	MHZ19C
2021-12-22T10:19:29-03:00	404	400	28	404	400	29	MHZ19C
2021-12-22T10:19:35-03:00	404	400	28	402	395	29	MHZ19C
2021-12-22T10:19:41-03:00	402	395	28	403	400	29	MHZ19C
2021-12-22T10:19:47-03:00	404	400	27	403	400	29	MHZ19C
2021-12-22T10:19:53-03:00	404	400	27	403	400	29	MHZ19C
2021-12-22T10:19:59-03:00	404	400	27	402	395	29	MHZ19C
2021-12-22T10:20:05-03:00	403	400	27	402	395	29	MHZ19C
2021-12-22T10:20:11-03:00	403	400	27	404	400	29	MHZ19C
2021-12-22T10:20:17-03:00	404	400	28	402	395	29	MHZ19C
2021-12-22T10:20:23-03:00	-1	395	28	-1	400	29	MHZ19C
2021-12-22T10:20:29-03:00	-1	395	28	-1	400	29	MHZ19C
2021-12-22T10:20:35-03:00	-1	395	28	-1	400	29	MHZ19C
2021-12-22T10:20:41-03:00	-1	395	28	-1	400	29	MHZ19C
2021-12-22T10:20:47-03:00	-1	400	28	-1	395	29	MHZ19C
2021-12-22T10:20:52-03:00	-1	395	28	-1	400	29	MHZ19C
2021-12-22T10:20:58-03:00	-1	400	28	-1	395	29	MHZ19C
2021-12-22T10:21:04-03:00	-1	400	28	-1	400	29	MHZ19C
2021-12-22T10:21:10-03:00	-1	400	28	-1	395	29	MHZ19C
2021-12-22T10:21:16-03:00	-1	395	28	-1	400	29	MHZ19C
2021-12-22T10:21:22-03:00	-1	395	28	-1	395	29	MHZ19C
2021-12-22T10:21:28-03:00	-1	395	28	-1	400	29	MHZ19C
2021-12-22T10:21:34-03:00	-1	400	28	-1	395	29	MHZ19C
2021-12-22T10:21:40-03:00	-1	395	28	-1	395	29	MHZ19C
2021-12-22T10:21:46-03:00	-1	395	28	-1	400	29	MHZ19C
2021-12-22T10:21:52-03:00	-1	395	28	-1	395	29	MHZ19C
2021-12-22T10:21:58-03:00	-1	395	28	-1	395	29	MHZ19C
2021-12-22T10:22:04-03:00	-1	400	28	-1	395	29	MHZ19C
2021-12-22T10:22:10-03:00	-1	400	28	-1	400	29	MHZ19C
2021-12-22T10:22:16-03:00	-1	395	28	-1	395	29	MHZ19C
2021-12-22T10:22:22-03:00	402	395	28	-1	400	29	MHZ19C
2021-12-22T10:22:28-03:00	-1	395	28	-1	395	29	MHZ19C
2021-12-22T10:22:34-03:00	-1	400	28	-1	395	29	MHZ19C
2021-12-22T10:22:40-03:00	-1	395	28	-1	395	29	MHZ19C
2021-12-22T10:22:46-03:00	-1	395	28	-1	400	29	MHZ19C
2021-12-22T10:22:52-03:00	-1	395	28	-1	395	29	MHZ19C
2021-12-22T10:22:58-03:00	-1	395	28	-1	395	29	MHZ19C
2021-12-22T10:23:04-03:00	-1	400	28	-1	400	29	MHZ19C
2021-12-22T10:23:10-03:00	-1	400	28	-1	395	29	MHZ19C
2021-12-22T10:23:16-03:00	-1	400	28	-1	395	29	MHZ19C
2021-12-22T10:23:22-03:00	-1	400	28	-1	400	29	MHZ19C
2021-12-22T10:23:28-03:00	-1	400	28	-1	400	29	MHZ19C
2021-12-22T10:23:34-03:00	-1	395	28	-1	400	29	MHZ19C
2021-12-22T10:23:40-03:00	-1	400	28	-1	400	29	MHZ19C
2021-12-22T10:23:46-03:00	-1	400	28	-1	395	29	MHZ19C
2021-12-22T10:23:52-03:00	-1	400	28	-1	400	29	MHZ19C
2021-12-22T10:23:58-03:00	-1	400	28	-1	395	29	MHZ19C
2021-12-22T10:24:04-03:00	-1	395	28	-1	400	29	MHZ19C
2021-12-22T10:24:10-03:00	-1	395	28	-1	400	29	MHZ19C
2021-12-22T10:24:16-03:00	-1	400	28	-1	400	29	MHZ19C
2021-12-22T10:24:22-03:00	-1	395	28	402	400	29	MHZ19C
2021-12-22T10:24:28-03:00	-1	400	28	-1	395	29	MHZ19C
2021-12-22T10:24:34-03:00	-1	395	28	-1	400	29	MHZ19C
2021-12-22T10:24:40-03:00	-1	395	28	-1	395	29	MHZ19C
2021-12-22T10:24:46-03:00	-1	395	28	-1	395	29	MHZ19C
2021-12-22T10:24:52-03:00	-1	395	28	-1	395	29	MHZ19C
2021-12-22T10:24:58-03:00	-1	395	28	-1	400	29	MHZ19C
2021-12-22T10:25:04-03:00	-1	395	28	-1	400	29	MHZ19C
2021-12-22T10:25:10-03:00	-1	395	28	-1	395	29	MHZ19C
2021-12-22T10:25:16-03:00	-1	400	28	-1	395	29	MHZ19C
2021-12-22T10:25:22-03:00	-1	400	28	-1	395	29	MHZ19C
2021-12-22T10:25:28-03:00	-1	395	28	-1	395	29	MHZ19C
2021-12-22T10:25:34-03:00	-1	400	28	-1	395	29	MHZ19C
2021-12-22T10:25:40-03:00	-1	395	28	-1	400	29	MHZ19C
2021-12-22T10:25:46-03:00	-1	395	28	-1	395	29	MHZ19C
2021-12-22T10:25:52-03:00	-1	395	28	-1	395	29	MHZ19C
2021-12-22T10:25:58-03:00	-1	395	28	-1	400	29	MHZ19C
2021-12-22T10:26:04-03:00	-1	400	28	-1	395	29	MHZ19C
2021-12-22T10:26:10-03:00	-1	395	28	-1	400	29	MHZ19C
2021-12-22T10:26:16-03:00	-1	395	28	-1	395	29	MHZ19C
2021-12-22T10:26:22-03:00	-1	395	28	-1	395	29	MHZ19C
2021-12-22T10:26:28-03:00	402	395	27	-1	400	29	MHZ19C
2021-12-22T10:26:34-03:00	-1	400	27	-1	395	29	MHZ19C
2021-12-22T10:26:40-03:00	-1	395	27	-1	395	29	MHZ19C
2021-12-22T10:26:46-03:00	-1	400	27	-1	395	29	MHZ19C
2021-12-22T10:26:52-03:00	-1	395	27	-1	395	29	MHZ19C
2021-12-22T10:26:58-03:00	-1	395	27	-1	400	29	MHZ19C
2021-12-22T10:27:04-03:00	-1	395	27	-1	400	29	MHZ19C
2021-12-22T10:27:10-03:00	-1	395	27	-1	395	29	MHZ19C
2021-12-22T10:27:16-03:00	-1	395	27	-1	395	29	MHZ19C
2021-12-22T10:27:22-03:00	-1	395	27	-1	395	29	MHZ19C
2021-12-22T10:27:28-03:00	-1	395	27	-1	400	29	MHZ19C
2021-12-22T10:27:34-03:00	-1	400	27	-1	395	29	MHZ19C
2021-12-22T10:27:40-03:00	-1	395	27	-1	395	29	MHZ19C
2021-12-22T10:27:46-03:00	-1	395	27	-1	395	29	MHZ19C
2021-12-22T10:27:52-03:00	-1	395	27	-1	395	29	MHZ19C
2021-12-22T10:27:58-03:00	-1	395	27	-1	395	29	MHZ19C
2021-12-22T10:28:04-03:00	-1	395	27	-1	395	29	MHZ19C
2021-12-22T10:28:10-03:00	-1	395	27	-1	400	29	MHZ19C
2021-12-22T10:28:16-03:00	-1	395	27	-1	400	29	MHZ19C
2021-12-22T10:28:22-03:00	-1	395	27	-1	395	29	MHZ19C
2021-12-22T10:28:28-03:00	-1	395	27	400	400	29	MHZ19C
2021-12-22T10:28:34-03:00	-1	395	27	-1	395	29	MHZ19C
2021-12-22T10:28:40-03:00	-1	395	27	-1	400	29	MHZ19C
2021-12-22T10:28:46-03:00	-1	395	27	-1	395	29	MHZ19C
2021-12-22T10:28:52-03:00	-1	395	27	-1	400	29	MHZ19C
2021-12-22T10:28:58-03:00	-1	400	27	-1	400	29	MHZ19C
2021-12-22T10:29:04-03:00	-1	395	27	-1	400	29	MHZ19C
2021-12-22T10:29:10-03:00	-1	395	27	-1	395	29	MHZ19C
2021-12-22T10:29:16-03:00	-1	400	27	-1	400	29	MHZ19C
2021-12-22T10:29:22-03:00	-1	395	27	-1	400	29	MHZ19C
2021-12-22T10:29:27-03:00	-1	395	27	-1	400	29	MHZ19C
2021-12-22T10:29:33-03:00	-1	400	27	-1	400	29	MHZ19C
2021-12-22T10:29:39-03:00	-1	395	27	-1	400	29	MHZ19C
2021-12-22T10:29:45-03:00	-1	400	27	-1	400	29	MHZ19C
2021-12-22T10:29:51-03:00	-1	395	27	-1	395	29	MHZ19C
2021-12-22T10:29:57-03:00	-1	395	27	-1	395	29	MHZ19C
2021-12-22T10:30:03-03:00	-1	395	27	-1	395	29	MHZ19C
2021-12-22T10:30:09-03:00	-1	400	27	-1	400	29	MHZ19C
2021-12-22T10:30:15-03:00	-1	395	27	-1	395	29	MHZ19C
2021-12-22T10:30:21-03:00	-1	395	27	-1	395	29	MHZ19C
2021-12-22T10:30:27-03:00	-1	395	27	-1	400	29	MHZ19C
2021-12-22T10:30:33-03:00	404	400	28	-1	400	29	MHZ19C
2021-12-22T10:30:39-03:00	-1	395	28	-1	395	29	MHZ19C
2021-12-22T10:30:45-03:00	-1	395	28	-1	395	29	MHZ19C
2021-12-22T10:30:51-03:00	-1	400	28	-1	400	29	MHZ19C
2021-12-22T10:30:57-03:00	-1	395	28	-1	400	29	MHZ19C
2021-12-22T10:31:03-03:00	-1	395	28	-1	395	29	MHZ19C
2021-12-22T10:31:09-03:00	-1	395	28	-1	400	29	MHZ19C
2021-12-22T10:31:15-03:00	-1	395	28	-1	395	29	MHZ19C
2021-12-22T10:31:21-03:00	-1	400	28	-1	395	29	MHZ19C
2021-12-22T10:31:27-03:00	-1	395	28	-1	395	29	MHZ19C
2021-12-22T10:31:33-03:00	-1	395	28	-1	395	29	MHZ19C
2021-12-22T10:31:39-03:00	-1	395	28	-1	400	29	MHZ19C
2021-12-22T10:31:45-03:00	-1	395	28	-1	400	29	MHZ19C
2021-12-22T10:31:51-03:00	-1	395	28	-1	400	29	MHZ19C
2021-12-22T10:31:57-03:00	-1	395	28	-1	395	29	MHZ19C
2021-12-22T10:32:03-03:00	-1	400	28	-1	395	29	MHZ19C
2021-12-22T10:32:09-03:00	-1	400	28	-1	400	29	MHZ19C
2021-12-22T10:32:15-03:00	-1	400	28	-1	400	29	MHZ19C
2021-12-22T10:32:21-03:00	-1	395	28	-1	400	29	MHZ19C
2021-12-22T10:32:27-03:00	-1	400	28	-1	395	29	MHZ19C
2021-12-22T10:32:33-03:00	-1	400	28	402	395	30	MHZ19C
2021-12-22T10:32:39-03:00	-1	400	28	-1	400	30	MHZ19C
2021-12-22T10:32:45-03:00	-1	400	28	-1	400	30	MHZ19C
2021-12-22T10:32:51-03:00	-1	400	28	-1	395	30	MHZ19C
2021-12-22T10:32:57-03:00	-1	395	28	-1	395	30	MHZ19C
2021-12-22T10:33:03-03:00	-1	400	28	-1	395	30	MHZ19C
2021-12-22T10:33:09-03:00	-1	400	28	-1	400	30	MHZ19C
2021-12-22T10:33:15-03:00	-1	395	28	-1	400	30	MHZ19C
2021-12-22T10:33:21-03:00	-1	400	28	-1	395	30	MHZ19C
2021-12-22T10:33:27-03:00	-1	400	28	-1	395	30	MHZ19C
2021-12-22T10:33:33-03:00	-1	400	28	-1	395	30	MHZ19C
2021-12-22T10:33:39-03:00	-1	395	28	-1	395	30	MHZ19C
2021-12-22T10:33:45-03:00	-1	395	28	-1	400	30	MHZ19C
2021-12-22T10:33:51-03:00	-1	400	28	-1	395	30	MHZ19C
2021-12-22T10:33:57-03:00	-1	395	28	-1	395	30	MHZ19C
2021-12-22T10:34:03-03:00	-1	400	28	-1	395	30	MHZ19C
2021-12-22T10:34:09-03:00	-1	400	28	-1	395	30	MHZ19C
2021-12-22T10:34:15-03:00	-1	395	28	-1	400	30	MHZ19C
2021-12-22T10:34:21-03:00	-1	395	28	-1	400	30	MHZ19C
2021-12-22T10:34:27-03:00	-1	400	28	-1	400	30	MHZ19C
2021-12-22T10:34:33-03:00	-1	400	28	-1	395	30	MHZ19C
2021-12-22T10:34:39-03:00	406	400	29	-1	395	30	MHZ19C
2021-12-22T10:34:45-03:00	-1	485	29	-1	395	30	MHZ19C
2021-12-22T10:34:51-03:00	-1	530	29	-1	420	30	MHZ19C
2021-12-22T10:34:57-03:00	-1	550	29	-1	450	30	MHZ19C
2021-12-22T10:35:03-03:00	-1	565	29	-1	480	30	MHZ19C
2021-12-22T10:35:09-03:00	-1	580	29	-1	495	30	MHZ19C
2021-12-22T10:35:15-03:00	-1	585	29	-1	515	30	MHZ19C
2021-12-22T10:35:21-03:00	-1	590	29	-1	530	30	MHZ19C
2021-12-22T10:35:27-03:00	-1	590	29	-1	540	30	MHZ19C
2021-12-22T10:35:33-03:00	-1	590	29	-1	540	30	MHZ19C
2021-12-22T10:35:39-03:00	-1	590	29	-1	545	30	MHZ19C
2021-12-22T10:35:45-03:00	-1	590	29	-1	545	30	MHZ19C
2021-12-22T10:35:51-03:00	-1	590	29	-1	545	30	MHZ19C
2021-12-22T10:35:57-03:00	-1	590	29	-1	545	30	MHZ19C
2021-12-22T10:36:03-03:00	-1	590	29	-1	545	30	MHZ19C
2021-12-22T10:36:09-03:00	-1	585	29	-1	545	30	MHZ19C
2021-12-22T10:36:15-03:00	-1	580	29	-1	535	30	MHZ19C
2021-12-22T10:36:21-03:00	-1	575	29	-1	525	30	MHZ19C
2021-12-22T10:36:27-03:00	-1	570	29	-1	510	30	MHZ19C
2021-12-22T10:36:33-03:00	1	560	29	-1	495	30	MHZ19C
2021-12-22T10:36:39-03:00	-1	555	29	488	485	31	MHZ19C
2021-12-22T10:36:45-03:00	-1	545	29	-1	475	31	MHZ19C
2021-12-22T10:36:51-03:00	-1	535	29	-1	465	31	MHZ19C
2021-12-22T10:36:57-03:00	-1	530	29	-1	455	31	MHZ19C
2021-12-22T10:37:03-03:00	-1	525	29	-1	450	31	MHZ19C
2021-12-22T10:37:09-03:00	-1	525	29	-1	445	31	MHZ19C
2021-12-22T10:37:15-03:00	-1	520	29	-1	440	31	MHZ19C
2021-12-22T10:37:21-03:00	-1	520	29	-1	435	31	MHZ19C
2021-12-22T10:37:27-03:00	-1	515	29	-1	435	31	MHZ19C
2021-12-22T10:37:33-03:00	-1	515	29	-1	430	31	MHZ19C
2021-12-22T10:37:39-03:00	-1	515	29	-1	425	31	MHZ19C
2021-12-22T10:37:45-03:00	-1	515	29	-1	425	31	MHZ19C
2021-12-22T10:37:51-03:00	-1	515	29	-1	420	31	MHZ19C
2021-12-22T10:37:57-03:00	-1	510	29	-1	420	31	MHZ19C
2021-12-22T10:38:03-03:00	-1	510	29	-1	420	31	MHZ19C
2021-12-22T10:38:09-03:00	-1	510	29	-1	420	31	MHZ19C
2021-12-22T10:38:15-03:00	-1	510	29	-1	415	31	MHZ19C
2021-12-22T10:38:21-03:00	-1	510	29	-1	415	31	MHZ19C
2021-12-22T10:38:27-03:00	-1	510	29	-1	415	31	MHZ19C
2021-12-22T10:38:33-03:00	-1	510	29	-1	415	31	MHZ19C
2021-12-22T10:38:39-03:00	-1	510	29	-1	415	31	MHZ19C
2021-12-22T10:38:45-03:00	513	505	30	-1	415	31	MHZ19C
2021-12-22T10:38:51-03:00	-1	505	30	-1	415	31	MHZ19C
2021-12-22T10:38:57-03:00	-1	505	30	-1	415	31	MHZ19C
2021-12-22T10:39:03-03:00	-1	505	30	-1	415	31	MHZ19C
2021-12-22T10:39:09-03:00	-1	505	30	-1	415	31	MHZ19C
2021-12-22T10:39:15-03:00	-1	505	30	-1	415	31	MHZ19C
2021-12-22T10:39:21-03:00	-1	505	30	-1	415	31	MHZ19C
2021-12-22T10:39:27-03:00	-1	505	30	-1	415	31	MHZ19C
2021-12-22T10:39:32-03:00	-1	505	30	-1	415	31	MHZ19C
2021-12-22T10:39:38-03:00	-1	505	30	-1	415	31	MHZ19C
2021-12-22T10:39:44-03:00	-1	505	30	-1	410	31	MHZ19C
2021-12-22T10:39:50-03:00	-1	500	30	-1	410	31	MHZ19C
2021-12-22T10:39:56-03:00	-1	500	30	-1	410	31	MHZ19C
2021-12-22T10:40:02-03:00	-1	500	30	-1	410	31	MHZ19C
2021-12-22T10:40:08-03:00	-1	500	30	-1	410	31	MHZ19C
2021-12-22T10:40:14-03:00	-1	500	30	-1	410	31	MHZ19C
2021-12-22T10:40:20-03:00	-1	500	30	-1	410	31	MHZ19C
2021-12-22T10:40:26-03:00	-1	500	30	-1	410	31	MHZ19C
2021-12-22T10:40:32-03:00	-1	500	30	-1	410	31	MHZ19C
2021-12-22T10:40:38-03:00	-1	500	30	-1	410	31	MHZ19C
2021-12-22T10:40:44-03:00	-1	500	30	415	410	31	MHZ19C
2021-12-22T10:40:50-03:00	-1	500	30	-1	410	31	MHZ19C
2021-12-22T10:40:56-03:00	-1	500	30	-1	410	31	MHZ19C
2021-12-22T10:41:02-03:00	-1	500	30	-1	410	31	MHZ19C
2021-12-22T10:41:08-03:00	-1	500	30	-1	410	31	MHZ19C
2021-12-22T10:41:14-03:00	-1	500	30	-1	410	31	MHZ19C
2021-12-22T10:41:20-03:00	-1	500	30	-1	410	31	MHZ19C
2021-12-22T10:41:26-03:00	-1	500	30	-1	410	31	MHZ19C
2021-12-22T10:41:32-03:00	-1	500	30	-1	410	31	MHZ19C
2021-12-22T10:41:38-03:00	-1	500	30	-1	410	31	MHZ19C
2021-12-22T10:41:44-03:00	-1	500	30	-1	410	31	MHZ19C
2021-12-22T10:41:50-03:00	-1	500	30	-1	410	31	MHZ19C
2021-12-22T10:41:56-03:00	-1	500	30	-1	410	31	MHZ19C
2021-12-22T10:42:02-03:00	-1	500	30	-1	410	31	MHZ19C
2021-12-22T10:42:08-03:00	-1	500	30	-1	410	31	MHZ19C
2021-12-22T10:42:14-03:00	-1	500	30	-1	410	31	MHZ19C
2021-12-22T10:42:20-03:00	-1	500	30	-1	410	31	MHZ19C
2021-12-22T10:42:26-03:00	-1	500	30	-1	410	31	MHZ19C
2021-12-22T10:42:32-03:00	-1	500	30	-1	410	31	MHZ19C
2021-12-22T10:42:38-03:00	-1	500	30	-1	410	31	MHZ19C
2021-12-22T10:42:44-03:00	-1	500	30	-1	410	31	MHZ19C
2021-12-22T10:42:50-03:00	505	500	30	-1	410	31	MHZ19C
2021-12-22T10:42:56-03:00	-1	500	30	-1	410	31	MHZ19C
2021-12-22T10:43:02-03:00	-1	500	30	-1	410	31	MHZ19C
2021-12-22T10:43:08-03:00	-1	500	30	-1	410	31	MHZ19C
2021-12-22T10:43:14-03:00	-1	500	30	-1	410	31	MHZ19C
2021-12-22T10:43:20-03:00	-1	500	30	-1	410	31	MHZ19C
2021-12-22T10:43:26-03:00	-1	500	30	-1	410	31	MHZ19C
2021-12-22T10:43:32-03:00	-1	500	30	-1	410	31	MHZ19C
2021-12-22T10:43:38-03:00	-1	500	30	-1	410	31	MHZ19C
2021-12-22T10:43:44-03:00	-1	500	30	-1	410	31	MHZ19C
2021-12-22T10:43:50-03:00	-1	500	30	-1	410	31	MHZ19C
2021-12-22T10:43:56-03:00	-1	500	30	-1	410	31	MHZ19C
2021-12-22T10:44:02-03:00	-1	500	30	-1	410	31	MHZ19C
2021-12-22T10:44:08-03:00	-1	500	30	-1	410	31	MHZ19C
2021-12-22T10:44:14-03:00	-1	500	30	-1	410	31	MHZ19C
2021-12-22T10:44:20-03:00	-1	500	30	-1	410	31	MHZ19C
2021-12-22T10:44:26-03:00	-1	500	30	-1	410	31	MHZ19C
2021-12-22T10:44:32-03:00	-1	500	30	-1	410	31	MHZ19C
2021-12-22T10:44:38-03:00	-1	500	30	-1	410	31	MHZ19C
2021-12-22T10:44:44-03:00	-1	500	30	-1	410	31	MHZ19C
2021-12-22T10:44:50-03:00	-1	500	30	416	410	31	MHZ19C
2021-12-22T10:44:56-03:00	-1	500	30	-1	410	31	MHZ19C
2021-12-22T10:45:02-03:00	-1	500	30	-1	410	31	MHZ19C
2021-12-22T10:45:08-03:00	-1	500	30	-1	410	31	MHZ19C
2021-12-22T10:45:14-03:00	-1	500	30	-1	410	31	MHZ19C
2021-12-22T10:45:20-03:00	-1	500	30	-1	410	31	MHZ19C
2021-12-22T10:45:26-03:00	-1	500	30	-1	410	31	MHZ19C
2021-12-22T10:45:32-03:00	-1	500	30	-1	410	31	MHZ19C
2021-12-22T10:45:38-03:00	-1	500	30	-1	410	31	MHZ19C
2021-12-22T10:45:44-03:00	-1	500	30	-1	410	31	MHZ19C
2021-12-22T10:45:50-03:00	-1	500	30	-1	410	31	MHZ19C
2021-12-22T10:45:56-03:00	-1	500	30	-1	410	31	MHZ19C
2021-12-22T10:46:02-03:00	-1	500	30	-1	410	31	MHZ19C
2021-12-22T10:46:08-03:00	-1	500	30	-1	410	31	MHZ19C
2021-12-22T10:46:14-03:00	-1	500	30	-1	410	31	MHZ19C
2021-12-22T10:46:20-03:00	-1	500	30	-1	410	31	MHZ19C
2021-12-22T10:46:26-03:00	-1	500	30	-1	410	31	MHZ19C
2021-12-22T10:46:32-03:00	-1	500	30	-1	410	31	MHZ19C
2021-12-22T10:46:38-03:00	-1	500	30	-1	410	31	MHZ19C
2021-12-22T10:46:44-03:00	-1	500	30	-1	410	31	MHZ19C
2021-12-22T10:46:50-03:00	-1	500	30	-1	410	31	MHZ19C
2021-12-22T10:46:56-03:00	505	500	30	-1	410	31	MHZ19C
2021-12-22T10:47:02-03:00	-1	500	30	-1	410	31	MHZ19C
2021-12-22T10:47:08-03:00	-1	500	30	-1	410	31	MHZ19C
2021-12-22T10:47:14-03:00	-1	500	30	-1	410	31	MHZ19C
2021-12-22T10:47:20-03:00	-1	500	30	-1	410	31	MHZ19C
2021-12-22T10:47:26-03:00	-1	500	30	-1	410	31	MHZ19C
2021-12-22T10:47:32-03:00	-1	500	30	-1	410	31	MHZ19C
2021-12-22T10:47:38-03:00	-1	500	30	-1	410	31	MHZ19C
2021-12-22T10:47:44-03:00	-1	500	30	-1	410	31	MHZ19C
2021-12-22T10:47:50-03:00	-1	500	30	-1	410	31	MHZ19C
2021-12-22T10:47:56-03:00	-1	500	30	-1	410	31	MHZ19C
2021-12-22T10:48:02-03:00	-1	500	30	-1	410	31	MHZ19C
2021-12-22T10:48:08-03:00	-1	500	30	-1	410	31	MHZ19C
2021-12-22T10:48:14-03:00	-1	500	30	-1	410	31	MHZ19C
2021-12-22T10:48:20-03:00	-1	500	30	-1	410	31	MHZ19C
2021-12-22T10:48:26-03:00	-1	500	30	-1	410	31	MHZ19C
2021-12-22T10:48:32-03:00	-1	500	30	-1	410	31	MHZ19C
2021-12-22T10:48:38-03:00	-1	500	30	-1	410	31	MHZ19C
2021-12-22T10:48:44-03:00	-1	500	30	-1	410	31	MHZ19C
2021-12-22T10:48:50-03:00	-1	500	30	-1	410	31	MHZ19C
2021-12-22T10:48:56-03:00	-1	500	30	415	410	32	MHZ19C
2021-12-22T10:49:02-03:00	-1	495	30	-1	410	32	MHZ19C
2021-12-22T10:49:08-03:00	-1	485	30	-1	405	32	MHZ19C
2021-12-22T10:49:14-03:00	-1	455	30	-1	400	32	MHZ19C
2021-12-22T10:49:20-03:00	-1	415	30	-1	395	32	MHZ19C
2021-12-22T10:49:26-03:00	-1	400	30	-1	395	32	MHZ19C
2021-12-22T10:49:32-03:00	-1	395	30	-1	395	32	MHZ19C
2021-12-22T10:49:38-03:00	-1	395	30	-1	395	32	MHZ19C
2021-12-22T10:49:44-03:00	-1	395	30	-1	395	32	MHZ19C
2021-12-22T10:49:50-03:00	-1	395	30	-1	395	32	MHZ19C
2021-12-22T10:49:55-03:00	-1	400	30	-1	400	32	MHZ19C
2021-12-22T10:50:01-03:00	-1	400	30	-1	400	32	MHZ19C
2021-12-22T10:50:07-03:00	-1	395	30	-1	400	32	MHZ19C
2021-12-22T10:50:13-03:00	-1	400	30	-1	395	32	MHZ19C
2021-12-22T10:50:19-03:00	-1	400	30	-1	400	32	MHZ19C
2021-12-22T10:50:25-03:00	-1	400	30	-1	395	32	MHZ19C
2021-12-22T10:50:31-03:00	-1	395	30	-1	400	32	MHZ19C
2021-12-22T10:50:37-03:00	-1	395	30	-1	395	32	MHZ19C
2021-12-22T10:50:43-03:00	-1	400	30	-1	395	32	MHZ19C
2021-12-22T10:50:49-03:00	-1	400	30	-1	400	32	MHZ19C
2021-12-22T10:50:55-03:00	-1	395	30	-1	395	32	MHZ19C
2021-12-22T10:51:01-03:00	403	395	29	-1	395	32	MHZ19C
2021-12-22T10:51:07-03:00	-1	400	29	-1	400	32	MHZ19C
2021-12-22T10:51:13-03:00	-1	400	29	-1	400	32	MHZ19C
2021-12-22T10:51:19-03:00	-1	400	29	-1	395	32	MHZ19C
2021-12-22T10:51:25-03:00	-1	400	29	-1	400	32	MHZ19C
2021-12-22T10:51:31-03:00	-1	395	29	-1	400	32	MHZ19C
2021-12-22T10:51:37-03:00	-1	400	29	-1	395	32	MHZ19C
2021-12-22T10:51:43-03:00	-1	395	29	-1	395	32	MHZ19C
2021-12-22T10:51:49-03:00	-1	400	29	-1	395	32	MHZ19C
2021-12-22T10:51:55-03:00	-1	395	29	-1	400	32	MHZ19C
2021-12-22T10:52:01-03:00	-1	395	29	-1	395	32	MHZ19C
2021-12-22T10:52:07-03:00	-1	400	29	-1	395	32	MHZ19C
2021-12-22T10:52:13-03:00	-1	395	29	-1	395	32	MHZ19C
2021-12-22T10:52:19-03:00	-1	395	29	-1	400	32	MHZ19C
2021-12-22T10:52:25-03:00	-1	395	29	-1	395	32	MHZ19C
2021-12-22T10:52:31-03:00	-1	400	29	-1	395	32	MHZ19C
2021-12-22T10:52:37-03:00	-1	395	29	-1	395	32	MHZ19C
2021-12-22T10:52:43-03:00	-1	395	29	-1	395	32	MHZ19C
2021-12-22T10:52:49-03:00	-1	400	29	-1	395	32	MHZ19C
2021-12-22T10:52:55-03:00	-1	395	29	-1	400	32	MHZ19C
2021-12-22T10:53:01-03:00	-1	395	29	404	400	30	MHZ19C
2021-12-22T10:53:07-03:00	-1	400	29	-1	400	30	MHZ19C
2021-12-22T10:53:13-03:00	-1	400	29	-1	395	30	MHZ19C
2021-12-22T10:53:19-03:00	-1	400	29	-1	400	30	MHZ19C
2021-12-22T10:53:25-03:00	-1	400	29	-1	395	30	MHZ19C
2021-12-22T10:53:31-03:00	-1	400	29	-1	395	30	MHZ19C
2021-12-22T10:53:37-03:00	-1	395	29	-1	395	30	MHZ19C
2021-12-22T10:53:43-03:00	-1	395	29	-1	395	30	MHZ19C
2021-12-22T10:53:49-03:00	-1	395	29	-1	400	30	MHZ19C
2021-12-22T10:53:55-03:00	-1	395	29	-1	400	30	MHZ19C
2021-12-22T10:54:01-03:00	-1	395	29	-1	395	30	MHZ19C
2021-12-22T10:54:07-03:00	-1	395	29	-1	400	30	MHZ19C
2021-12-22T10:54:13-03:00	-1	395	29	-1	400	30	MHZ19C
2021-12-22T10:54:19-03:00	-1	395	29	-1	400	30	MHZ19C
2021-12-22T10:54:25-03:00	-1	400	29	-1	395	30	MHZ19C
2021-12-22T10:54:31-03:00	-1	400	29	-1	395	30	MHZ19C
2021-12-22T10:54:37-03:00	-1	395	29	-1	395	30	MHZ19C
2021-12-22T10:54:43-03:00	-1	400	29	-1	395	30	MHZ19C
2021-12-22T10:54:49-03:00	-1	395	29	-1	400	30	MHZ19C
2021-12-22T10:54:55-03:00	-1	395	29	-1	400	30	MHZ19C
2021-12-22T10:55:01-03:00	-1	400	29	-1	400	30	MHZ19C
2021-12-22T10:55:07-03:00	404	395	28	-1	400	30	MHZ19C
2021-12-22T10:55:13-03:00	-1	400	28	-1	395	30	MHZ19C
2021-12-22T10:55:19-03:00	-1	400	28	-1	400	30	MHZ19C
2021-12-22T10:55:25-03:00	-1	400	28	-1	395	30	MHZ19C
2021-12-22T10:55:31-03:00	1	400	28	-1	400	30	MHZ19C
2021-12-22T10:55:37-03:00	-1	400	28	-1	395	30	MHZ19C
2021-12-22T10:55:43-03:00	-1	400	28	-1	395	30	MHZ19C
2021-12-22T10:55:49-03:00	-1	400	28	-1	395	30	MHZ19C
2021-12-22T10:55:55-03:00	-1	400	28	-1	395	30	MHZ19C
2021-12-22T10:56:01-03:00	-1	400	28	-1	395	30	MHZ19C
2021-12-22T10:56:07-03:00	-1	395	28	-1	395	30	MHZ19C
2021-12-22T10:56:13-03:00	-1	395	28	-1	395	30	MHZ19C
2021-12-22T10:56:19-03:00	-1	400	28	-1	395	30	MHZ19C
2021-12-22T10:56:25-03:00	-1	400	28	-1	400	30	MHZ19C
2021-12-22T10:56:31-03:00	-1	395	28	-1	400	30	MHZ19C
2021-12-22T10:56:37-03:00	-1	400	28	-1	395	30	MHZ19C
2021-12-22T10:56:43-03:00	-1	400	28	-1	395	30	MHZ19C
2021-12-22T10:56:49-03:00	-1	395	28	-1	395	30	MHZ19C
2021-12-22T10:56:55-03:00	-1	395	28	-1	400	30	MHZ19C
2021-12-22T10:57:01-03:00	-1	395	28	-1	400	30	MHZ19C
2021-12-22T10:57:07-03:00	-1	400	28	404	400	29	MHZ19C
2021-12-22T10:57:13-03:00	-1	395	28	-1	395	29	MHZ19C
2021-12-22T10:57:19-03:00	-1	395	28	-1	395	29	MHZ19C
2021-12-22T10:57:25-03:00	-1	395	28	-1	400	29	MHZ19C
2021-12-22T10:57:31-03:00	-1	400	28	-1	395	29	MHZ19C
2021-12-22T10:57:37-03:00	-1	395	28	-1	400	29	MHZ19C
2021-12-22T10:57:43-03:00	-1	395	28	-1	395	29	MHZ19C
2021-12-22T10:57:49-03:00	-1	400	28	-1	400	29	MHZ19C
2021-12-22T10:57:55-03:00	-1	400	28	-1	400	29	MHZ19C
2021-12-22T10:58:01-03:00	-1	395	28	-1	400	29	MHZ19C
2021-12-22T10:58:07-03:00	-1	395	28	-1	395	29	MHZ19C
2021-12-22T10:58:13-03:00	-1	395	28	-1	395	29	MHZ19C
2021-12-22T10:58:19-03:00	-1	400	28	-1	395	29	MHZ19C
2021-12-22T10:58:25-03:00	-1	395	28	-1	395	29	MHZ19C
2021-12-22T10:58:31-03:00	-1	400	28	-1	395	29	MHZ19C
2021-12-22T10:58:37-03:00	-1	395	28	-1	400	29	MHZ19C
2021-12-22T10:58:43-03:00	-1	395	28	-1	395	29	MHZ19C
2021-12-22T10:58:48-03:00	-1	395	28	-1	400	29	MHZ19C
2021-12-22T10:58:54-03:00	-1	395	28	-1	395	29	MHZ19C
2021-12-22T10:59:00-03:00	-1	400	28	-1	395	29	MHZ19C
2021-12-22T10:59:06-03:00	-1	400	28	-1	395	29	MHZ19C
2021-12-22T10:59:12-03:00	403	395	28	-1	395	29	MHZ19C
2021-12-22T10:59:18-03:00	-1	400	28	-1	400	29	MHZ19C
2021-12-22T10:59:24-03:00	-1	400	28	-1	395	29	MHZ19C
2021-12-22T10:59:30-03:00	-1	400	28	-1	400	29	MHZ19C
2021-12-22T10:59:36-03:00	-1	395	28	-1	400	29	MHZ19C
2021-12-22T10:59:42-03:00	-1	395	28	-1	400	29	MHZ19C
2021-12-22T10:59:48-03:00	-1	395	28	-1	400	29	MHZ19C
2021-12-22T10:59:54-03:00	-1	395	28	-1	400	29	MHZ19C
2021-12-22T11:00:00-03:00	-1	400	28	-1	395	29	MHZ19C
2021-12-22T11:00:06-03:00	-1	400	28	-1	400	29	MHZ19C
2021-12-22T11:00:12-03:00	-1	400	28	-1	395	29	MHZ19C
2021-12-22T11:00:18-03:00	-1	400	28	-1	400	29	MHZ19C
2021-12-22T11:00:24-03:00	-1	395	28	-1	400	29	MHZ19C
2021-12-22T11:00:30-03:00	-1	400	28	-1	400	29	MHZ19C
2021-12-22T11:00:36-03:00	-1	395	28	-1	400	29	MHZ19C
2021-12-22T11:00:42-03:00	-1	395	28	-1	400	29	MHZ19C
2021-12-22T11:00:48-03:00	-1	395	28	-1	395	29	MHZ19C
2021-12-22T11:00:54-03:00	-1	395	28	-1	395	29	MHZ19C
2021-12-22T11:01:00-03:00	1	395	28	-1	395	29	MHZ19C
2021-12-22T11:01:06-03:00	-1	395	28	-1	400	29	MHZ19C
2021-12-22T11:01:12-03:00	-1	395	28	401	395	30	MHZ19C
2021-12-22T11:01:18-03:00	-1	395	28	-1	400	30	MHZ19C
2021-12-22T11:01:24-03:00	-1	395	28	-1	400	30	MHZ19C
2021-12-22T11:01:30-03:00	-1	395	28	-1	395	30	MHZ19C
2021-12-22T11:01:36-03:00	-1	400	28	-1	395	30	MHZ19C
2021-12-22T11:01:42-03:00	-1	400	28	-1	395	30	MHZ19C
2021-12-22T11:01:48-03:00	-1	395	28	-1	395	30	MHZ19C
2021-12-22T11:01:54-03:00	-1	395	28	-1	400	30	MHZ19C
2021-12-22T11:02:00-03:00	-1	395	28	-1	395	30	MHZ19C
2021-12-22T11:02:06-03:00	-1	400	28	-1	400	30	MHZ19C
2021-12-22T11:02:12-03:00	-1	400	28	-1	400	30	MHZ19C
2021-12-22T11:02:18-03:00	-1	400	28	-1	400	30	MHZ19C
2021-12-22T11:02:24-03:00	-1	395	28	-1	395	30	MHZ19C
2021-12-22T11:02:30-03:00	-1	395	28	-1	400	30	MHZ19C
2021-12-22T11:02:36-03:00	-1	400	28	-1	400	30	MHZ19C
2021-12-22T11:02:42-03:00	-1	395	28	-1	400	30	MHZ19C
2021-12-22T11:02:48-03:00	-1	400	28	-1	400	30	MHZ19C
2021-12-22T11:02:54-03:00	-1	395	28	-1	395	30	MHZ19C
2021-12-22T11:03:00-03:00	-1	400	28	-1	400	30	MHZ19C
2021-12-22T11:03:06-03:00	-1	400	28	-1	395	30	MHZ19C
2021-12-22T11:03:12-03:00	-1	400	28	-1	395	30	MHZ19C
2021-12-22T11:03:18-03:00	404	395	29	-1	400	30	MHZ19C
2021-12-22T11:03:24-03:00	-1	395	29	-1	400	30	MHZ19C
2021-12-22T11:03:30-03:00	-1	395	29	-1	395	30	MHZ19C
2021-12-22T11:03:36-03:00	-1	400	29	-1	400	30	MHZ19C
2021-12-22T11:03:42-03:00	-1	395	29	-1	400	30	MHZ19C
2021-12-22T11:03:48-03:00	-1	475	29	-1	395	30	MHZ19C
2021-12-22T11:03:54-03:00	-1	615	29	-1	545	30	MHZ19C
2021-12-22T11:04:00-03:00	-1	930	29	-1	780	30	MHZ19C
2021-12-22T11:04:06-03:00	-1	1060	29	-1	930	30	MHZ19C
2021-12-22T11:04:51-03:00	-1	1125	29	-1	1110	30	MHZ19C
2021-12-22T11:05:29-03:00	-1	1220	29	-1	1040	30	MHZ19C
2021-12-22T11:06:05-03:00	1163	1150	30	-1	940	30	MHZ19C
2021-12-22T11:06:41-03:00	-1	1055	30	-1	880	30	MHZ19C
2021-12-22T11:07:18-03:00	-1	995	30	-1	855	30	MHZ19C
2021-12-22T11:07:54-03:00	-1	970	30	-1	835	30	MHZ19C
2021-12-22T11:08:29-03:00	968	960	30	-1	830	30	MHZ19C
2021-12-22T11:09:03-03:00	-1	950	30	-1	825	30	MHZ19C
2021-12-22T11:09:37-03:00	-1	945	30	-1	820	30	MHZ19C
2021-12-22T11:10:10-03:00	-1	945	30	-1	815	30	MHZ19C
2021-12-22T11:10:42-03:00	948	940	30	-1	815	30	MHZ19C
2021-12-22T11:11:12-03:00	-1	940	30	-1	815	30	MHZ19C
2021-12-22T11:11:41-03:00	-1	940	30	-1	810	30	MHZ19C
2021-12-22T11:12:08-03:00	-1	935	30	-1	810	30	MHZ19C
2021-12-22T11:12:34-03:00	-1	935	30	-1	805	30	MHZ19C
2021-12-22T11:12:59-03:00	942	935	30	-1	805	30	MHZ19C
2021-12-22T11:13:23-03:00	-1	935	30	-1	805	30	MHZ19C
2021-12-22T11:13:46-03:00	-1	935	30	-1	805	30	MHZ19C
2021-12-22T11:14:08-03:00	-1	930	30	-1	800	30	MHZ19C
2021-12-22T11:14:30-03:00	-1	930	30	-1	800	30	MHZ19C
2021-12-22T11:14:52-03:00	-1	930	30	-1	805	30	MHZ19C
2021-12-22T11:15:14-03:00	938	930	30	-1	800	30	MHZ19C
2021-12-22T11:15:37-03:00	-1	930	30	-1	800	30	MHZ19C
2021-12-22T11:16:00-03:00	-1	930	30	-1	800	30	MHZ19C
2021-12-22T11:16:25-03:00	-1	930	30	-1	800	30	MHZ19C
2021-12-22T11:16:51-03:00	-1	930	30	-1	805	30	MHZ19C
2021-12-22T11:17:18-03:00	-1	930	30	-1	805	30	MHZ19C
2021-12-22T11:17:45-03:00	938	930	30	-1	805	30	MHZ19C
2021-12-22T11:18:12-03:00	-1	930	30	-1	805	30	MHZ19C
2021-12-22T11:18:38-03:00	-1	925	30	-1	805	30	MHZ19C
2021-12-22T11:19:03-03:00	-1	925	30	-1	800	30	MHZ19C
2021-12-22T11:19:28-03:00	-1	925	30	-1	800	30	MHZ19C
2021-12-22T11:19:53-03:00	931	925	31	-1	805	30	MHZ19C
2021-12-22T11:20:18-03:00	-1	925	31	-1	805	30	MHZ19C
2021-12-22T11:20:44-03:00	-1	920	31	-1	800	30	MHZ19C
2021-12-22T11:21:10-03:00	-1	920	31	-1	800	30	MHZ19C
2021-12-22T11:21:37-03:00	-1	920	31	-1	795	30	MHZ19C
2021-12-22T11:22:04-03:00	933	925	31	-1	795	30	MHZ19C
2021-12-22T11:22:31-03:00	-1	925	31	-1	795	30	MHZ19C
2021-12-22T11:22:58-03:00	-1	925	31	-1	795	30	MHZ19C
2021-12-22T11:23:25-03:00	-1	925	31	-1	795	30	MHZ19C
2021-12-22T11:23:46-03:00	-1	915	31	-1	610	30	MHZ19C
2021-12-22T11:23:52-03:00	622	615	30	-1	525	30	MHZ19C
2021-12-22T11:23:58-03:00	-1	555	30	-1	475	30	MHZ19C
2021-12-22T11:24:04-03:00	-1	500	30	-1	435	30	MHZ19C
2021-12-22T11:24:10-03:00	-1	460	30	-1	400	30	MHZ19C
2021-12-22T11:24:16-03:00	-1	425	30	-1	400	30	MHZ19C
2021-12-22T11:24:22-03:00	-1	405	30	-1	400	30	MHZ19C
2021-12-22T11:24:28-03:00	-1	400	30	-1	395	30	MHZ19C
2021-12-22T11:24:34-03:00	-1	400	30	-1	395	30	MHZ19C
2021-12-22T11:24:40-03:00	-1	400	30	-1	395	30	MHZ19C
2021-12-22T11:24:46-03:00	-1	400	30	-1	400	30	MHZ19C
2021-12-22T11:24:52-03:00	-1	400	30	-1	395	30	MHZ19C
2021-12-22T11:24:58-03:00	-1	395	30	-1	395	30	MHZ19C
2021-12-22T11:25:04-03:00	-1	395	30	-1	395	30	MHZ19C
2021-12-22T11:25:10-03:00	-1	400	30	-1	400	30	MHZ19C
2021-12-22T11:25:16-03:00	-1	395	30	-1	400	30	MHZ19C
2021-12-22T11:25:22-03:00	-1	395	30	-1	395	30	MHZ19C
2021-12-22T11:25:28-03:00	-1	400	30	-1	395	30	MHZ19C
2021-12-22T11:25:34-03:00	-1	395	30	-1	395	30	MHZ19C
2021-12-22T11:25:40-03:00	-1	395	30	-1	395	30	MHZ19C
2021-12-22T11:25:46-03:00	-1	400	30	-1	395	30	MHZ19C
2021-12-22T11:26:04-03:00	-1	395	30	402	395	31	MHZ19C
2021-12-22T11:26:10-03:00	-1	400	30	-1	395	31	MHZ19C
2021-12-22T11:26:16-03:00	-1	395	30	-1	395	31	MHZ19C
2021-12-22T11:26:22-03:00	-1	400	30	-1	400	31	MHZ19C
2021-12-22T11:26:28-03:00	-1	400	30	-1	400	31	MHZ19C
2021-12-22T11:26:34-03:00	-1	400	30	-1	400	31	MHZ19C
2021-12-22T11:26:40-03:00	-1	400	30	-1	400	31	MHZ19C
2021-12-22T11:26:46-03:00	-1	395	30	-1	400	31	MHZ19C
2021-12-22T11:26:52-03:00	-1	395	30	-1	395	31	MHZ19C
2021-12-22T11:26:58-03:00	-1	395	30	-1	395	31	MHZ19C
2021-12-22T11:27:04-03:00	-1	400	30	-1	400	31	MHZ19C
2021-12-22T11:27:10-03:00	-1	400	30	-1	395	31	MHZ19C
2021-12-22T11:27:16-03:00	-1	400	30	-1	395	31	MHZ19C
2021-12-22T11:27:22-03:00	-1	400	30	-1	400	31	MHZ19C
2021-12-22T11:27:28-03:00	-1	400	30	-1	395	31	MHZ19C
2021-12-22T11:27:34-03:00	-1	395	30	-1	395	31	MHZ19C
2021-12-22T11:27:40-03:00	-1	395	30	-1	395	31	MHZ19C
2021-12-22T11:27:46-03:00	-1	395	30	-1	400	31	MHZ19C
2021-12-22T11:27:52-03:00	-1	395	30	-1	395	31	MHZ19C
2021-12-22T11:27:58-03:00	401	395	28	-1	400	31	MHZ19C
2021-12-22T11:28:04-03:00	-1	400	28	-1	395	31	MHZ19C
2021-12-22T11:28:10-03:00	-1	395	28	-1	400	31	MHZ19C
2021-12-22T11:28:16-03:00	-1	395	28	-1	395	31	MHZ19C
2021-12-22T11:28:22-03:00	-1	400	28	-1	400	31	MHZ19C
2021-12-22T11:28:28-03:00	-1	400	28	-1	395	31	MHZ19C
2021-12-22T11:28:34-03:00	-1	400	28	-1	395	31	MHZ19C
2021-12-22T11:28:40-03:00	-1	400	28	-1	395	31	MHZ19C
2021-12-22T11:28:46-03:00	-1	400	28	-1	395	31	MHZ19C
2021-12-22T11:28:52-03:00	-1	400	28	-1	395	31	MHZ19C
2021-12-22T11:28:58-03:00	-1	400	28	-1	395	31	MHZ19C
2021-12-22T11:29:04-03:00	-1	395	28	-1	395	31	MHZ19C
2021-12-22T11:29:10-03:00	-1	395	28	-1	395	31	MHZ19C
2021-12-22T11:29:16-03:00	-1	395	28	-1	400	31	MHZ19C
2021-12-22T11:29:22-03:00	-1	400	28	-1	395	31	MHZ19C
2021-12-22T11:29:28-03:00	-1	395	28	-1	400	31	MHZ19C
2021-12-22T11:29:34-03:00	-1	400	28	-1	395	31	MHZ19C
2021-12-22T11:29:40-03:00	-1	400	28	-1	395	31	MHZ19C
2021-12-22T11:29:46-03:00	-1	395	28	-1	400	31	MHZ19C
2021-12-22T11:29:52-03:00	-1	400	28	-1	395	31	MHZ19C
2021-12-22T11:29:58-03:00	-1	395	28	401	395	30	MHZ19C
2021-12-22T11:30:04-03:00	-1	400	28	-1	395	30	MHZ19C
2021-12-22T11:30:10-03:00	-1	395	28	-1	395	30	MHZ19C
2021-12-22T11:30:16-03:00	1	395	28	-1	395	30	MHZ19C
2021-12-22T11:30:22-03:00	-1	395	28	-1	395	30	MHZ19C
2021-12-22T11:30:28-03:00	-1	395	28	-1	395	30	MHZ19C
2021-12-22T11:30:34-03:00	-1	400	28	-1	400	30	MHZ19C
2021-12-22T11:30:40-03:00	-1	395	28	-1	395	30	MHZ19C
2021-12-22T11:30:46-03:00	-1	395	28	-1	395	30	MHZ19C
2021-12-22T11:30:52-03:00	-1	395	28	-1	395	30	MHZ19C
2021-12-22T11:30:58-03:00	-1	395	28	-1	395	30	MHZ19C
2021-12-22T11:31:03-03:00	-1	400	28	-1	395	30	MHZ19C
2021-12-22T11:31:09-03:00	-1	395	28	-1	395	30	MHZ19C
2021-12-22T11:31:15-03:00	-1	395	28	-1	400	30	MHZ19C
2021-12-22T11:31:21-03:00	-1	395	28	-1	395	30	MHZ19C
2021-12-22T11:31:27-03:00	-1	395	28	-1	400	30	MHZ19C
