2021-12-13T10:10:22-03:00	429	30	58	SCD30
2021-12-13T10:10:24-03:00	429	30	58	SCD30
2021-12-13T10:10:26-03:00	429	30	58	SCD30
2021-12-13T10:10:28-03:00	429	30	58	SCD30
2021-12-13T10:10:30-03:00	429	30	58	SCD30
2021-12-13T10:10:32-03:00	428	30	58	SCD30
2021-12-13T10:10:34-03:00	428	30	58	SCD30
2021-12-13T10:10:36-03:00	428	30	58	SCD30
2021-12-13T10:10:38-03:00	428	30	58	SCD30
2021-12-13T10:10:41-03:00	428	30	58	SCD30
2021-12-13T10:10:43-03:00	427	30	58	SCD30
2021-12-13T10:10:45-03:00	427	30	58	SCD30
2021-12-13T10:10:47-03:00	428	30	58	SCD30
2021-12-13T10:10:49-03:00	428	30	58	SCD30
2021-12-13T10:10:51-03:00	428	30	58	SCD30
2021-12-13T10:10:54-03:00	428	30	58	SCD30
2021-12-13T10:10:56-03:00	428	30	58	SCD30
2021-12-13T10:10:58-03:00	427	30	58	SCD30
2021-12-13T10:11:00-03:00	427	30	58	SCD30
2021-12-13T10:11:02-03:00	428	30	58	SCD30
2021-12-13T10:11:04-03:00	428	30	58	SCD30
2021-12-13T10:11:06-03:00	428	30	58	SCD30
2021-12-13T10:11:08-03:00	428	30	58	SCD30
2021-12-13T10:11:10-03:00	428	30	58	SCD30
2021-12-13T10:11:12-03:00	428	30	58	SCD30
2021-12-13T10:11:14-03:00	428	30	58	SCD30
2021-12-13T10:11:16-03:00	428	30	58	SCD30
2021-12-13T10:11:19-03:00	428	30	58	SCD30
2021-12-13T10:11:21-03:00	428	30	58	SCD30
2021-12-13T10:11:23-03:00	428	30	58	SCD30
2021-12-13T10:11:25-03:00	429	30	58	SCD30
2021-12-13T10:11:27-03:00	429	30	58	SCD30
2021-12-13T10:11:29-03:00	429	30	58	SCD30
2021-12-13T10:11:32-03:00	429	30	58	SCD30
2021-12-13T10:11:34-03:00	429	30	58	SCD30
2021-12-13T10:11:36-03:00	430	30	59	SCD30
2021-12-13T10:11:38-03:00	429	30	59	SCD30
2021-12-13T10:11:40-03:00	429	30	59	SCD30
2021-12-13T10:11:42-03:00	429	30	59	SCD30
2021-12-13T10:11:44-03:00	429	30	59	SCD30
2021-12-13T10:11:46-03:00	429	30	59	SCD30
2021-12-13T10:11:48-03:00	429	30	59	SCD30
2021-12-13T10:11:50-03:00	429	30	59	SCD30
2021-12-13T10:11:52-03:00	429	30	59	SCD30
2021-12-13T10:11:54-03:00	428	30	58	SCD30
2021-12-13T10:11:57-03:00	428	30	58	SCD30
2021-12-13T10:11:59-03:00	428	30	58	SCD30
2021-12-13T10:12:01-03:00	428	30	58	SCD30
2021-12-13T10:12:03-03:00	428	30	58	SCD30
2021-12-13T10:12:05-03:00	428	30	58	SCD30
2021-12-13T10:12:07-03:00	428	30	58	SCD30
2021-12-13T10:12:10-03:00	428	30	58	SCD30
2021-12-13T10:12:12-03:00	428	30	58	SCD30
2021-12-13T10:12:14-03:00	428	30	58	SCD30
2021-12-13T10:12:16-03:00	428	30	58	SCD30
2021-12-13T10:12:18-03:00	428	30	58	SCD30
2021-12-13T10:12:20-03:00	428	30	58	SCD30
2021-12-13T10:12:22-03:00	428	30	58	SCD30
2021-12-13T10:12:24-03:00	427	30	58	SCD30
2021-12-13T10:12:26-03:00	427	30	58	SCD30
2021-12-13T10:12:28-03:00	427	30	58	SCD30
2021-12-13T10:12:30-03:00	427	30	58	SCD30
2021-12-13T10:12:33-03:00	427	30	58	SCD30
2021-12-13T10:12:35-03:00	428	30	58	SCD30
2021-12-13T10:12:37-03:00	427	30	58	SCD30
2021-12-13T10:12:39-03:00	427	30	58	SCD30
2021-12-13T10:12:41-03:00	426	30	58	SCD30
2021-12-13T10:12:43-03:00	426	30	58	SCD30
2021-12-13T10:12:45-03:00	426	30	58	SCD30
2021-12-13T10:12:48-03:00	426	30	58	SCD30
2021-12-13T10:12:50-03:00	426	30	58	SCD30
2021-12-13T10:12:52-03:00	426	30	58	SCD30
2021-12-13T10:12:54-03:00	426	30	58	SCD30
2021-12-13T10:12:56-03:00	425	30	58	SCD30
2021-12-13T10:12:58-03:00	426	30	58	SCD30
2021-12-13T10:13:00-03:00	426	30	58	SCD30
2021-12-13T10:13:02-03:00	426	30	58	SCD30
2021-12-13T10:13:04-03:00	426	30	58	SCD30
2021-12-13T10:13:07-03:00	426	30	58	SCD30
2021-12-13T10:13:09-03:00	426	30	58	SCD30
2021-12-13T10:13:11-03:00	426	30	58	SCD30
2021-12-13T10:13:13-03:00	426	30	58	SCD30
2021-12-13T10:13:15-03:00	426	30	58	SCD30
2021-12-13T10:13:17-03:00	426	30	58	SCD30
2021-12-13T10:13:19-03:00	427	30	58	SCD30
2021-12-13T10:13:21-03:00	427	30	58	SCD30
2021-12-13T10:13:23-03:00	427	30	58	SCD30
2021-12-13T10:13:26-03:00	427	30	58	SCD30
2021-12-13T10:13:28-03:00	427	30	58	SCD30
2021-12-13T10:13:30-03:00	428	30	58	SCD30
2021-12-13T10:13:32-03:00	427	30	58	SCD30
2021-12-13T10:13:34-03:00	427	30	58	SCD30
2021-12-13T10:13:36-03:00	427	30	58	SCD30
2021-12-13T10:13:38-03:00	427	30	58	SCD30
2021-12-13T10:13:40-03:00	427	30	58	SCD30
2021-12-13T10:13:43-03:00	427	30	58	SCD30
2021-12-13T10:13:45-03:00	426	30	58	SCD30
2021-12-13T10:13:47-03:00	427	30	58	SCD30
2021-12-13T10:13:49-03:00	427	30	58	SCD30
2021-12-13T10:13:51-03:00	427	30	58	SCD30
2021-12-13T10:13:53-03:00	427	30	58	SCD30
2021-12-13T10:13:55-03:00	427	30	58	SCD30
2021-12-13T10:13:57-03:00	428	30	59	SCD30
2021-12-13T10:13:59-03:00	429	30	59	SCD30
2021-12-13T10:14:01-03:00	431	30	59	SCD30
2021-12-13T10:14:04-03:00	434	30	59	SCD30
2021-12-13T10:14:06-03:00	446	30	59	SCD30
2021-12-13T10:14:08-03:00	480	30	59	SCD30
2021-12-13T10:14:10-03:00	490	30	59	SCD30
2021-12-13T10:14:12-03:00	492	30	59	SCD30
2021-12-13T10:14:14-03:00	496	30	59	SCD30
2021-12-13T10:14:16-03:00	500	30	59	SCD30
2021-12-13T10:14:19-03:00	508	30	59	SCD30
2021-12-13T10:14:21-03:00	513	30	59	SCD30
2021-12-13T10:14:23-03:00	518	30	59	SCD30
2021-12-13T10:14:25-03:00	518	30	59	SCD30
2021-12-13T10:14:27-03:00	522	30	59	SCD30
2021-12-13T10:14:29-03:00	525	30	59	SCD30
2021-12-13T10:14:31-03:00	528	30	59	SCD30
2021-12-13T10:14:33-03:00	527	30	59	SCD30
2021-12-13T10:14:35-03:00	525	30	59	SCD30
2021-12-13T10:14:37-03:00	523	30	59	SCD30
2021-12-13T10:14:40-03:00	521	30	59	SCD30
2021-12-13T10:14:42-03:00	519	30	59	SCD30
2021-12-13T10:14:44-03:00	517	30	58	SCD30
2021-12-13T10:14:46-03:00	515	30	58	SCD30
2021-12-13T10:14:48-03:00	512	30	58	SCD30
2021-12-13T10:14:50-03:00	509	30	58	SCD30
2021-12-13T10:14:52-03:00	506	30	58	SCD30
2021-12-13T10:14:55-03:00	502	30	58	SCD30
2021-12-13T10:14:57-03:00	501	30	58	SCD30
2021-12-13T10:14:59-03:00	498	30	58	SCD30
2021-12-13T10:15:01-03:00	494	30	58	SCD30
2021-12-13T10:15:03-03:00	494	30	58	SCD30
2021-12-13T10:15:05-03:00	492	30	58	SCD30
2021-12-13T10:15:07-03:00	492	30	58	SCD30
2021-12-13T10:15:09-03:00	495	30	58	SCD30
2021-12-13T10:15:11-03:00	493	30	58	SCD30
2021-12-13T10:15:13-03:00	489	30	58	SCD30
2021-12-13T10:15:16-03:00	487	30	58	SCD30
2021-12-13T10:15:18-03:00	483	30	58	SCD30
2021-12-13T10:15:20-03:00	481	30	58	SCD30
2021-12-13T10:15:22-03:00	478	30	58	SCD30
2021-12-13T10:15:24-03:00	474	30	58	SCD30
2021-12-13T10:15:26-03:00	464	30	58	SCD30
2021-12-13T10:15:28-03:00	418	30	58	SCD30
2021-12-13T10:15:31-03:00	450	30	58	SCD30
2021-12-13T10:15:33-03:00	448	30	58	SCD30
2021-12-13T10:15:35-03:00	427	30	58	SCD30
2021-12-13T10:15:37-03:00	422	30	58	SCD30
2021-12-13T10:15:39-03:00	416	30	58	SCD30
2021-12-13T10:15:41-03:00	414	30	58	SCD30
2021-12-13T10:15:43-03:00	412	30	58	SCD30
2021-12-13T10:15:45-03:00	410	30	58	SCD30
2021-12-13T10:15:47-03:00	410	30	58	SCD30
2021-12-13T10:15:49-03:00	413	30	58	SCD30
2021-12-13T10:15:51-03:00	412	30	58	SCD30
2021-12-13T10:15:54-03:00	407	30	58	SCD30
2021-12-13T10:15:56-03:00	407	30	58	SCD30
2021-12-13T10:15:58-03:00	408	30	58	SCD30
2021-12-13T10:16:00-03:00	407	30	58	SCD30
2021-12-13T10:16:02-03:00	407	30	58	SCD30
2021-12-13T10:16:04-03:00	408	30	58	SCD30
2021-12-13T10:16:07-03:00	408	30	58	SCD30
2021-12-13T10:16:09-03:00	407	30	58	SCD30
2021-12-13T10:16:11-03:00	408	30	58	SCD30
2021-12-13T10:16:13-03:00	409	30	58	SCD30
2021-12-13T10:16:15-03:00	408	30	58	SCD30
2021-12-13T10:16:17-03:00	407	30	58	SCD30
2021-12-13T10:16:19-03:00	408	30	58	SCD30
2021-12-13T10:16:21-03:00	408	31	58	SCD30
2021-12-13T10:16:23-03:00	408	30	58	SCD30
2021-12-13T10:16:25-03:00	408	30	58	SCD30
2021-12-13T10:16:27-03:00	408	30	58	SCD30
2021-12-13T10:16:29-03:00	411	31	58	SCD30
2021-12-13T10:16:32-03:00	412	31	58	SCD30
2021-12-13T10:16:34-03:00	413	31	58	SCD30
2021-12-13T10:16:36-03:00	412	31	58	SCD30
2021-12-13T10:16:38-03:00	412	31	58	SCD30
2021-12-13T10:16:40-03:00	413	31	58	SCD30
2021-12-13T10:16:42-03:00	414	31	58	SCD30
2021-12-13T10:16:45-03:00	413	31	58	SCD30
2021-12-13T10:16:47-03:00	414	31	58	SCD30
2021-12-13T10:16:49-03:00	414	31	58	SCD30
2021-12-13T10:16:51-03:00	415	31	58	SCD30
2021-12-13T10:16:53-03:00	414	31	58	SCD30
2021-12-13T10:16:55-03:00	414	31	58	SCD30
2021-12-13T10:16:57-03:00	415	31	58	SCD30
2021-12-13T10:16:59-03:00	415	31	58	SCD30
2021-12-13T10:17:01-03:00	415	31	58	SCD30
2021-12-13T10:17:03-03:00	415	31	58	SCD30
2021-12-13T10:17:05-03:00	415	31	58	SCD30
2021-12-13T10:17:07-03:00	415	31	58	SCD30
2021-12-13T10:17:10-03:00	415	31	58	SCD30
2021-12-13T10:17:12-03:00	418	31	58	SCD30
2021-12-13T10:17:14-03:00	419	31	57	SCD30
2021-12-13T10:17:16-03:00	420	31	58	SCD30
2021-12-13T10:17:18-03:00	420	31	57	SCD30
2021-12-13T10:17:21-03:00	420	31	58	SCD30
2021-12-13T10:17:23-03:00	420	31	57	SCD30
2021-12-13T10:17:25-03:00	420	31	57	SCD30
2021-12-13T10:17:27-03:00	420	31	57	SCD30
2021-12-13T10:17:29-03:00	420	31	57	SCD30
2021-12-13T10:17:31-03:00	419	31	57	SCD30
2021-12-13T10:17:33-03:00	419	31	57	SCD30
2021-12-13T10:17:35-03:00	419	31	57	SCD30
2021-12-13T10:17:37-03:00	418	31	57	SCD30
2021-12-13T10:17:39-03:00	419	30	57	SCD30
2021-12-13T10:17:41-03:00	418	30	57	SCD30
2021-12-13T10:17:43-03:00	418	31	57	SCD30
2021-12-13T10:17:46-03:00	418	31	57	SCD30
2021-12-13T10:17:48-03:00	417	31	57	SCD30
2021-12-13T10:17:50-03:00	416	31	57	SCD30
2021-12-13T10:17:52-03:00	415	31	57	SCD30
2021-12-13T10:17:54-03:00	413	31	57	SCD30
2021-12-13T10:17:56-03:00	413	31	57	SCD30
2021-12-13T10:17:59-03:00	415	31	57	SCD30
2021-12-13T10:18:01-03:00	413	31	57	SCD30
2021-12-13T10:18:03-03:00	412	31	57	SCD30
2021-12-13T10:18:05-03:00	410	31	57	SCD30
2021-12-13T10:18:07-03:00	410	31	57	SCD30
2021-12-13T10:18:09-03:00	409	31	57	SCD30
2021-12-13T10:18:11-03:00	410	31	57	SCD30
2021-12-13T10:18:13-03:00	410	31	57	SCD30
2021-12-13T10:18:15-03:00	408	31	57	SCD30
2021-12-13T10:18:17-03:00	408	31	57	SCD30
2021-12-13T10:18:19-03:00	407	31	57	SCD30
2021-12-13T10:18:21-03:00	407	31	57	SCD30
2021-12-13T10:18:24-03:00	407	31	57	SCD30
2021-12-13T10:18:26-03:00	407	31	57	SCD30
2021-12-13T10:18:28-03:00	408	31	57	SCD30
2021-12-13T10:18:30-03:00	409	31	57	SCD30
2021-12-13T10:18:32-03:00	409	31	57	SCD30
2021-12-13T10:18:34-03:00	409	31	57	SCD30
2021-12-13T10:18:37-03:00	409	31	57	SCD30
2021-12-13T10:18:39-03:00	410	31	57	SCD30
2021-12-13T10:18:41-03:00	410	31	57	SCD30
2021-12-13T10:18:43-03:00	410	31	57	SCD30
2021-12-13T10:18:45-03:00	411	31	57	SCD30
2021-12-13T10:18:47-03:00	411	31	57	SCD30
2021-12-13T10:18:49-03:00	411	31	57	SCD30
2021-12-13T10:18:51-03:00	411	31	57	SCD30
2021-12-13T10:18:53-03:00	412	31	57	SCD30
2021-12-13T10:18:55-03:00	413	31	57	SCD30
2021-12-13T10:18:57-03:00	413	31	57	SCD30
2021-12-13T10:18:59-03:00	413	31	57	SCD30
2021-12-13T10:19:02-03:00	413	31	57	SCD30
2021-12-13T10:19:04-03:00	414	31	57	SCD30
2021-12-13T10:19:06-03:00	414	31	57	SCD30
2021-12-13T10:19:08-03:00	414	31	57	SCD30
2021-12-13T10:19:10-03:00	414	31	57	SCD30
2021-12-13T10:19:12-03:00	414	31	57	SCD30
2021-12-13T10:19:15-03:00	414	31	57	SCD30
2021-12-13T10:19:17-03:00	415	31	57	SCD30
2021-12-13T10:19:19-03:00	416	31	57	SCD30
2021-12-13T10:19:21-03:00	417	31	57	SCD30
2021-12-13T10:19:23-03:00	417	31	57	SCD30
2021-12-13T10:19:25-03:00	418	31	57	SCD30
2021-12-13T10:19:27-03:00	418	31	57	SCD30
2021-12-13T10:19:29-03:00	418	31	57	SCD30
2021-12-13T10:19:31-03:00	419	31	57	SCD30
2021-12-13T10:19:33-03:00	419	31	57	SCD30
2021-12-13T10:19:35-03:00	419	31	57	SCD30
2021-12-13T10:19:38-03:00	419	31	57	SCD30
2021-12-13T10:19:40-03:00	420	31	57	SCD30
2021-12-13T10:19:42-03:00	420	31	57	SCD30
2021-12-13T10:19:44-03:00	420	31	57	SCD30
2021-12-13T10:19:46-03:00	420	31	57	SCD30
2021-12-13T10:19:48-03:00	420	31	57	SCD30
2021-12-13T10:19:51-03:00	420	31	57	SCD30
2021-12-13T10:19:53-03:00	421	31	57	SCD30
2021-12-13T10:19:55-03:00	422	31	57	SCD30
2021-12-13T10:19:57-03:00	423	31	57	SCD30
2021-12-13T10:19:59-03:00	422	31	57	SCD30
2021-12-13T10:20:01-03:00	423	31	57	SCD30
2021-12-13T10:20:03-03:00	423	31	57	SCD30
2021-12-13T10:20:05-03:00	422	31	57	SCD30
2021-12-13T10:20:07-03:00	422	31	57	SCD30
2021-12-13T10:20:09-03:00	422	31	57	SCD30
2021-12-13T10:20:11-03:00	422	31	57	SCD30
2021-12-13T10:20:14-03:00	422	31	57	SCD30
2021-12-13T10:20:16-03:00	421	31	57	SCD30
2021-12-13T10:20:18-03:00	421	31	57	SCD30
2021-12-13T10:20:20-03:00	421	31	57	SCD30
2021-12-13T10:20:22-03:00	421	31	57	SCD30
2021-12-13T10:20:24-03:00	421	31	57	SCD30
2021-12-13T10:20:26-03:00	422	31	57	SCD30
2021-12-13T10:20:29-03:00	422	31	57	SCD30
2021-12-13T10:20:31-03:00	422	31	57	SCD30
2021-12-13T10:20:33-03:00	423	31	57	SCD30
2021-12-13T10:20:35-03:00	423	31	57	SCD30
2021-12-13T10:20:37-03:00	424	31	57	SCD30
2021-12-13T10:20:39-03:00	425	31	58	SCD30
2021-12-13T10:20:41-03:00	427	31	58	SCD30
2021-12-13T10:20:43-03:00	430	31	58	SCD30
2021-12-13T10:20:45-03:00	439	31	58	SCD30
2021-12-13T10:20:47-03:00	450	31	58	SCD30
2021-12-13T10:20:50-03:00	472	31	57	SCD30
2021-12-13T10:20:52-03:00	484	31	57	SCD30
2021-12-13T10:20:54-03:00	485	31	57	SCD30
2021-12-13T10:20:56-03:00	491	31	57	SCD30
2021-12-13T10:20:58-03:00	493	31	57	SCD30
2021-12-13T10:21:00-03:00	493	31	57	SCD30
2021-12-13T10:21:02-03:00	488	31	57	SCD30
2021-12-13T10:21:04-03:00	488	31	57	SCD30
2021-12-13T10:21:07-03:00	491	31	57	SCD30
2021-12-13T10:21:09-03:00	489	31	57	SCD30
2021-12-13T10:21:11-03:00	488	31	57	SCD30
2021-12-13T10:21:13-03:00	488	31	57	SCD30
2021-12-13T10:21:15-03:00	488	31	57	SCD30
2021-12-13T10:21:17-03:00	488	31	57	SCD30
2021-12-13T10:21:19-03:00	488	31	57	SCD30
2021-12-13T10:21:21-03:00	490	31	57	SCD30
2021-12-13T10:21:24-03:00	489	31	57	SCD30
2021-12-13T10:21:26-03:00	489	31	57	SCD30
2021-12-13T10:21:28-03:00	489	31	57	SCD30
2021-12-13T10:21:30-03:00	488	31	56	SCD30
2021-12-13T10:21:32-03:00	489	31	56	SCD30
2021-12-13T10:21:34-03:00	490	31	56	SCD30
2021-12-13T10:21:36-03:00	490	31	56	SCD30
2021-12-13T10:21:38-03:00	489	31	56	SCD30
2021-12-13T10:21:40-03:00	490	31	56	SCD30
2021-12-13T10:21:42-03:00	490	31	56	SCD30
2021-12-13T10:21:45-03:00	489	31	56	SCD30
2021-12-13T10:21:47-03:00	488	31	56	SCD30
2021-12-13T10:21:49-03:00	487	31	56	SCD30
2021-12-13T10:21:51-03:00	488	31	56	SCD30
2021-12-13T10:21:53-03:00	488	32	56	SCD30
2021-12-13T10:21:55-03:00	487	32	56	SCD30
2021-12-13T10:21:57-03:00	486	32	56	SCD30
2021-12-13T10:22:00-03:00	487	32	56	SCD30
2021-12-13T10:22:02-03:00	487	32	56	SCD30
2021-12-13T10:22:04-03:00	488	32	56	SCD30
2021-12-13T10:22:06-03:00	488	32	56	SCD30
2021-12-13T10:22:08-03:00	488	32	55	SCD30
2021-12-13T10:22:10-03:00	487	32	55	SCD30
2021-12-13T10:22:12-03:00	488	32	55	SCD30
2021-12-13T10:22:14-03:00	488	32	55	SCD30
2021-12-13T10:22:16-03:00	488	32	55	SCD30
2021-12-13T10:22:18-03:00	487	32	55	SCD30
2021-12-13T10:22:20-03:00	487	32	55	SCD30
2021-12-13T10:22:23-03:00	486	32	55	SCD30
2021-12-13T10:22:25-03:00	485	32	55	SCD30
2021-12-13T10:22:27-03:00	485	32	55	SCD30
2021-12-13T10:22:29-03:00	484	32	55	SCD30
2021-12-13T10:22:31-03:00	485	32	55	SCD30
2021-12-13T10:22:33-03:00	484	32	55	SCD30
2021-12-13T10:22:36-03:00	484	32	55	SCD30
2021-12-13T10:22:38-03:00	484	32	55	SCD30
2021-12-13T10:22:40-03:00	483	32	55	SCD30
2021-12-13T10:22:42-03:00	483	32	55	SCD30
2021-12-13T10:22:44-03:00	484	32	55	SCD30
2021-12-13T10:22:46-03:00	485	32	55	SCD30
2021-12-13T10:22:48-03:00	485	32	54	SCD30
2021-12-13T10:22:50-03:00	485	32	54	SCD30
2021-12-13T10:22:52-03:00	485	32	54	SCD30
2021-12-13T10:22:54-03:00	485	32	54	SCD30
2021-12-13T10:22:56-03:00	484	32	54	SCD30
2021-12-13T10:22:58-03:00	484	32	54	SCD30
2021-12-13T10:23:01-03:00	484	32	54	SCD30
2021-12-13T10:23:03-03:00	484	32	54	SCD30
2021-12-13T10:23:05-03:00	483	32	54	SCD30
2021-12-13T10:23:07-03:00	484	32	54	SCD30
2021-12-13T10:23:09-03:00	484	32	54	SCD30
2021-12-13T10:23:11-03:00	484	32	54	SCD30
2021-12-13T10:23:14-03:00	484	32	54	SCD30
2021-12-13T10:23:16-03:00	484	33	54	SCD30
2021-12-13T10:23:18-03:00	484	33	54	SCD30
2021-12-13T10:23:20-03:00	484	33	54	SCD30
2021-12-13T10:23:22-03:00	484	33	54	SCD30
2021-12-13T10:23:24-03:00	483	33	54	SCD30
2021-12-13T10:23:26-03:00	484	33	54	SCD30
2021-12-13T10:23:28-03:00	484	33	54	SCD30
2021-12-13T10:23:30-03:00	484	33	54	SCD30
2021-12-13T10:23:32-03:00	483	33	53	SCD30
2021-12-13T10:23:34-03:00	484	33	53	SCD30
2021-12-13T10:23:36-03:00	484	33	53	SCD30
2021-12-13T10:23:39-03:00	484	33	53	SCD30
2021-12-13T10:23:41-03:00	484	33	53	SCD30
2021-12-13T10:23:43-03:00	485	33	53	SCD30
2021-12-13T10:23:45-03:00	484	33	53	SCD30
2021-12-13T10:23:47-03:00	484	33	53	SCD30
2021-12-13T10:23:49-03:00	484	33	53	SCD30
2021-12-13T10:23:52-03:00	484	33	53	SCD30
2021-12-13T10:23:54-03:00	483	33	53	SCD30
2021-12-13T10:23:56-03:00	484	33	53	SCD30
2021-12-13T10:23:58-03:00	483	33	53	SCD30
2021-12-13T10:24:00-03:00	483	33	53	SCD30
2021-12-13T10:24:02-03:00	485	33	53	SCD30
2021-12-13T10:24:04-03:00	484	33	53	SCD30
2021-12-13T10:24:06-03:00	484	33	53	SCD30
2021-12-13T10:24:08-03:00	484	33	53	SCD30
2021-12-13T10:24:10-03:00	483	33	53	SCD30
2021-12-13T10:24:12-03:00	483	33	53	SCD30
2021-12-13T10:24:14-03:00	482	33	53	SCD30
2021-12-13T10:24:17-03:00	483	33	53	SCD30
2021-12-13T10:24:19-03:00	483	33	53	SCD30
2021-12-13T10:24:21-03:00	483	33	53	SCD30
2021-12-13T10:24:23-03:00	482	33	53	SCD30
2021-12-13T10:24:25-03:00	481	33	52	SCD30
2021-12-13T10:24:27-03:00	481	33	52	SCD30
2021-12-13T10:24:30-03:00	481	33	52	SCD30
2021-12-13T10:24:32-03:00	480	33	52	SCD30
2021-12-13T10:24:34-03:00	480	33	52	SCD30
2021-12-13T10:24:36-03:00	480	33	52	SCD30
2021-12-13T10:24:38-03:00	481	33	52	SCD30
2021-12-13T10:24:40-03:00	478	33	52	SCD30
2021-12-13T10:24:42-03:00	478	33	52	SCD30
2021-12-13T10:24:44-03:00	478	33	52	SCD30
2021-12-13T10:24:46-03:00	476	33	52	SCD30
2021-12-13T10:24:48-03:00	477	33	52	SCD30
2021-12-13T10:24:50-03:00	477	33	52	SCD30
2021-12-13T10:24:52-03:00	477	33	52	SCD30
2021-12-13T10:24:55-03:00	477	33	52	SCD30
2021-12-13T10:24:57-03:00	477	33	52	SCD30
2021-12-13T10:24:59-03:00	476	34	52	SCD30
2021-12-13T10:25:01-03:00	476	34	52	SCD30
2021-12-13T10:25:03-03:00	476	34	52	SCD30
2021-12-13T10:25:05-03:00	476	34	52	SCD30
2021-12-13T10:25:08-03:00	476	34	52	SCD30
2021-12-13T10:25:10-03:00	476	34	52	SCD30
2021-12-13T10:25:12-03:00	475	34	52	SCD30
2021-12-13T10:25:14-03:00	474	34	52	SCD30
2021-12-13T10:25:16-03:00	473	34	51	SCD30
2021-12-13T10:25:18-03:00	473	34	51	SCD30
2021-12-13T10:25:20-03:00	473	34	51	SCD30
2021-12-13T10:25:22-03:00	473	34	51	SCD30
2021-12-13T10:25:24-03:00	473	34	51	SCD30
2021-12-13T10:25:26-03:00	474	34	51	SCD30
2021-12-13T10:25:28-03:00	473	34	51	SCD30
2021-12-13T10:25:30-03:00	474	34	51	SCD30
2021-12-13T10:25:33-03:00	473	34	51	SCD30
2021-12-13T10:25:35-03:00	473	34	51	SCD30
2021-12-13T10:25:37-03:00	473	34	51	SCD30
2021-12-13T10:25:39-03:00	473	34	51	SCD30
2021-12-13T10:25:41-03:00	473	34	51	SCD30
2021-12-13T10:25:43-03:00	473	34	51	SCD30
2021-12-13T10:25:46-03:00	473	34	51	SCD30
2021-12-13T10:25:48-03:00	473	34	51	SCD30
2021-12-13T10:25:50-03:00	473	34	51	SCD30
2021-12-13T10:25:52-03:00	473	34	51	SCD30
2021-12-13T10:25:54-03:00	473	34	51	SCD30
2021-12-13T10:25:56-03:00	473	34	51	SCD30
2021-12-13T10:25:58-03:00	473	34	51	SCD30
2021-12-13T10:26:00-03:00	472	34	51	SCD30
2021-12-13T10:26:02-03:00	472	34	51	SCD30
2021-12-13T10:26:04-03:00	472	34	51	SCD30
2021-12-13T10:26:06-03:00	472	34	51	SCD30
2021-12-13T10:26:09-03:00	472	34	51	SCD30
2021-12-13T10:26:11-03:00	472	34	51	SCD30
2021-12-13T10:26:13-03:00	471	34	51	SCD30
2021-12-13T10:26:15-03:00	470	34	51	SCD30
2021-12-13T10:26:17-03:00	469	34	50	SCD30
2021-12-13T10:26:19-03:00	468	34	50	SCD30
2021-12-13T10:26:21-03:00	468	34	50	SCD30
2021-12-13T10:26:24-03:00	468	34	50	SCD30
2021-12-13T10:26:26-03:00	468	34	50	SCD30
2021-12-13T10:26:28-03:00	468	34	50	SCD30
2021-12-13T10:26:30-03:00	468	34	50	SCD30
2021-12-13T10:26:32-03:00	468	34	50	SCD30
2021-12-13T10:26:34-03:00	468	34	50	SCD30
2021-12-13T10:26:36-03:00	468	34	50	SCD30
2021-12-13T10:26:38-03:00	467	34	50	SCD30
2021-12-13T10:26:40-03:00	467	34	50	SCD30
2021-12-13T10:26:43-03:00	467	34	50	SCD30
2021-12-13T10:26:45-03:00	467	34	50	SCD30
2021-12-13T10:26:47-03:00	466	34	50	SCD30
2021-12-13T10:26:49-03:00	465	34	50	SCD30
2021-12-13T10:26:51-03:00	466	34	50	SCD30
2021-12-13T10:26:53-03:00	466	34	50	SCD30
2021-12-13T10:26:55-03:00	465	34	50	SCD30
2021-12-13T10:26:57-03:00	465	34	50	SCD30
2021-12-13T10:26:59-03:00	465	34	50	SCD30
2021-12-13T10:27:01-03:00	465	34	50	SCD30
2021-12-13T10:27:04-03:00	466	34	50	SCD30
2021-12-13T10:27:06-03:00	465	34	50	SCD30
2021-12-13T10:27:08-03:00	465	34	50	SCD30
2021-12-13T10:27:10-03:00	464	34	50	SCD30
2021-12-13T10:27:12-03:00	464	35	50	SCD30
2021-12-13T10:27:14-03:00	463	35	50	SCD30
2021-12-13T10:27:16-03:00	463	35	50	SCD30
2021-12-13T10:27:19-03:00	463	35	50	SCD30
2021-12-13T10:27:21-03:00	462	35	50	SCD30
2021-12-13T10:27:23-03:00	461	35	50	SCD30
2021-12-13T10:27:25-03:00	461	35	50	SCD30
2021-12-13T10:27:27-03:00	460	35	49	SCD30
2021-12-13T10:27:29-03:00	459	35	49	SCD30
2021-12-13T10:27:31-03:00	459	35	49	SCD30
2021-12-13T10:27:33-03:00	458	35	49	SCD30
2021-12-13T10:27:35-03:00	458	35	49	SCD30
2021-12-13T10:27:37-03:00	458	35	49	SCD30
2021-12-13T10:27:39-03:00	458	35	49	SCD30
2021-12-13T10:27:42-03:00	457	35	49	SCD30
2021-12-13T10:27:44-03:00	457	35	49	SCD30
2021-12-13T10:27:46-03:00	457	35	49	SCD30
2021-12-13T10:27:48-03:00	456	35	49	SCD30
2021-12-13T10:27:50-03:00	456	35	49	SCD30
2021-12-13T10:27:52-03:00	455	35	49	SCD30
2021-12-13T10:27:55-03:00	455	35	49	SCD30
2021-12-13T10:27:57-03:00	455	35	49	SCD30
2021-12-13T10:27:59-03:00	454	35	49	SCD30
2021-12-13T10:28:01-03:00	454	35	49	SCD30
2021-12-13T10:28:03-03:00	454	35	49	SCD30
2021-12-13T10:28:05-03:00	454	35	49	SCD30
2021-12-13T10:28:07-03:00	454	35	49	SCD30
2021-12-13T10:28:09-03:00	454	35	49	SCD30
2021-12-13T10:28:11-03:00	454	35	49	SCD30
2021-12-13T10:28:13-03:00	453	35	49	SCD30
2021-12-13T10:28:15-03:00	453	35	49	SCD30
2021-12-13T10:28:18-03:00	453	35	49	SCD30
2021-12-13T10:28:20-03:00	452	35	49	SCD30
2021-12-13T10:28:22-03:00	452	35	49	SCD30
2021-12-13T10:28:24-03:00	452	35	49	SCD30
2021-12-13T10:28:26-03:00	452	35	49	SCD30
2021-12-13T10:28:28-03:00	452	35	49	SCD30
2021-12-13T10:28:31-03:00	451	35	49	SCD30
2021-12-13T10:28:33-03:00	451	35	49	SCD30
2021-12-13T10:28:35-03:00	451	35	49	SCD30
2021-12-13T10:28:37-03:00	450	35	49	SCD30
2021-12-13T10:28:39-03:00	450	35	49	SCD30
2021-12-13T10:28:41-03:00	449	35	49	SCD30
2021-12-13T10:28:43-03:00	448	35	48	SCD30
2021-12-13T10:28:45-03:00	448	35	49	SCD30
2021-12-13T10:28:47-03:00	448	35	48	SCD30
2021-12-13T10:28:49-03:00	448	35	48	SCD30
2021-12-13T10:28:51-03:00	448	35	48	SCD30
2021-12-13T10:28:53-03:00	448	35	48	SCD30
2021-12-13T10:28:56-03:00	448	35	48	SCD30
2021-12-13T10:28:58-03:00	449	35	48	SCD30
2021-12-13T10:29:00-03:00	449	35	48	SCD30
2021-12-13T10:29:02-03:00	448	35	48	SCD30
2021-12-13T10:29:04-03:00	449	35	48	SCD30
2021-12-13T10:29:06-03:00	448	35	48	SCD30
2021-12-13T10:29:09-03:00	448	35	48	SCD30
2021-12-13T10:29:11-03:00	448	35	48	SCD30
2021-12-13T10:29:13-03:00	448	35	48	SCD30
2021-12-13T10:29:15-03:00	448	35	48	SCD30
2021-12-13T10:29:17-03:00	448	35	48	SCD30
2021-12-13T10:29:19-03:00	447	35	48	SCD30
2021-12-13T10:29:21-03:00	448	35	48	SCD30
2021-12-13T10:29:23-03:00	447	35	48	SCD30
2021-12-13T10:29:25-03:00	446	35	48	SCD30
2021-12-13T10:29:27-03:00	445	35	48	SCD30
2021-12-13T10:29:29-03:00	445	35	48	SCD30
2021-12-13T10:29:31-03:00	445	35	48	SCD30
2021-12-13T10:29:33-03:00	444	35	48	SCD30
2021-12-13T10:29:36-03:00	446	35	48	SCD30
2021-12-13T10:29:38-03:00	446	35	48	SCD30
2021-12-13T10:29:40-03:00	446	35	48	SCD30
2021-12-13T10:29:42-03:00	446	35	48	SCD30
2021-12-13T10:29:44-03:00	446	35	48	SCD30
2021-12-13T10:29:46-03:00	446	35	48	SCD30
2021-12-13T10:29:49-03:00	446	35	48	SCD30
2021-12-13T10:29:51-03:00	446	35	48	SCD30
2021-12-13T10:29:53-03:00	445	35	48	SCD30
2021-12-13T10:29:55-03:00	445	35	48	SCD30
2021-12-13T10:29:57-03:00	446	35	47	SCD30
2021-12-13T10:29:59-03:00	447	35	47	SCD30
2021-12-13T10:30:01-03:00	448	35	47	SCD30
2021-12-13T10:30:03-03:00	449	35	48	SCD30
2021-12-13T10:30:05-03:00	449	35	48	SCD30
2021-12-13T10:30:07-03:00	461	35	48	SCD30
2021-12-13T10:30:09-03:00	502	35	48	SCD30
2021-12-13T10:30:11-03:00	496	35	48	SCD30
2021-12-13T10:30:14-03:00	503	35	48	SCD30
2021-12-13T10:30:16-03:00	498	35	48	SCD30
2021-12-13T10:30:18-03:00	499	35	48	SCD30
2021-12-13T10:30:20-03:00	484	35	48	SCD30
2021-12-13T10:30:22-03:00	491	35	48	SCD30
2021-12-13T10:30:24-03:00	491	36	47	SCD30
2021-12-13T10:30:27-03:00	488	36	47	SCD30
2021-12-13T10:30:29-03:00	483	36	47	SCD30
2021-12-13T10:30:31-03:00	494	36	47	SCD30
2021-12-13T10:30:33-03:00	511	36	47	SCD30
2021-12-13T10:30:35-03:00	517	36	46	SCD30
2021-12-13T10:30:37-03:00	521	36	46	SCD30
2021-12-13T10:30:39-03:00	526	36	46	SCD30
2021-12-13T10:30:41-03:00	521	37	46	SCD30
2021-12-13T10:30:44-03:00	520	37	46	SCD30
2021-12-13T10:30:46-03:00	516	37	45	SCD30
2021-12-13T10:30:48-03:00	521	37	45	SCD30
2021-12-13T10:30:50-03:00	524	37	45	SCD30
2021-12-13T10:30:52-03:00	526	37	45	SCD30
2021-12-13T10:30:54-03:00	531	37	45	SCD30
2021-12-13T10:30:56-03:00	533	37	44	SCD30
2021-12-13T10:30:58-03:00	524	37	44	SCD30
2021-12-13T10:31:00-03:00	527	38	44	SCD30
2021-12-13T10:31:02-03:00	531	38	44	SCD30
2021-12-13T10:31:04-03:00	532	38	44	SCD30
2021-12-13T10:31:06-03:00	534	38	43	SCD30
2021-12-13T10:31:09-03:00	536	38	43	SCD30
2021-12-13T10:31:11-03:00	532	38	43	SCD30
2021-12-13T10:31:13-03:00	535	38	43	SCD30
2021-12-13T10:31:15-03:00	541	38	43	SCD30
2021-12-13T10:31:17-03:00	544	38	43	SCD30
2021-12-13T10:31:19-03:00	546	39	42	SCD30
2021-12-13T10:31:22-03:00	551	39	42	SCD30
2021-12-13T10:31:24-03:00	547	39	42	SCD30
2021-12-13T10:31:26-03:00	549	39	42	SCD30
2021-12-13T10:31:28-03:00	558	39	42	SCD30
2021-12-13T10:31:30-03:00	554	39	42	SCD30
2021-12-13T10:31:32-03:00	550	39	41	SCD30
2021-12-13T10:31:34-03:00	559	39	41	SCD30
2021-12-13T10:31:36-03:00	559	39	41	SCD30
2021-12-13T10:31:38-03:00	550	40	41	SCD30
2021-12-13T10:31:40-03:00	545	40	41	SCD30
2021-12-13T10:31:43-03:00	541	40	41	SCD30
2021-12-13T10:31:44-03:00	550	40	40	SCD30
2021-12-13T10:31:47-03:00	550	40	40	SCD30
2021-12-13T10:31:49-03:00	548	40	40	SCD30
2021-12-13T10:31:51-03:00	535	40	40	SCD30
2021-12-13T10:31:53-03:00	528	40	40	SCD30
2021-12-13T10:31:55-03:00	545	40	40	SCD30
2021-12-13T10:31:57-03:00	537	40	40	SCD30
2021-12-13T10:31:59-03:00	535	40	39	SCD30
2021-12-13T10:32:02-03:00	532	41	39	SCD30
2021-12-13T10:32:04-03:00	523	41	39	SCD30
2021-12-13T10:32:06-03:00	522	41	39	SCD30
2021-12-13T10:32:08-03:00	519	41	39	SCD30
2021-12-13T10:32:10-03:00	518	41	39	SCD30
2021-12-13T10:32:12-03:00	522	41	39	SCD30
2021-12-13T10:32:14-03:00	523	41	38	SCD30
2021-12-13T10:32:16-03:00	522	41	38	SCD30
2021-12-13T10:32:18-03:00	520	41	38	SCD30
2021-12-13T10:32:20-03:00	516	41	38	SCD30
2021-12-13T10:32:23-03:00	519	41	38	SCD30
2021-12-13T10:32:25-03:00	522	42	38	SCD30
2021-12-13T10:32:27-03:00	524	42	38	SCD30
2021-12-13T10:32:29-03:00	522	42	38	SCD30
2021-12-13T10:32:31-03:00	522	42	37	SCD30
2021-12-13T10:32:33-03:00	520	42	37	SCD30
2021-12-13T10:32:35-03:00	521	42	37	SCD30
2021-12-13T10:32:37-03:00	521	42	37	SCD30
2021-12-13T10:32:40-03:00	520	42	37	SCD30
2021-12-13T10:32:42-03:00	522	42	37	SCD30
2021-12-13T10:32:44-03:00	522	42	37	SCD30
2021-12-13T10:32:46-03:00	522	42	37	SCD30
2021-12-13T10:32:48-03:00	522	42	37	SCD30
2021-12-13T10:32:50-03:00	517	43	36	SCD30
2021-12-13T10:32:52-03:00	520	43	36	SCD30
2021-12-13T10:32:54-03:00	517	43	36	SCD30
2021-12-13T10:32:56-03:00	517	43	36	SCD30
2021-12-13T10:32:59-03:00	526	43	36	SCD30
2021-12-13T10:33:01-03:00	523	43	36	SCD30
2021-12-13T10:33:03-03:00	519	43	36	SCD30
2021-12-13T10:33:05-03:00	520	43	36	SCD30
2021-12-13T10:33:07-03:00	527	43	36	SCD30
2021-12-13T10:33:09-03:00	522	43	36	SCD30
2021-12-13T10:33:11-03:00	503	43	36	SCD30
2021-12-13T10:33:13-03:00	503	43	35	SCD30
2021-12-13T10:33:15-03:00	503	43	35	SCD30
2021-12-13T10:33:17-03:00	505	44	35	SCD30
2021-12-13T10:33:20-03:00	506	44	35	SCD30
2021-12-13T10:33:22-03:00	503	44	35	SCD30
2021-12-13T10:33:24-03:00	507	44	35	SCD30
2021-12-13T10:33:26-03:00	503	44	35	SCD30
2021-12-13T10:33:28-03:00	504	44	35	SCD30
2021-12-13T10:33:30-03:00	508	44	35	SCD30
2021-12-13T10:33:33-03:00	506	44	35	SCD30
2021-12-13T10:33:35-03:00	502	44	34	SCD30
2021-12-13T10:33:37-03:00	500	44	34	SCD30
2021-12-13T10:33:39-03:00	494	44	34	SCD30
2021-12-13T10:33:41-03:00	493	44	34	SCD30
2021-12-13T10:33:43-03:00	493	44	34	SCD30
2021-12-13T10:33:45-03:00	489	45	34	SCD30
2021-12-13T10:33:47-03:00	494	45	34	SCD30
2021-12-13T10:33:49-03:00	492	45	34	SCD30
2021-12-13T10:33:51-03:00	495	45	34	SCD30
2021-12-13T10:33:53-03:00	494	45	34	SCD30
2021-12-13T10:33:55-03:00	497	45	33	SCD30
2021-12-13T10:33:58-03:00	498	45	33	SCD30
2021-12-13T10:34:00-03:00	497	45	33	SCD30
2021-12-13T10:34:02-03:00	497	45	33	SCD30
2021-12-13T10:34:04-03:00	493	45	33	SCD30
2021-12-13T10:34:06-03:00	495	45	33	SCD30
2021-12-13T10:34:08-03:00	491	45	33	SCD30
2021-12-13T10:34:10-03:00	484	45	33	SCD30
2021-12-13T10:34:13-03:00	484	45	33	SCD30
2021-12-13T10:34:15-03:00	489	45	33	SCD30
2021-12-13T10:34:17-03:00	491	45	33	SCD30
2021-12-13T10:34:19-03:00	492	45	33	SCD30
2021-12-13T10:34:21-03:00	491	46	33	SCD30
2021-12-13T10:34:23-03:00	487	46	32	SCD30
2021-12-13T10:34:25-03:00	490	46	32	SCD30
2021-12-13T10:34:27-03:00	485	46	32	SCD30
2021-12-13T10:34:29-03:00	483	46	32	SCD30
2021-12-13T10:34:31-03:00	476	46	32	SCD30
2021-12-13T10:34:33-03:00	472	46	32	SCD30
2021-12-13T10:34:35-03:00	480	46	32	SCD30
2021-12-13T10:34:38-03:00	469	46	32	SCD30
2021-12-13T10:34:40-03:00	455	46	32	SCD30
2021-12-13T10:34:42-03:00	481	46	32	SCD30
2021-12-13T10:34:44-03:00	523	46	32	SCD30
2021-12-13T10:34:46-03:00	451	46	31	SCD30
2021-12-13T10:34:48-03:00	511	46	31	SCD30
2021-12-13T10:34:51-03:00	485	47	31	SCD30
2021-12-13T10:34:53-03:00	483	47	31	SCD30
2021-12-13T10:34:55-03:00	480	47	31	SCD30
2021-12-13T10:34:57-03:00	456	47	31	SCD30
2021-12-13T10:34:59-03:00	456	47	31	SCD30
2021-12-13T10:35:01-03:00	463	47	31	SCD30
2021-12-13T10:35:03-03:00	473	47	31	SCD30
2021-12-13T10:35:05-03:00	471	47	31	SCD30
2021-12-13T10:35:07-03:00	467	47	31	SCD30
2021-12-13T10:35:09-03:00	460	47	31	SCD30
2021-12-13T10:35:11-03:00	447	47	31	SCD30
2021-12-13T10:35:13-03:00	457	47	31	SCD30
2021-12-13T10:35:16-03:00	470	47	31	SCD30
2021-12-13T10:35:18-03:00	470	47	30	SCD30
2021-12-13T10:35:20-03:00	458	47	30	SCD30
2021-12-13T10:35:22-03:00	433	47	30	SCD30
2021-12-13T10:35:24-03:00	450	47	30	SCD30
2021-12-13T10:35:26-03:00	439	48	30	SCD30
2021-12-13T10:35:29-03:00	445	48	30	SCD30
2021-12-13T10:35:31-03:00	454	48	30	SCD30
2021-12-13T10:35:33-03:00	451	48	30	SCD30
2021-12-13T10:35:35-03:00	461	48	30	SCD30
2021-12-13T10:35:37-03:00	463	48	30	SCD30
2021-12-13T10:35:39-03:00	469	48	30	SCD30
2021-12-13T10:35:41-03:00	473	48	30	SCD30
2021-12-13T10:35:43-03:00	474	48	30	SCD30
2021-12-13T10:35:45-03:00	472	48	30	SCD30
2021-12-13T10:35:47-03:00	470	48	30	SCD30
2021-12-13T10:35:49-03:00	466	48	30	SCD30
2021-12-13T10:35:52-03:00	467	48	30	SCD30
2021-12-13T10:35:54-03:00	472	48	30	SCD30
2021-12-13T10:35:56-03:00	466	48	30	SCD30
2021-12-13T10:35:58-03:00	462	48	29	SCD30
2021-12-13T10:36:00-03:00	459	48	29	SCD30
2021-12-13T10:36:02-03:00	465	48	29	SCD30
2021-12-13T10:36:05-03:00	459	48	29	SCD30
2021-12-13T10:36:07-03:00	457	48	29	SCD30
2021-12-13T10:36:09-03:00	461	49	29	SCD30
2021-12-13T10:36:11-03:00	468	49	29	SCD30
2021-12-13T10:36:13-03:00	476	49	29	SCD30
2021-12-13T10:36:15-03:00	481	49	29	SCD30
2021-12-13T10:36:17-03:00	498	49	29	SCD30
2021-12-13T10:36:19-03:00	488	49	29	SCD30
2021-12-13T10:36:21-03:00	484	49	29	SCD30
2021-12-13T10:36:23-03:00	485	49	29	SCD30
2021-12-13T10:36:25-03:00	487	49	29	SCD30
2021-12-13T10:36:27-03:00	485	49	29	SCD30
2021-12-13T10:36:30-03:00	478	49	29	SCD30
2021-12-13T10:36:32-03:00	472	49	29	SCD30
2021-12-13T10:36:34-03:00	472	49	29	SCD30
2021-12-13T10:36:36-03:00	470	49	29	SCD30
2021-12-13T10:36:38-03:00	470	49	29	SCD30
2021-12-13T10:36:40-03:00	465	49	28	SCD30
2021-12-13T10:36:43-03:00	465	49	28	SCD30
2021-12-13T10:36:45-03:00	463	49	28	SCD30
2021-12-13T10:36:47-03:00	462	49	28	SCD30
2021-12-13T10:36:49-03:00	461	49	28	SCD30
2021-12-13T10:36:51-03:00	460	49	28	SCD30
2021-12-13T10:36:53-03:00	462	49	28	SCD30
2021-12-13T10:36:55-03:00	466	49	28	SCD30
2021-12-13T10:36:57-03:00	466	50	28	SCD30
2021-12-13T10:36:59-03:00	462	50	28	SCD30
2021-12-13T10:37:01-03:00	461	50	28	SCD30
2021-12-13T10:37:03-03:00	459	50	28	SCD30
2021-12-13T10:37:06-03:00	458	50	28	SCD30
2021-12-13T10:37:08-03:00	460	50	28	SCD30
2021-12-13T10:37:10-03:00	461	50	28	SCD30
2021-12-13T10:37:12-03:00	458	50	28	SCD30
2021-12-13T10:37:14-03:00	456	50	28	SCD30
2021-12-13T10:37:16-03:00	455	50	28	SCD30
2021-12-13T10:37:18-03:00	454	50	28	SCD30
2021-12-13T10:37:21-03:00	455	50	28	SCD30
2021-12-13T10:37:23-03:00	457	50	28	SCD30
2021-12-13T10:37:25-03:00	460	50	28	SCD30
2021-12-13T10:37:27-03:00	462	50	28	SCD30
2021-12-13T10:37:29-03:00	457	50	27	SCD30
2021-12-13T10:37:31-03:00	453	50	27	SCD30
2021-12-13T10:37:33-03:00	453	50	27	SCD30
2021-12-13T10:37:35-03:00	451	50	27	SCD30
2021-12-13T10:37:37-03:00	465	50	27	SCD30
2021-12-13T10:37:39-03:00	460	50	27	SCD30
2021-12-13T10:37:42-03:00	453	50	27	SCD30
2021-12-13T10:37:44-03:00	451	50	27	SCD30
2021-12-13T10:37:46-03:00	458	51	27	SCD30
2021-12-13T10:37:48-03:00	462	51	27	SCD30
2021-12-13T10:37:50-03:00	465	51	27	SCD30
2021-12-13T10:37:52-03:00	463	51	27	SCD30
2021-12-13T10:37:54-03:00	459	51	27	SCD30
2021-12-13T10:37:57-03:00	455	51	27	SCD30
2021-12-13T10:37:59-03:00	456	51	27	SCD30
2021-12-13T10:38:01-03:00	452	51	27	SCD30
2021-12-13T10:38:03-03:00	460	51	27	SCD30
2021-12-13T10:38:05-03:00	453	51	27	SCD30
2021-12-13T10:38:07-03:00	450	51	27	SCD30
2021-12-13T10:38:09-03:00	452	51	27	SCD30
2021-12-13T10:38:11-03:00	449	51	27	SCD30
2021-12-13T10:38:13-03:00	452	51	27	SCD30
2021-12-13T10:38:15-03:00	456	51	27	SCD30
2021-12-13T10:38:18-03:00	461	51	27	SCD30
2021-12-13T10:38:20-03:00	468	51	27	SCD30
2021-12-13T10:38:22-03:00	463	51	27	SCD30
2021-12-13T10:38:24-03:00	472	51	26	SCD30
2021-12-13T10:38:26-03:00	469	51	26	SCD30
2021-12-13T10:38:28-03:00	464	51	26	SCD30
2021-12-13T10:38:30-03:00	470	51	26	SCD30
2021-12-13T10:38:32-03:00	468	51	26	SCD30
2021-12-13T10:38:35-03:00	463	51	26	SCD30
2021-12-13T10:38:37-03:00	458	51	26	SCD30
2021-12-13T10:38:39-03:00	463	51	26	SCD30
2021-12-13T10:38:41-03:00	481	52	26	SCD30
2021-12-13T10:38:43-03:00	478	52	26	SCD30
2021-12-13T10:38:45-03:00	490	52	26	SCD30
2021-12-13T10:38:47-03:00	475	52	26	SCD30
2021-12-13T10:38:49-03:00	432	52	26	SCD30
2021-12-13T10:38:52-03:00	448	52	26	SCD30
2021-12-13T10:38:54-03:00	453	52	26	SCD30
2021-12-13T10:38:56-03:00	454	52	26	SCD30
2021-12-13T10:38:58-03:00	461	52	26	SCD30
2021-12-13T10:39:00-03:00	455	52	26	SCD30
2021-12-13T10:39:02-03:00	459	52	26	SCD30
2021-12-13T10:39:04-03:00	447	52	26	SCD30
2021-12-13T10:39:06-03:00	464	52	26	SCD30
2021-12-13T10:39:08-03:00	459	52	26	SCD30
2021-12-13T10:39:11-03:00	455	52	26	SCD30
2021-12-13T10:39:13-03:00	462	52	26	SCD30
2021-12-13T10:39:15-03:00	458	52	26	SCD30
2021-12-13T10:39:17-03:00	456	52	26	SCD30
2021-12-13T10:39:19-03:00	459	52	26	SCD30
2021-12-13T10:39:21-03:00	458	52	26	SCD30
2021-12-13T10:39:23-03:00	452	52	26	SCD30
2021-12-13T10:39:25-03:00	453	52	26	SCD30
2021-12-13T10:39:28-03:00	451	52	25	SCD30
2021-12-13T10:39:30-03:00	451	52	25	SCD30
2021-12-13T10:39:32-03:00	449	52	25	SCD30
2021-12-13T10:39:34-03:00	446	52	25	SCD30
2021-12-13T10:39:36-03:00	443	52	25	SCD30
2021-12-13T10:39:38-03:00	446	52	25	SCD30
2021-12-13T10:39:40-03:00	450	52	25	SCD30
2021-12-13T10:39:42-03:00	452	52	25	SCD30
2021-12-13T10:39:44-03:00	458	52	25	SCD30
2021-12-13T10:39:46-03:00	452	53	25	SCD30
2021-12-13T10:39:49-03:00	451	53	25	SCD30
2021-12-13T10:39:51-03:00	443	53	25	SCD30
2021-12-13T10:39:53-03:00	443	53	25	SCD30
2021-12-13T10:39:55-03:00	439	53	25	SCD30
2021-12-13T10:39:57-03:00	438	53	25	SCD30
2021-12-13T10:39:59-03:00	441	53	25	SCD30
2021-12-13T10:40:01-03:00	445	53	25	SCD30
2021-12-13T10:40:04-03:00	448	53	25	SCD30
2021-12-13T10:40:06-03:00	445	53	25	SCD30
2021-12-13T10:40:08-03:00	447	53	25	SCD30
2021-12-13T10:40:10-03:00	452	53	25	SCD30
2021-12-13T10:40:12-03:00	454	53	25	SCD30
2021-12-13T10:40:14-03:00	458	53	25	SCD30
2021-12-13T10:40:16-03:00	458	53	25	SCD30
2021-12-13T10:40:18-03:00	460	53	25	SCD30
2021-12-13T10:40:20-03:00	458	53	25	SCD30
2021-12-13T10:40:22-03:00	457	53	25	SCD30
2021-12-13T10:40:24-03:00	462	53	25	SCD30
2021-12-13T10:40:27-03:00	462	53	25	SCD30
2021-12-13T10:40:29-03:00	458	53	25	SCD30
2021-12-13T10:40:31-03:00	461	53	25	SCD30
2021-12-13T10:40:33-03:00	456	53	25	SCD30
2021-12-13T10:40:35-03:00	457	53	25	SCD30
2021-12-13T10:40:37-03:00	454	53	25	SCD30
2021-12-13T10:40:40-03:00	453	53	25	SCD30
2021-12-13T10:40:42-03:00	459	53	24	SCD30
2021-12-13T10:40:44-03:00	457	53	24	SCD30
2021-12-13T10:40:46-03:00	456	53	24	SCD30
2021-12-13T10:40:48-03:00	450	53	24	SCD30
2021-12-13T10:40:50-03:00	449	53	24	SCD30
2021-12-13T10:40:52-03:00	447	54	24	SCD30
2021-12-13T10:40:54-03:00	448	54	24	SCD30
2021-12-13T10:40:56-03:00	448	54	24	SCD30
2021-12-13T10:40:58-03:00	445	54	24	SCD30
2021-12-13T10:41:00-03:00	447	54	24	SCD30
2021-12-13T10:41:02-03:00	449	54	24	SCD30
2021-12-13T10:41:05-03:00	446	54	24	SCD30
2021-12-13T10:41:07-03:00	444	54	24	SCD30
2021-12-13T10:41:09-03:00	446	54	24	SCD30
2021-12-13T10:41:11-03:00	453	54	24	SCD30
2021-12-13T10:41:13-03:00	467	54	24	SCD30
2021-12-13T10:41:15-03:00	474	54	24	SCD30
2021-12-13T10:41:18-03:00	481	54	24	SCD30
2021-12-13T10:41:20-03:00	485	54	24	SCD30
2021-12-13T10:41:22-03:00	466	54	24	SCD30
2021-12-13T10:41:24-03:00	469	54	24	SCD30
2021-12-13T10:41:26-03:00	478	54	24	SCD30
2021-12-13T10:41:28-03:00	479	54	24	SCD30
2021-12-13T10:41:30-03:00	470	54	24	SCD30
2021-12-13T10:41:32-03:00	475	54	24	SCD30
2021-12-13T10:41:34-03:00	469	54	24	SCD30
2021-12-13T10:41:36-03:00	454	54	24	SCD30
2021-12-13T10:41:38-03:00	450	54	24	SCD30
2021-12-13T10:41:40-03:00	439	54	24	SCD30
2021-12-13T10:41:43-03:00	425	55	24	SCD30
2021-12-13T10:41:45-03:00	464	54	24	SCD30
2021-12-13T10:41:47-03:00	449	54	24	SCD30
2021-12-13T10:41:49-03:00	443	55	24	SCD30
2021-12-13T10:41:51-03:00	430	55	23	SCD30
2021-12-13T10:41:54-03:00	432	55	23	SCD30
2021-12-13T10:41:56-03:00	440	55	23	SCD30
2021-12-13T10:41:58-03:00	434	55	23	SCD30
2021-12-13T10:42:00-03:00	447	55	23	SCD30
2021-12-13T10:42:02-03:00	442	55	23	SCD30
2021-12-13T10:42:04-03:00	441	55	23	SCD30
2021-12-13T10:42:06-03:00	443	55	23	SCD30
2021-12-13T10:42:08-03:00	437	55	23	SCD30
2021-12-13T10:42:10-03:00	444	55	23	SCD30
2021-12-13T10:42:12-03:00	438	55	23	SCD30
2021-12-13T10:42:14-03:00	443	55	23	SCD30
2021-12-13T10:42:16-03:00	441	55	23	SCD30
2021-12-13T10:42:19-03:00	437	55	23	SCD30
2021-12-13T10:42:21-03:00	437	55	23	SCD30
2021-12-13T10:42:23-03:00	449	55	23	SCD30
2021-12-13T10:42:25-03:00	450	55	23	SCD30
2021-12-13T10:42:27-03:00	451	55	23	SCD30
2021-12-13T10:42:30-03:00	450	55	23	SCD30
2021-12-13T10:42:32-03:00	451	55	23	SCD30
2021-12-13T10:42:34-03:00	452	55	23	SCD30
2021-12-13T10:42:36-03:00	450	55	23	SCD30
2021-12-13T10:42:38-03:00	456	55	23	SCD30
2021-12-13T10:42:40-03:00	456	55	23	SCD30
2021-12-13T10:42:42-03:00	457	55	23	SCD30
2021-12-13T10:42:44-03:00	452	55	23	SCD30
2021-12-13T10:42:46-03:00	452	55	23	SCD30
2021-12-13T10:42:48-03:00	455	55	23	SCD30
2021-12-13T10:42:50-03:00	458	55	23	SCD30
2021-12-13T10:42:52-03:00	458	56	23	SCD30
2021-12-13T10:42:55-03:00	457	56	23	SCD30
2021-12-13T10:42:57-03:00	455	56	23	SCD30
2021-12-13T10:42:59-03:00	459	56	22	SCD30
2021-12-13T10:43:01-03:00	459	56	22	SCD30
2021-12-13T10:43:03-03:00	459	56	22	SCD30
2021-12-13T10:43:05-03:00	461	56	23	SCD30
2021-12-13T10:43:08-03:00	460	56	22	SCD30
2021-12-13T10:43:10-03:00	460	56	22	SCD30
2021-12-13T10:43:12-03:00	458	56	22	SCD30
2021-12-13T10:43:14-03:00	459	56	22	SCD30
2021-12-13T10:43:16-03:00	460	56	22	SCD30
2021-12-13T10:43:18-03:00	459	56	22	SCD30
2021-12-13T10:43:20-03:00	455	56	22	SCD30
2021-12-13T10:43:22-03:00	456	56	22	SCD30
2021-12-13T10:43:24-03:00	458	56	22	SCD30
2021-12-13T10:43:26-03:00	454	56	22	SCD30
2021-12-13T10:43:28-03:00	455	56	22	SCD30
2021-12-13T10:43:31-03:00	459	56	22	SCD30
2021-12-13T10:43:33-03:00	463	56	22	SCD30
2021-12-13T10:43:35-03:00	470	56	22	SCD30
2021-12-13T10:43:37-03:00	457	56	22	SCD30
2021-12-13T10:43:39-03:00	462	56	22	SCD30
2021-12-13T10:43:41-03:00	459	56	22	SCD30
2021-12-13T10:43:44-03:00	466	56	22	SCD30
2021-12-13T10:43:46-03:00	479	56	22	SCD30
2021-12-13T10:43:48-03:00	487	56	22	SCD30
2021-12-13T10:43:50-03:00	472	56	22	SCD30
2021-12-13T10:43:52-03:00	470	56	22	SCD30
2021-12-13T10:43:54-03:00	476	56	22	SCD30
2021-12-13T10:43:56-03:00	483	56	22	SCD30
2021-12-13T10:43:58-03:00	474	56	22	SCD30
2021-12-13T10:44:00-03:00	461	56	22	SCD30
2021-12-13T10:44:02-03:00	473	57	22	SCD30
2021-12-13T10:44:04-03:00	431	57	22	SCD30
2021-12-13T10:44:06-03:00	451	57	22	SCD30
2021-12-13T10:44:09-03:00	476	57	22	SCD30
2021-12-13T10:44:11-03:00	452	57	22	SCD30
2021-12-13T10:44:13-03:00	449	57	22	SCD30
2021-12-13T10:44:15-03:00	437	57	22	SCD30
2021-12-13T10:44:17-03:00	448	57	22	SCD30
2021-12-13T10:44:19-03:00	446	57	22	SCD30
2021-12-13T10:44:22-03:00	446	57	22	SCD30
2021-12-13T10:44:24-03:00	441	57	22	SCD30
2021-12-13T10:44:26-03:00	435	57	22	SCD30
2021-12-13T10:44:28-03:00	440	57	22	SCD30
2021-12-13T10:44:30-03:00	444	57	22	SCD30
2021-12-13T10:44:32-03:00	444	57	22	SCD30
2021-12-13T10:44:34-03:00	445	57	21	SCD30
2021-12-13T10:44:36-03:00	440	57	21	SCD30
2021-12-13T10:44:38-03:00	441	57	21	SCD30
2021-12-13T10:44:40-03:00	445	57	21	SCD30
2021-12-13T10:44:42-03:00	450	57	21	SCD30
2021-12-13T10:44:44-03:00	449	57	21	SCD30
2021-12-13T10:44:47-03:00	452	57	21	SCD30
2021-12-13T10:44:49-03:00	449	57	21	SCD30
2021-12-13T10:44:51-03:00	448	57	21	SCD30
2021-12-13T10:44:53-03:00	449	57	21	SCD30
2021-12-13T10:44:55-03:00	451	57	21	SCD30
2021-12-13T10:44:58-03:00	455	57	21	SCD30
2021-12-13T10:45:00-03:00	455	57	21	SCD30
2021-12-13T10:45:02-03:00	456	57	21	SCD30
2021-12-13T10:45:04-03:00	452	57	21	SCD30
2021-12-13T10:45:06-03:00	452	57	21	SCD30
2021-12-13T10:45:08-03:00	452	57	21	SCD30
2021-12-13T10:45:10-03:00	452	57	21	SCD30
2021-12-13T10:45:12-03:00	451	57	21	SCD30
2021-12-13T10:45:14-03:00	452	58	21	SCD30
2021-12-13T10:45:16-03:00	452	58	21	SCD30
2021-12-13T10:45:18-03:00	449	58	21	SCD30
2021-12-13T10:45:20-03:00	447	58	21	SCD30
2021-12-13T10:45:23-03:00	446	58	21	SCD30
2021-12-13T10:45:25-03:00	443	58	21	SCD30
2021-12-13T10:45:27-03:00	447	58	21	SCD30
2021-12-13T10:45:29-03:00	449	58	21	SCD30
2021-12-13T10:45:31-03:00	449	58	21	SCD30
2021-12-13T10:45:34-03:00	450	58	21	SCD30
2021-12-13T10:45:36-03:00	448	58	21	SCD30
2021-12-13T10:45:38-03:00	447	58	21	SCD30
2021-12-13T10:45:40-03:00	447	58	21	SCD30
2021-12-13T10:45:42-03:00	445	58	21	SCD30
2021-12-13T10:45:44-03:00	445	58	21	SCD30
2021-12-13T10:45:46-03:00	447	58	21	SCD30
2021-12-13T10:45:48-03:00	446	58	21	SCD30
2021-12-13T10:45:50-03:00	444	58	21	SCD30
2021-12-13T10:45:52-03:00	439	58	21	SCD30
2021-12-13T10:45:54-03:00	441	58	21	SCD30
2021-12-13T10:45:57-03:00	440	58	21	SCD30
2021-12-13T10:45:59-03:00	437	58	21	SCD30
2021-12-13T10:46:01-03:00	435	58	21	SCD30
2021-12-13T10:46:03-03:00	437	58	21	SCD30
2021-12-13T10:46:05-03:00	441	58	21	SCD30
2021-12-13T10:46:07-03:00	440	58	21	SCD30
2021-12-13T10:46:09-03:00	438	58	21	SCD30
2021-12-13T10:46:12-03:00	440	58	21	SCD30
2021-12-13T10:46:14-03:00	442	58	20	SCD30
2021-12-13T10:46:16-03:00	443	58	20	SCD30
2021-12-13T10:46:18-03:00	444	58	20	SCD30
2021-12-13T10:46:20-03:00	457	58	20	SCD30
2021-12-13T10:46:22-03:00	466	58	20	SCD30
2021-12-13T10:46:24-03:00	479	57	20	SCD30
2021-12-13T10:46:26-03:00	493	57	20	SCD30
2021-12-13T10:46:29-03:00	535	57	21	SCD30
2021-12-13T10:46:31-03:00	634	57	21	SCD30
2021-12-13T10:46:33-03:00	799	57	21	SCD30
2021-12-13T10:46:35-03:00	712	56	21	SCD30
2021-12-13T10:46:37-03:00	754	56	21	SCD30
2021-12-13T10:46:39-03:00	733	56	21	SCD30
2021-12-13T10:46:41-03:00	804	56	21	SCD30
2021-12-13T10:46:43-03:00	605	55	21	SCD30
2021-12-13T10:46:45-03:00	542	55	21	SCD30
2021-12-13T10:46:48-03:00	282	55	21	SCD30
2021-12-13T10:46:50-03:00	825	55	21	SCD30
2021-12-13T10:46:52-03:00	889	54	22	SCD30
2021-12-13T10:46:54-03:00	678	54	22	SCD30
2021-12-13T10:46:56-03:00	604	54	22	SCD30
2021-12-13T10:46:58-03:00	893	53	22	SCD30
2021-12-13T10:47:00-03:00	751	53	23	SCD30
2021-12-13T10:47:02-03:00	751	52	23	SCD30
2021-12-13T10:47:05-03:00	655	52	23	SCD30
2021-12-13T10:47:07-03:00	543	52	23	SCD30
2021-12-13T10:47:09-03:00	447	52	24	SCD30
2021-12-13T10:47:11-03:00	326	52	24	SCD30
2021-12-13T10:47:13-03:00	361	52	24	SCD30
2021-12-13T10:47:15-03:00	473	51	24	SCD30
2021-12-13T10:47:17-03:00	251	51	24	SCD30
2021-12-13T10:47:19-03:00	470	51	24	SCD30
2021-12-13T10:47:21-03:00	650	51	25	SCD30
2021-12-13T10:47:23-03:00	660	50	25	SCD30
2021-12-13T10:47:26-03:00	603	50	25	SCD30
2021-12-13T10:47:28-03:00	461	50	25	SCD30
2021-12-13T10:47:30-03:00	423	50	25	SCD30
2021-12-13T10:47:32-03:00	400	50	26	SCD30
2021-12-13T10:47:34-03:00	344	50	26	SCD30
2021-12-13T10:47:36-03:00	299	50	26	SCD30
2021-12-13T10:47:38-03:00	272	50	26	SCD30
2021-12-13T10:47:41-03:00	281	50	26	SCD30
2021-12-13T10:47:43-03:00	333	49	26	SCD30
2021-12-13T10:47:45-03:00	305	49	26	SCD30
2021-12-13T10:47:47-03:00	284	49	26	SCD30
2021-12-13T10:47:49-03:00	302	49	26	SCD30
2021-12-13T10:47:51-03:00	281	49	26	SCD30
2021-12-13T10:47:53-03:00	252	49	27	SCD30
2021-12-13T10:47:55-03:00	265	49	27	SCD30
2021-12-13T10:47:57-03:00	293	49	27	SCD30
2021-12-13T10:47:59-03:00	301	49	27	SCD30
2021-12-13T10:48:01-03:00	322	49	27	SCD30
2021-12-13T10:48:04-03:00	336	49	27	SCD30
2021-12-13T10:48:06-03:00	333	49	27	SCD30
2021-12-13T10:48:08-03:00	336	49	27	SCD30
2021-12-13T10:48:10-03:00	345	49	27	SCD30
2021-12-13T10:48:12-03:00	349	49	27	SCD30
2021-12-13T10:48:14-03:00	357	48	27	SCD30
2021-12-13T10:48:17-03:00	365	48	27	SCD30
2021-12-13T10:48:19-03:00	370	48	27	SCD30
2021-12-13T10:48:21-03:00	373	48	27	SCD30
2021-12-13T10:48:23-03:00	377	48	27	SCD30
2021-12-13T10:48:25-03:00	380	48	27	SCD30
2021-12-13T10:48:27-03:00	382	48	27	SCD30
2021-12-13T10:48:29-03:00	384	48	27	SCD30
2021-12-13T10:48:31-03:00	386	48	27	SCD30
2021-12-13T10:48:33-03:00	388	48	27	SCD30
2021-12-13T10:48:35-03:00	389	48	27	SCD30
2021-12-13T10:48:37-03:00	392	48	28	SCD30
2021-12-13T10:48:39-03:00	395	48	28	SCD30
2021-12-13T10:48:42-03:00	399	48	28	SCD30
2021-12-13T10:48:44-03:00	402	48	28	SCD30
2021-12-13T10:48:46-03:00	407	48	28	SCD30
2021-12-13T10:48:48-03:00	408	48	28	SCD30
2021-12-13T10:48:50-03:00	414	48	28	SCD30
2021-12-13T10:48:52-03:00	417	48	28	SCD30
2021-12-13T10:48:55-03:00	421	48	28	SCD30
2021-12-13T10:48:57-03:00	421	48	28	SCD30
2021-12-13T10:48:59-03:00	425	48	28	SCD30
2021-12-13T10:49:01-03:00	425	48	28	SCD30
2021-12-13T10:49:03-03:00	425	48	28	SCD30
2021-12-13T10:49:05-03:00	430	48	28	SCD30
2021-12-13T10:49:07-03:00	434	48	28	SCD30
2021-12-13T10:49:09-03:00	437	48	28	SCD30
2021-12-13T10:49:11-03:00	441	48	28	SCD30
2021-12-13T10:49:13-03:00	452	48	28	SCD30
2021-12-13T10:49:15-03:00	451	48	28	SCD30
2021-12-13T10:49:17-03:00	459	48	28	SCD30
2021-12-13T10:49:19-03:00	449	48	28	SCD30
2021-12-13T10:49:22-03:00	453	48	28	SCD30
2021-12-13T10:49:24-03:00	464	48	28	SCD30
2021-12-13T10:49:26-03:00	469	47	28	SCD30
2021-12-13T10:49:28-03:00	475	47	28	SCD30
2021-12-13T10:49:30-03:00	472	47	28	SCD30
2021-12-13T10:49:32-03:00	475	47	29	SCD30
2021-12-13T10:49:35-03:00	476	47	29	SCD30
2021-12-13T10:49:37-03:00	474	47	29	SCD30
2021-12-13T10:49:39-03:00	475	47	29	SCD30
2021-12-13T10:49:41-03:00	475	47	29	SCD30
2021-12-13T10:49:43-03:00	475	47	29	SCD30
2021-12-13T10:49:45-03:00	475	47	29	SCD30
2021-12-13T10:49:47-03:00	478	47	29	SCD30
2021-12-13T10:49:49-03:00	477	47	29	SCD30
2021-12-13T10:49:51-03:00	477	47	29	SCD30
2021-12-13T10:49:53-03:00	476	47	29	SCD30
2021-12-13T10:49:55-03:00	477	47	29	SCD30
2021-12-13T10:49:57-03:00	479	47	29	SCD30
2021-12-13T10:50:00-03:00	479	47	29	SCD30
2021-12-13T10:50:02-03:00	481	47	29	SCD30
2021-12-13T10:50:04-03:00	480	47	29	SCD30
2021-12-13T10:50:06-03:00	481	47	29	SCD30
2021-12-13T10:50:08-03:00	480	47	29	SCD30
2021-12-13T10:50:10-03:00	480	47	29	SCD30
2021-12-13T10:50:13-03:00	482	47	29	SCD30
2021-12-13T10:50:15-03:00	483	47	29	SCD30
2021-12-13T10:50:17-03:00	483	47	29	SCD30
2021-12-13T10:50:19-03:00	484	47	29	SCD30
2021-12-13T10:50:21-03:00	484	47	29	SCD30
2021-12-13T10:50:23-03:00	482	47	29	SCD30
2021-12-13T10:50:25-03:00	482	47	29	SCD30
2021-12-13T10:50:27-03:00	482	47	29	SCD30
2021-12-13T10:50:29-03:00	482	47	29	SCD30
2021-12-13T10:50:31-03:00	482	47	29	SCD30
2021-12-13T10:50:33-03:00	482	47	29	SCD30
2021-12-13T10:50:36-03:00	482	47	29	SCD30
2021-12-13T10:50:38-03:00	482	47	29	SCD30
2021-12-13T10:50:40-03:00	482	47	30	SCD30
2021-12-13T10:50:42-03:00	483	47	30	SCD30
2021-12-13T10:50:44-03:00	483	47	30	SCD30
2021-12-13T10:50:46-03:00	483	47	30	SCD30
2021-12-13T10:50:48-03:00	482	47	30	SCD30
2021-12-13T10:50:51-03:00	483	47	30	SCD30
2021-12-13T10:50:53-03:00	484	47	30	SCD30
2021-12-13T10:50:55-03:00	484	47	30	SCD30
2021-12-13T10:50:57-03:00	484	47	30	SCD30
2021-12-13T10:50:59-03:00	484	47	30	SCD30
2021-12-13T10:51:01-03:00	484	46	30	SCD30
2021-12-13T10:51:03-03:00	485	46	30	SCD30
2021-12-13T10:51:05-03:00	485	46	30	SCD30
2021-12-13T10:51:07-03:00	485	46	30	SCD30
2021-12-13T10:51:09-03:00	485	46	30	SCD30
2021-12-13T10:51:11-03:00	486	46	30	SCD30
2021-12-13T10:51:14-03:00	485	46	30	SCD30
2021-12-13T10:51:16-03:00	485	46	30	SCD30
2021-12-13T10:51:18-03:00	486	46	30	SCD30
2021-12-13T10:51:20-03:00	485	46	30	SCD30
2021-12-13T10:51:22-03:00	485	46	30	SCD30
2021-12-13T10:51:24-03:00	486	46	30	SCD30
2021-12-13T10:51:26-03:00	485	46	30	SCD30
2021-12-13T10:51:29-03:00	484	46	30	SCD30
2021-12-13T10:51:31-03:00	484	46	30	SCD30
2021-12-13T10:51:33-03:00	484	46	30	SCD30
2021-12-13T10:51:35-03:00	484	46	30	SCD30
2021-12-13T10:51:37-03:00	483	46	30	SCD30
2021-12-13T10:51:39-03:00	483	46	30	SCD30
2021-12-13T10:51:41-03:00	483	46	30	SCD30
2021-12-13T10:51:43-03:00	484	46	30	SCD30
2021-12-13T10:51:45-03:00	484	46	30	SCD30
2021-12-13T10:51:47-03:00	484	46	30	SCD30
2021-12-13T10:51:50-03:00	485	46	30	SCD30
2021-12-13T10:51:52-03:00	485	46	30	SCD30
2021-12-13T10:51:54-03:00	484	46	30	SCD30
2021-12-13T10:51:56-03:00	484	46	30	SCD30
2021-12-13T10:51:58-03:00	484	46	31	SCD30
2021-12-13T10:52:00-03:00	484	46	31	SCD30
2021-12-13T10:52:02-03:00	485	46	31	SCD30
2021-12-13T10:52:04-03:00	486	46	31	SCD30
2021-12-13T10:52:07-03:00	485	46	31	SCD30
2021-12-13T10:52:09-03:00	485	46	31	SCD30
2021-12-13T10:52:11-03:00	485	46	31	SCD30
2021-12-13T10:52:13-03:00	484	46	31	SCD30
2021-12-13T10:52:15-03:00	484	46	31	SCD30
2021-12-13T10:52:17-03:00	484	46	31	SCD30
2021-12-13T10:52:19-03:00	484	46	31	SCD30
2021-12-13T10:52:21-03:00	484	46	31	SCD30
2021-12-13T10:52:24-03:00	484	46	31	SCD30
2021-12-13T10:52:26-03:00	484	46	31	SCD30
2021-12-13T10:52:28-03:00	484	46	31	SCD30
2021-12-13T10:52:30-03:00	484	46	31	SCD30
2021-12-13T10:52:32-03:00	484	46	31	SCD30
2021-12-13T10:52:34-03:00	483	46	31	SCD30
2021-12-13T10:52:36-03:00	482	46	31	SCD30
2021-12-13T10:52:38-03:00	482	46	31	SCD30
2021-12-13T10:52:40-03:00	483	46	31	SCD30
2021-12-13T10:52:43-03:00	483	46	31	SCD30
2021-12-13T10:52:45-03:00	483	46	31	SCD30
2021-12-13T10:52:47-03:00	483	46	31	SCD30
2021-12-13T10:52:49-03:00	483	46	31	SCD30
2021-12-13T10:52:51-03:00	483	46	31	SCD30
2021-12-13T10:52:53-03:00	483	46	31	SCD30
2021-12-13T10:52:55-03:00	483	46	31	SCD30
2021-12-13T10:52:57-03:00	483	46	31	SCD30
2021-12-13T10:53:00-03:00	483	46	31	SCD30
2021-12-13T10:53:02-03:00	483	46	31	SCD30
2021-12-13T10:53:04-03:00	484	46	31	SCD30
2021-12-13T10:53:06-03:00	484	45	31	SCD30
2021-12-13T10:53:08-03:00	483	45	31	SCD30
2021-12-13T10:53:10-03:00	483	45	31	SCD30
2021-12-13T10:53:12-03:00	483	45	31	SCD30
2021-12-13T10:53:14-03:00	483	45	31	SCD30
2021-12-13T10:53:16-03:00	483	45	31	SCD30
2021-12-13T10:53:19-03:00	484	45	31	SCD30
2021-12-13T10:53:21-03:00	484	45	31	SCD30
2021-12-13T10:53:23-03:00	484	45	32	SCD30
2021-12-13T10:53:25-03:00	484	45	32	SCD30
2021-12-13T10:53:27-03:00	484	45	32	SCD30
2021-12-13T10:53:29-03:00	485	45	32	SCD30
2021-12-13T10:53:31-03:00	484	45	32	SCD30
2021-12-13T10:53:33-03:00	484	45	32	SCD30
2021-12-13T10:53:36-03:00	483	45	32	SCD30
2021-12-13T10:53:38-03:00	484	45	32	SCD30
2021-12-13T10:53:40-03:00	483	45	32	SCD30
2021-12-13T10:53:42-03:00	484	45	32	SCD30
2021-12-13T10:53:44-03:00	484	45	32	SCD30
2021-12-13T10:53:46-03:00	484	45	32	SCD30
2021-12-13T10:53:48-03:00	484	45	32	SCD30
2021-12-13T10:53:50-03:00	483	45	32	SCD30
2021-12-13T10:53:52-03:00	482	45	32	SCD30
2021-12-13T10:53:54-03:00	482	45	32	SCD30
2021-12-13T10:53:57-03:00	481	45	32	SCD30
2021-12-13T10:53:59-03:00	481	45	32	SCD30
2021-12-13T10:54:01-03:00	481	45	32	SCD30
2021-12-13T10:54:03-03:00	480	45	32	SCD30
2021-12-13T10:54:05-03:00	480	45	32	SCD30
2021-12-13T10:54:07-03:00	481	45	32	SCD30
2021-12-13T10:54:09-03:00	481	45	32	SCD30
2021-12-13T10:54:12-03:00	481	45	32	SCD30
2021-12-13T10:54:14-03:00	481	45	32	SCD30
2021-12-13T10:54:16-03:00	480	45	32	SCD30
2021-12-13T10:54:18-03:00	480	45	32	SCD30
2021-12-13T10:54:20-03:00	481	45	32	SCD30
2021-12-13T10:54:22-03:00	480	45	32	SCD30
2021-12-13T10:54:24-03:00	481	45	32	SCD30
2021-12-13T10:54:26-03:00	480	45	32	SCD30
2021-12-13T10:54:28-03:00	481	45	32	SCD30
2021-12-13T10:54:30-03:00	480	45	32	SCD30
2021-12-13T10:54:32-03:00	480	45	32	SCD30
2021-12-13T10:54:35-03:00	480	45	32	SCD30
2021-12-13T10:54:37-03:00	480	45	32	SCD30
2021-12-13T10:54:39-03:00	480	45	32	SCD30
2021-12-13T10:54:41-03:00	480	45	32	SCD30
2021-12-13T10:54:43-03:00	480	45	32	SCD30
2021-12-13T10:54:45-03:00	480	45	32	SCD30
2021-12-13T10:54:48-03:00	480	45	32	SCD30
2021-12-13T10:54:50-03:00	480	45	32	SCD30
2021-12-13T10:54:52-03:00	480	45	33	SCD30
2021-12-13T10:54:54-03:00	480	45	33	SCD30
2021-12-13T10:54:56-03:00	479	45	33	SCD30
2021-12-13T10:54:58-03:00	479	45	33	SCD30
2021-12-13T10:55:00-03:00	479	45	33	SCD30
2021-12-13T10:55:02-03:00	480	45	33	SCD30
2021-12-13T10:55:04-03:00	481	45	33	SCD30
2021-12-13T10:55:06-03:00	481	45	33	SCD30
2021-12-13T10:55:08-03:00	480	45	33	SCD30
2021-12-13T10:55:10-03:00	480	45	33	SCD30
2021-12-13T10:55:13-03:00	481	45	33	SCD30
2021-12-13T10:55:15-03:00	481	45	33	SCD30
2021-12-13T10:55:17-03:00	481	45	33	SCD30
2021-12-13T10:55:19-03:00	481	45	33	SCD30
2021-12-13T10:55:21-03:00	480	45	33	SCD30
2021-12-13T10:55:23-03:00	480	45	33	SCD30
2021-12-13T10:55:26-03:00	482	45	33	SCD30
2021-12-13T10:55:28-03:00	484	44	33	SCD30
2021-12-13T10:55:30-03:00	484	44	32	SCD30
2021-12-13T10:55:32-03:00	483	44	32	SCD30
2021-12-13T10:55:34-03:00	483	44	32	SCD30
2021-12-13T10:55:36-03:00	483	44	32	SCD30
2021-12-13T10:55:38-03:00	483	44	32	SCD30
2021-12-13T10:55:40-03:00	483	44	32	SCD30
2021-12-13T10:55:42-03:00	484	44	32	SCD30
2021-12-13T10:55:44-03:00	485	44	32	SCD30
2021-12-13T10:55:46-03:00	486	44	32	SCD30
2021-12-13T10:55:48-03:00	487	44	32	SCD30
2021-12-13T10:55:51-03:00	489	44	32	SCD30
2021-12-13T10:55:53-03:00	488	44	32	SCD30
2021-12-13T10:55:55-03:00	488	44	33	SCD30
2021-12-13T10:55:57-03:00	490	44	33	SCD30
2021-12-13T10:55:59-03:00	493	44	33	SCD30
2021-12-13T10:56:01-03:00	499	44	33	SCD30
2021-12-13T10:56:04-03:00	515	43	33	SCD30
2021-12-13T10:56:06-03:00	546	43	33	SCD30
2021-12-13T10:56:08-03:00	600	43	33	SCD30
2021-12-13T10:56:10-03:00	668	43	33	SCD30
2021-12-13T10:56:12-03:00	651	43	33	SCD30
2021-12-13T10:56:14-03:00	640	43	33	SCD30
2021-12-13T10:56:16-03:00	628	43	33	SCD30
2021-12-13T10:56:18-03:00	619	43	33	SCD30
2021-12-13T10:56:20-03:00	639	43	33	SCD30
2021-12-13T10:56:22-03:00	625	43	33	SCD30
2021-12-13T10:56:24-03:00	612	43	34	SCD30
2021-12-13T10:56:26-03:00	604	43	34	SCD30
2021-12-13T10:56:29-03:00	584	43	34	SCD30
2021-12-13T10:56:31-03:00	568	43	34	SCD30
2021-12-13T10:56:33-03:00	529	43	34	SCD30
2021-12-13T10:56:35-03:00	516	43	34	SCD30
2021-12-13T10:56:37-03:00	523	43	34	SCD30
2021-12-13T10:56:39-03:00	517	42	34	SCD30
2021-12-13T10:56:42-03:00	517	42	34	SCD30
2021-12-13T10:56:44-03:00	484	42	34	SCD30
2021-12-13T10:56:46-03:00	516	42	34	SCD30
2021-12-13T10:56:48-03:00	539	42	34	SCD30
2021-12-13T10:56:50-03:00	558	42	34	SCD30
2021-12-13T10:56:52-03:00	563	42	34	SCD30
2021-12-13T10:56:54-03:00	568	42	35	SCD30
2021-12-13T10:56:56-03:00	571	42	35	SCD30
2021-12-13T10:56:58-03:00	553	42	35	SCD30
2021-12-13T10:57:00-03:00	562	42	35	SCD30
2021-12-13T10:57:02-03:00	564	42	35	SCD30
2021-12-13T10:57:04-03:00	560	42	35	SCD30
2021-12-13T10:57:06-03:00	554	41	35	SCD30
2021-12-13T10:57:09-03:00	541	41	35	SCD30
2021-12-13T10:57:11-03:00	531	41	35	SCD30
2021-12-13T10:57:13-03:00	520	41	35	SCD30
2021-12-13T10:57:15-03:00	503	41	35	SCD30
2021-12-13T10:57:17-03:00	500	41	35	SCD30
2021-12-13T10:57:19-03:00	501	41	35	SCD30
2021-12-13T10:57:22-03:00	488	41	35	SCD30
2021-12-13T10:57:24-03:00	481	41	35	SCD30
2021-12-13T10:57:26-03:00	476	41	35	SCD30
2021-12-13T10:57:28-03:00	473	41	35	SCD30
2021-12-13T10:57:30-03:00	466	41	36	SCD30
2021-12-13T10:57:32-03:00	465	41	36	SCD30
2021-12-13T10:57:34-03:00	459	41	36	SCD30
2021-12-13T10:57:36-03:00	457	41	36	SCD30
2021-12-13T10:57:38-03:00	456	41	36	SCD30
2021-12-13T10:57:40-03:00	457	41	36	SCD30
2021-12-13T10:57:42-03:00	458	41	36	SCD30
2021-12-13T10:57:45-03:00	458	41	36	SCD30
2021-12-13T10:57:47-03:00	472	41	36	SCD30
2021-12-13T10:57:49-03:00	475	41	36	SCD30
2021-12-13T10:57:51-03:00	468	41	36	SCD30
2021-12-13T10:57:53-03:00	466	41	36	SCD30
2021-12-13T10:57:55-03:00	458	41	36	SCD30
2021-12-13T10:57:57-03:00	455	41	37	SCD30
2021-12-13T10:58:00-03:00	455	41	37	SCD30
2021-12-13T10:58:02-03:00	452	41	37	SCD30
2021-12-13T10:58:04-03:00	459	40	37	SCD30
2021-12-13T10:58:06-03:00	465	40	37	SCD30
2021-12-13T10:58:08-03:00	470	40	37	SCD30
2021-12-13T10:58:10-03:00	479	40	37	SCD30
2021-12-13T10:58:12-03:00	480	40	37	SCD30
2021-12-13T10:58:14-03:00	485	40	37	SCD30
2021-12-13T10:58:16-03:00	496	40	37	SCD30
2021-12-13T10:58:19-03:00	499	40	37	SCD30
2021-12-13T10:58:21-03:00	495	40	37	SCD30
2021-12-13T10:58:23-03:00	493	40	37	SCD30
2021-12-13T10:58:25-03:00	488	40	37	SCD30
2021-12-13T10:58:27-03:00	485	40	37	SCD30
2021-12-13T10:58:29-03:00	479	40	37	SCD30
2021-12-13T10:58:31-03:00	472	40	37	SCD30
2021-12-13T10:58:33-03:00	466	40	37	SCD30
2021-12-13T10:58:35-03:00	467	40	37	SCD30
2021-12-13T10:58:37-03:00	471	40	37	SCD30
2021-12-13T10:58:40-03:00	473	40	37	SCD30
2021-12-13T10:58:42-03:00	472	40	37	SCD30
2021-12-13T10:58:44-03:00	476	40	37	SCD30
2021-12-13T10:58:46-03:00	475	40	37	SCD30
2021-12-13T10:58:48-03:00	483	40	37	SCD30
2021-12-13T10:58:50-03:00	483	40	38	SCD30
2021-12-13T10:58:52-03:00	480	40	38	SCD30
2021-12-13T10:58:55-03:00	481	40	38	SCD30
2021-12-13T10:58:57-03:00	481	40	38	SCD30
2021-12-13T10:58:59-03:00	481	40	38	SCD30
2021-12-13T10:59:01-03:00	478	40	38	SCD30
2021-12-13T10:59:03-03:00	480	40	38	SCD30
2021-12-13T10:59:05-03:00	478	40	38	SCD30
2021-12-13T10:59:07-03:00	485	40	38	SCD30
2021-12-13T10:59:09-03:00	488	40	38	SCD30
2021-12-13T10:59:11-03:00	487	40	38	SCD30
2021-12-13T10:59:13-03:00	488	40	38	SCD30
2021-12-13T10:59:15-03:00	486	40	38	SCD30
2021-12-13T10:59:18-03:00	489	40	38	SCD30
2021-12-13T10:59:20-03:00	489	39	38	SCD30
2021-12-13T10:59:22-03:00	490	39	38	SCD30
2021-12-13T10:59:24-03:00	490	39	38	SCD30
2021-12-13T10:59:26-03:00	492	39	38	SCD30
2021-12-13T10:59:28-03:00	492	39	38	SCD30
2021-12-13T10:59:31-03:00	491	39	38	SCD30
2021-12-13T10:59:33-03:00	492	39	38	SCD30
2021-12-13T10:59:35-03:00	492	39	39	SCD30
2021-12-13T10:59:37-03:00	492	39	39	SCD30
2021-12-13T10:59:39-03:00	492	39	39	SCD30
2021-12-13T10:59:41-03:00	492	39	38	SCD30
2021-12-13T10:59:43-03:00	490	39	39	SCD30
2021-12-13T10:59:45-03:00	490	39	39	SCD30
2021-12-13T10:59:47-03:00	490	39	39	SCD30
2021-12-13T10:59:49-03:00	489	39	39	SCD30
2021-12-13T10:59:51-03:00	489	39	39	SCD30
2021-12-13T10:59:53-03:00	492	39	39	SCD30
2021-12-13T10:59:56-03:00	493	39	39	SCD30
2021-12-13T10:59:58-03:00	492	39	39	SCD30
2021-12-13T11:00:00-03:00	493	39	39	SCD30
2021-12-13T11:00:02-03:00	494	39	39	SCD30
2021-12-13T11:00:04-03:00	496	39	39	SCD30
2021-12-13T11:00:06-03:00	497	39	39	SCD30
2021-12-13T11:00:09-03:00	497	39	39	SCD30
2021-12-13T11:00:11-03:00	496	39	39	SCD30
2021-12-13T11:00:13-03:00	493	39	39	SCD30
2021-12-13T11:00:15-03:00	494	39	39	SCD30
2021-12-13T11:00:17-03:00	499	39	39	SCD30
2021-12-13T11:00:19-03:00	501	39	39	SCD30
2021-12-13T11:00:21-03:00	498	39	39	SCD30
2021-12-13T11:00:23-03:00	498	39	40	SCD30
2021-12-13T11:00:25-03:00	493	39	40	SCD30
2021-12-13T11:00:27-03:00	483	39	40	SCD30
2021-12-13T11:00:29-03:00	499	39	40	SCD30
2021-12-13T11:00:31-03:00	517	39	40	SCD30
2021-12-13T11:00:34-03:00	525	39	40	SCD30
2021-12-13T11:00:36-03:00	531	39	40	SCD30
2021-12-13T11:00:38-03:00	542	39	40	SCD30
2021-12-13T11:00:40-03:00	549	38	40	SCD30
2021-12-13T11:00:42-03:00	552	38	40	SCD30
2021-12-13T11:00:44-03:00	555	38	40	SCD30
2021-12-13T11:00:47-03:00	549	38	40	SCD30
2021-12-13T11:00:49-03:00	538	38	40	SCD30
2021-12-13T11:00:51-03:00	552	38	40	SCD30
2021-12-13T11:00:53-03:00	565	38	40	SCD30
2021-12-13T11:00:55-03:00	556	38	40	SCD30
2021-12-13T11:00:57-03:00	554	38	40	SCD30
2021-12-13T11:00:59-03:00	553	38	40	SCD30
2021-12-13T11:01:01-03:00	558	38	40	SCD30
2021-12-13T11:01:03-03:00	562	38	41	SCD30
2021-12-13T11:01:05-03:00	557	38	41	SCD30
2021-12-13T11:01:07-03:00	549	38	41	SCD30
2021-12-13T11:01:09-03:00	556	38	41	SCD30
2021-12-13T11:01:12-03:00	547	38	41	SCD30
2021-12-13T11:01:14-03:00	560	38	41	SCD30
2021-12-13T11:01:16-03:00	543	38	41	SCD30
2021-12-13T11:01:18-03:00	494	37	41	SCD30
2021-12-13T11:01:20-03:00	440	37	41	SCD30
2021-12-13T11:01:22-03:00	409	37	41	SCD30
2021-12-13T11:01:25-03:00	406	37	42	SCD30
2021-12-13T11:01:27-03:00	407	37	42	SCD30
2021-12-13T11:01:29-03:00	435	37	42	SCD30
2021-12-13T11:01:31-03:00	448	37	42	SCD30
2021-12-13T11:01:33-03:00	444	37	42	SCD30
2021-12-13T11:01:35-03:00	451	37	42	SCD30
2021-12-13T11:01:37-03:00	454	37	42	SCD30
2021-12-13T11:01:39-03:00	455	37	42	SCD30
2021-12-13T11:01:41-03:00	451	37	42	SCD30
2021-12-13T11:01:43-03:00	451	37	42	SCD30
2021-12-13T11:01:45-03:00	448	37	42	SCD30
2021-12-13T11:01:47-03:00	446	37	42	SCD30
2021-12-13T11:01:50-03:00	446	37	42	SCD30
2021-12-13T11:01:52-03:00	446	37	42	SCD30
2021-12-13T11:01:54-03:00	444	38	42	SCD30
2021-12-13T11:01:56-03:00	442	38	41	SCD30
2021-12-13T11:01:58-03:00	443	38	41	SCD30
2021-12-13T11:02:00-03:00	445	38	41	SCD30
2021-12-13T11:02:03-03:00	446	38	41	SCD30
2021-12-13T11:02:05-03:00	446	38	41	SCD30
2021-12-13T11:02:07-03:00	447	38	41	SCD30
2021-12-13T11:02:09-03:00	447	38	41	SCD30
2021-12-13T11:02:11-03:00	447	38	41	SCD30
2021-12-13T11:02:13-03:00	449	38	41	SCD30
2021-12-13T11:02:15-03:00	452	38	41	SCD30
2021-12-13T11:02:17-03:00	455	38	41	SCD30
2021-12-13T11:02:19-03:00	456	38	41	SCD30
2021-12-13T11:02:21-03:00	456	38	41	SCD30
2021-12-13T11:02:23-03:00	458	37	41	SCD30
2021-12-13T11:02:25-03:00	457	37	41	SCD30
2021-12-13T11:02:28-03:00	456	37	41	SCD30
2021-12-13T11:02:30-03:00	457	38	41	SCD30
2021-12-13T11:02:32-03:00	459	38	41	SCD30
2021-12-13T11:02:34-03:00	461	38	41	SCD30
2021-12-13T11:02:36-03:00	461	38	41	SCD30
2021-12-13T11:02:38-03:00	462	38	41	SCD30
2021-12-13T11:02:40-03:00	464	38	41	SCD30
2021-12-13T11:02:43-03:00	464	38	41	SCD30
2021-12-13T11:02:45-03:00	466	38	41	SCD30
2021-12-13T11:02:47-03:00	467	37	41	SCD30
2021-12-13T11:02:49-03:00	467	38	42	SCD30
2021-12-13T11:02:51-03:00	467	37	42	SCD30
2021-12-13T11:02:53-03:00	467	38	41	SCD30
2021-12-13T11:02:55-03:00	468	37	41	SCD30
2021-12-13T11:02:57-03:00	470	37	41	SCD30
2021-12-13T11:02:59-03:00	476	37	41	SCD30
2021-12-13T11:03:01-03:00	478	37	41	SCD30
2021-12-13T11:03:04-03:00	483	37	42	SCD30
2021-12-13T11:03:06-03:00	486	37	42	SCD30
2021-12-13T11:03:08-03:00	462	37	42	SCD30
2021-12-13T11:03:10-03:00	444	37	42	SCD30
2021-12-13T11:03:12-03:00	416	37	42	SCD30
2021-12-13T11:03:14-03:00	393	37	42	SCD30
2021-12-13T11:03:16-03:00	412	37	42	SCD30
2021-12-13T11:03:18-03:00	396	37	42	SCD30
2021-12-13T11:03:21-03:00	428	37	42	SCD30
2021-12-13T11:03:23-03:00	440	37	42	SCD30
2021-12-13T11:03:25-03:00	455	37	42	SCD30
2021-12-13T11:03:27-03:00	472	37	42	SCD30
2021-12-13T11:03:29-03:00	465	37	42	SCD30
2021-12-13T11:03:31-03:00	523	37	42	SCD30
2021-12-13T11:03:33-03:00	577	37	42	SCD30
2021-12-13T11:03:35-03:00	531	37	43	SCD30
2021-12-13T11:03:37-03:00	537	37	43	SCD30
2021-12-13T11:03:40-03:00	613	37	43	SCD30
2021-12-13T11:03:42-03:00	707	37	43	SCD30
2021-12-13T11:03:44-03:00	856	36	43	SCD30
2021-12-13T11:03:46-03:00	547	36	43	SCD30
2021-12-13T11:03:48-03:00	291	36	43	SCD30
2021-12-13T11:03:50-03:00	475	36	43	SCD30
2021-12-13T11:03:52-03:00	600	36	44	SCD30
2021-12-13T11:03:54-03:00	583	36	44	SCD30
2021-12-13T11:03:56-03:00	589	36	44	SCD30
2021-12-13T11:03:59-03:00	627	36	44	SCD30
2021-12-13T11:04:01-03:00	597	36	44	SCD30
2021-12-13T11:04:03-03:00	574	36	44	SCD30
2021-12-13T11:04:05-03:00	551	36	44	SCD30
2021-12-13T11:04:07-03:00	493	36	44	SCD30
2021-12-13T11:04:09-03:00	486	36	44	SCD30
2021-12-13T11:04:11-03:00	474	36	44	SCD30
2021-12-13T11:04:14-03:00	464	36	44	SCD30
2021-12-13T11:04:16-03:00	451	36	44	SCD30
2021-12-13T11:04:18-03:00	453	36	44	SCD30
2021-12-13T11:04:20-03:00	460	36	44	SCD30
2021-12-13T11:04:22-03:00	460	36	44	SCD30
2021-12-13T11:04:24-03:00	454	36	44	SCD30
2021-12-13T11:04:26-03:00	448	36	44	SCD30
2021-12-13T11:04:28-03:00	442	36	44	SCD30
2021-12-13T11:04:30-03:00	434	36	44	SCD30
2021-12-13T11:04:32-03:00	426	36	44	SCD30
2021-12-13T11:04:34-03:00	427	36	44	SCD30
2021-12-13T11:04:37-03:00	419	36	44	SCD30
2021-12-13T11:04:39-03:00	421	36	44	SCD30
2021-12-13T11:04:41-03:00	420	36	44	SCD30
2021-12-13T11:04:43-03:00	429	36	44	SCD30
2021-12-13T11:04:45-03:00	432	36	44	SCD30
2021-12-13T11:04:47-03:00	441	36	44	SCD30
2021-12-13T11:04:50-03:00	447	36	44	SCD30
2021-12-13T11:04:52-03:00	449	36	44	SCD30
2021-12-13T11:04:54-03:00	447	36	44	SCD30
2021-12-13T11:04:56-03:00	444	36	44	SCD30
2021-12-13T11:04:58-03:00	442	36	44	SCD30
2021-12-13T11:05:00-03:00	439	36	44	SCD30
2021-12-13T11:05:02-03:00	436	36	44	SCD30
2021-12-13T11:05:04-03:00	436	36	44	SCD30
2021-12-13T11:05:06-03:00	435	36	44	SCD30
2021-12-13T11:05:08-03:00	433	36	44	SCD30
2021-12-13T11:05:10-03:00	433	36	44	SCD30
2021-12-13T11:05:12-03:00	433	36	44	SCD30
2021-12-13T11:05:15-03:00	434	36	44	SCD30
2021-12-13T11:05:17-03:00	434	36	44	SCD30
2021-12-13T11:05:19-03:00	434	36	44	SCD30
2021-12-13T11:05:21-03:00	433	36	44	SCD30
2021-12-13T11:05:23-03:00	433	36	44	SCD30
2021-12-13T11:05:25-03:00	433	36	44	SCD30
2021-12-13T11:05:28-03:00	434	36	44	SCD30
2021-12-13T11:05:30-03:00	436	36	44	SCD30
2021-12-13T11:05:32-03:00	439	36	44	SCD30
2021-12-13T11:05:34-03:00	441	36	44	SCD30
2021-12-13T11:05:36-03:00	441	36	44	SCD30
2021-12-13T11:05:38-03:00	446	36	44	SCD30
2021-12-13T11:05:40-03:00	447	36	44	SCD30
2021-12-13T11:05:42-03:00	446	36	44	SCD30
2021-12-13T11:05:44-03:00	447	36	44	SCD30
2021-12-13T11:05:46-03:00	451	36	44	SCD30
2021-12-13T11:05:48-03:00	455	36	44	SCD30
2021-12-13T11:05:50-03:00	458	36	44	SCD30
2021-12-13T11:05:53-03:00	458	36	44	SCD30
2021-12-13T11:05:55-03:00	465	36	44	SCD30
2021-12-13T11:05:57-03:00	474	36	44	SCD30
2021-12-13T11:05:59-03:00	483	36	44	SCD30
