2021-11-09T17:30:01-03:00	-1	480	24	-1	415	25	MHZ19C
2021-11-09T17:30:07-03:00	-1	480	24	-1	415	25	MHZ19C
2021-11-09T17:30:13-03:00	-1	480	24	-1	415	25	MHZ19C
2021-11-09T17:30:19-03:00	-1	480	24	-1	415	25	MHZ19C
2021-11-09T17:30:25-03:00	-1	480	24	-1	415	25	MHZ19C
2021-11-09T17:30:31-03:00	-1	480	24	-1	415	25	MHZ19C
2021-11-09T17:30:37-03:00	-1	480	24	-1	415	25	MHZ19C
2021-11-09T17:30:43-03:00	-1	480	24	-1	415	25	MHZ19C
2021-11-09T17:30:49-03:00	-1	480	24	-1	415	25	MHZ19C
2021-11-09T17:30:55-03:00	-1	480	24	421	415	25	MHZ19C
2021-11-09T17:31:01-03:00	-1	480	24	-1	415	25	MHZ19C
2021-11-09T17:31:07-03:00	-1	480	24	-1	415	25	MHZ19C
2021-11-09T17:31:13-03:00	-1	480	24	-1	415	25	MHZ19C
2021-11-09T17:31:19-03:00	-1	480	24	-1	415	25	MHZ19C
2021-11-09T17:31:25-03:00	-1	480	24	-1	415	25	MHZ19C
2021-11-09T17:31:31-03:00	-1	480	24	-1	415	25	MHZ19C
2021-11-09T17:31:37-03:00	-1	480	24	-1	415	25	MHZ19C
2021-11-09T17:31:43-03:00	-1	480	24	-1	415	25	MHZ19C
2021-11-09T17:31:49-03:00	-1	480	24	-1	415	25	MHZ19C
2021-11-09T17:31:55-03:00	-1	480	24	-1	415	25	MHZ19C
2021-11-09T17:32:01-03:00	-1	480	24	-1	415	25	MHZ19C
2021-11-09T17:32:07-03:00	-1	480	24	-1	420	25	MHZ19C
2021-11-09T17:32:13-03:00	-1	480	24	-1	420	25	MHZ19C
2021-11-09T17:32:19-03:00	-1	480	24	-1	420	25	MHZ19C
2021-11-09T17:32:25-03:00	-1	480	24	-1	420	25	MHZ19C
2021-11-09T17:32:31-03:00	-1	480	24	-1	420	25	MHZ19C
2021-11-09T17:32:37-03:00	-1	480	24	-1	420	25	MHZ19C
2021-11-09T17:32:43-03:00	-1	480	24	-1	420	25	MHZ19C
2021-11-09T17:32:49-03:00	-1	480	24	-1	415	25	MHZ19C
2021-11-09T17:32:55-03:00	-1	480	24	-1	415	25	MHZ19C
2021-11-09T17:33:01-03:00	484	480	24	-1	415	25	MHZ19C
2021-11-09T17:33:07-03:00	-1	480	24	-1	415	25	MHZ19C
2021-11-09T17:33:13-03:00	-1	480	24	-1	415	25	MHZ19C
2021-11-09T17:33:19-03:00	-1	480	24	-1	415	25	MHZ19C
2021-11-09T17:33:25-03:00	-1	480	24	-1	415	25	MHZ19C
2021-11-09T17:33:31-03:00	-1	475	24	-1	415	25	MHZ19C
2021-11-09T17:33:37-03:00	-1	475	24	-1	415	25	MHZ19C
2021-11-09T17:33:43-03:00	-1	475	24	-1	415	25	MHZ19C
2021-11-09T17:33:49-03:00	-1	475	24	-1	415	25	MHZ19C
2021-11-09T17:33:55-03:00	-1	475	24	-1	415	25	MHZ19C
2021-11-09T17:34:01-03:00	-1	475	24	-1	415	25	MHZ19C
2021-11-09T17:34:07-03:00	-1	475	24	-1	415	25	MHZ19C
2021-11-09T17:34:13-03:00	-1	480	24	-1	410	25	MHZ19C
2021-11-09T17:34:19-03:00	-1	480	24	-1	415	25	MHZ19C
2021-11-09T17:34:25-03:00	-1	480	24	-1	410	25	MHZ19C
2021-11-09T17:34:31-03:00	-1	480	24	-1	415	25	MHZ19C
2021-11-09T17:34:37-03:00	-1	480	24	-1	415	25	MHZ19C
2021-11-09T17:34:43-03:00	-1	480	24	-1	410	25	MHZ19C
2021-11-09T17:34:49-03:00	-1	480	24	-1	415	25	MHZ19C
2021-11-09T17:34:55-03:00	-1	480	24	-1	415	25	MHZ19C
2021-11-09T17:35:01-03:00	-1	480	24	419	415	25	MHZ19C
2021-11-09T17:35:07-03:00	-1	480	24	-1	415	25	MHZ19C
2021-11-09T17:35:13-03:00	-1	480	24	-1	415	25	MHZ19C
2021-11-09T17:35:19-03:00	-1	480	24	-1	415	25	MHZ19C
2021-11-09T17:35:25-03:00	-1	485	24	-1	415	25	MHZ19C
2021-11-09T17:35:31-03:00	-1	485	24	-1	415	25	MHZ19C
2021-11-09T17:35:37-03:00	-1	485	24	-1	415	25	MHZ19C
2021-11-09T17:35:43-03:00	-1	485	24	-1	420	25	MHZ19C
2021-11-09T17:35:49-03:00	-1	485	24	-1	420	25	MHZ19C
2021-11-09T17:35:55-03:00	-1	480	24	-1	420	25	MHZ19C
2021-11-09T17:36:01-03:00	-1	485	24	-1	420	25	MHZ19C
2021-11-09T17:36:07-03:00	-1	480	24	-1	420	25	MHZ19C
2021-11-09T17:36:13-03:00	-1	480	24	-1	420	25	MHZ19C
2021-11-09T17:36:19-03:00	-1	480	24	-1	420	25	MHZ19C
2021-11-09T17:36:24-03:00	-1	480	24	-1	420	25	MHZ19C
2021-11-09T17:36:30-03:00	-1	480	24	-1	420	25	MHZ19C
2021-11-09T17:36:36-03:00	-1	480	24	-1	420	25	MHZ19C
2021-11-09T17:36:42-03:00	-1	480	24	-1	420	25	MHZ19C
2021-11-09T17:36:48-03:00	-1	480	24	-1	420	25	MHZ19C
2021-11-09T17:36:54-03:00	-1	480	24	-1	415	25	MHZ19C
2021-11-09T17:37:00-03:00	-1	480	24	-1	420	25	MHZ19C
2021-11-09T17:37:06-03:00	485	480	24	-1	415	25	MHZ19C
2021-11-09T17:37:12-03:00	-1	480	24	-1	415	25	MHZ19C
2021-11-09T17:37:18-03:00	-1	480	24	-1	415	25	MHZ19C
2021-11-09T17:37:24-03:00	-1	475	24	-1	415	25	MHZ19C
2021-11-09T17:37:30-03:00	-1	475	24	-1	415	25	MHZ19C
2021-11-09T17:37:36-03:00	-1	475	24	-1	410	25	MHZ19C
2021-11-09T17:37:42-03:00	-1	475	24	-1	410	25	MHZ19C
2021-11-09T17:37:48-03:00	-1	475	24	-1	410	25	MHZ19C
2021-11-09T17:37:54-03:00	-1	475	24	-1	410	25	MHZ19C
2021-11-09T17:38:00-03:00	-1	475	24	-1	410	25	MHZ19C
2021-11-09T17:38:06-03:00	-1	475	24	-1	410	25	MHZ19C
2021-11-09T17:38:12-03:00	-1	475	24	-1	410	25	MHZ19C
2021-11-09T17:38:18-03:00	-1	475	24	-1	410	25	MHZ19C
2021-11-09T17:38:24-03:00	-1	475	24	-1	410	25	MHZ19C
2021-11-09T17:38:30-03:00	-1	475	24	-1	410	25	MHZ19C
2021-11-09T17:38:36-03:00	-1	475	24	-1	410	25	MHZ19C
2021-11-09T17:38:42-03:00	-1	475	24	-1	410	25	MHZ19C
2021-11-09T17:38:48-03:00	-1	475	24	-1	410	25	MHZ19C
2021-11-09T17:38:54-03:00	-1	475	24	-1	410	25	MHZ19C
2021-11-09T17:39:00-03:00	-1	475	24	-1	410	25	MHZ19C
2021-11-09T17:39:06-03:00	-1	475	24	416	410	25	MHZ19C
2021-11-09T17:39:12-03:00	-1	475	24	-1	410	25	MHZ19C
2021-11-09T17:39:18-03:00	-1	475	24	-1	415	25	MHZ19C
2021-11-09T17:39:24-03:00	-1	475	24	-1	415	25	MHZ19C
2021-11-09T17:39:30-03:00	-1	475	24	-1	415	25	MHZ19C
2021-11-09T17:39:36-03:00	-1	475	24	-1	415	25	MHZ19C
2021-11-09T17:39:42-03:00	-1	475	24	-1	415	25	MHZ19C
2021-11-09T17:39:48-03:00	-1	475	24	-1	415	25	MHZ19C
2021-11-09T17:39:54-03:00	-1	475	24	-1	415	25	MHZ19C
2021-11-09T17:40:00-03:00	-1	475	24	-1	415	25	MHZ19C
2021-11-09T17:40:06-03:00	-1	475	24	-1	420	25	MHZ19C
2021-11-09T17:40:12-03:00	-1	480	24	-1	420	25	MHZ19C
2021-11-09T17:40:18-03:00	-1	480	24	-1	420	25	MHZ19C
2021-11-09T17:40:24-03:00	-1	480	24	-1	420	25	MHZ19C
2021-11-09T17:40:30-03:00	-1	480	24	-1	420	25	MHZ19C
2021-11-09T17:40:36-03:00	-1	480	24	-1	420	25	MHZ19C
2021-11-09T17:40:42-03:00	-1	485	24	-1	425	25	MHZ19C
2021-11-09T17:40:48-03:00	-1	485	24	-1	425	25	MHZ19C
2021-11-09T17:40:54-03:00	-1	490	24	-1	425	25	MHZ19C
2021-11-09T17:41:00-03:00	-1	495	24	-1	430	25	MHZ19C
2021-11-09T17:41:06-03:00	-1	500	24	-1	440	25	MHZ19C
2021-11-09T17:41:12-03:00	514	510	24	-1	445	25	MHZ19C
2021-11-09T17:41:18-03:00	-1	520	24	-1	455	25	MHZ19C
2021-11-09T17:41:24-03:00	-1	535	24	-1	465	25	MHZ19C
2021-11-09T17:41:30-03:00	-1	550	24	-1	480	25	MHZ19C
2021-11-09T17:41:36-03:00	-1	560	24	-1	485	25	MHZ19C
2021-11-09T17:41:42-03:00	-1	570	24	-1	495	25	MHZ19C
2021-11-09T17:41:48-03:00	-1	575	24	-1	500	25	MHZ19C
2021-11-09T17:41:54-03:00	-1	575	24	-1	500	25	MHZ19C
2021-11-09T17:42:00-03:00	-1	575	24	-1	500	25	MHZ19C
2021-11-09T17:42:06-03:00	-1	575	24	-1	500	25	MHZ19C
2021-11-09T17:42:12-03:00	-1	570	24	-1	500	25	MHZ19C
2021-11-09T17:42:18-03:00	-1	570	24	-1	500	25	MHZ19C
2021-11-09T17:42:24-03:00	-1	570	24	-1	500	25	MHZ19C
2021-11-09T17:42:30-03:00	-1	560	24	-1	495	25	MHZ19C
2021-11-09T17:42:36-03:00	-1	555	24	-1	495	25	MHZ19C
2021-11-09T17:42:42-03:00	-1	545	24	-1	490	25	MHZ19C
2021-11-09T17:42:48-03:00	-1	540	24	-1	485	25	MHZ19C
2021-11-09T17:42:54-03:00	-1	540	24	-1	480	25	MHZ19C
2021-11-09T17:43:00-03:00	-1	540	24	-1	475	25	MHZ19C
2021-11-09T17:43:06-03:00	-1	540	24	-1	470	25	MHZ19C
2021-11-09T17:43:12-03:00	-1	540	24	476	470	25	MHZ19C
2021-11-09T17:43:18-03:00	-1	540	24	-1	465	25	MHZ19C
2021-11-09T17:43:23-03:00	-1	540	24	-1	465	25	MHZ19C
2021-11-09T17:43:29-03:00	-1	540	24	-1	460	25	MHZ19C
2021-11-09T17:43:35-03:00	-1	545	24	-1	460	25	MHZ19C
2021-11-09T17:43:41-03:00	-1	545	24	-1	465	25	MHZ19C
2021-11-09T17:43:47-03:00	-1	550	24	-1	460	25	MHZ19C
2021-11-09T17:43:53-03:00	-1	550	24	-1	460	25	MHZ19C
2021-11-09T17:43:59-03:00	-1	550	24	-1	460	25	MHZ19C
2021-11-09T17:44:05-03:00	-1	550	24	-1	460	25	MHZ19C
2021-11-09T17:44:11-03:00	-1	550	24	-1	460	25	MHZ19C
2021-11-09T17:44:17-03:00	-1	550	24	-1	455	25	MHZ19C
2021-11-09T17:44:23-03:00	-1	550	24	-1	455	25	MHZ19C
2021-11-09T17:44:29-03:00	-1	550	24	-1	450	25	MHZ19C
2021-11-09T17:44:35-03:00	-1	545	24	-1	445	25	MHZ19C
2021-11-09T17:44:41-03:00	-1	540	24	-1	445	25	MHZ19C
2021-11-09T17:44:47-03:00	-1	535	24	-1	440	25	MHZ19C
2021-11-09T17:44:53-03:00	-1	535	24	-1	445	25	MHZ19C
2021-11-09T17:44:59-03:00	-1	530	24	-1	445	25	MHZ19C
2021-11-09T17:45:05-03:00	-1	530	24	-1	445	25	MHZ19C
2021-11-09T17:45:11-03:00	-1	530	24	-1	440	25	MHZ19C
2021-11-09T17:45:17-03:00	532	525	24	-1	440	25	MHZ19C
2021-11-09T17:45:23-03:00	-1	525	24	-1	440	25	MHZ19C
2021-11-09T17:45:29-03:00	-1	525	24	-1	435	25	MHZ19C
2021-11-09T17:45:35-03:00	-1	525	24	-1	435	25	MHZ19C
2021-11-09T17:45:41-03:00	-1	525	24	-1	435	25	MHZ19C
2021-11-09T17:45:47-03:00	-1	525	24	-1	435	25	MHZ19C
2021-11-09T17:45:53-03:00	-1	525	24	-1	435	25	MHZ19C
2021-11-09T17:45:59-03:00	-1	525	24	-1	430	25	MHZ19C
2021-11-09T17:46:05-03:00	-1	520	24	-1	430	25	MHZ19C
2021-11-09T17:46:11-03:00	-1	520	24	-1	435	25	MHZ19C
2021-11-09T17:46:17-03:00	-1	520	24	-1	435	25	MHZ19C
2021-11-09T17:46:23-03:00	-1	515	24	-1	435	25	MHZ19C
2021-11-09T17:46:29-03:00	-1	515	24	-1	435	25	MHZ19C
2021-11-09T17:46:35-03:00	-1	515	24	-1	435	25	MHZ19C
2021-11-09T17:46:41-03:00	-1	510	24	-1	435	25	MHZ19C
2021-11-09T17:46:47-03:00	-1	510	24	-1	435	25	MHZ19C
2021-11-09T17:46:53-03:00	-1	510	24	-1	435	25	MHZ19C
2021-11-09T17:46:59-03:00	-1	510	24	-1	435	25	MHZ19C
2021-11-09T17:47:05-03:00	-1	510	24	-1	435	25	MHZ19C
2021-11-09T17:47:11-03:00	-1	510	24	-1	435	25	MHZ19C
2021-11-09T17:47:17-03:00	-1	510	24	-1	435	25	MHZ19C
2021-11-09T17:47:34-03:00	514	510	24	-1	440	25	MHZ19C
2021-11-09T17:47:40-03:00	-1	515	24	-1	440	25	MHZ19C
2021-11-09T17:47:46-03:00	-1	515	24	-1	445	25	MHZ19C
2021-11-09T17:47:52-03:00	-1	520	24	-1	445	25	MHZ19C
2021-11-09T17:47:58-03:00	-1	520	24	-1	445	25	MHZ19C
2021-11-09T17:48:04-03:00	-1	525	24	-1	450	25	MHZ19C
2021-11-09T17:48:10-03:00	-1	530	24	-1	455	25	MHZ19C
2021-11-09T17:48:16-03:00	-1	535	24	-1	455	25	MHZ19C
2021-11-09T17:48:22-03:00	-1	540	24	-1	460	25	MHZ19C
2021-11-09T17:48:28-03:00	-1	545	24	-1	465	25	MHZ19C
2021-11-09T17:48:34-03:00	-1	550	24	-1	470	25	MHZ19C
2021-11-09T17:48:40-03:00	-1	555	24	-1	470	25	MHZ19C
2021-11-09T17:48:46-03:00	-1	555	24	-1	470	25	MHZ19C
2021-11-09T17:48:52-03:00	-1	555	24	-1	475	25	MHZ19C
2021-11-09T17:49:13-03:00	-1	555	24	-1	475	25	MHZ19C
2021-11-09T17:49:32-03:00	-1	545	24	474	465	25	MHZ19C
2021-11-09T17:49:49-03:00	-1	525	24	-1	455	25	MHZ19C
2021-11-09T17:50:03-03:00	-1	505	24	-1	445	25	MHZ19C
2021-11-09T17:50:17-03:00	-1	495	24	-1	440	25	MHZ19C
2021-11-09T17:50:31-03:00	-1	490	24	-1	430	25	MHZ19C
2021-11-09T17:50:43-03:00	-1	490	24	-1	425	25	MHZ19C
2021-11-09T17:50:55-03:00	-1	490	24	-1	425	25	MHZ19C
2021-11-09T17:51:05-03:00	-1	485	24	-1	420	25	MHZ19C
2021-11-09T17:51:14-03:00	-1	485	24	-1	420	25	MHZ19C
2021-11-09T17:51:22-03:00	-1	485	24	-1	420	25	MHZ19C
2021-11-09T17:51:29-03:00	-1	485	24	-1	420	25	MHZ19C
2021-11-09T17:51:36-03:00	494	490	24	-1	420	25	MHZ19C
2021-11-09T17:51:43-03:00	-1	490	24	-1	420	25	MHZ19C
2021-11-09T17:51:50-03:00	-1	490	24	-1	420	25	MHZ19C
2021-11-09T17:51:57-03:00	-1	490	24	-1	420	25	MHZ19C
2021-11-09T17:52:05-03:00	-1	490	24	-1	425	25	MHZ19C
2021-11-09T17:52:13-03:00	-1	490	24	-1	420	25	MHZ19C
2021-11-09T17:52:22-03:00	-1	490	24	-1	420	25	MHZ19C
2021-11-09T17:52:32-03:00	-1	490	24	-1	420	25	MHZ19C
2021-11-09T17:52:43-03:00	-1	490	24	-1	420	25	MHZ19C
2021-11-09T17:52:55-03:00	-1	485	24	-1	420	25	MHZ19C
2021-11-09T17:53:09-03:00	-1	485	24	-1	415	25	MHZ19C
2021-11-09T17:53:24-03:00	-1	480	24	-1	415	25	MHZ19C
2021-11-09T17:53:41-03:00	-1	480	24	-1	415	25	MHZ19C
2021-11-09T17:54:00-03:00	489	485	25	-1	420	25	MHZ19C
2021-11-09T17:54:06-03:00	-1	485	25	-1	420	25	MHZ19C
2021-11-09T17:54:12-03:00	-1	485	25	-1	420	25	MHZ19C
2021-11-09T17:54:18-03:00	-1	485	25	-1	420	25	MHZ19C
2021-11-09T17:54:24-03:00	-1	490	25	-1	420	25	MHZ19C
2021-11-09T17:54:30-03:00	-1	490	25	-1	420	25	MHZ19C
2021-11-09T17:54:36-03:00	-1	490	25	-1	420	25	MHZ19C
2021-11-09T17:54:42-03:00	-1	490	25	-1	425	25	MHZ19C
2021-11-09T17:54:48-03:00	-1	490	25	-1	425	25	MHZ19C
2021-11-09T17:54:54-03:00	-1	490	25	-1	425	25	MHZ19C
2021-11-09T17:55:00-03:00	-1	490	25	-1	425	25	MHZ19C
2021-11-09T17:55:06-03:00	-1	490	25	-1	425	25	MHZ19C
2021-11-09T17:55:12-03:00	-1	490	25	-1	425	25	MHZ19C
2021-11-09T17:55:18-03:00	-1	490	25	-1	425	25	MHZ19C
2021-11-09T17:55:24-03:00	-1	485	25	-1	420	25	MHZ19C
2021-11-09T17:55:30-03:00	-1	485	25	-1	420	25	MHZ19C
2021-11-09T17:55:36-03:00	-1	485	25	-1	420	25	MHZ19C
2021-11-09T17:55:42-03:00	-1	485	25	-1	420	25	MHZ19C
2021-11-09T17:55:48-03:00	492	485	25	-1	420	25	MHZ19C
2021-11-09T17:55:54-03:00	-1	485	25	-1	420	25	MHZ19C
2021-11-09T17:56:00-03:00	-1	485	25	-1	415	25	MHZ19C
2021-11-09T17:56:06-03:00	-1	485	25	-1	420	25	MHZ19C
2021-11-09T17:56:12-03:00	-1	485	25	-1	420	25	MHZ19C
2021-11-09T17:56:18-03:00	-1	485	25	-1	415	25	MHZ19C
2021-11-09T17:56:24-03:00	-1	480	25	-1	415	25	MHZ19C
2021-11-09T17:56:30-03:00	-1	480	25	-1	420	25	MHZ19C
2021-11-09T17:56:36-03:00	-1	480	25	-1	420	25	MHZ19C
2021-11-09T17:56:42-03:00	-1	480	25	-1	415	25	MHZ19C
2021-11-09T17:56:47-03:00	-1	480	25	-1	415	25	MHZ19C
2021-11-09T17:56:53-03:00	-1	475	25	-1	415	25	MHZ19C
2021-11-09T17:56:59-03:00	-1	475	25	-1	415	25	MHZ19C
2021-11-09T17:57:05-03:00	-1	475	25	-1	415	25	MHZ19C
2021-11-09T17:57:11-03:00	-1	475	25	-1	415	25	MHZ19C
2021-11-09T17:57:17-03:00	-1	475	25	-1	415	25	MHZ19C
2021-11-09T17:57:23-03:00	-1	475	25	-1	415	25	MHZ19C
2021-11-09T17:57:29-03:00	-1	480	25	-1	420	25	MHZ19C
2021-11-09T17:57:35-03:00	-1	480	25	-1	420	25	MHZ19C
2021-11-09T17:57:41-03:00	-1	480	25	-1	420	25	MHZ19C
2021-11-09T17:57:47-03:00	-1	480	25	427	420	25	MHZ19C
2021-11-09T17:57:53-03:00	-1	485	25	-1	425	25	MHZ19C
2021-11-09T17:57:59-03:00	-1	490	25	-1	425	25	MHZ19C
2021-11-09T17:58:05-03:00	-1	490	25	-1	425	25	MHZ19C
2021-11-09T17:58:11-03:00	-1	495	25	-1	425	25	MHZ19C
2021-11-09T17:58:17-03:00	-1	495	25	-1	430	25	MHZ19C
2021-11-09T17:58:23-03:00	-1	495	25	-1	435	25	MHZ19C
2021-11-09T17:58:29-03:00	-1	495	25	-1	435	25	MHZ19C
2021-11-09T17:58:35-03:00	-1	500	25	-1	435	25	MHZ19C
2021-11-09T17:58:41-03:00	-1	500	25	-1	435	25	MHZ19C
2021-11-09T17:58:47-03:00	-1	500	25	-1	440	25	MHZ19C
2021-11-09T17:58:53-03:00	-1	500	25	-1	440	25	MHZ19C
2021-11-09T17:58:59-03:00	-1	500	25	-1	445	25	MHZ19C
2021-11-09T17:59:05-03:00	-1	500	25	-1	450	25	MHZ19C
2021-11-09T17:59:11-03:00	-1	500	25	-1	450	25	MHZ19C
2021-11-09T17:59:17-03:00	-1	500	25	-1	450	25	MHZ19C
2021-11-09T17:59:23-03:00	-1	500	25	-1	455	25	MHZ19C
2021-11-09T17:59:29-03:00	-1	500	25	-1	455	25	MHZ19C
2021-11-09T17:59:35-03:00	-1	505	25	-1	460	25	MHZ19C
2021-11-09T17:59:41-03:00	-1	510	25	-1	465	25	MHZ19C
2021-11-09T17:59:47-03:00	-1	515	25	-1	465	25	MHZ19C
2021-11-09T17:59:53-03:00	523	515	25	-1	470	25	MHZ19C
2021-11-09T17:59:59-03:00	-1	520	25	-1	475	25	MHZ19C
2021-11-09T18:00:05-03:00	-1	520	25	-1	480	25	MHZ19C
2021-11-09T18:00:11-03:00	-1	525	25	-1	485	25	MHZ19C
2021-11-09T18:00:17-03:00	-1	525	25	-1	490	25	MHZ19C
2021-11-09T18:00:23-03:00	-1	525	25	-1	495	25	MHZ19C
2021-11-09T18:00:29-03:00	-1	525	25	-1	500	25	MHZ19C
2021-11-09T18:00:35-03:00	-1	525	25	-1	500	25	MHZ19C
2021-11-09T18:00:41-03:00	-1	525	25	-1	505	25	MHZ19C
2021-11-09T18:00:47-03:00	-1	525	25	-1	505	25	MHZ19C
2021-11-09T18:00:53-03:00	-1	525	25	-1	505	25	MHZ19C
2021-11-09T18:00:59-03:00	-1	525	25	-1	505	25	MHZ19C
2021-11-09T18:01:05-03:00	-1	525	25	-1	510	25	MHZ19C
2021-11-09T18:01:11-03:00	-1	525	25	-1	510	25	MHZ19C
2021-11-09T18:01:17-03:00	-1	525	25	-1	510	25	MHZ19C
2021-11-09T18:01:23-03:00	-1	525	25	-1	510	25	MHZ19C
2021-11-09T18:01:29-03:00	-1	525	25	-1	515	25	MHZ19C
2021-11-09T18:01:35-03:00	-1	525	25	-1	515	25	MHZ19C
2021-11-09T18:01:41-03:00	-1	525	25	-1	515	25	MHZ19C
2021-11-09T18:01:47-03:00	-1	525	25	-1	515	25	MHZ19C
2021-11-09T18:01:53-03:00	-1	520	25	522	515	25	MHZ19C
2021-11-09T18:01:59-03:00	-1	520	25	-1	515	25	MHZ19C
2021-11-09T18:02:05-03:00	-1	520	25	-1	520	25	MHZ19C
2021-11-09T18:02:11-03:00	-1	525	25	-1	520	25	MHZ19C
2021-11-09T18:02:17-03:00	-1	525	25	-1	515	25	MHZ19C
2021-11-09T18:02:23-03:00	-1	525	25	-1	515	25	MHZ19C
2021-11-09T18:02:29-03:00	-1	525	25	-1	520	25	MHZ19C
2021-11-09T18:02:35-03:00	-1	525	25	-1	520	25	MHZ19C
2021-11-09T18:02:41-03:00	-1	525	25	-1	520	25	MHZ19C
2021-11-09T18:02:47-03:00	-1	525	25	-1	520	25	MHZ19C
2021-11-09T18:02:53-03:00	-1	525	25	-1	525	25	MHZ19C
2021-11-09T18:02:59-03:00	-1	525	25	-1	525	25	MHZ19C
2021-11-09T18:03:05-03:00	-1	525	25	-1	525	25	MHZ19C
2021-11-09T18:03:11-03:00	-1	525	25	-1	525	25	MHZ19C
2021-11-09T18:03:17-03:00	-1	530	25	-1	525	25	MHZ19C
2021-11-09T18:03:23-03:00	-1	535	25	-1	525	25	MHZ19C
2021-11-09T18:03:29-03:00	-1	535	25	-1	525	25	MHZ19C
2021-11-09T18:03:35-03:00	-1	540	25	-1	530	25	MHZ19C
2021-11-09T18:03:40-03:00	-1	540	25	-1	530	25	MHZ19C
2021-11-09T18:03:46-03:00	-1	545	25	-1	530	25	MHZ19C
2021-11-09T18:03:52-03:00	-1	545	25	-1	535	25	MHZ19C
2021-11-09T18:03:58-03:00	550	545	25	-1	535	25	MHZ19C
2021-11-09T18:04:04-03:00	-1	545	25	-1	535	25	MHZ19C
2021-11-09T18:04:10-03:00	-1	545	25	-1	540	25	MHZ19C
2021-11-09T18:04:16-03:00	-1	550	25	-1	540	25	MHZ19C
2021-11-09T18:04:22-03:00	-1	550	25	-1	545	25	MHZ19C
2021-11-09T18:04:28-03:00	-1	550	25	-1	545	25	MHZ19C
2021-11-09T18:04:34-03:00	-1	555	25	-1	545	25	MHZ19C
2021-11-09T18:04:40-03:00	-1	555	25	-1	550	25	MHZ19C
2021-11-09T18:04:46-03:00	-1	555	25	-1	550	25	MHZ19C
2021-11-09T18:04:52-03:00	-1	560	25	-1	550	25	MHZ19C
2021-11-09T18:04:58-03:00	-1	560	25	-1	550	25	MHZ19C
2021-11-09T18:05:04-03:00	-1	560	25	-1	550	25	MHZ19C
2021-11-09T18:05:10-03:00	-1	560	25	-1	550	25	MHZ19C
2021-11-09T18:05:16-03:00	-1	565	25	-1	550	25	MHZ19C
2021-11-09T18:05:22-03:00	-1	565	25	-1	550	25	MHZ19C
2021-11-09T18:05:28-03:00	-1	565	25	-1	550	25	MHZ19C
2021-11-09T18:05:34-03:00	-1	570	25	-1	550	25	MHZ19C
2021-11-09T18:05:40-03:00	-1	565	25	-1	550	25	MHZ19C
2021-11-09T18:05:46-03:00	-1	570	25	-1	550	25	MHZ19C
2021-11-09T18:05:52-03:00	-1	570	25	-1	545	25	MHZ19C
2021-11-09T18:05:58-03:00	-1	570	25	552	545	25	MHZ19C
2021-11-09T18:06:04-03:00	-1	570	25	-1	545	25	MHZ19C
2021-11-09T18:06:10-03:00	-1	570	25	-1	545	25	MHZ19C
2021-11-09T18:06:16-03:00	-1	570	25	-1	545	25	MHZ19C
2021-11-09T18:06:22-03:00	-1	570	25	-1	545	25	MHZ19C
2021-11-09T18:06:28-03:00	-1	570	25	-1	545	25	MHZ19C
2021-11-09T18:06:34-03:00	-1	570	25	-1	545	25	MHZ19C
2021-11-09T18:06:40-03:00	-1	570	25	-1	545	25	MHZ19C
2021-11-09T18:06:46-03:00	-1	570	25	-1	545	25	MHZ19C
2021-11-09T18:06:52-03:00	-1	575	25	-1	545	25	MHZ19C
2021-11-09T18:06:58-03:00	-1	575	25	-1	550	25	MHZ19C
2021-11-09T18:07:04-03:00	-1	575	25	-1	550	25	MHZ19C
2021-11-09T18:07:10-03:00	-1	580	25	-1	555	25	MHZ19C
2021-11-09T18:07:16-03:00	-1	580	25	-1	560	25	MHZ19C
2021-11-09T18:07:22-03:00	-1	585	25	-1	560	25	MHZ19C
2021-11-09T18:07:28-03:00	-1	590	25	-1	565	25	MHZ19C
2021-11-09T18:07:34-03:00	-1	595	25	-1	565	25	MHZ19C
2021-11-09T18:07:40-03:00	-1	600	25	-1	565	25	MHZ19C
2021-11-09T18:07:46-03:00	-1	600	25	-1	570	25	MHZ19C
2021-11-09T18:07:52-03:00	-1	605	25	-1	570	25	MHZ19C
2021-11-09T18:07:58-03:00	-1	605	25	-1	570	25	MHZ19C
2021-11-09T18:08:04-03:00	612	605	25	-1	575	25	MHZ19C
2021-11-09T18:08:10-03:00	-1	605	25	-1	575	25	MHZ19C
2021-11-09T18:08:16-03:00	-1	605	25	-1	575	25	MHZ19C
2021-11-09T18:08:22-03:00	-1	610	25	-1	575	25	MHZ19C
2021-11-09T18:08:28-03:00	-1	610	25	-1	575	25	MHZ19C
2021-11-09T18:08:34-03:00	-1	610	25	-1	575	25	MHZ19C
2021-11-09T18:08:40-03:00	-1	610	25	-1	575	25	MHZ19C
2021-11-09T18:08:46-03:00	-1	605	25	-1	570	25	MHZ19C
2021-11-09T18:08:52-03:00	-1	605	25	-1	570	25	MHZ19C
2021-11-09T18:08:58-03:00	-1	605	25	-1	570	25	MHZ19C
2021-11-09T18:09:04-03:00	-1	605	25	-1	570	25	MHZ19C
2021-11-09T18:09:10-03:00	-1	605	25	-1	570	25	MHZ19C
2021-11-09T18:09:16-03:00	-1	605	25	-1	565	25	MHZ19C
2021-11-09T18:09:22-03:00	-1	605	25	-1	565	25	MHZ19C
2021-11-09T18:09:28-03:00	-1	605	25	-1	565	25	MHZ19C
2021-11-09T18:09:34-03:00	-1	605	25	-1	565	25	MHZ19C
2021-11-09T18:09:40-03:00	-1	605	25	-1	565	25	MHZ19C
2021-11-09T18:09:46-03:00	-1	605	25	-1	565	25	MHZ19C
2021-11-09T18:09:52-03:00	-1	605	25	-1	565	25	MHZ19C
2021-11-09T18:09:57-03:00	-1	605	25	-1	565	25	MHZ19C
2021-11-09T18:10:03-03:00	-1	600	25	569	565	25	MHZ19C
2021-11-09T18:10:09-03:00	-1	600	25	-1	560	25	MHZ19C
2021-11-09T18:10:15-03:00	-1	600	25	-1	560	25	MHZ19C
2021-11-09T18:10:21-03:00	-1	600	25	-1	560	25	MHZ19C
2021-11-09T18:10:27-03:00	-1	600	25	-1	560	25	MHZ19C
2021-11-09T18:10:33-03:00	-1	600	25	-1	560	25	MHZ19C
2021-11-09T18:10:39-03:00	-1	600	25	-1	560	25	MHZ19C
2021-11-09T18:10:45-03:00	-1	600	25	-1	560	25	MHZ19C
2021-11-09T18:10:51-03:00	-1	600	25	-1	560	25	MHZ19C
2021-11-09T18:10:57-03:00	-1	600	25	-1	560	25	MHZ19C
2021-11-09T18:11:03-03:00	-1	600	25	-1	565	25	MHZ19C
2021-11-09T18:11:09-03:00	-1	600	25	-1	565	25	MHZ19C
2021-11-09T18:11:15-03:00	-1	600	25	-1	565	25	MHZ19C
2021-11-09T18:11:21-03:00	-1	600	25	-1	565	25	MHZ19C
2021-11-09T18:11:27-03:00	-1	600	25	-1	565	25	MHZ19C
2021-11-09T18:11:33-03:00	-1	600	25	-1	565	25	MHZ19C
2021-11-09T18:11:39-03:00	-1	605	25	-1	565	25	MHZ19C
2021-11-09T18:11:45-03:00	-1	605	25	-1	570	25	MHZ19C
2021-11-09T18:11:51-03:00	-1	605	25	-1	570	25	MHZ19C
2021-11-09T18:11:57-03:00	-1	605	25	-1	570	25	MHZ19C
2021-11-09T18:12:03-03:00	-1	610	25	-1	570	25	MHZ19C
2021-11-09T18:12:09-03:00	618	610	25	-1	570	25	MHZ19C
2021-11-09T18:12:15-03:00	-1	615	25	-1	570	25	MHZ19C
2021-11-09T18:12:21-03:00	-1	615	25	-1	570	25	MHZ19C
2021-11-09T18:12:27-03:00	-1	615	25	-1	570	25	MHZ19C
2021-11-09T18:12:33-03:00	-1	615	25	-1	575	25	MHZ19C
2021-11-09T18:12:39-03:00	-1	620	25	-1	575	25	MHZ19C
2021-11-09T18:12:45-03:00	-1	620	25	-1	575	25	MHZ19C
2021-11-09T18:12:51-03:00	-1	620	25	-1	575	25	MHZ19C
2021-11-09T18:12:57-03:00	-1	620	25	-1	575	25	MHZ19C
2021-11-09T18:13:03-03:00	-1	620	25	-1	575	25	MHZ19C
2021-11-09T18:13:09-03:00	-1	620	25	-1	575	25	MHZ19C
2021-11-09T18:13:15-03:00	-1	620	25	-1	575	25	MHZ19C
2021-11-09T18:13:21-03:00	-1	620	25	-1	575	25	MHZ19C
2021-11-09T18:13:27-03:00	-1	620	25	-1	575	25	MHZ19C
2021-11-09T18:13:33-03:00	-1	620	25	-1	575	25	MHZ19C
2021-11-09T18:13:39-03:00	-1	620	25	-1	575	25	MHZ19C
2021-11-09T18:13:45-03:00	-1	620	25	-1	575	25	MHZ19C
2021-11-09T18:13:51-03:00	-1	620	25	-1	575	25	MHZ19C
2021-11-09T18:13:57-03:00	-1	625	25	-1	580	25	MHZ19C
2021-11-09T18:14:03-03:00	-1	625	25	-1	580	25	MHZ19C
2021-11-09T18:14:09-03:00	-1	625	25	588	580	26	MHZ19C
2021-11-09T18:14:15-03:00	-1	625	25	-1	585	26	MHZ19C
2021-11-09T18:14:21-03:00	-1	625	25	-1	590	26	MHZ19C
2021-11-09T18:14:27-03:00	-1	625	25	-1	590	26	MHZ19C
2021-11-09T18:14:33-03:00	-1	625	25	-1	595	26	MHZ19C
2021-11-09T18:14:39-03:00	-1	625	25	-1	600	26	MHZ19C
2021-11-09T18:14:45-03:00	-1	630	25	-1	600	26	MHZ19C
2021-11-09T18:14:51-03:00	-1	630	25	-1	605	26	MHZ19C
2021-11-09T18:14:57-03:00	-1	630	25	-1	610	26	MHZ19C
2021-11-09T18:15:03-03:00	-1	630	25	-1	610	26	MHZ19C
2021-11-09T18:15:09-03:00	-1	630	25	-1	615	26	MHZ19C
2021-11-09T18:15:15-03:00	-1	630	25	-1	615	26	MHZ19C
2021-11-09T18:15:21-03:00	-1	635	25	-1	620	26	MHZ19C
2021-11-09T18:15:27-03:00	-1	635	25	-1	620	26	MHZ19C
2021-11-09T18:15:33-03:00	-1	635	25	-1	620	26	MHZ19C
2021-11-09T18:15:39-03:00	-1	640	25	-1	620	26	MHZ19C
2021-11-09T18:15:45-03:00	-1	640	25	-1	625	26	MHZ19C
2021-11-09T18:15:51-03:00	-1	640	25	-1	620	26	MHZ19C
2021-11-09T18:15:57-03:00	-1	640	25	-1	625	26	MHZ19C
2021-11-09T18:16:03-03:00	-1	640	25	-1	620	26	MHZ19C
2021-11-09T18:16:09-03:00	-1	640	25	-1	620	26	MHZ19C
2021-11-09T18:16:15-03:00	649	640	26	-1	625	26	MHZ19C
2021-11-09T18:16:21-03:00	-1	640	26	-1	620	26	MHZ19C
2021-11-09T18:16:26-03:00	-1	640	26	-1	620	26	MHZ19C
2021-11-09T18:16:32-03:00	-1	645	26	-1	620	26	MHZ19C
2021-11-09T18:16:38-03:00	-1	645	26	-1	620	26	MHZ19C
2021-11-09T18:16:44-03:00	-1	645	26	-1	620	26	MHZ19C
2021-11-09T18:16:50-03:00	-1	645	26	-1	620	26	MHZ19C
2021-11-09T18:16:56-03:00	-1	645	26	-1	620	26	MHZ19C
2021-11-09T18:17:02-03:00	-1	650	26	-1	620	26	MHZ19C
2021-11-09T18:17:08-03:00	-1	650	26	-1	620	26	MHZ19C
2021-11-09T18:17:14-03:00	-1	650	26	-1	615	26	MHZ19C
2021-11-09T18:17:20-03:00	-1	655	26	-1	615	26	MHZ19C
2021-11-09T18:17:26-03:00	-1	655	26	-1	615	26	MHZ19C
2021-11-09T18:17:32-03:00	-1	655	26	-1	615	26	MHZ19C
2021-11-09T18:17:38-03:00	-1	655	26	-1	615	26	MHZ19C
2021-11-09T18:17:44-03:00	-1	655	26	-1	615	26	MHZ19C
2021-11-09T18:17:50-03:00	-1	655	26	-1	615	26	MHZ19C
2021-11-09T18:17:56-03:00	-1	655	26	-1	615	26	MHZ19C
2021-11-09T18:18:02-03:00	-1	655	26	-1	615	26	MHZ19C
2021-11-09T18:18:08-03:00	-1	655	26	-1	620	26	MHZ19C
2021-11-09T18:18:14-03:00	-1	660	26	625	620	26	MHZ19C
2021-11-09T18:18:20-03:00	-1	660	26	-1	620	26	MHZ19C
2021-11-09T18:18:26-03:00	-1	660	26	-1	620	26	MHZ19C
2021-11-09T18:18:32-03:00	-1	660	26	-1	620	26	MHZ19C
2021-11-09T18:18:38-03:00	-1	660	26	-1	620	26	MHZ19C
2021-11-09T18:18:44-03:00	-1	660	26	-1	620	26	MHZ19C
2021-11-09T18:18:50-03:00	-1	660	26	-1	620	26	MHZ19C
2021-11-09T18:18:56-03:00	-1	660	26	-1	620	26	MHZ19C
2021-11-09T18:19:02-03:00	-1	660	26	-1	620	26	MHZ19C
2021-11-09T18:19:08-03:00	-1	660	26	-1	620	26	MHZ19C
2021-11-09T18:19:14-03:00	-1	660	26	-1	620	26	MHZ19C
2021-11-09T18:19:20-03:00	-1	660	26	-1	620	26	MHZ19C
2021-11-09T18:19:26-03:00	-1	660	26	-1	625	26	MHZ19C
2021-11-09T18:19:32-03:00	-1	665	26	-1	625	26	MHZ19C
2021-11-09T18:19:38-03:00	-1	665	26	-1	625	26	MHZ19C
2021-11-09T18:19:44-03:00	-1	665	26	-1	625	26	MHZ19C
2021-11-09T18:19:50-03:00	-1	665	26	-1	625	26	MHZ19C
2021-11-09T18:19:56-03:00	-1	665	26	-1	630	26	MHZ19C
2021-11-09T18:20:02-03:00	-1	665	26	-1	630	26	MHZ19C
2021-11-09T18:20:08-03:00	-1	665	26	-1	630	26	MHZ19C
2021-11-09T18:20:14-03:00	-1	670	26	-1	630	26	MHZ19C
2021-11-09T18:20:20-03:00	676	670	26	-1	630	26	MHZ19C
2021-11-09T18:20:26-03:00	-1	670	26	-1	630	26	MHZ19C
2021-11-09T18:20:32-03:00	-1	670	26	-1	630	26	MHZ19C
2021-11-09T18:20:38-03:00	-1	670	26	-1	630	26	MHZ19C
2021-11-09T18:20:44-03:00	-1	670	26	-1	630	26	MHZ19C
2021-11-09T18:20:50-03:00	-1	670	26	-1	635	26	MHZ19C
2021-11-09T18:20:56-03:00	-1	670	26	-1	635	26	MHZ19C
2021-11-09T18:21:02-03:00	-1	670	26	-1	635	26	MHZ19C
2021-11-09T18:21:08-03:00	-1	670	26	-1	635	26	MHZ19C
2021-11-09T18:21:14-03:00	-1	670	26	-1	635	26	MHZ19C
2021-11-09T18:21:20-03:00	-1	665	26	-1	630	26	MHZ19C
2021-11-09T18:21:26-03:00	-1	665	26	-1	635	26	MHZ19C
2021-11-09T18:21:32-03:00	-1	665	26	-1	630	26	MHZ19C
2021-11-09T18:21:38-03:00	-1	665	26	-1	630	26	MHZ19C
2021-11-09T18:21:44-03:00	-1	665	26	-1	630	26	MHZ19C
2021-11-09T18:21:50-03:00	-1	665	26	-1	630	26	MHZ19C
2021-11-09T18:21:56-03:00	-1	665	26	-1	630	26	MHZ19C
2021-11-09T18:22:02-03:00	-1	665	26	-1	635	26	MHZ19C
2021-11-09T18:22:08-03:00	-1	665	26	-1	635	26	MHZ19C
2021-11-09T18:22:14-03:00	-1	670	26	-1	635	26	MHZ19C
2021-11-09T18:22:20-03:00	-1	680	26	-1	635	26	MHZ19C
2021-11-09T18:22:26-03:00	728	720	26	-1	635	26	MHZ19C
2021-11-09T18:22:32-03:00	-1	745	26	-1	640	26	MHZ19C
2021-11-09T18:22:38-03:00	-1	775	26	-1	640	26	MHZ19C
2021-11-09T18:22:43-03:00	-1	795	26	-1	645	26	MHZ19C
2021-11-09T18:22:49-03:00	-1	805	26	-1	655	26	MHZ19C
2021-11-09T18:22:55-03:00	-1	805	26	-1	665	26	MHZ19C
2021-11-09T18:23:01-03:00	-1	805	26	-1	670	26	MHZ19C
2021-11-09T18:23:07-03:00	-1	805	26	-1	680	26	MHZ19C
2021-11-09T18:23:13-03:00	-1	805	26	-1	685	26	MHZ19C
2021-11-09T18:23:19-03:00	-1	805	26	-1	690	26	MHZ19C
2021-11-09T18:23:25-03:00	-1	805	26	-1	690	26	MHZ19C
2021-11-09T18:23:31-03:00	-1	800	26	-1	690	26	MHZ19C
2021-11-09T18:23:37-03:00	-1	785	26	-1	690	26	MHZ19C
2021-11-09T18:23:43-03:00	-1	775	26	-1	690	26	MHZ19C
2021-11-09T18:23:49-03:00	-1	760	26	-1	695	26	MHZ19C
2021-11-09T18:23:55-03:00	-1	750	26	-1	695	26	MHZ19C
2021-11-09T18:24:01-03:00	-1	740	26	-1	695	26	MHZ19C
2021-11-09T18:24:07-03:00	-1	730	26	-1	690	26	MHZ19C
2021-11-09T18:24:13-03:00	-1	725	26	-1	690	26	MHZ19C
2021-11-09T18:24:19-03:00	-1	720	26	-1	685	26	MHZ19C
2021-11-09T18:24:25-03:00	-1	715	26	-1	685	26	MHZ19C
2021-11-09T18:24:48-03:00	723	705	26	-1	675	26	MHZ19C
2021-11-09T18:24:54-03:00	-1	705	26	-1	675	26	MHZ19C
2021-11-09T18:25:00-03:00	-1	705	26	-1	675	26	MHZ19C
2021-11-09T18:25:06-03:00	-1	705	26	-1	675	26	MHZ19C
2021-11-09T18:25:12-03:00	-1	700	26	-1	675	26	MHZ19C
2021-11-09T18:25:18-03:00	-1	700	26	-1	675	26	MHZ19C
2021-11-09T18:25:24-03:00	-1	700	26	-1	675	26	MHZ19C
2021-11-09T18:25:30-03:00	-1	695	26	-1	675	26	MHZ19C
2021-11-09T18:25:36-03:00	-1	695	26	-1	675	26	MHZ19C
2021-11-09T18:25:42-03:00	-1	695	26	-1	670	26	MHZ19C
2021-11-09T18:25:48-03:00	-1	695	26	-1	670	26	MHZ19C
2021-11-09T18:25:54-03:00	-1	695	26	-1	670	26	MHZ19C
2021-11-09T18:26:00-03:00	-1	695	26	-1	670	26	MHZ19C
2021-11-09T18:26:06-03:00	-1	695	26	-1	670	26	MHZ19C
2021-11-09T18:26:12-03:00	-1	695	26	-1	670	26	MHZ19C
2021-11-09T18:26:18-03:00	-1	695	26	-1	670	26	MHZ19C
2021-11-09T18:26:24-03:00	-1	695	26	-1	670	26	MHZ19C
2021-11-09T18:26:30-03:00	-1	695	26	-1	670	26	MHZ19C
2021-11-09T18:26:50-03:00	703	695	26	-1	670	26	MHZ19C
2021-11-09T18:26:56-03:00	-1	700	26	-1	670	26	MHZ19C
2021-11-09T18:27:02-03:00	-1	700	26	-1	670	26	MHZ19C
2021-11-09T18:27:08-03:00	-1	700	26	-1	670	26	MHZ19C
2021-11-09T18:27:14-03:00	-1	700	26	-1	670	26	MHZ19C
2021-11-09T18:27:20-03:00	-1	700	26	-1	670	26	MHZ19C
2021-11-09T18:27:26-03:00	-1	700	26	-1	670	26	MHZ19C
2021-11-09T18:27:32-03:00	-1	700	26	-1	670	26	MHZ19C
2021-11-09T18:27:38-03:00	-1	700	26	-1	670	26	MHZ19C
2021-11-09T18:27:44-03:00	-1	700	26	-1	670	26	MHZ19C
2021-11-09T18:27:50-03:00	-1	700	26	-1	670	26	MHZ19C
2021-11-09T18:27:56-03:00	-1	700	26	-1	670	26	MHZ19C
2021-11-09T18:28:02-03:00	-1	700	26	-1	670	26	MHZ19C
2021-11-09T18:28:08-03:00	-1	700	26	-1	670	26	MHZ19C
2021-11-09T18:28:14-03:00	-1	705	26	-1	670	26	MHZ19C
2021-11-09T18:28:20-03:00	-1	705	26	-1	670	26	MHZ19C
2021-11-09T18:28:26-03:00	-1	705	26	-1	670	26	MHZ19C
2021-11-09T18:28:32-03:00	-1	705	26	-1	670	26	MHZ19C
2021-11-09T18:28:48-03:00	713	710	26	-1	675	26	MHZ19C
2021-11-09T18:28:54-03:00	-1	710	26	-1	675	26	MHZ19C
2021-11-09T18:29:00-03:00	-1	710	26	-1	675	26	MHZ19C
2021-11-09T18:29:06-03:00	-1	710	26	-1	675	26	MHZ19C
2021-11-09T18:29:12-03:00	-1	715	26	-1	670	26	MHZ19C
2021-11-09T18:29:18-03:00	-1	715	26	-1	670	26	MHZ19C
2021-11-09T18:29:24-03:00	-1	715	26	-1	675	26	MHZ19C
2021-11-09T18:29:30-03:00	-1	715	26	-1	675	26	MHZ19C
2021-11-09T18:29:36-03:00	-1	720	26	-1	675	26	MHZ19C
2021-11-09T18:29:42-03:00	-1	720	26	-1	675	26	MHZ19C
2021-11-09T18:29:48-03:00	-1	720	26	-1	675	26	MHZ19C
2021-11-09T18:29:54-03:00	-1	725	26	-1	675	26	MHZ19C
2021-11-09T18:30:00-03:00	-1	725	26	-1	675	26	MHZ19C
2021-11-09T18:30:06-03:00	-1	725	26	-1	675	26	MHZ19C
2021-11-09T18:30:12-03:00	-1	725	26	-1	675	26	MHZ19C
2021-11-09T18:30:18-03:00	-1	725	26	-1	675	26	MHZ19C
2021-11-09T18:30:24-03:00	-1	725	26	-1	680	26	MHZ19C
2021-11-09T18:30:30-03:00	-1	730	26	-1	680	26	MHZ19C
2021-11-09T18:30:36-03:00	-1	730	26	-1	680	26	MHZ19C
2021-11-09T18:30:51-03:00	738	730	26	-1	685	26	MHZ19C
2021-11-09T18:30:57-03:00	-1	730	26	-1	685	26	MHZ19C
2021-11-09T18:31:03-03:00	-1	730	26	-1	685	26	MHZ19C
2021-11-09T18:31:09-03:00	-1	730	26	-1	690	26	MHZ19C
2021-11-09T18:31:15-03:00	-1	735	26	-1	690	26	MHZ19C
2021-11-09T18:31:21-03:00	-1	735	26	-1	690	26	MHZ19C
2021-11-09T18:31:27-03:00	-1	735	26	-1	690	26	MHZ19C
2021-11-09T18:31:33-03:00	-1	735	26	-1	690	26	MHZ19C
2021-11-09T18:31:39-03:00	-1	735	26	-1	690	26	MHZ19C
2021-11-09T18:31:45-03:00	-1	735	26	-1	690	26	MHZ19C
2021-11-09T18:31:51-03:00	-1	735	26	-1	690	26	MHZ19C
2021-11-09T18:31:57-03:00	-1	735	26	-1	690	26	MHZ19C
2021-11-09T18:32:03-03:00	-1	730	26	-1	690	26	MHZ19C
2021-11-09T18:32:09-03:00	-1	730	26	-1	690	26	MHZ19C
2021-11-09T18:32:15-03:00	-1	730	26	-1	690	26	MHZ19C
2021-11-09T18:32:21-03:00	-1	730	26	-1	690	26	MHZ19C
2021-11-09T18:32:27-03:00	-1	730	26	-1	690	26	MHZ19C
2021-11-09T18:32:33-03:00	-1	730	26	-1	690	26	MHZ19C
2021-11-09T18:32:39-03:00	-1	730	26	-1	685	26	MHZ19C
2021-11-09T18:32:55-03:00	736	725	26	-1	690	26	MHZ19C
2021-11-09T18:33:01-03:00	-1	730	26	-1	690	26	MHZ19C
2021-11-09T18:33:07-03:00	-1	730	26	-1	690	26	MHZ19C
2021-11-09T18:33:13-03:00	-1	730	26	-1	690	26	MHZ19C
2021-11-09T18:33:19-03:00	-1	730	26	-1	690	26	MHZ19C
2021-11-09T18:33:25-03:00	-1	730	26	-1	690	26	MHZ19C
2021-11-09T18:33:31-03:00	-1	730	26	-1	695	26	MHZ19C
2021-11-09T18:33:37-03:00	-1	735	26	-1	695	26	MHZ19C
2021-11-09T18:33:43-03:00	-1	735	26	-1	700	26	MHZ19C
2021-11-09T18:33:49-03:00	-1	740	26	-1	700	26	MHZ19C
2021-11-09T18:33:55-03:00	-1	740	26	-1	705	26	MHZ19C
2021-11-09T18:34:01-03:00	-1	740	26	-1	705	26	MHZ19C
2021-11-09T18:34:07-03:00	-1	740	26	-1	710	26	MHZ19C
2021-11-09T18:34:13-03:00	-1	745	26	-1	715	26	MHZ19C
2021-11-09T18:34:19-03:00	-1	745	26	-1	715	26	MHZ19C
2021-11-09T18:34:25-03:00	-1	745	26	-1	715	26	MHZ19C
2021-11-09T18:34:31-03:00	-1	745	26	-1	715	26	MHZ19C
2021-11-09T18:34:37-03:00	-1	745	26	-1	720	26	MHZ19C
2021-11-09T18:34:43-03:00	-1	745	26	-1	720	26	MHZ19C
2021-11-09T18:34:58-03:00	752	745	26	-1	720	26	MHZ19C
2021-11-09T18:35:04-03:00	-1	745	26	-1	725	26	MHZ19C
2021-11-09T18:35:10-03:00	-1	745	26	-1	725	26	MHZ19C
2021-11-09T18:35:16-03:00	-1	745	26	-1	725	26	MHZ19C
2021-11-09T18:35:22-03:00	-1	745	26	-1	725	26	MHZ19C
2021-11-09T18:35:28-03:00	-1	745	26	-1	725	26	MHZ19C
2021-11-09T18:35:34-03:00	-1	745	26	-1	725	26	MHZ19C
2021-11-09T18:35:40-03:00	-1	745	26	-1	725	26	MHZ19C
2021-11-09T18:35:46-03:00	-1	745	26	-1	725	26	MHZ19C
2021-11-09T18:35:52-03:00	-1	745	26	-1	725	26	MHZ19C
2021-11-09T18:35:58-03:00	-1	745	26	-1	725	26	MHZ19C
2021-11-09T18:36:04-03:00	-1	745	26	-1	725	26	MHZ19C
2021-11-09T18:36:10-03:00	-1	745	26	-1	725	26	MHZ19C
2021-11-09T18:36:16-03:00	-1	745	26	-1	725	26	MHZ19C
2021-11-09T18:36:22-03:00	-1	745	26	-1	725	26	MHZ19C
2021-11-09T18:36:28-03:00	-1	745	26	-1	725	26	MHZ19C
2021-11-09T18:36:34-03:00	-1	745	26	-1	725	26	MHZ19C
2021-11-09T18:36:40-03:00	-1	745	26	-1	725	26	MHZ19C
2021-11-09T18:36:46-03:00	-1	745	26	-1	725	26	MHZ19C
2021-11-09T18:37:01-03:00	755	745	26	-1	720	26	MHZ19C
2021-11-09T18:37:07-03:00	-1	745	26	-1	715	26	MHZ19C
2021-11-09T18:37:13-03:00	-1	750	26	-1	715	26	MHZ19C
2021-11-09T18:37:19-03:00	-1	750	26	-1	715	26	MHZ19C
2021-11-09T18:37:25-03:00	-1	750	26	-1	715	26	MHZ19C
2021-11-09T18:37:31-03:00	-1	750	26	-1	715	26	MHZ19C
2021-11-09T18:37:37-03:00	-1	750	26	-1	715	26	MHZ19C
2021-11-09T18:37:43-03:00	-1	755	26	-1	715	26	MHZ19C
2021-11-09T18:37:49-03:00	-1	755	26	-1	720	26	MHZ19C
2021-11-09T18:37:55-03:00	-1	755	26	-1	720	26	MHZ19C
2021-11-09T18:38:01-03:00	-1	760	26	-1	720	26	MHZ19C
2021-11-09T18:38:07-03:00	-1	760	26	-1	725	26	MHZ19C
2021-11-09T18:38:13-03:00	-1	760	26	-1	725	26	MHZ19C
2021-11-09T18:38:43-03:00	-1	765	26	-1	730	26	MHZ19C
2021-11-09T18:38:49-03:00	-1	765	26	-1	730	26	MHZ19C
2021-11-09T18:39:03-03:00	772	765	26	-1	730	26	MHZ19C
2021-11-09T18:39:09-03:00	-1	765	26	-1	730	26	MHZ19C
2021-11-09T18:39:15-03:00	-1	765	26	-1	730	26	MHZ19C
2021-11-09T18:39:21-03:00	-1	765	26	-1	730	26	MHZ19C
2021-11-09T18:39:27-03:00	-1	765	26	-1	725	26	MHZ19C
2021-11-09T18:39:33-03:00	-1	765	26	-1	725	26	MHZ19C
2021-11-09T18:39:39-03:00	-1	765	26	-1	725	26	MHZ19C
2021-11-09T18:39:45-03:00	-1	770	26	-1	725	26	MHZ19C
2021-11-09T18:39:51-03:00	-1	770	26	-1	725	26	MHZ19C
2021-11-09T18:39:57-03:00	-1	770	26	-1	725	26	MHZ19C
2021-11-09T18:40:03-03:00	-1	770	26	-1	725	26	MHZ19C
2021-11-09T18:40:09-03:00	-1	770	26	-1	725	26	MHZ19C
2021-11-09T18:40:15-03:00	-1	770	26	-1	725	26	MHZ19C
2021-11-09T18:40:21-03:00	-1	770	26	-1	725	26	MHZ19C
2021-11-09T18:40:27-03:00	-1	770	26	-1	725	26	MHZ19C
2021-11-09T18:40:33-03:00	-1	770	26	-1	725	26	MHZ19C
2021-11-09T18:40:39-03:00	-1	770	26	-1	725	26	MHZ19C
2021-11-09T18:40:45-03:00	-1	770	26	-1	730	26	MHZ19C
2021-11-09T18:40:51-03:00	-1	770	26	-1	730	26	MHZ19C
2021-11-09T18:41:05-03:00	779	770	26	-1	735	26	MHZ19C
2021-11-09T18:41:11-03:00	-1	770	26	-1	735	26	MHZ19C
2021-11-09T18:41:17-03:00	-1	770	26	-1	735	26	MHZ19C
2021-11-09T18:41:23-03:00	-1	770	26	-1	735	26	MHZ19C
2021-11-09T18:41:53-03:00	-1	775	26	-1	735	26	MHZ19C
2021-11-09T18:42:22-03:00	-1	775	26	-1	735	26	MHZ19C
2021-11-09T18:42:51-03:00	-1	780	26	-1	730	26	MHZ19C
2021-11-09T18:43:04-03:00	790	785	26	-1	735	26	MHZ19C
2021-11-09T18:43:33-03:00	-1	790	26	-1	735	26	MHZ19C
2021-11-09T18:44:02-03:00	-1	795	26	-1	740	26	MHZ19C
2021-11-09T18:44:30-03:00	-1	800	26	-1	745	26	MHZ19C
2021-11-09T18:44:56-03:00	-1	800	26	-1	740	26	MHZ19C
2021-11-09T18:45:05-03:00	809	800	26	-1	740	26	MHZ19C
2021-11-09T18:45:29-03:00	-1	805	26	-1	745	26	MHZ19C
2021-11-09T18:45:52-03:00	-1	805	26	-1	745	26	MHZ19C
2021-11-09T18:46:14-03:00	-1	805	26	-1	750	26	MHZ19C
2021-11-09T18:46:35-03:00	-1	810	26	-1	755	26	MHZ19C
2021-11-09T18:46:56-03:00	-1	820	26	-1	755	26	MHZ19C
2021-11-09T18:47:16-03:00	-1	825	26	774	765	26	MHZ19C
2021-11-09T18:47:34-03:00	-1	830	26	-1	775	26	MHZ19C
2021-11-09T18:47:52-03:00	-1	830	26	-1	780	26	MHZ19C
2021-11-09T18:48:10-03:00	-1	830	26	-1	785	26	MHZ19C
2021-11-09T18:48:27-03:00	-1	835	26	-1	795	26	MHZ19C
2021-11-09T18:48:44-03:00	-1	835	26	-1	805	26	MHZ19C
2021-11-09T18:49:00-03:00	-1	835	26	-1	815	26	MHZ19C
2021-11-09T18:49:15-03:00	-1	845	26	-1	825	26	MHZ19C
2021-11-09T18:49:22-03:00	860	850	26	-1	825	26	MHZ19C
2021-11-09T18:49:36-03:00	-1	860	26	-1	825	26	MHZ19C
2021-11-09T18:49:50-03:00	-1	865	26	-1	830	26	MHZ19C
2021-11-09T18:50:03-03:00	-1	865	26	-1	825	26	MHZ19C
2021-11-09T18:50:16-03:00	-1	865	26	-1	825	26	MHZ19C
2021-11-09T18:50:29-03:00	-1	865	26	-1	820	26	MHZ19C
2021-11-09T18:50:42-03:00	-1	860	26	-1	815	26	MHZ19C
2021-11-09T18:50:54-03:00	-1	865	26	-1	815	26	MHZ19C
2021-11-09T18:51:06-03:00	-1	860	26	-1	810	26	MHZ19C
2021-11-09T18:51:18-03:00	-1	860	26	-1	810	26	MHZ19C
2021-11-09T18:51:25-03:00	866	860	26	-1	810	26	MHZ19C
2021-11-09T18:51:36-03:00	-1	855	26	-1	805	26	MHZ19C
2021-11-09T18:51:46-03:00	-1	850	26	-1	800	26	MHZ19C
2021-11-09T18:51:56-03:00	-1	845	26	-1	795	26	MHZ19C
2021-11-09T18:52:06-03:00	-1	845	26	-1	795	26	MHZ19C
2021-11-09T18:52:16-03:00	-1	845	26	-1	790	26	MHZ19C
2021-11-09T18:52:26-03:00	-1	845	26	-1	790	26	MHZ19C
2021-11-09T18:52:36-03:00	-1	845	26	-1	795	26	MHZ19C
2021-11-09T18:52:46-03:00	-1	845	26	-1	795	26	MHZ19C
2021-11-09T18:52:55-03:00	-1	855	26	-1	800	26	MHZ19C
2021-11-09T18:53:05-03:00	-1	875	26	-1	805	26	MHZ19C
2021-11-09T18:53:15-03:00	-1	900	26	-1	820	26	MHZ19C
2021-11-09T18:53:26-03:00	-1	925	26	837	830	26	MHZ19C
2021-11-09T18:53:36-03:00	-1	930	26	-1	835	26	MHZ19C
2021-11-09T18:53:45-03:00	-1	930	26	-1	830	26	MHZ19C
2021-11-09T18:53:55-03:00	-1	930	26	-1	835	26	MHZ19C
2021-11-09T18:54:04-03:00	-1	930	26	-1	835	26	MHZ19C
2021-11-09T18:54:12-03:00	-1	925	26	-1	835	26	MHZ19C
2021-11-09T18:54:20-03:00	-1	915	26	-1	835	26	MHZ19C
2021-11-09T18:54:27-03:00	-1	905	26	-1	835	26	MHZ19C
2021-11-09T18:54:34-03:00	-1	900	26	-1	835	26	MHZ19C
2021-11-09T18:54:41-03:00	-1	895	26	-1	830	26	MHZ19C
2021-11-09T18:54:48-03:00	-1	895	26	-1	825	26	MHZ19C
2021-11-09T18:54:55-03:00	-1	890	26	-1	820	26	MHZ19C
2021-11-09T18:55:02-03:00	-1	880	26	-1	820	26	MHZ19C
2021-11-09T18:55:09-03:00	-1	880	26	-1	815	26	MHZ19C
2021-11-09T18:55:16-03:00	-1	875	26	-1	815	26	MHZ19C
2021-11-09T18:55:23-03:00	-1	870	26	-1	815	26	MHZ19C
2021-11-09T18:55:30-03:00	873	865	26	-1	815	26	MHZ19C
2021-11-09T18:55:37-03:00	-1	865	26	-1	810	26	MHZ19C
2021-11-09T18:55:45-03:00	-1	865	26	-1	815	26	MHZ19C
2021-11-09T18:55:53-03:00	-1	865	26	-1	815	26	MHZ19C
2021-11-09T18:56:01-03:00	-1	865	26	-1	815	26	MHZ19C
2021-11-09T18:56:10-03:00	-1	865	26	-1	810	26	MHZ19C
2021-11-09T18:56:19-03:00	-1	865	26	-1	815	26	MHZ19C
2021-11-09T18:56:28-03:00	-1	860	26	-1	815	26	MHZ19C
2021-11-09T18:56:38-03:00	-1	865	26	-1	820	26	MHZ19C
2021-11-09T18:56:48-03:00	-1	865	26	-1	820	26	MHZ19C
2021-11-09T18:56:59-03:00	-1	865	26	-1	820	26	MHZ19C
2021-11-09T18:57:10-03:00	-1	865	26	-1	820	26	MHZ19C
2021-11-09T18:57:21-03:00	-1	865	26	-1	820	26	MHZ19C
2021-11-09T18:57:33-03:00	-1	865	26	-1	815	26	MHZ19C
2021-11-09T18:57:45-03:00	870	860	26	-1	815	26	MHZ19C
2021-11-09T18:57:57-03:00	-1	860	26	-1	810	26	MHZ19C
2021-11-09T18:58:09-03:00	-1	860	26	-1	810	26	MHZ19C
2021-11-09T18:58:21-03:00	-1	865	26	-1	810	26	MHZ19C
2021-11-09T18:58:33-03:00	-1	865	26	-1	810	26	MHZ19C
2021-11-09T18:58:46-03:00	-1	875	26	-1	815	26	MHZ19C
2021-11-09T18:58:59-03:00	-1	885	26	-1	820	26	MHZ19C
2021-11-09T18:59:12-03:00	-1	890	26	-1	825	26	MHZ19C
2021-11-09T18:59:26-03:00	-1	895	26	-1	830	26	MHZ19C
2021-11-09T18:59:41-03:00	-1	905	26	-1	840	26	MHZ19C
2021-11-09T18:59:56-03:00	915	905	26	-1	845	26	MHZ19C
2021-11-09T19:00:11-03:00	-1	905	26	-1	850	26	MHZ19C
2021-11-09T19:00:26-03:00	-1	905	26	-1	855	26	MHZ19C
2021-11-09T19:00:42-03:00	-1	900	26	-1	855	26	MHZ19C
2021-11-09T19:00:58-03:00	-1	900	26	-1	860	26	MHZ19C
2021-11-09T19:01:15-03:00	-1	900	26	-1	865	26	MHZ19C
2021-11-09T19:01:32-03:00	-1	910	26	-1	880	26	MHZ19C
2021-11-09T19:01:50-03:00	-1	935	26	-1	890	26	MHZ19C
2021-11-09T19:02:09-03:00	960	950	26	-1	900	26	MHZ19C
2021-11-09T19:02:28-03:00	-1	950	26	-1	905	26	MHZ19C
2021-11-09T19:02:48-03:00	-1	945	26	-1	905	26	MHZ19C
2021-11-09T19:03:10-03:00	-1	930	26	-1	905	26	MHZ19C
2021-11-09T19:03:33-03:00	-1	925	26	-1	900	26	MHZ19C
2021-11-09T19:03:57-03:00	-1	925	26	-1	900	26	MHZ19C
2021-11-09T19:04:22-03:00	942	935	26	-1	900	26	MHZ19C
2021-11-09T19:04:48-03:00	-1	935	26	-1	895	26	MHZ19C
2021-11-09T19:05:15-03:00	-1	930	26	-1	890	26	MHZ19C
2021-11-09T19:05:42-03:00	-1	915	26	-1	870	26	MHZ19C
2021-11-09T19:06:12-03:00	-1	900	26	-1	860	26	MHZ19C
2021-11-09T19:06:43-03:00	898	890	26	-1	855	26	MHZ19C
2021-11-09T19:07:14-03:00	-1	890	26	-1	845	26	MHZ19C
2021-11-09T19:07:46-03:00	-1	885	26	-1	825	26	MHZ19C
2021-11-09T19:07:52-03:00	-1	855	26	-1	820	26	MHZ19C
2021-11-09T19:07:58-03:00	-1	850	26	-1	815	26	MHZ19C
2021-11-09T19:08:04-03:00	-1	840	26	-1	810	26	MHZ19C
2021-11-09T19:08:10-03:00	-1	835	26	-1	800	26	MHZ19C
2021-11-09T19:08:16-03:00	-1	825	26	-1	795	26	MHZ19C
2021-11-09T19:08:22-03:00	824	815	26	-1	780	26	MHZ19C
2021-11-09T19:08:28-03:00	-1	805	26	-1	770	26	MHZ19C
2021-11-09T19:08:34-03:00	-1	795	26	-1	755	26	MHZ19C
2021-11-09T19:08:40-03:00	-1	780	26	-1	740	26	MHZ19C
2021-11-09T19:08:46-03:00	-1	760	26	-1	725	26	MHZ19C
2021-11-09T19:08:52-03:00	-1	745	26	-1	710	26	MHZ19C
2021-11-09T19:08:58-03:00	-1	730	26	-1	695	26	MHZ19C
2021-11-09T19:09:04-03:00	-1	715	26	-1	685	26	MHZ19C
2021-11-09T19:09:10-03:00	-1	705	26	-1	675	26	MHZ19C
2021-11-09T19:09:16-03:00	-1	695	26	-1	665	26	MHZ19C
2021-11-09T19:09:22-03:00	-1	690	26	-1	660	26	MHZ19C
2021-11-09T19:09:28-03:00	-1	685	26	-1	650	26	MHZ19C
2021-11-09T19:09:34-03:00	-1	680	26	-1	645	26	MHZ19C
2021-11-09T19:09:40-03:00	-1	675	26	-1	640	26	MHZ19C
2021-11-09T19:09:46-03:00	-1	670	26	-1	635	26	MHZ19C
2021-11-09T19:09:52-03:00	-1	665	26	-1	625	26	MHZ19C
2021-11-09T19:09:58-03:00	-1	665	26	-1	620	26	MHZ19C
2021-11-09T19:10:04-03:00	-1	660	26	-1	615	26	MHZ19C
2021-11-09T19:10:10-03:00	-1	655	26	-1	610	26	MHZ19C
2021-11-09T19:10:16-03:00	-1	650	26	-1	600	26	MHZ19C
2021-11-09T19:10:40-03:00	-1	645	26	602	575	26	MHZ19C
2021-11-09T19:10:46-03:00	-1	615	26	-1	570	26	MHZ19C
2021-11-09T19:10:52-03:00	-1	610	26	-1	565	26	MHZ19C
2021-11-09T19:10:58-03:00	-1	610	26	-1	560	26	MHZ19C
2021-11-09T19:11:04-03:00	-1	605	26	-1	555	26	MHZ19C
2021-11-09T19:11:10-03:00	-1	605	26	-1	550	26	MHZ19C
2021-11-09T19:11:16-03:00	-1	600	26	-1	545	26	MHZ19C
2021-11-09T19:11:22-03:00	-1	595	26	-1	545	26	MHZ19C
2021-11-09T19:11:28-03:00	-1	590	26	-1	540	26	MHZ19C
2021-11-09T19:11:34-03:00	-1	590	26	-1	535	26	MHZ19C
2021-11-09T19:11:40-03:00	-1	585	26	-1	535	26	MHZ19C
2021-11-09T19:11:46-03:00	-1	580	26	-1	530	26	MHZ19C
2021-11-09T19:11:52-03:00	-1	580	26	-1	530	26	MHZ19C
2021-11-09T19:11:58-03:00	-1	575	26	-1	525	26	MHZ19C
2021-11-09T19:12:04-03:00	-1	570	26	-1	525	26	MHZ19C
2021-11-09T19:12:10-03:00	-1	570	26	-1	520	26	MHZ19C
2021-11-09T19:12:16-03:00	-1	565	26	-1	520	26	MHZ19C
2021-11-09T19:12:22-03:00	-1	565	26	-1	515	26	MHZ19C
2021-11-09T19:12:28-03:00	569	565	25	-1	515	26	MHZ19C
2021-11-09T19:12:34-03:00	-1	560	25	-1	515	26	MHZ19C
2021-11-09T19:12:40-03:00	-1	565	25	-1	510	26	MHZ19C
2021-11-09T19:12:46-03:00	-1	560	25	-1	510	26	MHZ19C
2021-11-09T19:12:52-03:00	-1	560	25	-1	510	26	MHZ19C
2021-11-09T19:12:58-03:00	-1	560	25	-1	510	26	MHZ19C
2021-11-09T19:13:04-03:00	-1	560	25	-1	510	26	MHZ19C
2021-11-09T19:13:10-03:00	-1	560	25	-1	510	26	MHZ19C
2021-11-09T19:13:16-03:00	-1	560	25	-1	510	26	MHZ19C
2021-11-09T19:13:22-03:00	-1	560	25	-1	510	26	MHZ19C
2021-11-09T19:13:28-03:00	-1	565	25	-1	510	26	MHZ19C
2021-11-09T19:13:34-03:00	-1	565	25	-1	510	26	MHZ19C
2021-11-09T19:13:39-03:00	-1	565	25	-1	510	26	MHZ19C
2021-11-09T19:13:45-03:00	-1	565	25	-1	510	26	MHZ19C
2021-11-09T19:13:51-03:00	-1	565	25	-1	510	26	MHZ19C
2021-11-09T19:13:57-03:00	-1	565	25	-1	510	26	MHZ19C
2021-11-09T19:14:03-03:00	-1	565	25	-1	510	26	MHZ19C
2021-11-09T19:14:09-03:00	-1	565	25	-1	510	26	MHZ19C
2021-11-09T19:14:15-03:00	-1	565	25	-1	510	26	MHZ19C
2021-11-09T19:14:21-03:00	-1	565	25	-1	510	26	MHZ19C
2021-11-09T19:14:27-03:00	-1	565	25	518	510	25	MHZ19C
2021-11-09T19:14:33-03:00	-1	565	25	-1	515	25	MHZ19C
2021-11-09T19:14:39-03:00	-1	570	25	-1	515	25	MHZ19C
2021-11-09T19:14:45-03:00	-1	565	25	-1	515	25	MHZ19C
2021-11-09T19:14:51-03:00	-1	570	25	-1	515	25	MHZ19C
2021-11-09T19:14:57-03:00	-1	570	25	-1	515	25	MHZ19C
2021-11-09T19:15:03-03:00	-1	570	25	-1	520	25	MHZ19C
2021-11-09T19:15:09-03:00	-1	570	25	-1	515	25	MHZ19C
2021-11-09T19:15:15-03:00	-1	570	25	-1	520	25	MHZ19C
2021-11-09T19:15:21-03:00	-1	570	25	-1	515	25	MHZ19C
2021-11-09T19:15:27-03:00	-1	570	25	-1	520	25	MHZ19C
2021-11-09T19:15:33-03:00	-1	570	25	-1	515	25	MHZ19C
2021-11-09T19:15:39-03:00	-1	570	25	-1	515	25	MHZ19C
2021-11-09T19:15:45-03:00	-1	565	25	-1	515	25	MHZ19C
2021-11-09T19:15:51-03:00	-1	565	25	-1	515	25	MHZ19C
2021-11-09T19:15:57-03:00	-1	565	25	-1	515	25	MHZ19C
2021-11-09T19:16:03-03:00	-1	565	25	-1	515	25	MHZ19C
2021-11-09T19:16:09-03:00	-1	565	25	-1	515	25	MHZ19C
2021-11-09T19:16:15-03:00	-1	565	25	-1	515	25	MHZ19C
2021-11-09T19:16:21-03:00	-1	565	25	-1	510	25	MHZ19C
2021-11-09T19:16:27-03:00	-1	565	25	-1	510	25	MHZ19C
2021-11-09T19:16:33-03:00	569	565	26	-1	510	25	MHZ19C
2021-11-09T19:16:39-03:00	-1	560	26	-1	510	25	MHZ19C
2021-11-09T19:16:45-03:00	-1	560	26	-1	510	25	MHZ19C
2021-11-09T19:16:51-03:00	-1	560	26	-1	505	25	MHZ19C
2021-11-09T19:16:57-03:00	-1	560	26	-1	505	25	MHZ19C
2021-11-09T19:17:03-03:00	-1	555	26	-1	505	25	MHZ19C
2021-11-09T19:17:09-03:00	-1	555	26	-1	505	25	MHZ19C
2021-11-09T19:17:15-03:00	-1	555	26	-1	500	25	MHZ19C
2021-11-09T19:17:21-03:00	-1	555	26	-1	500	25	MHZ19C
2021-11-09T19:17:27-03:00	-1	555	26	-1	500	25	MHZ19C
2021-11-09T19:17:33-03:00	-1	555	26	-1	500	25	MHZ19C
2021-11-09T19:17:39-03:00	-1	555	26	-1	500	25	MHZ19C
2021-11-09T19:17:45-03:00	-1	555	26	-1	500	25	MHZ19C
2021-11-09T19:17:51-03:00	-1	550	26	-1	500	25	MHZ19C
2021-11-09T19:17:57-03:00	-1	550	26	-1	495	25	MHZ19C
2021-11-09T19:18:03-03:00	-1	550	26	-1	500	25	MHZ19C
2021-11-09T19:18:09-03:00	-1	550	26	-1	500	25	MHZ19C
2021-11-09T19:18:15-03:00	-1	550	26	-1	500	25	MHZ19C
2021-11-09T19:18:21-03:00	-1	550	26	-1	495	25	MHZ19C
2021-11-09T19:18:27-03:00	-1	550	26	-1	495	25	MHZ19C
2021-11-09T19:18:33-03:00	-1	550	26	503	495	25	MHZ19C
2021-11-09T19:18:39-03:00	-1	550	26	-1	495	25	MHZ19C
2021-11-09T19:18:45-03:00	-1	550	26	-1	495	25	MHZ19C
2021-11-09T19:18:51-03:00	-1	550	26	-1	495	25	MHZ19C
2021-11-09T19:18:57-03:00	-1	550	26	-1	495	25	MHZ19C
2021-11-09T19:19:03-03:00	-1	550	26	-1	495	25	MHZ19C
2021-11-09T19:19:09-03:00	-1	550	26	-1	495	25	MHZ19C
2021-11-09T19:19:15-03:00	-1	550	26	-1	495	25	MHZ19C
2021-11-09T19:19:21-03:00	-1	545	26	-1	490	25	MHZ19C
2021-11-09T19:19:27-03:00	-1	545	26	-1	495	25	MHZ19C
2021-11-09T19:19:33-03:00	-1	545	26	-1	490	25	MHZ19C
2021-11-09T19:19:39-03:00	-1	545	26	-1	495	25	MHZ19C
2021-11-09T19:19:45-03:00	-1	545	26	-1	490	25	MHZ19C
2021-11-09T19:19:51-03:00	-1	545	26	-1	490	25	MHZ19C
2021-11-09T19:19:57-03:00	-1	545	26	-1	490	25	MHZ19C
2021-11-09T19:20:03-03:00	-1	545	26	-1	490	25	MHZ19C
2021-11-09T19:20:09-03:00	-1	545	26	-1	490	25	MHZ19C
2021-11-09T19:20:15-03:00	-1	545	26	-1	490	25	MHZ19C
2021-11-09T19:20:20-03:00	-1	545	26	-1	490	25	MHZ19C
2021-11-09T19:20:26-03:00	-1	545	26	-1	490	25	MHZ19C
2021-11-09T19:20:32-03:00	-1	545	26	-1	490	25	MHZ19C
2021-11-09T19:20:38-03:00	550	545	25	-1	485	25	MHZ19C
2021-11-09T19:20:44-03:00	-1	545	25	-1	485	25	MHZ19C
2021-11-09T19:20:50-03:00	-1	545	25	-1	485	25	MHZ19C
2021-11-09T19:20:56-03:00	-1	545	25	-1	485	25	MHZ19C
2021-11-09T19:21:02-03:00	-1	545	25	-1	485	25	MHZ19C
2021-11-09T19:21:08-03:00	-1	540	25	-1	485	25	MHZ19C
2021-11-09T19:21:14-03:00	-1	540	25	-1	485	25	MHZ19C
2021-11-09T19:21:20-03:00	-1	540	25	-1	485	25	MHZ19C
2021-11-09T19:21:26-03:00	-1	540	25	-1	480	25	MHZ19C
2021-11-09T19:21:32-03:00	-1	540	25	-1	480	25	MHZ19C
2021-11-09T19:21:38-03:00	-1	540	25	-1	480	25	MHZ19C
2021-11-09T19:21:44-03:00	-1	540	25	-1	480	25	MHZ19C
2021-11-09T19:21:50-03:00	-1	540	25	-1	480	25	MHZ19C
2021-11-09T19:21:56-03:00	-1	540	25	-1	480	25	MHZ19C
2021-11-09T19:22:02-03:00	-1	540	25	-1	480	25	MHZ19C
2021-11-09T19:22:08-03:00	-1	540	25	-1	480	25	MHZ19C
2021-11-09T19:22:14-03:00	-1	540	25	-1	480	25	MHZ19C
2021-11-09T19:22:20-03:00	-1	535	25	-1	480	25	MHZ19C
2021-11-09T19:22:26-03:00	-1	540	25	-1	480	25	MHZ19C
2021-11-09T19:22:32-03:00	-1	540	25	-1	480	25	MHZ19C
2021-11-09T19:22:38-03:00	-1	540	25	487	480	25	MHZ19C
2021-11-09T19:22:44-03:00	-1	540	25	-1	480	25	MHZ19C
2021-11-09T19:22:50-03:00	-1	540	25	-1	480	25	MHZ19C
2021-11-09T19:22:56-03:00	-1	540	25	-1	480	25	MHZ19C
2021-11-09T19:23:02-03:00	-1	540	25	-1	480	25	MHZ19C
2021-11-09T19:23:08-03:00	-1	540	25	-1	480	25	MHZ19C
2021-11-09T19:23:14-03:00	-1	540	25	-1	480	25	MHZ19C
2021-11-09T19:23:20-03:00	-1	540	25	-1	480	25	MHZ19C
2021-11-09T19:23:26-03:00	-1	540	25	-1	480	25	MHZ19C
2021-11-09T19:23:32-03:00	-1	540	25	-1	480	25	MHZ19C
2021-11-09T19:23:38-03:00	-1	540	25	-1	480	25	MHZ19C
2021-11-09T19:23:44-03:00	-1	535	25	-1	480	25	MHZ19C
2021-11-09T19:23:50-03:00	-1	535	25	-1	480	25	MHZ19C
2021-11-09T19:23:56-03:00	-1	540	25	-1	475	25	MHZ19C
2021-11-09T19:24:02-03:00	-1	540	25	-1	480	25	MHZ19C
2021-11-09T19:24:08-03:00	-1	540	25	-1	475	25	MHZ19C
2021-11-09T19:24:14-03:00	-1	540	25	-1	480	25	MHZ19C
2021-11-09T19:24:20-03:00	-1	540	25	-1	480	25	MHZ19C
2021-11-09T19:24:26-03:00	-1	540	25	-1	480	25	MHZ19C
2021-11-09T19:24:32-03:00	-1	535	25	-1	480	25	MHZ19C
2021-11-09T19:24:38-03:00	-1	535	25	-1	475	25	MHZ19C
2021-11-09T19:24:44-03:00	543	535	25	-1	475	25	MHZ19C
2021-11-09T19:24:50-03:00	-1	535	25	-1	475	25	MHZ19C
2021-11-09T19:24:56-03:00	-1	535	25	-1	475	25	MHZ19C
2021-11-09T19:25:02-03:00	-1	535	25	-1	475	25	MHZ19C
2021-11-09T19:25:08-03:00	-1	535	25	-1	475	25	MHZ19C
2021-11-09T19:25:14-03:00	-1	535	25	-1	475	25	MHZ19C
2021-11-09T19:25:20-03:00	-1	535	25	-1	480	25	MHZ19C
2021-11-09T19:25:26-03:00	-1	535	25	-1	475	25	MHZ19C
2021-11-09T19:25:32-03:00	-1	535	25	-1	480	25	MHZ19C
2021-11-09T19:25:38-03:00	-1	540	25	-1	475	25	MHZ19C
2021-11-09T19:25:44-03:00	-1	535	25	-1	475	25	MHZ19C
2021-11-09T19:25:50-03:00	-1	540	25	-1	480	25	MHZ19C
2021-11-09T19:25:56-03:00	-1	540	25	-1	475	25	MHZ19C
2021-11-09T19:26:02-03:00	-1	540	25	-1	480	25	MHZ19C
2021-11-09T19:26:08-03:00	-1	540	25	-1	475	25	MHZ19C
2021-11-09T19:26:14-03:00	-1	540	25	-1	480	25	MHZ19C
2021-11-09T19:26:20-03:00	-1	540	25	-1	475	25	MHZ19C
2021-11-09T19:26:26-03:00	-1	535	25	-1	480	25	MHZ19C
2021-11-09T19:26:32-03:00	-1	540	25	-1	480	25	MHZ19C
2021-11-09T19:26:38-03:00	-1	535	25	-1	480	25	MHZ19C
2021-11-09T19:26:44-03:00	-1	535	25	484	480	25	MHZ19C
2021-11-09T19:26:50-03:00	-1	535	25	-1	480	25	MHZ19C
2021-11-09T19:26:56-03:00	-1	535	25	-1	480	25	MHZ19C
2021-11-09T19:27:02-03:00	-1	535	25	-1	480	25	MHZ19C
2021-11-09T19:27:08-03:00	-1	535	25	-1	475	25	MHZ19C
2021-11-09T19:27:14-03:00	-1	535	25	-1	475	25	MHZ19C
2021-11-09T19:27:19-03:00	-1	535	25	-1	480	25	MHZ19C
2021-11-09T19:27:25-03:00	-1	535	25	-1	475	25	MHZ19C
2021-11-09T19:27:31-03:00	-1	530	25	-1	475	25	MHZ19C
2021-11-09T19:27:37-03:00	-1	530	25	-1	475	25	MHZ19C
2021-11-09T19:27:43-03:00	-1	530	25	-1	470	25	MHZ19C
2021-11-09T19:27:49-03:00	-1	530	25	-1	470	25	MHZ19C
2021-11-09T19:27:55-03:00	-1	530	25	-1	470	25	MHZ19C
2021-11-09T19:28:01-03:00	-1	525	25	-1	470	25	MHZ19C
2021-11-09T19:28:07-03:00	-1	525	25	-1	470	25	MHZ19C
2021-11-09T19:28:13-03:00	-1	525	25	-1	465	25	MHZ19C
2021-11-09T19:28:19-03:00	-1	525	25	-1	465	25	MHZ19C
2021-11-09T19:28:25-03:00	-1	520	25	-1	465	25	MHZ19C
2021-11-09T19:28:31-03:00	-1	520	25	-1	465	25	MHZ19C
2021-11-09T19:28:37-03:00	-1	520	25	-1	465	25	MHZ19C
2021-11-09T19:28:43-03:00	-1	520	25	-1	465	25	MHZ19C
2021-11-09T19:29:02-03:00	525	520	25	-1	460	25	MHZ19C
2021-11-09T19:29:08-03:00	-1	520	25	-1	465	25	MHZ19C
2021-11-09T19:29:14-03:00	-1	520	25	-1	460	25	MHZ19C
2021-11-09T19:29:20-03:00	-1	520	25	-1	460	25	MHZ19C
2021-11-09T19:29:26-03:00	-1	520	25	-1	460	25	MHZ19C
2021-11-09T19:29:32-03:00	-1	515	25	-1	460	25	MHZ19C
2021-11-09T19:29:38-03:00	-1	515	25	-1	460	25	MHZ19C
2021-11-09T19:29:44-03:00	-1	515	25	-1	460	25	MHZ19C
2021-11-09T19:29:50-03:00	-1	515	25	-1	460	25	MHZ19C
2021-11-09T19:29:56-03:00	-1	515	25	-1	460	25	MHZ19C
2021-11-09T19:30:02-03:00	-1	515	25	-1	460	25	MHZ19C
2021-11-09T19:30:08-03:00	-1	515	25	-1	460	25	MHZ19C
2021-11-09T19:30:14-03:00	-1	515	25	-1	460	25	MHZ19C
2021-11-09T19:30:20-03:00	-1	515	25	-1	460	25	MHZ19C
2021-11-09T19:30:26-03:00	-1	515	25	-1	460	25	MHZ19C
2021-11-09T19:30:32-03:00	-1	510	25	-1	460	25	MHZ19C
2021-11-09T19:30:38-03:00	-1	510	25	-1	460	25	MHZ19C
2021-11-09T19:30:44-03:00	-1	510	25	-1	460	25	MHZ19C
2021-11-09T19:30:51-03:00	516	510	25	-1	460	25	MHZ19C
2021-11-09T19:30:57-03:00	-1	510	25	-1	460	25	MHZ19C
2021-11-09T19:31:18-03:00	-1	510	25	-1	455	25	MHZ19C
2021-11-09T19:31:36-03:00	-1	510	25	-1	455	25	MHZ19C
2021-11-09T19:31:52-03:00	-1	510	25	-1	455	25	MHZ19C
2021-11-09T19:32:06-03:00	-1	515	25	-1	465	25	MHZ19C
2021-11-09T19:32:18-03:00	-1	525	25	-1	465	25	MHZ19C
2021-11-09T19:32:28-03:00	-1	535	25	-1	470	25	MHZ19C
2021-11-09T19:32:37-03:00	-1	540	25	-1	475	25	MHZ19C
2021-11-09T19:32:45-03:00	-1	550	25	-1	475	25	MHZ19C
2021-11-09T19:32:52-03:00	556	550	25	-1	480	25	MHZ19C
2021-11-09T19:32:59-03:00	-1	555	25	-1	485	25	MHZ19C
2021-11-09T19:33:06-03:00	-1	555	25	-1	485	25	MHZ19C
2021-11-09T19:33:13-03:00	-1	560	25	-1	490	25	MHZ19C
2021-11-09T19:33:21-03:00	-1	560	25	-1	490	25	MHZ19C
2021-11-09T19:33:30-03:00	-1	560	25	-1	490	25	MHZ19C
2021-11-09T19:33:40-03:00	-1	560	25	-1	490	25	MHZ19C
2021-11-09T19:33:51-03:00	-1	560	25	-1	485	25	MHZ19C
2021-11-09T19:34:03-03:00	-1	565	25	-1	490	25	MHZ19C
2021-11-09T19:34:16-03:00	-1	570	25	-1	490	25	MHZ19C
2021-11-09T19:34:29-03:00	-1	580	25	-1	500	25	MHZ19C
2021-11-09T19:34:45-03:00	-1	580	25	-1	500	25	MHZ19C
2021-11-09T19:35:02-03:00	593	585	25	-1	500	25	MHZ19C
2021-11-09T19:35:20-03:00	-1	590	25	-1	500	25	MHZ19C
2021-11-09T19:35:40-03:00	-1	590	25	-1	495	25	MHZ19C
2021-11-09T19:35:46-03:00	-1	575	25	-1	495	25	MHZ19C
2021-11-09T19:35:52-03:00	-1	570	25	-1	490	25	MHZ19C
2021-11-09T19:35:58-03:00	-1	565	25	-1	490	25	MHZ19C
2021-11-09T19:36:04-03:00	-1	560	25	-1	485	25	MHZ19C
2021-11-09T19:36:10-03:00	-1	555	25	-1	485	25	MHZ19C
2021-11-09T19:36:16-03:00	-1	550	25	-1	480	25	MHZ19C
2021-11-09T19:36:22-03:00	-1	545	25	-1	480	25	MHZ19C
2021-11-09T19:36:28-03:00	-1	545	25	-1	480	25	MHZ19C
2021-11-09T19:36:34-03:00	-1	540	25	-1	480	25	MHZ19C
2021-11-09T19:36:40-03:00	-1	540	25	-1	480	25	MHZ19C
2021-11-09T19:36:46-03:00	-1	540	25	-1	480	25	MHZ19C
2021-11-09T19:36:52-03:00	544	540	25	-1	475	25	MHZ19C
2021-11-09T19:36:58-03:00	-1	540	25	-1	475	25	MHZ19C
2021-11-09T19:37:04-03:00	-1	535	25	-1	475	25	MHZ19C
2021-11-09T19:37:10-03:00	-1	535	25	-1	475	25	MHZ19C
2021-11-09T19:37:16-03:00	-1	535	25	-1	475	25	MHZ19C
2021-11-09T19:37:22-03:00	-1	535	25	-1	470	25	MHZ19C
2021-11-09T19:37:28-03:00	-1	535	25	-1	475	25	MHZ19C
2021-11-09T19:37:34-03:00	-1	535	25	-1	470	25	MHZ19C
2021-11-09T19:37:40-03:00	-1	535	25	-1	470	25	MHZ19C
2021-11-09T19:37:46-03:00	-1	535	25	-1	470	25	MHZ19C
2021-11-09T19:37:52-03:00	-1	535	25	-1	470	25	MHZ19C
2021-11-09T19:37:58-03:00	-1	535	25	-1	470	25	MHZ19C
2021-11-09T19:38:04-03:00	-1	535	25	-1	470	25	MHZ19C
2021-11-09T19:38:10-03:00	-1	535	25	-1	470	25	MHZ19C
2021-11-09T19:38:16-03:00	-1	535	25	-1	470	25	MHZ19C
2021-11-09T19:38:22-03:00	-1	530	25	-1	470	25	MHZ19C
2021-11-09T19:38:28-03:00	-1	530	25	-1	470	25	MHZ19C
2021-11-09T19:38:34-03:00	-1	530	25	-1	470	25	MHZ19C
2021-11-09T19:38:40-03:00	-1	530	25	-1	470	25	MHZ19C
2021-11-09T19:38:46-03:00	-1	530	25	-1	470	25	MHZ19C
2021-11-09T19:38:52-03:00	-1	530	25	473	470	25	MHZ19C
2021-11-09T19:38:58-03:00	-1	530	25	-1	470	25	MHZ19C
2021-11-09T19:39:04-03:00	-1	530	25	-1	470	25	MHZ19C
2021-11-09T19:39:10-03:00	-1	525	25	-1	465	25	MHZ19C
2021-11-09T19:39:16-03:00	-1	525	25	-1	465	25	MHZ19C
2021-11-09T19:39:22-03:00	-1	525	25	-1	465	25	MHZ19C
2021-11-09T19:39:28-03:00	-1	525	25	-1	465	25	MHZ19C
2021-11-09T19:39:34-03:00	-1	525	25	-1	465	25	MHZ19C
2021-11-09T19:39:40-03:00	-1	525	25	-1	465	25	MHZ19C
2021-11-09T19:39:46-03:00	-1	525	25	-1	465	25	MHZ19C
2021-11-09T19:39:52-03:00	-1	525	25	-1	465	25	MHZ19C
2021-11-09T19:39:58-03:00	-1	525	25	-1	465	25	MHZ19C
2021-11-09T19:40:04-03:00	-1	525	25	-1	465	25	MHZ19C
2021-11-09T19:40:10-03:00	-1	525	25	-1	465	25	MHZ19C
2021-11-09T19:40:16-03:00	-1	525	25	-1	465	25	MHZ19C
2021-11-09T19:40:22-03:00	-1	525	25	-1	465	25	MHZ19C
2021-11-09T19:40:28-03:00	-1	525	25	-1	460	25	MHZ19C
2021-11-09T19:40:34-03:00	-1	525	25	-1	460	25	MHZ19C
2021-11-09T19:40:40-03:00	-1	525	25	-1	465	25	MHZ19C
2021-11-09T19:40:46-03:00	-1	525	25	-1	460	25	MHZ19C
2021-11-09T19:40:52-03:00	-1	525	25	-1	460	25	MHZ19C
2021-11-09T19:40:58-03:00	530	525	25	-1	460	25	MHZ19C
2021-11-09T19:41:04-03:00	-1	525	25	-1	460	25	MHZ19C
2021-11-09T19:41:10-03:00	-1	525	25	-1	460	25	MHZ19C
2021-11-09T19:41:16-03:00	-1	525	25	-1	460	25	MHZ19C
2021-11-09T19:41:21-03:00	-1	525	25	-1	465	25	MHZ19C
2021-11-09T19:41:27-03:00	-1	525	25	-1	460	25	MHZ19C
2021-11-09T19:41:33-03:00	-1	525	25	-1	460	25	MHZ19C
2021-11-09T19:41:39-03:00	-1	525	25	-1	460	25	MHZ19C
2021-11-09T19:41:45-03:00	-1	525	25	-1	465	25	MHZ19C
2021-11-09T19:41:51-03:00	-1	525	25	-1	460	25	MHZ19C
2021-11-09T19:41:57-03:00	-1	525	25	-1	465	25	MHZ19C
2021-11-09T19:42:03-03:00	-1	525	25	-1	465	25	MHZ19C
2021-11-09T19:42:09-03:00	-1	525	25	-1	465	25	MHZ19C
2021-11-09T19:42:15-03:00	-1	525	25	-1	465	25	MHZ19C
2021-11-09T19:42:21-03:00	-1	530	25	-1	465	25	MHZ19C
2021-11-09T19:42:27-03:00	-1	530	25	-1	470	25	MHZ19C
2021-11-09T19:42:33-03:00	-1	530	25	-1	470	25	MHZ19C
2021-11-09T19:42:39-03:00	-1	535	25	-1	470	25	MHZ19C
2021-11-09T19:42:45-03:00	-1	535	25	-1	475	25	MHZ19C
2021-11-09T19:42:51-03:00	-1	535	25	-1	470	25	MHZ19C
2021-11-09T19:42:57-03:00	-1	540	25	479	475	25	MHZ19C
2021-11-09T19:43:03-03:00	-1	540	25	-1	475	25	MHZ19C
2021-11-09T19:43:09-03:00	-1	540	25	-1	475	25	MHZ19C
2021-11-09T19:43:15-03:00	-1	540	25	-1	475	25	MHZ19C
2021-11-09T19:43:21-03:00	-1	540	25	-1	475	25	MHZ19C
2021-11-09T19:43:27-03:00	-1	540	25	-1	475	25	MHZ19C
2021-11-09T19:43:33-03:00	-1	540	25	-1	475	25	MHZ19C
2021-11-09T19:43:39-03:00	-1	540	25	-1	475	25	MHZ19C
2021-11-09T19:43:45-03:00	-1	545	25	-1	475	25	MHZ19C
2021-11-09T19:43:51-03:00	-1	545	25	-1	480	25	MHZ19C
2021-11-09T19:43:57-03:00	-1	545	25	-1	475	25	MHZ19C
2021-11-09T19:44:03-03:00	-1	545	25	-1	480	25	MHZ19C
2021-11-09T19:44:09-03:00	-1	545	25	-1	480	25	MHZ19C
2021-11-09T19:44:15-03:00	-1	545	25	-1	480	25	MHZ19C
2021-11-09T19:44:21-03:00	-1	545	25	-1	480	25	MHZ19C
2021-11-09T19:44:27-03:00	-1	545	25	-1	480	25	MHZ19C
2021-11-09T19:44:33-03:00	-1	545	25	-1	480	25	MHZ19C
2021-11-09T19:44:39-03:00	-1	545	25	-1	480	25	MHZ19C
2021-11-09T19:44:45-03:00	-1	545	25	-1	480	25	MHZ19C
2021-11-09T19:44:51-03:00	-1	545	25	-1	480	25	MHZ19C
2021-11-09T19:44:57-03:00	-1	545	25	-1	480	25	MHZ19C
2021-11-09T19:45:03-03:00	552	545	25	-1	480	25	MHZ19C
2021-11-09T19:45:09-03:00	-1	545	25	-1	480	25	MHZ19C
2021-11-09T19:45:15-03:00	-1	545	25	-1	480	25	MHZ19C
2021-11-09T19:45:21-03:00	-1	545	25	-1	480	25	MHZ19C
2021-11-09T19:45:27-03:00	-1	550	25	-1	480	25	MHZ19C
2021-11-09T19:45:33-03:00	-1	550	25	-1	480	25	MHZ19C
2021-11-09T19:45:39-03:00	-1	550	25	-1	480	25	MHZ19C
2021-11-09T19:45:45-03:00	-1	550	25	-1	480	25	MHZ19C
2021-11-09T19:45:51-03:00	-1	550	25	-1	480	25	MHZ19C
2021-11-09T19:45:57-03:00	-1	550	25	-1	480	25	MHZ19C
2021-11-09T19:46:03-03:00	-1	550	25	-1	480	25	MHZ19C
2021-11-09T19:46:09-03:00	-1	550	25	-1	480	25	MHZ19C
2021-11-09T19:46:15-03:00	-1	550	25	-1	480	25	MHZ19C
2021-11-09T19:46:21-03:00	-1	550	25	-1	480	25	MHZ19C
2021-11-09T19:46:27-03:00	-1	550	25	-1	480	25	MHZ19C
2021-11-09T19:46:33-03:00	-1	550	25	-1	480	25	MHZ19C
2021-11-09T19:46:39-03:00	-1	555	25	-1	485	25	MHZ19C
2021-11-09T19:46:45-03:00	-1	555	25	-1	485	25	MHZ19C
2021-11-09T19:46:51-03:00	-1	555	25	-1	485	25	MHZ19C
2021-11-09T19:46:57-03:00	-1	550	25	-1	485	25	MHZ19C
2021-11-09T19:47:03-03:00	-1	555	25	491	485	25	MHZ19C
2021-11-09T19:47:09-03:00	-1	555	25	-1	485	25	MHZ19C
2021-11-09T19:47:15-03:00	-1	555	25	-1	485	25	MHZ19C
2021-11-09T19:47:21-03:00	-1	555	25	-1	485	25	MHZ19C
2021-11-09T19:47:27-03:00	-1	555	25	-1	490	25	MHZ19C
2021-11-09T19:47:33-03:00	-1	555	25	-1	485	25	MHZ19C
2021-11-09T19:47:39-03:00	-1	555	25	-1	490	25	MHZ19C
2021-11-09T19:47:45-03:00	-1	555	25	-1	490	25	MHZ19C
2021-11-09T19:47:51-03:00	-1	555	25	-1	490	25	MHZ19C
2021-11-09T19:47:57-03:00	-1	555	25	-1	490	25	MHZ19C
2021-11-09T19:48:03-03:00	-1	555	25	-1	490	25	MHZ19C
2021-11-09T19:48:09-03:00	-1	560	25	-1	490	25	MHZ19C
2021-11-09T19:48:15-03:00	-1	560	25	-1	485	25	MHZ19C
2021-11-09T19:48:20-03:00	-1	560	25	-1	485	25	MHZ19C
2021-11-09T19:48:26-03:00	-1	560	25	-1	490	25	MHZ19C
2021-11-09T19:48:32-03:00	-1	560	25	-1	490	25	MHZ19C
2021-11-09T19:48:38-03:00	-1	560	25	-1	485	25	MHZ19C
2021-11-09T19:48:44-03:00	-1	555	25	-1	490	25	MHZ19C
2021-11-09T19:48:50-03:00	-1	555	25	-1	485	25	MHZ19C
2021-11-09T19:48:56-03:00	-1	555	25	-1	485	25	MHZ19C
2021-11-09T19:49:02-03:00	-1	560	25	-1	490	25	MHZ19C
2021-11-09T19:49:08-03:00	564	560	25	-1	490	25	MHZ19C
2021-11-09T19:49:14-03:00	-1	560	25	-1	485	25	MHZ19C
2021-11-09T19:49:20-03:00	-1	560	25	-1	485	25	MHZ19C
2021-11-09T19:49:26-03:00	-1	560	25	-1	490	25	MHZ19C
2021-11-09T19:49:32-03:00	-1	560	25	-1	490	25	MHZ19C
2021-11-09T19:49:38-03:00	-1	560	25	-1	485	25	MHZ19C
2021-11-09T19:49:44-03:00	-1	560	25	-1	490	25	MHZ19C
2021-11-09T19:49:50-03:00	-1	560	25	-1	490	25	MHZ19C
2021-11-09T19:49:56-03:00	-1	560	25	-1	485	25	MHZ19C
2021-11-09T19:50:02-03:00	-1	560	25	-1	490	25	MHZ19C
2021-11-09T19:50:08-03:00	-1	560	25	-1	490	25	MHZ19C
2021-11-09T19:50:14-03:00	-1	560	25	-1	490	25	MHZ19C
2021-11-09T19:50:20-03:00	-1	560	25	-1	490	25	MHZ19C
2021-11-09T19:50:26-03:00	-1	560	25	-1	490	25	MHZ19C
2021-11-09T19:50:32-03:00	-1	560	25	-1	490	25	MHZ19C
2021-11-09T19:50:38-03:00	-1	560	25	-1	490	25	MHZ19C
2021-11-09T19:50:44-03:00	-1	560	25	-1	490	25	MHZ19C
2021-11-09T19:50:50-03:00	-1	560	25	-1	490	25	MHZ19C
2021-11-09T19:50:56-03:00	-1	560	25	-1	490	25	MHZ19C
2021-11-09T19:51:02-03:00	-1	560	25	-1	490	25	MHZ19C
2021-11-09T19:51:08-03:00	-1	560	25	-1	485	25	MHZ19C
2021-11-09T19:51:30-03:00	566	560	25	-1	490	25	MHZ19C
2021-11-09T19:51:36-03:00	-1	560	25	-1	490	25	MHZ19C
2021-11-09T19:51:42-03:00	-1	560	25	-1	490	25	MHZ19C
2021-11-09T19:51:48-03:00	-1	560	25	-1	490	25	MHZ19C
2021-11-09T19:51:54-03:00	-1	560	25	-1	495	25	MHZ19C
2021-11-09T19:52:00-03:00	-1	560	25	-1	495	25	MHZ19C
2021-11-09T19:52:06-03:00	-1	560	25	-1	495	25	MHZ19C
2021-11-09T19:52:12-03:00	-1	560	25	-1	495	25	MHZ19C
2021-11-09T19:52:18-03:00	-1	560	25	-1	495	25	MHZ19C
2021-11-09T19:52:24-03:00	-1	565	25	-1	495	25	MHZ19C
2021-11-09T19:52:30-03:00	-1	560	25	-1	495	25	MHZ19C
2021-11-09T19:52:36-03:00	-1	560	25	-1	495	25	MHZ19C
2021-11-09T19:52:42-03:00	-1	565	25	-1	495	25	MHZ19C
2021-11-09T19:52:48-03:00	-1	565	25	-1	495	25	MHZ19C
2021-11-09T19:52:54-03:00	-1	565	25	-1	495	25	MHZ19C
2021-11-09T19:53:00-03:00	-1	565	25	-1	495	25	MHZ19C
2021-11-09T19:53:06-03:00	-1	565	25	-1	495	25	MHZ19C
2021-11-09T19:53:12-03:00	-1	565	25	-1	495	25	MHZ19C
2021-11-09T19:53:22-03:00	572	565	25	-1	500	25	MHZ19C
2021-11-09T19:53:28-03:00	-1	565	25	-1	495	25	MHZ19C
2021-11-09T19:53:34-03:00	-1	565	25	-1	495	25	MHZ19C
2021-11-09T19:53:40-03:00	-1	565	25	-1	495	25	MHZ19C
2021-11-09T19:53:46-03:00	-1	565	25	-1	495	25	MHZ19C
2021-11-09T19:54:09-03:00	-1	565	25	-1	495	25	MHZ19C
2021-11-09T19:54:30-03:00	-1	565	25	-1	500	25	MHZ19C
2021-11-09T19:54:48-03:00	-1	570	25	-1	500	25	MHZ19C
2021-11-09T19:55:05-03:00	-1	570	25	-1	500	25	MHZ19C
2021-11-09T19:55:21-03:00	-1	570	25	507	500	25	MHZ19C
2021-11-09T19:55:36-03:00	-1	575	25	-1	500	25	MHZ19C
2021-11-09T19:55:49-03:00	-1	575	25	-1	500	25	MHZ19C
2021-11-09T19:56:02-03:00	-1	575	25	-1	505	25	MHZ19C
2021-11-09T19:56:14-03:00	-1	575	25	-1	505	25	MHZ19C
2021-11-09T19:56:25-03:00	-1	575	25	-1	510	25	MHZ19C
2021-11-09T19:56:36-03:00	-1	580	25	-1	510	25	MHZ19C
2021-11-09T19:56:46-03:00	-1	580	25	-1	515	25	MHZ19C
2021-11-09T19:56:55-03:00	-1	585	25	-1	515	25	MHZ19C
2021-11-09T19:57:03-03:00	-1	585	25	-1	520	25	MHZ19C
2021-11-09T19:57:10-03:00	-1	585	25	-1	525	25	MHZ19C
2021-11-09T19:57:17-03:00	-1	590	25	-1	525	25	MHZ19C
2021-11-09T19:57:24-03:00	598	590	25	-1	525	25	MHZ19C
2021-11-09T19:57:31-03:00	-1	590	25	-1	530	25	MHZ19C
2021-11-09T19:57:38-03:00	-1	595	25	-1	530	25	MHZ19C
2021-11-09T19:57:46-03:00	-1	595	25	-1	535	25	MHZ19C
2021-11-09T19:57:55-03:00	-1	595	25	-1	535	25	MHZ19C
2021-11-09T19:58:05-03:00	-1	600	25	-1	540	25	MHZ19C
2021-11-09T19:58:17-03:00	-1	605	25	-1	545	25	MHZ19C
2021-11-09T19:58:30-03:00	-1	605	25	-1	545	25	MHZ19C
2021-11-09T19:58:45-03:00	-1	610	25	-1	550	25	MHZ19C
2021-11-09T19:59:01-03:00	-1	615	25	-1	555	25	MHZ19C
2021-11-09T19:59:19-03:00	-1	615	25	-1	560	25	MHZ19C
2021-11-09T19:59:40-03:00	624	615	25	-1	560	25	MHZ19C
