2021-11-11T08:18:00-03:00	597	590	18	462	455	19	MHZ19C
2021-11-11T08:18:06-03:00	581	575	19	461	455	20	MHZ19C
2021-11-11T08:18:12-03:00	569	560	19	459	455	20	MHZ19C
2021-11-11T08:18:18-03:00	562	555	19	458	450	20	MHZ19C
2021-11-11T08:18:24-03:00	558	550	19	457	450	20	MHZ19C
2021-11-11T08:18:30-03:00	554	545	19	457	450	20	MHZ19C
2021-11-11T08:18:36-03:00	550	545	19	457	450	20	MHZ19C
2021-11-11T08:18:42-03:00	547	540	19	456	450	20	MHZ19C
2021-11-11T08:18:48-03:00	544	535	19	455	450	20	MHZ19C
2021-11-11T08:18:54-03:00	540	535	19	454	450	20	MHZ19C
2021-11-11T08:19:00-03:00	-1	530	19	-1	445	20	MHZ19C
2021-11-11T08:19:06-03:00	-1	530	19	-1	445	20	MHZ19C
2021-11-11T08:19:12-03:00	-1	525	19	-1	445	20	MHZ19C
2021-11-11T08:19:18-03:00	-1	525	19	-1	440	20	MHZ19C
2021-11-11T08:19:24-03:00	-1	525	19	-1	440	20	MHZ19C
2021-11-11T08:19:30-03:00	-1	520	19	-1	435	20	MHZ19C
2021-11-11T08:19:36-03:00	-1	520	19	-1	435	20	MHZ19C
2021-11-11T08:19:42-03:00	-1	520	19	-1	435	20	MHZ19C
2021-11-11T08:19:48-03:00	-1	520	19	-1	430	20	MHZ19C
2021-11-11T08:19:54-03:00	-1	520	19	-1	430	20	MHZ19C
2021-11-11T08:20:00-03:00	-1	515	19	-1	430	20	MHZ19C
2021-11-11T08:20:05-03:00	-1	515	19	-1	425	20	MHZ19C
2021-11-11T08:20:11-03:00	-1	510	19	-1	425	20	MHZ19C
2021-11-11T08:20:17-03:00	-1	510	19	-1	425	20	MHZ19C
2021-11-11T08:20:23-03:00	-1	505	19	-1	425	20	MHZ19C
2021-11-11T08:20:29-03:00	-1	505	19	-1	425	20	MHZ19C
2021-11-11T08:20:35-03:00	-1	505	19	-1	420	20	MHZ19C
2021-11-11T08:20:41-03:00	-1	500	19	-1	420	20	MHZ19C
2021-11-11T08:20:47-03:00	-1	500	19	-1	420	20	MHZ19C
2021-11-11T08:20:53-03:00	-1	500	19	-1	420	20	MHZ19C
2021-11-11T08:20:59-03:00	502	495	21	-1	420	20	MHZ19C
2021-11-11T08:21:05-03:00	-1	495	21	-1	415	20	MHZ19C
2021-11-11T08:21:11-03:00	-1	490	21	-1	415	20	MHZ19C
2021-11-11T08:21:17-03:00	-1	490	21	-1	415	20	MHZ19C
2021-11-11T08:21:23-03:00	-1	490	21	-1	415	20	MHZ19C
2021-11-11T08:21:29-03:00	-1	490	21	-1	415	20	MHZ19C
2021-11-11T08:21:35-03:00	-1	490	21	-1	415	20	MHZ19C
2021-11-11T08:21:41-03:00	-1	485	21	-1	415	20	MHZ19C
2021-11-11T08:21:47-03:00	-1	485	21	-1	415	20	MHZ19C
2021-11-11T08:21:53-03:00	-1	485	21	-1	410	20	MHZ19C
2021-11-11T08:21:59-03:00	-1	485	21	-1	410	20	MHZ19C
2021-11-11T08:22:05-03:00	-1	485	21	-1	410	20	MHZ19C
2021-11-11T08:22:11-03:00	-1	485	21	-1	410	20	MHZ19C
2021-11-11T08:22:17-03:00	-1	485	21	-1	410	20	MHZ19C
2021-11-11T08:22:23-03:00	-1	480	21	-1	410	20	MHZ19C
2021-11-11T08:22:29-03:00	-1	480	21	-1	405	20	MHZ19C
2021-11-11T08:22:35-03:00	-1	480	21	-1	405	20	MHZ19C
2021-11-11T08:22:41-03:00	-1	480	21	-1	405	20	MHZ19C
2021-11-11T08:22:47-03:00	-1	480	21	-1	405	20	MHZ19C
2021-11-11T08:22:53-03:00	-1	480	21	-1	405	20	MHZ19C
2021-11-11T08:22:59-03:00	-1	480	21	-1	405	20	MHZ19C
2021-11-11T08:23:05-03:00	483	475	22	-1	405	20	MHZ19C
2021-11-11T08:23:11-03:00	-1	475	22	-1	405	20	MHZ19C
2021-11-11T08:23:17-03:00	-1	475	22	-1	405	20	MHZ19C
2021-11-11T08:23:23-03:00	-1	475	22	-1	405	20	MHZ19C
2021-11-11T08:23:29-03:00	-1	470	22	-1	405	20	MHZ19C
2021-11-11T08:23:35-03:00	-1	470	22	-1	405	20	MHZ19C
2021-11-11T08:23:41-03:00	-1	470	22	-1	405	20	MHZ19C
2021-11-11T08:23:47-03:00	-1	470	22	-1	405	20	MHZ19C
2021-11-11T08:23:53-03:00	-1	465	22	-1	405	20	MHZ19C
2021-11-11T08:23:59-03:00	-1	465	22	-1	405	20	MHZ19C
2021-11-11T08:24:05-03:00	-1	465	22	-1	400	20	MHZ19C
2021-11-11T08:24:11-03:00	-1	465	22	-1	400	20	MHZ19C
2021-11-11T08:24:17-03:00	-1	465	22	-1	400	20	MHZ19C
2021-11-11T08:24:23-03:00	-1	465	22	-1	400	20	MHZ19C
2021-11-11T08:24:29-03:00	-1	465	22	-1	400	20	MHZ19C
2021-11-11T08:24:35-03:00	-1	465	22	-1	400	20	MHZ19C
2021-11-11T08:24:41-03:00	-1	465	22	-1	400	20	MHZ19C
2021-11-11T08:24:47-03:00	-1	465	22	-1	400	20	MHZ19C
2021-11-11T08:24:53-03:00	-1	465	22	-1	405	20	MHZ19C
2021-11-11T08:24:59-03:00	-1	465	22	-1	400	20	MHZ19C
2021-11-11T08:25:05-03:00	-1	465	22	-1	405	20	MHZ19C
2021-11-11T08:25:11-03:00	470	465	23	-1	405	20	MHZ19C
2021-11-11T08:25:17-03:00	-1	465	23	-1	405	20	MHZ19C
2021-11-11T08:25:23-03:00	-1	465	23	-1	405	20	MHZ19C
2021-11-11T08:25:29-03:00	-1	465	23	-1	405	20	MHZ19C
2021-11-11T08:25:35-03:00	-1	465	23	-1	405	20	MHZ19C
2021-11-11T08:25:41-03:00	-1	465	23	-1	405	20	MHZ19C
2021-11-11T08:25:47-03:00	-1	465	23	-1	405	20	MHZ19C
2021-11-11T08:25:52-03:00	-1	465	23	-1	405	20	MHZ19C
2021-11-11T08:25:58-03:00	-1	465	23	-1	405	20	MHZ19C
2021-11-11T08:26:04-03:00	-1	465	23	-1	400	20	MHZ19C
2021-11-11T08:26:10-03:00	-1	465	23	-1	405	20	MHZ19C
2021-11-11T08:26:16-03:00	-1	465	23	-1	400	20	MHZ19C
2021-11-11T08:26:22-03:00	-1	465	23	-1	400	20	MHZ19C
2021-11-11T08:26:28-03:00	-1	465	23	-1	400	20	MHZ19C
2021-11-11T08:26:34-03:00	-1	465	23	-1	400	20	MHZ19C
2021-11-11T08:26:40-03:00	-1	465	23	-1	400	20	MHZ19C
2021-11-11T08:26:46-03:00	-1	465	23	-1	400	20	MHZ19C
2021-11-11T08:26:52-03:00	-1	460	23	-1	400	20	MHZ19C
2021-11-11T08:26:58-03:00	-1	460	23	-1	400	20	MHZ19C
2021-11-11T08:27:04-03:00	-1	460	23	-1	400	20	MHZ19C
2021-11-11T08:27:10-03:00	-1	460	23	-1	400	20	MHZ19C
2021-11-11T08:27:16-03:00	468	460	23	-1	400	20	MHZ19C
2021-11-11T08:27:22-03:00	-1	460	23	-1	400	20	MHZ19C
2021-11-11T08:27:28-03:00	-1	460	23	-1	400	20	MHZ19C
2021-11-11T08:27:34-03:00	-1	460	23	-1	400	20	MHZ19C
2021-11-11T08:27:40-03:00	-1	460	23	-1	400	20	MHZ19C
2021-11-11T08:27:46-03:00	-1	460	23	-1	400	20	MHZ19C
2021-11-11T08:27:52-03:00	-1	460	23	-1	400	20	MHZ19C
2021-11-11T08:27:58-03:00	-1	460	23	-1	400	20	MHZ19C
2021-11-11T08:28:04-03:00	-1	460	23	-1	400	20	MHZ19C
2021-11-11T08:28:10-03:00	-1	460	23	-1	400	20	MHZ19C
2021-11-11T08:28:16-03:00	-1	460	23	-1	400	20	MHZ19C
2021-11-11T08:28:22-03:00	-1	460	23	-1	400	20	MHZ19C
2021-11-11T08:28:28-03:00	-1	460	23	-1	400	20	MHZ19C
2021-11-11T08:28:34-03:00	-1	460	23	-1	400	20	MHZ19C
2021-11-11T08:28:40-03:00	-1	460	23	-1	400	20	MHZ19C
2021-11-11T08:28:46-03:00	-1	460	23	-1	400	20	MHZ19C
2021-11-11T08:28:52-03:00	-1	460	23	-1	400	20	MHZ19C
2021-11-11T08:28:58-03:00	-1	460	23	-1	400	20	MHZ19C
2021-11-11T08:29:04-03:00	-1	460	23	-1	400	20	MHZ19C
2021-11-11T08:29:10-03:00	-1	460	23	-1	400	20	MHZ19C
2021-11-11T08:29:16-03:00	-1	460	23	-1	400	20	MHZ19C
2021-11-11T08:29:33-03:00	467	460	23	-1	400	20	MHZ19C
2021-11-11T08:29:39-03:00	-1	460	23	-1	400	20	MHZ19C
2021-11-11T08:29:45-03:00	-1	460	23	-1	400	20	MHZ19C
2021-11-11T08:29:51-03:00	-1	460	23	-1	400	20	MHZ19C
2021-11-11T08:29:57-03:00	-1	460	23	-1	400	20	MHZ19C
2021-11-11T08:30:03-03:00	-1	460	23	-1	400	20	MHZ19C
2021-11-11T08:30:09-03:00	-1	460	23	-1	400	20	MHZ19C
2021-11-11T08:30:15-03:00	-1	460	23	-1	400	20	MHZ19C
2021-11-11T08:30:21-03:00	-1	460	23	-1	400	20	MHZ19C
2021-11-11T08:30:27-03:00	-1	460	23	-1	400	20	MHZ19C
2021-11-11T08:30:33-03:00	-1	460	23	-1	400	20	MHZ19C
2021-11-11T08:30:39-03:00	-1	460	23	-1	400	20	MHZ19C
2021-11-11T08:30:45-03:00	-1	460	23	-1	400	20	MHZ19C
2021-11-11T08:30:51-03:00	-1	460	23	-1	400	20	MHZ19C
2021-11-11T08:30:57-03:00	-1	460	23	-1	400	20	MHZ19C
2021-11-11T08:31:03-03:00	-1	460	23	-1	400	20	MHZ19C
2021-11-11T08:31:09-03:00	-1	460	23	-1	400	20	MHZ19C
2021-11-11T08:31:15-03:00	-1	460	23	-1	400	20	MHZ19C
2021-11-11T08:31:21-03:00	-1	460	23	-1	400	20	MHZ19C
2021-11-11T08:31:31-03:00	464	460	24	-1	400	20	MHZ19C
2021-11-11T08:31:37-03:00	-1	455	24	-1	400	20	MHZ19C
2021-11-11T08:31:43-03:00	-1	460	24	-1	400	20	MHZ19C
2021-11-11T08:31:49-03:00	-1	460	24	-1	400	20	MHZ19C
2021-11-11T08:31:55-03:00	-1	455	24	-1	400	20	MHZ19C
2021-11-11T08:32:01-03:00	-1	455	24	-1	400	20	MHZ19C
2021-11-11T08:32:07-03:00	-1	455	24	-1	400	20	MHZ19C
2021-11-11T08:32:13-03:00	-1	455	24	-1	400	20	MHZ19C
2021-11-11T08:32:18-03:00	-1	455	24	-1	400	20	MHZ19C
2021-11-11T08:32:24-03:00	-1	455	24	-1	400	20	MHZ19C
2021-11-11T08:32:30-03:00	-1	455	24	-1	400	20	MHZ19C
2021-11-11T08:32:36-03:00	-1	455	24	-1	400	20	MHZ19C
2021-11-11T08:32:42-03:00	-1	455	24	-1	400	20	MHZ19C
2021-11-11T08:32:48-03:00	-1	455	24	-1	400	20	MHZ19C
2021-11-11T08:32:54-03:00	-1	455	24	-1	400	20	MHZ19C
2021-11-11T08:33:00-03:00	-1	455	24	-1	400	20	MHZ19C
2021-11-11T08:33:06-03:00	-1	455	24	-1	400	20	MHZ19C
2021-11-11T08:33:12-03:00	-1	455	24	-1	400	20	MHZ19C
2021-11-11T08:33:18-03:00	-1	455	24	-1	400	20	MHZ19C
2021-11-11T08:33:24-03:00	-1	455	24	-1	400	20	MHZ19C
2021-11-11T08:33:31-03:00	461	455	24	-1	400	20	MHZ19C
2021-11-11T08:33:51-03:00	-1	455	24	-1	400	20	MHZ19C
2021-11-11T08:34:09-03:00	-1	455	24	-1	400	20	MHZ19C
2021-11-11T08:34:26-03:00	-1	455	24	-1	400	20	MHZ19C
2021-11-11T08:34:41-03:00	-1	455	24	-1	400	20	MHZ19C
2021-11-11T08:34:55-03:00	-1	455	24	-1	400	20	MHZ19C
2021-11-11T08:35:08-03:00	-1	455	24	-1	400	20	MHZ19C
2021-11-11T08:35:21-03:00	-1	455	24	-1	400	20	MHZ19C
2021-11-11T08:35:33-03:00	-1	455	24	405	400	24	MHZ19C
2021-11-11T08:35:44-03:00	-1	455	24	-1	400	24	MHZ19C
2021-11-11T08:35:54-03:00	-1	455	24	-1	400	24	MHZ19C
2021-11-11T08:36:03-03:00	-1	455	24	-1	400	24	MHZ19C
2021-11-11T08:36:11-03:00	-1	455	24	-1	400	24	MHZ19C
2021-11-11T08:36:19-03:00	-1	455	24	-1	400	24	MHZ19C
2021-11-11T08:36:26-03:00	-1	455	24	-1	400	24	MHZ19C
2021-11-11T08:36:33-03:00	-1	455	24	-1	400	24	MHZ19C
2021-11-11T08:36:40-03:00	-1	455	24	-1	400	24	MHZ19C
2021-11-11T08:36:47-03:00	-1	455	24	-1	400	24	MHZ19C
2021-11-11T08:36:54-03:00	-1	455	24	-1	400	24	MHZ19C
2021-11-11T08:37:01-03:00	-1	455	24	-1	400	24	MHZ19C
2021-11-11T08:37:08-03:00	-1	455	24	-1	400	24	MHZ19C
2021-11-11T08:37:16-03:00	-1	455	24	-1	400	24	MHZ19C
2021-11-11T08:37:24-03:00	-1	455	24	-1	400	24	MHZ19C
2021-11-11T08:37:33-03:00	-1	455	24	-1	400	24	MHZ19C
2021-11-11T08:37:42-03:00	459	455	24	-1	400	24	MHZ19C
2021-11-11T08:37:52-03:00	-1	455	24	-1	400	24	MHZ19C
2021-11-11T08:38:03-03:00	-1	455	24	-1	400	24	MHZ19C
2021-11-11T08:38:15-03:00	-1	455	24	-1	400	24	MHZ19C
2021-11-11T08:38:28-03:00	-1	455	24	-1	400	24	MHZ19C
2021-11-11T08:38:42-03:00	-1	455	24	-1	400	24	MHZ19C
2021-11-11T08:38:58-03:00	-1	455	24	-1	400	24	MHZ19C
2021-11-11T08:39:15-03:00	-1	455	24	-1	400	24	MHZ19C
2021-11-11T08:39:32-03:00	-1	455	24	-1	400	24	MHZ19C
2021-11-11T08:39:39-03:00	-1	455	24	406	400	25	MHZ19C
2021-11-11T08:39:45-03:00	-1	455	24	-1	400	25	MHZ19C
2021-11-11T08:39:51-03:00	-1	455	24	-1	400	25	MHZ19C
2021-11-11T08:39:57-03:00	-1	455	24	-1	400	25	MHZ19C
2021-11-11T08:40:03-03:00	-1	455	24	-1	400	25	MHZ19C
2021-11-11T08:40:09-03:00	-1	455	24	-1	400	25	MHZ19C
2021-11-11T08:40:15-03:00	-1	455	24	-1	400	25	MHZ19C
2021-11-11T08:40:21-03:00	-1	455	24	-1	400	25	MHZ19C
2021-11-11T08:40:27-03:00	-1	455	24	-1	400	25	MHZ19C
2021-11-11T08:40:33-03:00	-1	455	24	-1	400	25	MHZ19C
2021-11-11T08:40:39-03:00	-1	455	24	-1	400	25	MHZ19C
2021-11-11T08:40:45-03:00	-1	455	24	-1	400	25	MHZ19C
2021-11-11T08:40:51-03:00	-1	455	24	-1	400	25	MHZ19C
2021-11-11T08:40:57-03:00	-1	455	24	-1	400	25	MHZ19C
2021-11-11T08:41:03-03:00	-1	455	24	-1	400	25	MHZ19C
2021-11-11T08:41:09-03:00	-1	455	24	-1	400	25	MHZ19C
2021-11-11T08:41:15-03:00	-1	455	24	-1	400	25	MHZ19C
2021-11-11T08:41:21-03:00	-1	455	24	-1	400	25	MHZ19C
2021-11-11T08:41:27-03:00	-1	455	24	-1	400	25	MHZ19C
2021-11-11T08:41:33-03:00	-1	455	24	-1	400	25	MHZ19C
2021-11-11T08:41:43-03:00	-1	455	24	406	400	25	MHZ19C
2021-11-11T08:41:49-03:00	-1	455	24	-1	400	25	MHZ19C
2021-11-11T08:41:55-03:00	-1	455	24	-1	400	25	MHZ19C
2021-11-11T08:42:01-03:00	-1	455	24	-1	400	25	MHZ19C
2021-11-11T08:42:07-03:00	-1	455	24	-1	400	25	MHZ19C
2021-11-11T08:42:13-03:00	-1	455	24	-1	400	25	MHZ19C
2021-11-11T08:42:19-03:00	-1	455	24	-1	400	25	MHZ19C
2021-11-11T08:42:25-03:00	-1	455	24	-1	400	25	MHZ19C
2021-11-11T08:42:31-03:00	-1	455	24	-1	400	25	MHZ19C
2021-11-11T08:42:37-03:00	-1	455	24	-1	400	25	MHZ19C
2021-11-11T08:42:43-03:00	-1	455	24	-1	400	25	MHZ19C
2021-11-11T08:42:49-03:00	-1	455	24	-1	400	25	MHZ19C
2021-11-11T08:42:55-03:00	-1	460	24	-1	400	25	MHZ19C
2021-11-11T08:43:01-03:00	-1	460	24	-1	400	25	MHZ19C
2021-11-11T08:43:07-03:00	-1	460	24	-1	400	25	MHZ19C
2021-11-11T08:43:13-03:00	-1	460	24	-1	400	25	MHZ19C
2021-11-11T08:43:19-03:00	-1	460	24	-1	400	25	MHZ19C
2021-11-11T08:43:25-03:00	-1	460	24	-1	400	25	MHZ19C
2021-11-11T08:43:31-03:00	-1	460	24	-1	400	25	MHZ19C
2021-11-11T08:43:37-03:00	-1	460	24	-1	400	25	MHZ19C
2021-11-11T08:43:43-03:00	465	460	24	-1	400	25	MHZ19C
2021-11-11T08:43:49-03:00	-1	460	24	-1	400	25	MHZ19C
2021-11-11T08:43:55-03:00	-1	460	24	-1	400	25	MHZ19C
2021-11-11T08:44:01-03:00	-1	460	24	-1	400	25	MHZ19C
2021-11-11T08:44:07-03:00	-1	460	24	-1	400	25	MHZ19C
2021-11-11T08:44:13-03:00	-1	460	24	-1	400	25	MHZ19C
2021-11-11T08:44:19-03:00	-1	460	24	-1	400	25	MHZ19C
2021-11-11T08:44:25-03:00	-1	460	24	-1	400	25	MHZ19C
2021-11-11T08:44:31-03:00	-1	460	24	-1	400	25	MHZ19C
2021-11-11T08:44:37-03:00	-1	460	24	-1	400	25	MHZ19C
2021-11-11T08:44:43-03:00	-1	460	24	-1	400	25	MHZ19C
2021-11-11T08:44:49-03:00	-1	460	24	-1	400	25	MHZ19C
2021-11-11T08:44:55-03:00	-1	460	24	-1	400	25	MHZ19C
2021-11-11T08:45:01-03:00	-1	460	24	-1	400	25	MHZ19C
2021-11-11T08:45:07-03:00	-1	460	24	-1	400	25	MHZ19C
2021-11-11T08:45:13-03:00	-1	460	24	-1	400	25	MHZ19C
2021-11-11T08:45:19-03:00	-1	460	24	-1	400	25	MHZ19C
2021-11-11T08:45:25-03:00	-1	460	24	-1	400	25	MHZ19C
2021-11-11T08:45:31-03:00	-1	460	24	-1	400	25	MHZ19C
2021-11-11T08:45:37-03:00	-1	460	24	-1	400	25	MHZ19C
2021-11-11T08:45:43-03:00	-1	460	24	406	400	25	MHZ19C
2021-11-11T08:45:49-03:00	-1	460	24	-1	400	25	MHZ19C
2021-11-11T08:45:55-03:00	-1	460	24	-1	400	25	MHZ19C
2021-11-11T08:46:01-03:00	-1	460	24	-1	400	25	MHZ19C
2021-11-11T08:46:07-03:00	-1	460	24	-1	400	25	MHZ19C
2021-11-11T08:46:13-03:00	-1	460	24	-1	400	25	MHZ19C
2021-11-11T08:46:19-03:00	-1	460	24	-1	400	25	MHZ19C
2021-11-11T08:46:25-03:00	-1	460	24	-1	400	25	MHZ19C
2021-11-11T08:46:31-03:00	-1	460	24	-1	400	25	MHZ19C
2021-11-11T08:46:37-03:00	-1	455	24	-1	400	25	MHZ19C
2021-11-11T08:46:42-03:00	-1	455	24	-1	400	25	MHZ19C
2021-11-11T08:46:48-03:00	-1	455	24	-1	400	25	MHZ19C
2021-11-11T08:46:54-03:00	-1	455	24	-1	400	25	MHZ19C
2021-11-11T08:47:00-03:00	-1	455	24	-1	400	25	MHZ19C
2021-11-11T08:47:06-03:00	-1	450	24	-1	400	25	MHZ19C
2021-11-11T08:47:12-03:00	-1	450	24	-1	400	25	MHZ19C
2021-11-11T08:47:18-03:00	-1	450	24	-1	400	25	MHZ19C
2021-11-11T08:47:24-03:00	-1	450	24	-1	400	25	MHZ19C
2021-11-11T08:47:30-03:00	-1	450	24	-1	400	25	MHZ19C
2021-11-11T08:47:36-03:00	-1	450	24	-1	400	25	MHZ19C
2021-11-11T08:47:42-03:00	-1	450	24	-1	400	25	MHZ19C
2021-11-11T08:47:48-03:00	455	450	24	-1	400	25	MHZ19C
2021-11-11T08:47:54-03:00	-1	450	24	-1	400	25	MHZ19C
2021-11-11T08:48:00-03:00	-1	450	24	-1	400	25	MHZ19C
2021-11-11T08:48:06-03:00	-1	450	24	-1	400	25	MHZ19C
2021-11-11T08:48:12-03:00	-1	450	24	-1	400	25	MHZ19C
2021-11-11T08:48:18-03:00	-1	450	24	-1	400	25	MHZ19C
2021-11-11T08:48:24-03:00	-1	450	24	-1	400	25	MHZ19C
2021-11-11T08:48:30-03:00	-1	450	24	-1	400	25	MHZ19C
2021-11-11T08:48:36-03:00	-1	450	24	-1	400	25	MHZ19C
2021-11-11T08:48:42-03:00	-1	450	24	-1	400	25	MHZ19C
2021-11-11T08:48:48-03:00	-1	450	24	-1	400	25	MHZ19C
2021-11-11T08:48:54-03:00	-1	450	24	-1	400	25	MHZ19C
2021-11-11T08:49:00-03:00	-1	450	24	-1	400	25	MHZ19C
2021-11-11T08:49:06-03:00	-1	450	24	-1	400	25	MHZ19C
2021-11-11T08:49:12-03:00	-1	450	24	-1	400	25	MHZ19C
2021-11-11T08:49:18-03:00	-1	450	24	-1	400	25	MHZ19C
2021-11-11T08:49:24-03:00	-1	450	24	-1	400	25	MHZ19C
2021-11-11T08:49:30-03:00	-1	450	24	-1	400	25	MHZ19C
2021-11-11T08:49:36-03:00	-1	450	24	-1	400	25	MHZ19C
2021-11-11T08:49:42-03:00	-1	450	24	-1	400	25	MHZ19C
2021-11-11T08:49:48-03:00	-1	450	24	406	400	24	MHZ19C
2021-11-11T08:49:54-03:00	-1	450	24	-1	400	24	MHZ19C
2021-11-11T08:50:00-03:00	-1	450	24	-1	400	24	MHZ19C
2021-11-11T08:50:06-03:00	-1	455	24	-1	400	24	MHZ19C
2021-11-11T08:50:12-03:00	-1	455	24	-1	400	24	MHZ19C
2021-11-11T08:50:18-03:00	-1	455	24	-1	400	24	MHZ19C
2021-11-11T08:50:24-03:00	-1	455	24	-1	400	24	MHZ19C
2021-11-11T08:50:30-03:00	-1	455	24	-1	400	24	MHZ19C
2021-11-11T08:50:36-03:00	-1	455	24	-1	400	24	MHZ19C
2021-11-11T08:50:43-03:00	-1	455	24	-1	400	24	MHZ19C
2021-11-11T08:50:49-03:00	-1	455	24	-1	400	24	MHZ19C
2021-11-11T08:50:55-03:00	-1	455	24	-1	400	24	MHZ19C
2021-11-11T08:51:01-03:00	-1	455	24	-1	400	24	MHZ19C
2021-11-11T08:51:07-03:00	-1	455	24	-1	400	24	MHZ19C
2021-11-11T08:51:13-03:00	-1	455	24	-1	400	24	MHZ19C
2021-11-11T08:51:19-03:00	-1	455	24	-1	400	24	MHZ19C
2021-11-11T08:51:25-03:00	-1	455	24	-1	400	24	MHZ19C
2021-11-11T08:51:31-03:00	-1	455	24	-1	400	24	MHZ19C
2021-11-11T08:51:37-03:00	-1	460	24	-1	400	24	MHZ19C
2021-11-11T08:51:43-03:00	-1	460	24	-1	400	24	MHZ19C
2021-11-11T08:51:49-03:00	-1	460	24	-1	400	24	MHZ19C
2021-11-11T08:51:55-03:00	466	460	24	-1	400	24	MHZ19C
2021-11-11T08:52:01-03:00	-1	460	24	-1	400	24	MHZ19C
2021-11-11T08:52:07-03:00	-1	460	24	-1	400	24	MHZ19C
2021-11-11T08:52:13-03:00	-1	465	24	-1	400	24	MHZ19C
2021-11-11T08:52:19-03:00	-1	465	24	-1	400	24	MHZ19C
2021-11-11T08:52:25-03:00	-1	465	24	-1	400	24	MHZ19C
2021-11-11T08:52:31-03:00	-1	465	24	-1	400	24	MHZ19C
2021-11-11T08:52:37-03:00	-1	465	24	-1	400	24	MHZ19C
2021-11-11T08:52:43-03:00	-1	465	24	-1	400	24	MHZ19C
2021-11-11T08:52:49-03:00	-1	465	24	-1	400	24	MHZ19C
2021-11-11T08:52:55-03:00	-1	465	24	-1	400	24	MHZ19C
2021-11-11T08:53:01-03:00	-1	465	24	-1	400	24	MHZ19C
2021-11-11T08:53:07-03:00	-1	465	24	-1	405	24	MHZ19C
2021-11-11T08:53:13-03:00	-1	465	24	-1	405	24	MHZ19C
2021-11-11T08:53:19-03:00	-1	465	24	-1	405	24	MHZ19C
2021-11-11T08:53:25-03:00	-1	465	24	-1	405	24	MHZ19C
2021-11-11T08:53:31-03:00	-1	465	24	-1	405	24	MHZ19C
2021-11-11T08:53:37-03:00	-1	465	24	-1	405	24	MHZ19C
2021-11-11T08:53:43-03:00	-1	465	24	-1	405	24	MHZ19C
2021-11-11T08:53:49-03:00	-1	465	24	-1	405	24	MHZ19C
2021-11-11T08:53:55-03:00	-1	465	24	-1	405	24	MHZ19C
2021-11-11T08:54:01-03:00	469	465	24	-1	405	24	MHZ19C
2021-11-11T08:54:07-03:00	-1	465	24	-1	405	24	MHZ19C
2021-11-11T08:54:13-03:00	-1	465	24	-1	405	24	MHZ19C
2021-11-11T08:54:19-03:00	-1	465	24	-1	405	24	MHZ19C
2021-11-11T08:54:25-03:00	-1	465	24	-1	405	24	MHZ19C
2021-11-11T08:54:31-03:00	-1	465	24	-1	405	24	MHZ19C
2021-11-11T08:54:37-03:00	-1	465	24	-1	405	24	MHZ19C
2021-11-11T08:54:42-03:00	-1	465	24	-1	405	24	MHZ19C
2021-11-11T08:54:48-03:00	-1	465	24	-1	405	24	MHZ19C
2021-11-11T08:54:54-03:00	-1	465	24	-1	405	24	MHZ19C
2021-11-11T08:55:00-03:00	-1	465	24	-1	405	24	MHZ19C
2021-11-11T08:55:06-03:00	-1	465	24	-1	405	24	MHZ19C
2021-11-11T08:55:12-03:00	-1	465	24	-1	405	24	MHZ19C
2021-11-11T08:55:18-03:00	-1	465	24	-1	405	24	MHZ19C
2021-11-11T08:55:24-03:00	-1	465	24	-1	405	24	MHZ19C
2021-11-11T08:55:30-03:00	-1	465	24	-1	405	24	MHZ19C
2021-11-11T09:27:40-03:00	500	495	19	500	495	19	MHZ19C
2021-11-11T09:27:46-03:00	500	495	19	500	495	19	MHZ19C
2021-11-11T09:27:52-03:00	573	565	19	482	475	20	MHZ19C
2021-11-11T09:27:58-03:00	560	555	19	472	465	20	MHZ19C
2021-11-11T09:28:04-03:00	546	540	19	462	455	20	MHZ19C
2021-11-11T09:28:10-03:00	532	525	19	453	445	20	MHZ19C
2021-11-11T09:28:16-03:00	526	520	20	449	445	20	MHZ19C
2021-11-11T09:28:22-03:00	522	515	20	446	440	20	MHZ19C
2021-11-11T09:28:28-03:00	518	510	20	443	435	20	MHZ19C
2021-11-11T09:28:34-03:00	514	505	20	442	435	20	MHZ19C
2021-11-11T09:28:40-03:00	-1	505	20	-1	435	20	MHZ19C
2021-11-11T09:28:46-03:00	-1	500	20	-1	430	20	MHZ19C
2021-11-11T09:28:52-03:00	-1	500	20	-1	430	20	MHZ19C
2021-11-11T09:28:58-03:00	-1	500	20	-1	425	20	MHZ19C
2021-11-11T09:29:04-03:00	-1	495	20	-1	425	20	MHZ19C
2021-11-11T09:29:10-03:00	-1	495	20	-1	425	20	MHZ19C
2021-11-11T09:29:16-03:00	-1	495	20	-1	420	20	MHZ19C
2021-11-11T09:29:22-03:00	-1	495	20	-1	420	20	MHZ19C
2021-11-11T09:29:28-03:00	-1	490	20	-1	420	20	MHZ19C
2021-11-11T09:29:34-03:00	-1	490	20	-1	415	20	MHZ19C
2021-11-11T09:29:40-03:00	-1	490	20	-1	415	20	MHZ19C
2021-11-11T09:29:46-03:00	-1	485	20	-1	410	20	MHZ19C
2021-11-11T09:29:52-03:00	-1	485	20	-1	410	20	MHZ19C
2021-11-11T09:29:58-03:00	-1	485	20	-1	410	20	MHZ19C
2021-11-11T09:30:04-03:00	-1	485	20	-1	405	20	MHZ19C
2021-11-11T09:30:10-03:00	-1	480	20	-1	405	20	MHZ19C
2021-11-11T09:30:16-03:00	-1	480	20	-1	405	20	MHZ19C
2021-11-11T09:30:22-03:00	-1	480	20	-1	405	20	MHZ19C
2021-11-11T09:30:28-03:00	-1	480	20	-1	405	20	MHZ19C
2021-11-11T09:30:34-03:00	-1	475	20	-1	405	20	MHZ19C
2021-11-11T09:30:40-03:00	483	475	22	-1	405	20	MHZ19C
2021-11-11T09:30:46-03:00	-1	475	22	-1	405	20	MHZ19C
2021-11-11T09:30:52-03:00	-1	475	22	-1	405	20	MHZ19C
2021-11-11T09:30:58-03:00	-1	475	22	-1	405	20	MHZ19C
2021-11-11T09:31:04-03:00	-1	475	22	-1	405	20	MHZ19C
2021-11-11T09:31:10-03:00	-1	475	22	-1	405	20	MHZ19C
2021-11-11T09:31:16-03:00	-1	475	22	-1	400	20	MHZ19C
2021-11-11T09:31:22-03:00	-1	470	22	-1	405	20	MHZ19C
2021-11-11T09:31:28-03:00	-1	470	22	-1	405	20	MHZ19C
2021-11-11T09:31:34-03:00	-1	470	22	-1	405	20	MHZ19C
2021-11-11T09:31:40-03:00	-1	465	22	-1	405	20	MHZ19C
2021-11-11T09:31:46-03:00	-1	465	22	-1	400	20	MHZ19C
2021-11-11T09:31:52-03:00	-1	465	22	-1	400	20	MHZ19C
2021-11-11T09:31:58-03:00	-1	465	22	-1	400	20	MHZ19C
2021-11-11T09:32:04-03:00	-1	465	22	-1	400	20	MHZ19C
2021-11-11T09:32:10-03:00	-1	460	22	-1	400	20	MHZ19C
2021-11-11T09:32:16-03:00	-1	460	22	-1	400	20	MHZ19C
2021-11-11T09:32:22-03:00	-1	460	22	-1	400	20	MHZ19C
2021-11-11T09:32:28-03:00	-1	460	22	-1	400	20	MHZ19C
2021-11-11T09:32:34-03:00	-1	460	22	-1	400	20	MHZ19C
2021-11-11T09:32:40-03:00	-1	460	22	406	400	23	MHZ19C
2021-11-11T09:32:45-03:00	-1	455	22	-1	400	23	MHZ19C
2021-11-11T09:32:51-03:00	-1	455	22	-1	400	23	MHZ19C
2021-11-11T09:32:57-03:00	-1	455	22	-1	400	23	MHZ19C
2021-11-11T09:33:03-03:00	-1	455	22	-1	400	23	MHZ19C
2021-11-11T09:33:09-03:00	-1	455	22	-1	400	23	MHZ19C
2021-11-11T09:33:15-03:00	-1	450	22	-1	400	23	MHZ19C
2021-11-11T09:33:21-03:00	-1	450	22	-1	400	23	MHZ19C
2021-11-11T09:33:27-03:00	-1	450	22	-1	400	23	MHZ19C
2021-11-11T09:33:33-03:00	-1	450	22	-1	400	23	MHZ19C
2021-11-11T09:33:39-03:00	-1	450	22	-1	400	23	MHZ19C
2021-11-11T09:33:45-03:00	-1	450	22	-1	400	23	MHZ19C
2021-11-11T09:33:51-03:00	-1	450	22	-1	400	23	MHZ19C
2021-11-11T09:33:57-03:00	-1	445	22	-1	400	23	MHZ19C
2021-11-11T09:34:03-03:00	-1	445	22	-1	400	23	MHZ19C
2021-11-11T09:34:09-03:00	-1	445	22	-1	400	23	MHZ19C
2021-11-11T09:34:15-03:00	-1	445	22	-1	400	23	MHZ19C
2021-11-11T09:34:21-03:00	-1	445	22	-1	400	23	MHZ19C
2021-11-11T09:34:27-03:00	-1	445	22	-1	400	23	MHZ19C
2021-11-11T09:34:33-03:00	-1	445	22	-1	400	23	MHZ19C
2021-11-11T09:34:39-03:00	-1	445	22	-1	400	23	MHZ19C
2021-11-11T09:34:45-03:00	450	445	23	-1	400	23	MHZ19C
2021-11-11T09:34:51-03:00	-1	445	23	-1	400	23	MHZ19C
2021-11-11T09:34:57-03:00	-1	445	23	-1	400	23	MHZ19C
2021-11-11T09:35:03-03:00	-1	445	23	-1	400	23	MHZ19C
2021-11-11T09:35:09-03:00	-1	445	23	-1	400	23	MHZ19C
2021-11-11T09:35:15-03:00	-1	445	23	-1	400	23	MHZ19C
2021-11-11T09:35:21-03:00	-1	445	23	-1	400	23	MHZ19C
2021-11-11T09:35:27-03:00	-1	440	23	-1	400	23	MHZ19C
2021-11-11T09:35:33-03:00	-1	445	23	-1	400	23	MHZ19C
2021-11-11T09:35:39-03:00	-1	440	23	-1	400	23	MHZ19C
2021-11-11T09:35:45-03:00	-1	445	23	-1	400	23	MHZ19C
2021-11-11T09:35:51-03:00	-1	445	23	-1	400	23	MHZ19C
2021-11-11T09:35:57-03:00	-1	445	23	-1	400	23	MHZ19C
2021-11-11T09:36:03-03:00	-1	445	23	-1	400	23	MHZ19C
2021-11-11T09:36:09-03:00	-1	445	23	-1	400	23	MHZ19C
2021-11-11T09:36:15-03:00	-1	445	23	-1	400	23	MHZ19C
2021-11-11T09:36:21-03:00	-1	445	23	-1	400	23	MHZ19C
2021-11-11T09:36:27-03:00	-1	440	23	-1	400	23	MHZ19C
2021-11-11T09:36:33-03:00	-1	445	23	-1	400	23	MHZ19C
2021-11-11T09:36:39-03:00	-1	445	23	-1	400	23	MHZ19C
2021-11-11T09:36:45-03:00	-1	440	23	-1	400	23	MHZ19C
2021-11-11T09:36:51-03:00	448	440	24	-1	400	23	MHZ19C
2021-11-11T09:36:57-03:00	-1	445	24	-1	400	23	MHZ19C
2021-11-11T09:37:03-03:00	-1	445	24	-1	400	23	MHZ19C
2021-11-11T09:37:09-03:00	-1	445	24	-1	400	23	MHZ19C
2021-11-11T09:37:15-03:00	-1	445	24	-1	400	23	MHZ19C
2021-11-11T09:37:21-03:00	-1	445	24	-1	400	23	MHZ19C
2021-11-11T09:37:27-03:00	-1	440	24	-1	400	23	MHZ19C
2021-11-11T09:37:33-03:00	-1	440	24	-1	400	23	MHZ19C
2021-11-11T09:37:39-03:00	-1	445	24	-1	400	23	MHZ19C
2021-11-11T09:37:45-03:00	-1	445	24	-1	400	23	MHZ19C
2021-11-11T09:37:51-03:00	-1	445	24	-1	400	23	MHZ19C
2021-11-11T09:37:57-03:00	-1	445	24	-1	400	23	MHZ19C
2021-11-11T09:38:03-03:00	-1	445	24	-1	400	23	MHZ19C
2021-11-11T09:38:09-03:00	-1	445	24	-1	400	23	MHZ19C
2021-11-11T09:38:15-03:00	-1	445	24	-1	400	23	MHZ19C
2021-11-11T09:38:21-03:00	-1	445	24	-1	400	23	MHZ19C
2021-11-11T09:38:27-03:00	-1	445	24	-1	400	23	MHZ19C
2021-11-11T09:38:33-03:00	-1	445	24	-1	400	23	MHZ19C
2021-11-11T09:38:39-03:00	-1	445	24	-1	400	23	MHZ19C
2021-11-11T09:38:45-03:00	-1	445	24	-1	400	23	MHZ19C
2021-11-11T09:38:51-03:00	-1	445	24	-1	400	23	MHZ19C
2021-11-11T09:38:57-03:00	449	445	24	-1	400	23	MHZ19C
2021-11-11T09:39:02-03:00	-1	440	24	-1	400	23	MHZ19C
2021-11-11T09:39:08-03:00	-1	440	24	-1	400	23	MHZ19C
2021-11-11T09:39:14-03:00	-1	440	24	-1	400	23	MHZ19C
2021-11-11T09:39:20-03:00	-1	440	24	-1	400	23	MHZ19C
2021-11-11T09:39:26-03:00	-1	440	24	-1	400	23	MHZ19C
2021-11-11T09:39:32-03:00	-1	440	24	-1	400	23	MHZ19C
2021-11-11T09:39:38-03:00	-1	440	24	-1	400	23	MHZ19C
2021-11-11T09:39:44-03:00	-1	440	24	-1	400	23	MHZ19C
2021-11-11T09:39:50-03:00	-1	440	24	-1	400	23	MHZ19C
2021-11-11T09:39:56-03:00	-1	440	24	-1	400	23	MHZ19C
2021-11-11T09:40:02-03:00	-1	440	24	-1	400	23	MHZ19C
2021-11-11T09:40:08-03:00	-1	440	24	-1	400	23	MHZ19C
2021-11-11T09:40:14-03:00	-1	440	24	-1	400	23	MHZ19C
2021-11-11T09:40:20-03:00	-1	440	24	-1	400	23	MHZ19C
2021-11-11T09:40:26-03:00	-1	440	24	-1	400	23	MHZ19C
2021-11-11T09:40:32-03:00	-1	440	24	-1	400	23	MHZ19C
2021-11-11T09:40:38-03:00	-1	440	24	-1	400	23	MHZ19C
2021-11-11T09:40:44-03:00	-1	440	24	-1	400	23	MHZ19C
2021-11-11T09:40:50-03:00	-1	440	24	-1	395	23	MHZ19C
2021-11-11T09:40:56-03:00	-1	440	24	-1	400	23	MHZ19C
2021-11-11T09:41:02-03:00	446	440	24	-1	400	23	MHZ19C
2021-11-11T09:41:08-03:00	-1	440	24	-1	400	23	MHZ19C
2021-11-11T09:41:14-03:00	-1	440	24	-1	400	23	MHZ19C
2021-11-11T09:41:20-03:00	-1	440	24	-1	400	23	MHZ19C
2021-11-11T09:41:26-03:00	-1	440	24	-1	395	23	MHZ19C
2021-11-11T09:41:32-03:00	-1	440	24	-1	395	23	MHZ19C
2021-11-11T09:41:38-03:00	-1	440	24	-1	400	23	MHZ19C
2021-11-11T09:41:44-03:00	-1	440	24	-1	395	23	MHZ19C
2021-11-11T09:41:50-03:00	-1	440	24	-1	395	23	MHZ19C
2021-11-11T09:41:56-03:00	-1	440	24	-1	395	23	MHZ19C
2021-11-11T09:42:02-03:00	-1	440	24	-1	395	23	MHZ19C
2021-11-11T09:42:08-03:00	-1	440	24	-1	395	23	MHZ19C
2021-11-11T09:42:14-03:00	-1	440	24	-1	395	23	MHZ19C
2021-11-11T09:42:20-03:00	-1	440	24	-1	395	23	MHZ19C
2021-11-11T09:42:26-03:00	-1	440	24	-1	395	23	MHZ19C
2021-11-11T09:42:32-03:00	-1	440	24	-1	400	23	MHZ19C
2021-11-11T09:42:38-03:00	-1	440	24	-1	395	23	MHZ19C
2021-11-11T09:42:44-03:00	-1	440	24	-1	400	23	MHZ19C
2021-11-11T09:42:50-03:00	-1	440	24	-1	395	23	MHZ19C
2021-11-11T09:42:56-03:00	-1	440	24	-1	400	23	MHZ19C
2021-11-11T09:43:02-03:00	-1	440	24	-1	400	23	MHZ19C
2021-11-11T09:43:18-03:00	447	440	24	-1	400	23	MHZ19C
2021-11-11T09:43:24-03:00	-1	440	24	-1	400	23	MHZ19C
2021-11-11T09:43:30-03:00	-1	440	24	-1	400	23	MHZ19C
2021-11-11T09:43:36-03:00	-1	440	24	-1	400	23	MHZ19C
2021-11-11T09:43:42-03:00	-1	440	24	-1	400	23	MHZ19C
2021-11-11T09:43:48-03:00	-1	440	24	-1	400	23	MHZ19C
2021-11-11T09:43:54-03:00	-1	440	24	-1	400	23	MHZ19C
2021-11-11T09:44:00-03:00	-1	440	24	-1	400	23	MHZ19C
2021-11-11T09:44:06-03:00	-1	440	24	-1	400	23	MHZ19C
2021-11-11T09:44:12-03:00	-1	440	24	-1	400	23	MHZ19C
2021-11-11T09:44:18-03:00	-1	440	24	-1	400	23	MHZ19C
2021-11-11T09:44:24-03:00	-1	440	24	-1	400	23	MHZ19C
2021-11-11T09:44:30-03:00	-1	440	24	-1	395	23	MHZ19C
2021-11-11T09:44:36-03:00	-1	440	24	-1	400	23	MHZ19C
2021-11-11T09:44:42-03:00	-1	440	24	-1	395	23	MHZ19C
2021-11-11T09:44:48-03:00	-1	440	24	-1	395	23	MHZ19C
2021-11-11T09:44:54-03:00	-1	440	24	-1	395	23	MHZ19C
2021-11-11T09:45:00-03:00	-1	440	24	-1	395	23	MHZ19C
2021-11-11T09:45:06-03:00	-1	440	24	-1	395	23	MHZ19C
2021-11-11T09:45:15-03:00	446	440	24	-1	395	23	MHZ19C
2021-11-11T09:45:21-03:00	-1	440	24	-1	395	23	MHZ19C
2021-11-11T09:45:27-03:00	-1	440	24	-1	395	23	MHZ19C
2021-11-11T09:45:33-03:00	-1	440	24	-1	395	23	MHZ19C
2021-11-11T09:45:39-03:00	-1	440	24	-1	395	23	MHZ19C
2021-11-11T09:45:45-03:00	-1	440	24	-1	395	23	MHZ19C
2021-11-11T09:45:50-03:00	-1	440	24	-1	395	23	MHZ19C
2021-11-11T09:45:56-03:00	-1	440	24	-1	395	23	MHZ19C
2021-11-11T09:46:02-03:00	-1	440	24	-1	395	23	MHZ19C
2021-11-11T09:46:08-03:00	-1	440	24	-1	395	23	MHZ19C
2021-11-11T09:46:14-03:00	-1	440	24	-1	395	23	MHZ19C
2021-11-11T09:46:20-03:00	-1	440	24	-1	395	23	MHZ19C
2021-11-11T09:46:26-03:00	-1	440	24	-1	395	23	MHZ19C
2021-11-11T09:46:32-03:00	-1	440	24	-1	400	23	MHZ19C
2021-11-11T09:46:52-03:00	-1	440	24	-1	400	23	MHZ19C
2021-11-11T09:47:10-03:00	-1	440	24	-1	400	23	MHZ19C
2021-11-11T09:47:17-03:00	446	440	24	-1	400	23	MHZ19C
2021-11-11T09:47:34-03:00	-1	440	24	-1	400	23	MHZ19C
2021-11-11T09:47:49-03:00	-1	440	24	-1	400	23	MHZ19C
2021-11-11T09:48:03-03:00	-1	440	24	-1	400	23	MHZ19C
2021-11-11T09:48:16-03:00	-1	440	24	-1	400	23	MHZ19C
2021-11-11T09:48:28-03:00	-1	440	24	-1	400	23	MHZ19C
2021-11-11T09:48:40-03:00	-1	440	24	-1	400	23	MHZ19C
2021-11-11T09:48:51-03:00	-1	440	24	-1	400	23	MHZ19C
2021-11-11T09:49:01-03:00	-1	440	24	-1	400	23	MHZ19C
2021-11-11T09:49:10-03:00	-1	440	24	-1	400	23	MHZ19C
2021-11-11T09:49:19-03:00	-1	440	24	402	395	25	MHZ19C
2021-11-11T09:49:28-03:00	-1	440	24	-1	400	25	MHZ19C
2021-11-11T09:49:36-03:00	-1	440	24	-1	400	25	MHZ19C
2021-11-11T09:49:44-03:00	-1	440	24	-1	400	25	MHZ19C
2021-11-11T09:49:52-03:00	-1	440	24	-1	400	25	MHZ19C
2021-11-11T09:49:59-03:00	-1	440	24	-1	400	25	MHZ19C
2021-11-11T09:50:06-03:00	-1	440	24	-1	400	25	MHZ19C
2021-11-11T09:50:13-03:00	-1	440	24	-1	400	25	MHZ19C
2021-11-11T09:50:20-03:00	-1	440	24	-1	400	25	MHZ19C
2021-11-11T09:50:27-03:00	-1	440	24	-1	400	25	MHZ19C
2021-11-11T09:50:34-03:00	-1	440	24	-1	400	25	MHZ19C
2021-11-11T09:50:41-03:00	-1	440	24	-1	400	25	MHZ19C
2021-11-11T09:50:49-03:00	-1	440	24	-1	400	25	MHZ19C
2021-11-11T09:50:57-03:00	-1	440	24	-1	400	25	MHZ19C
2021-11-11T09:51:06-03:00	-1	440	24	-1	400	25	MHZ19C
2021-11-11T09:51:16-03:00	-1	440	24	-1	400	25	MHZ19C
2021-11-11T09:51:27-03:00	448	440	25	-1	400	25	MHZ19C
2021-11-11T09:51:38-03:00	-1	440	25	-1	400	25	MHZ19C
2021-11-11T09:51:50-03:00	-1	440	25	-1	400	25	MHZ19C
2021-11-11T09:52:03-03:00	-1	440	25	-1	400	25	MHZ19C
2021-11-11T09:52:17-03:00	-1	440	25	-1	400	25	MHZ19C
2021-11-11T09:52:32-03:00	-1	445	25	-1	400	25	MHZ19C
2021-11-11T09:52:48-03:00	-1	445	25	-1	400	25	MHZ19C
2021-11-11T09:53:05-03:00	-1	440	25	-1	400	25	MHZ19C
2021-11-11T09:53:24-03:00	-1	440	25	-1	400	25	MHZ19C
2021-11-11T09:53:30-03:00	448	440	25	-1	400	25	MHZ19C
2021-11-11T09:53:36-03:00	-1	445	25	-1	400	25	MHZ19C
2021-11-11T09:53:42-03:00	-1	440	25	-1	400	25	MHZ19C
2021-11-11T09:53:48-03:00	-1	440	25	-1	400	25	MHZ19C
2021-11-11T09:53:54-03:00	-1	440	25	-1	400	25	MHZ19C
2021-11-11T09:54:00-03:00	-1	440	25	-1	400	25	MHZ19C
2021-11-11T09:54:06-03:00	-1	440	25	-1	400	25	MHZ19C
2021-11-11T09:54:12-03:00	-1	440	25	-1	400	25	MHZ19C
2021-11-11T09:54:18-03:00	-1	440	25	-1	400	25	MHZ19C
2021-11-11T09:54:24-03:00	-1	440	25	-1	400	25	MHZ19C
2021-11-11T09:54:30-03:00	-1	440	25	-1	400	25	MHZ19C
2021-11-11T09:54:36-03:00	-1	440	25	-1	400	25	MHZ19C
2021-11-11T09:54:42-03:00	-1	440	25	-1	400	25	MHZ19C
2021-11-11T09:54:48-03:00	-1	440	25	-1	400	25	MHZ19C
2021-11-11T09:54:54-03:00	-1	440	25	-1	400	25	MHZ19C
2021-11-11T09:55:00-03:00	-1	440	25	-1	400	25	MHZ19C
2021-11-11T09:55:06-03:00	-1	440	25	-1	400	25	MHZ19C
2021-11-11T09:55:12-03:00	-1	440	25	-1	400	25	MHZ19C
2021-11-11T09:55:18-03:00	-1	440	25	-1	400	25	MHZ19C
2021-11-11T09:55:24-03:00	-1	440	25	-1	400	25	MHZ19C
2021-11-11T09:55:31-03:00	-1	440	25	403	400	25	MHZ19C
2021-11-11T09:55:37-03:00	-1	440	25	-1	400	25	MHZ19C
2021-11-11T09:55:43-03:00	-1	440	25	-1	400	25	MHZ19C
2021-11-11T09:55:49-03:00	-1	440	25	-1	400	25	MHZ19C
2021-11-11T09:55:55-03:00	-1	445	25	-1	400	25	MHZ19C
2021-11-11T09:56:01-03:00	-1	445	25	-1	400	25	MHZ19C
2021-11-11T09:56:07-03:00	-1	445	25	-1	400	25	MHZ19C
2021-11-11T09:56:13-03:00	-1	450	25	-1	400	25	MHZ19C
2021-11-11T09:56:19-03:00	-1	450	25	-1	400	25	MHZ19C
2021-11-11T09:56:25-03:00	-1	455	25	-1	400	25	MHZ19C
2021-11-11T09:56:31-03:00	-1	460	25	-1	400	25	MHZ19C
2021-11-11T09:56:37-03:00	-1	460	25	-1	400	25	MHZ19C
2021-11-11T09:56:43-03:00	-1	465	25	-1	400	25	MHZ19C
2021-11-11T09:56:49-03:00	-1	465	25	-1	400	25	MHZ19C
2021-11-11T09:56:55-03:00	-1	470	25	-1	400	25	MHZ19C
2021-11-11T09:57:01-03:00	-1	470	25	-1	405	25	MHZ19C
2021-11-11T09:57:07-03:00	-1	470	25	-1	405	25	MHZ19C
2021-11-11T09:57:13-03:00	-1	475	25	-1	405	25	MHZ19C
2021-11-11T09:57:19-03:00	-1	475	25	-1	405	25	MHZ19C
2021-11-11T09:57:25-03:00	-1	475	25	-1	405	25	MHZ19C
2021-11-11T09:57:34-03:00	-1	480	25	414	410	25	MHZ19C
2021-11-11T09:57:40-03:00	-1	485	25	-1	415	25	MHZ19C
2021-11-11T09:57:46-03:00	-1	485	25	-1	420	25	MHZ19C
2021-11-11T09:57:52-03:00	-1	490	25	-1	420	25	MHZ19C
2021-11-11T09:57:58-03:00	-1	495	25	-1	425	25	MHZ19C
2021-11-11T09:58:04-03:00	-1	500	25	-1	425	25	MHZ19C
2021-11-11T09:58:10-03:00	-1	505	25	-1	430	25	MHZ19C
2021-11-11T09:58:16-03:00	-1	505	25	-1	430	25	MHZ19C
2021-11-11T09:58:22-03:00	-1	510	25	-1	435	25	MHZ19C
2021-11-11T09:58:28-03:00	-1	515	25	-1	435	25	MHZ19C
2021-11-11T09:58:34-03:00	-1	515	25	-1	440	25	MHZ19C
2021-11-11T09:58:40-03:00	-1	520	25	-1	440	25	MHZ19C
2021-11-11T09:58:46-03:00	-1	520	25	-1	440	25	MHZ19C
2021-11-11T09:58:52-03:00	-1	520	25	-1	445	25	MHZ19C
2021-11-11T09:58:58-03:00	-1	520	25	-1	445	25	MHZ19C
2021-11-11T09:59:04-03:00	-1	520	25	-1	445	25	MHZ19C
2021-11-11T09:59:10-03:00	-1	520	25	-1	445	25	MHZ19C
2021-11-11T09:59:16-03:00	-1	520	25	-1	445	25	MHZ19C
2021-11-11T09:59:22-03:00	-1	520	25	-1	445	25	MHZ19C
2021-11-11T09:59:28-03:00	-1	520	25	-1	445	25	MHZ19C
2021-11-11T09:59:33-03:00	521	515	24	-1	440	25	MHZ19C
2021-11-11T09:59:39-03:00	-1	510	24	-1	440	25	MHZ19C
2021-11-11T09:59:45-03:00	-1	505	24	-1	435	25	MHZ19C
2021-11-11T09:59:51-03:00	-1	500	24	-1	430	25	MHZ19C
2021-11-11T09:59:57-03:00	-1	495	24	-1	425	25	MHZ19C
2021-11-11T10:00:03-03:00	-1	490	24	-1	420	25	MHZ19C
2021-11-11T10:00:09-03:00	-1	490	24	-1	420	25	MHZ19C
2021-11-11T10:00:15-03:00	-1	485	24	-1	415	25	MHZ19C
2021-11-11T10:00:21-03:00	-1	485	24	-1	410	25	MHZ19C
2021-11-11T10:00:27-03:00	-1	480	24	-1	410	25	MHZ19C
2021-11-11T10:00:33-03:00	-1	480	24	-1	410	25	MHZ19C
2021-11-11T10:00:39-03:00	-1	480	24	-1	405	25	MHZ19C
2021-11-11T10:00:45-03:00	-1	475	24	-1	405	25	MHZ19C
2021-11-11T10:00:51-03:00	-1	475	24	-1	405	25	MHZ19C
2021-11-11T10:00:57-03:00	-1	475	24	-1	405	25	MHZ19C
2021-11-11T10:01:03-03:00	-1	475	24	-1	405	25	MHZ19C
2021-11-11T10:01:09-03:00	-1	470	24	-1	405	25	MHZ19C
2021-11-11T10:01:15-03:00	-1	470	24	-1	405	25	MHZ19C
2021-11-11T10:01:21-03:00	-1	470	24	-1	405	25	MHZ19C
2021-11-11T10:01:27-03:00	-1	470	24	-1	405	25	MHZ19C
2021-11-11T10:01:33-03:00	-1	465	24	408	405	24	MHZ19C
2021-11-11T10:01:39-03:00	-1	465	24	-1	405	24	MHZ19C
2021-11-11T10:01:45-03:00	-1	465	24	-1	405	24	MHZ19C
2021-11-11T10:01:51-03:00	-1	465	24	-1	405	24	MHZ19C
2021-11-11T10:01:57-03:00	-1	465	24	-1	405	24	MHZ19C
2021-11-11T10:02:03-03:00	-1	465	24	-1	405	24	MHZ19C
2021-11-11T10:02:09-03:00	-1	465	24	-1	405	24	MHZ19C
2021-11-11T10:02:15-03:00	-1	465	24	-1	405	24	MHZ19C
2021-11-11T10:02:21-03:00	-1	465	24	-1	405	24	MHZ19C
2021-11-11T10:02:27-03:00	-1	465	24	-1	405	24	MHZ19C
2021-11-11T10:02:33-03:00	-1	465	24	-1	405	24	MHZ19C
2021-11-11T10:02:39-03:00	-1	465	24	-1	405	24	MHZ19C
2021-11-11T10:02:45-03:00	-1	465	24	-1	405	24	MHZ19C
2021-11-11T10:02:51-03:00	-1	465	24	-1	405	24	MHZ19C
2021-11-11T10:02:57-03:00	-1	465	24	-1	405	24	MHZ19C
2021-11-11T10:03:03-03:00	-1	470	24	-1	405	24	MHZ19C
2021-11-11T10:03:09-03:00	-1	470	24	-1	405	24	MHZ19C
2021-11-11T10:03:15-03:00	-1	470	24	-1	405	24	MHZ19C
2021-11-11T10:03:21-03:00	-1	470	24	-1	405	24	MHZ19C
2021-11-11T10:03:27-03:00	-1	470	24	-1	405	24	MHZ19C
2021-11-11T10:03:33-03:00	-1	470	24	-1	405	24	MHZ19C
2021-11-11T10:03:39-03:00	474	470	24	-1	405	24	MHZ19C
2021-11-11T10:03:45-03:00	-1	470	24	-1	405	24	MHZ19C
2021-11-11T10:03:51-03:00	-1	470	24	-1	405	24	MHZ19C
2021-11-11T10:03:57-03:00	-1	465	24	-1	405	24	MHZ19C
2021-11-11T10:04:03-03:00	-1	465	24	-1	400	24	MHZ19C
2021-11-11T10:04:09-03:00	-1	465	24	-1	400	24	MHZ19C
2021-11-11T10:04:15-03:00	-1	465	24	-1	400	24	MHZ19C
2021-11-11T10:04:21-03:00	-1	465	24	-1	400	24	MHZ19C
2021-11-11T10:04:27-03:00	-1	465	24	-1	400	24	MHZ19C
2021-11-11T10:04:33-03:00	-1	465	24	-1	400	24	MHZ19C
2021-11-11T10:04:39-03:00	-1	465	24	-1	400	24	MHZ19C
2021-11-11T10:04:45-03:00	-1	460	24	-1	400	24	MHZ19C
2021-11-11T10:04:51-03:00	-1	460	24	-1	400	24	MHZ19C
2021-11-11T10:04:57-03:00	-1	460	24	-1	400	24	MHZ19C
2021-11-11T10:05:03-03:00	-1	460	24	-1	400	24	MHZ19C
2021-11-11T10:05:09-03:00	-1	460	24	-1	400	24	MHZ19C
2021-11-11T10:05:15-03:00	-1	460	24	-1	400	24	MHZ19C
2021-11-11T10:05:21-03:00	-1	460	24	-1	400	24	MHZ19C
2021-11-11T10:05:27-03:00	-1	460	24	-1	400	24	MHZ19C
2021-11-11T10:05:33-03:00	-1	460	24	-1	400	24	MHZ19C
2021-11-11T10:05:39-03:00	-1	460	24	407	400	25	MHZ19C
2021-11-11T10:05:45-03:00	-1	460	24	-1	400	25	MHZ19C
2021-11-11T10:05:51-03:00	-1	460	24	-1	400	25	MHZ19C
2021-11-11T10:05:56-03:00	-1	460	24	-1	400	25	MHZ19C
2021-11-11T10:06:02-03:00	-1	460	24	-1	400	25	MHZ19C
2021-11-11T10:06:08-03:00	-1	460	24	-1	400	25	MHZ19C
2021-11-11T10:06:14-03:00	-1	460	24	-1	400	25	MHZ19C
2021-11-11T10:06:20-03:00	-1	460	24	-1	400	25	MHZ19C
2021-11-11T10:06:26-03:00	-1	460	24	-1	400	25	MHZ19C
2021-11-11T10:06:32-03:00	-1	460	24	-1	405	25	MHZ19C
2021-11-11T10:06:38-03:00	-1	460	24	-1	405	25	MHZ19C
2021-11-11T10:06:44-03:00	-1	460	24	-1	400	25	MHZ19C
2021-11-11T10:06:50-03:00	-1	460	24	-1	405	25	MHZ19C
2021-11-11T10:06:56-03:00	-1	460	24	-1	400	25	MHZ19C
2021-11-11T10:07:02-03:00	-1	460	24	-1	405	25	MHZ19C
2021-11-11T10:07:08-03:00	-1	460	24	-1	405	25	MHZ19C
2021-11-11T10:07:14-03:00	-1	460	24	-1	405	25	MHZ19C
2021-11-11T10:07:20-03:00	-1	460	24	-1	400	25	MHZ19C
2021-11-11T10:07:26-03:00	-1	460	24	-1	400	25	MHZ19C
2021-11-11T10:07:32-03:00	-1	465	24	-1	400	25	MHZ19C
2021-11-11T10:07:38-03:00	-1	465	24	-1	400	25	MHZ19C
2021-11-11T10:07:44-03:00	468	460	24	-1	400	25	MHZ19C
2021-11-11T10:07:50-03:00	-1	465	24	-1	400	25	MHZ19C
2021-11-11T10:07:56-03:00	-1	465	24	-1	400	25	MHZ19C
2021-11-11T10:08:02-03:00	-1	460	24	-1	400	25	MHZ19C
2021-11-11T10:08:08-03:00	-1	460	24	-1	400	25	MHZ19C
2021-11-11T10:08:14-03:00	-1	465	24	-1	400	25	MHZ19C
2021-11-11T10:08:20-03:00	-1	465	24	-1	400	25	MHZ19C
2021-11-11T10:08:26-03:00	-1	460	24	-1	400	25	MHZ19C
2021-11-11T10:08:32-03:00	-1	465	24	-1	400	25	MHZ19C
2021-11-11T10:08:38-03:00	-1	460	24	-1	400	25	MHZ19C
2021-11-11T10:08:44-03:00	-1	460	24	-1	400	25	MHZ19C
2021-11-11T10:08:50-03:00	-1	460	24	-1	400	25	MHZ19C
2021-11-11T10:08:56-03:00	-1	460	24	-1	400	25	MHZ19C
2021-11-11T10:09:02-03:00	-1	460	24	-1	400	25	MHZ19C
2021-11-11T10:09:08-03:00	-1	460	24	-1	400	25	MHZ19C
2021-11-11T10:09:14-03:00	-1	460	24	-1	400	25	MHZ19C
2021-11-11T10:09:20-03:00	-1	460	24	-1	400	25	MHZ19C
2021-11-11T10:09:26-03:00	-1	460	24	-1	400	25	MHZ19C
2021-11-11T10:09:32-03:00	-1	460	24	-1	400	25	MHZ19C
2021-11-11T10:09:38-03:00	-1	460	24	-1	400	25	MHZ19C
2021-11-11T10:09:44-03:00	-1	460	24	407	400	25	MHZ19C
2021-11-11T10:09:50-03:00	-1	460	24	-1	400	25	MHZ19C
2021-11-11T10:09:56-03:00	-1	460	24	-1	400	25	MHZ19C
2021-11-11T10:10:02-03:00	-1	460	24	-1	400	25	MHZ19C
2021-11-11T10:10:08-03:00	-1	460	24	-1	400	25	MHZ19C
2021-11-11T10:10:14-03:00	-1	460	24	-1	400	25	MHZ19C
2021-11-11T10:10:20-03:00	-1	460	24	-1	400	25	MHZ19C
2021-11-11T10:10:26-03:00	-1	460	24	-1	400	25	MHZ19C
2021-11-11T10:10:32-03:00	-1	460	24	-1	400	25	MHZ19C
2021-11-11T10:10:38-03:00	-1	460	24	-1	400	25	MHZ19C
2021-11-11T10:10:44-03:00	-1	460	24	-1	400	25	MHZ19C
2021-11-11T10:10:50-03:00	-1	460	24	-1	400	25	MHZ19C
2021-11-11T10:10:56-03:00	-1	460	24	-1	400	25	MHZ19C
2021-11-11T10:11:02-03:00	-1	460	24	-1	400	25	MHZ19C
2021-11-11T10:11:08-03:00	-1	460	24	-1	400	25	MHZ19C
2021-11-11T10:11:14-03:00	-1	460	24	-1	400	25	MHZ19C
2021-11-11T10:11:20-03:00	-1	460	24	-1	400	25	MHZ19C
2021-11-11T10:11:26-03:00	-1	460	24	-1	400	25	MHZ19C
2021-11-11T10:11:32-03:00	-1	460	24	-1	400	25	MHZ19C
2021-11-11T10:11:38-03:00	-1	460	24	-1	400	25	MHZ19C
2021-11-11T10:11:44-03:00	-1	460	24	-1	400	25	MHZ19C
2021-11-11T10:11:50-03:00	466	460	25	-1	400	25	MHZ19C
2021-11-11T10:11:56-03:00	-1	460	25	-1	400	25	MHZ19C
2021-11-11T10:12:02-03:00	-1	460	25	-1	400	25	MHZ19C
2021-11-11T10:12:08-03:00	-1	460	25	-1	400	25	MHZ19C
2021-11-11T10:12:13-03:00	-1	460	25	-1	400	25	MHZ19C
2021-11-11T10:12:19-03:00	-1	460	25	-1	400	25	MHZ19C
2021-11-11T10:12:25-03:00	-1	460	25	-1	400	25	MHZ19C
2021-11-11T10:12:31-03:00	-1	460	25	-1	400	25	MHZ19C
2021-11-11T10:12:37-03:00	-1	460	25	-1	400	25	MHZ19C
2021-11-11T10:12:43-03:00	-1	460	25	-1	400	25	MHZ19C
2021-11-11T10:12:49-03:00	-1	460	25	-1	400	25	MHZ19C
2021-11-11T10:12:55-03:00	-1	460	25	-1	400	25	MHZ19C
2021-11-11T10:13:01-03:00	-1	460	25	-1	400	25	MHZ19C
2021-11-11T10:13:07-03:00	-1	460	25	-1	400	25	MHZ19C
2021-11-11T10:13:13-03:00	-1	460	25	-1	400	25	MHZ19C
2021-11-11T10:13:19-03:00	-1	460	25	-1	400	25	MHZ19C
2021-11-11T10:13:25-03:00	-1	460	25	-1	400	25	MHZ19C
2021-11-11T10:13:31-03:00	-1	460	25	-1	400	25	MHZ19C
2021-11-11T10:13:37-03:00	-1	460	25	-1	400	25	MHZ19C
2021-11-11T10:13:43-03:00	-1	460	25	-1	400	25	MHZ19C
2021-11-11T10:13:49-03:00	-1	460	25	406	400	25	MHZ19C
2021-11-11T10:13:55-03:00	-1	460	25	-1	400	25	MHZ19C
2021-11-11T10:14:01-03:00	-1	460	25	-1	400	25	MHZ19C
2021-11-11T10:14:07-03:00	-1	460	25	-1	400	25	MHZ19C
2021-11-11T10:14:13-03:00	-1	460	25	-1	400	25	MHZ19C
2021-11-11T10:14:19-03:00	-1	460	25	-1	400	25	MHZ19C
2021-11-11T10:14:25-03:00	-1	460	25	-1	400	25	MHZ19C
2021-11-11T10:14:31-03:00	-1	460	25	-1	400	25	MHZ19C
2021-11-11T10:14:37-03:00	-1	460	25	-1	400	25	MHZ19C
2021-11-11T10:14:43-03:00	-1	460	25	-1	400	25	MHZ19C
2021-11-11T10:14:49-03:00	-1	460	25	-1	400	25	MHZ19C
2021-11-11T10:14:55-03:00	-1	460	25	-1	400	25	MHZ19C
2021-11-11T10:15:01-03:00	-1	460	25	-1	400	25	MHZ19C
2021-11-11T10:15:07-03:00	-1	460	25	-1	400	25	MHZ19C
2021-11-11T10:15:13-03:00	-1	460	25	-1	400	25	MHZ19C
2021-11-11T10:15:19-03:00	-1	460	25	-1	400	25	MHZ19C
2021-11-11T10:15:25-03:00	-1	460	25	-1	400	25	MHZ19C
2021-11-11T10:15:31-03:00	-1	460	25	-1	400	25	MHZ19C
2021-11-11T10:15:37-03:00	-1	460	25	-1	400	25	MHZ19C
2021-11-11T10:15:43-03:00	-1	455	25	-1	400	25	MHZ19C
2021-11-11T10:15:49-03:00	-1	455	25	-1	400	25	MHZ19C
2021-11-11T10:15:55-03:00	463	455	25	-1	400	25	MHZ19C
2021-11-11T10:16:01-03:00	-1	455	25	-1	400	25	MHZ19C
2021-11-11T10:16:07-03:00	-1	455	25	-1	400	25	MHZ19C
2021-11-11T10:16:13-03:00	-1	455	25	-1	400	25	MHZ19C
2021-11-11T10:16:19-03:00	-1	455	25	-1	400	25	MHZ19C
2021-11-11T10:16:25-03:00	-1	455	25	-1	400	25	MHZ19C
2021-11-11T10:16:31-03:00	-1	455	25	-1	400	25	MHZ19C
2021-11-11T10:16:37-03:00	-1	455	25	-1	400	25	MHZ19C
2021-11-11T10:16:43-03:00	-1	455	25	-1	400	25	MHZ19C
2021-11-11T10:16:49-03:00	-1	455	25	-1	400	25	MHZ19C
2021-11-11T10:16:55-03:00	-1	450	25	-1	400	25	MHZ19C
2021-11-11T10:17:01-03:00	-1	450	25	-1	400	25	MHZ19C
2021-11-11T10:17:07-03:00	-1	450	25	-1	400	25	MHZ19C
2021-11-11T10:17:13-03:00	-1	450	25	-1	400	25	MHZ19C
2021-11-11T10:17:19-03:00	-1	450	25	-1	400	25	MHZ19C
2021-11-11T10:17:25-03:00	-1	450	25	-1	400	25	MHZ19C
2021-11-11T10:17:31-03:00	-1	450	25	-1	400	25	MHZ19C
2021-11-11T10:17:37-03:00	-1	450	25	-1	400	25	MHZ19C
2021-11-11T10:17:43-03:00	-1	450	25	-1	400	25	MHZ19C
2021-11-11T10:17:49-03:00	-1	450	25	-1	400	25	MHZ19C
2021-11-11T10:17:55-03:00	-1	450	25	405	400	25	MHZ19C
2021-11-11T10:18:01-03:00	-1	450	25	-1	400	25	MHZ19C
2021-11-11T10:18:07-03:00	-1	450	25	-1	400	25	MHZ19C
2021-11-11T10:18:13-03:00	-1	450	25	-1	400	25	MHZ19C
2021-11-11T10:18:19-03:00	-1	450	25	-1	400	25	MHZ19C
2021-11-11T10:18:25-03:00	-1	450	25	-1	400	25	MHZ19C
2021-11-11T10:18:30-03:00	-1	450	25	-1	400	25	MHZ19C
2021-11-11T10:18:36-03:00	-1	450	25	-1	400	25	MHZ19C
2021-11-11T10:18:42-03:00	-1	450	25	-1	400	25	MHZ19C
2021-11-11T10:18:48-03:00	-1	450	25	-1	400	25	MHZ19C
2021-11-11T10:18:54-03:00	-1	450	25	-1	400	25	MHZ19C
2021-11-11T10:19:00-03:00	-1	455	25	-1	400	25	MHZ19C
2021-11-11T10:19:06-03:00	-1	455	25	-1	400	25	MHZ19C
2021-11-11T10:19:12-03:00	-1	455	25	-1	400	25	MHZ19C
2021-11-11T10:19:18-03:00	-1	455	25	-1	400	25	MHZ19C
2021-11-11T10:19:24-03:00	-1	455	25	-1	400	25	MHZ19C
2021-11-11T10:19:30-03:00	-1	455	25	-1	400	25	MHZ19C
2021-11-11T10:19:36-03:00	-1	450	25	-1	400	25	MHZ19C
2021-11-11T10:19:42-03:00	-1	455	25	-1	400	25	MHZ19C
2021-11-11T10:19:48-03:00	-1	450	25	-1	400	25	MHZ19C
2021-11-11T10:19:54-03:00	-1	450	25	-1	400	25	MHZ19C
2021-11-11T10:20:00-03:00	457	450	25	-1	400	25	MHZ19C
2021-11-11T10:20:06-03:00	-1	450	25	-1	400	25	MHZ19C
2021-11-11T10:20:12-03:00	-1	450	25	-1	400	25	MHZ19C
2021-11-11T10:20:18-03:00	-1	450	25	-1	400	25	MHZ19C
2021-11-11T10:20:24-03:00	-1	450	25	-1	400	25	MHZ19C
2021-11-11T10:20:30-03:00	-1	450	25	-1	400	25	MHZ19C
2021-11-11T10:20:36-03:00	-1	445	25	-1	400	25	MHZ19C
2021-11-11T10:20:42-03:00	-1	445	25	-1	400	25	MHZ19C
2021-11-11T10:20:48-03:00	-1	445	25	-1	400	25	MHZ19C
2021-11-11T10:20:54-03:00	-1	445	25	-1	400	25	MHZ19C
2021-11-11T10:21:00-03:00	-1	440	25	-1	400	25	MHZ19C
2021-11-11T10:21:06-03:00	-1	440	25	-1	400	25	MHZ19C
2021-11-11T10:21:12-03:00	-1	440	25	-1	400	25	MHZ19C
2021-11-11T10:21:18-03:00	-1	440	25	-1	400	25	MHZ19C
2021-11-11T10:21:24-03:00	-1	440	25	-1	400	25	MHZ19C
2021-11-11T10:21:30-03:00	-1	440	25	-1	400	25	MHZ19C
2021-11-11T10:21:36-03:00	-1	440	25	-1	400	25	MHZ19C
2021-11-11T10:21:42-03:00	-1	440	25	-1	400	25	MHZ19C
2021-11-11T10:21:48-03:00	-1	440	25	-1	400	25	MHZ19C
2021-11-11T10:21:54-03:00	-1	440	25	-1	400	25	MHZ19C
2021-11-11T10:22:00-03:00	-1	440	25	403	400	25	MHZ19C
2021-11-11T10:22:06-03:00	-1	440	25	-1	400	25	MHZ19C
2021-11-11T10:22:12-03:00	-1	440	25	-1	395	25	MHZ19C
2021-11-11T10:22:18-03:00	-1	435	25	-1	395	25	MHZ19C
2021-11-11T10:22:24-03:00	-1	435	25	-1	395	25	MHZ19C
2021-11-11T10:22:30-03:00	-1	435	25	-1	395	25	MHZ19C
2021-11-11T10:22:36-03:00	-1	435	25	-1	395	25	MHZ19C
2021-11-11T10:22:42-03:00	-1	435	25	-1	395	25	MHZ19C
2021-11-11T10:22:48-03:00	-1	435	25	-1	395	25	MHZ19C
2021-11-11T10:22:54-03:00	-1	435	25	-1	395	25	MHZ19C
2021-11-11T10:23:00-03:00	-1	435	25	-1	395	25	MHZ19C
2021-11-11T10:23:06-03:00	-1	435	25	-1	395	25	MHZ19C
2021-11-11T10:23:12-03:00	-1	435	25	-1	395	25	MHZ19C
2021-11-11T10:23:18-03:00	-1	435	25	-1	395	25	MHZ19C
2021-11-11T10:23:24-03:00	-1	435	25	-1	395	25	MHZ19C
2021-11-11T10:23:30-03:00	-1	435	25	-1	395	25	MHZ19C
2021-11-11T10:23:36-03:00	-1	435	25	-1	395	25	MHZ19C
2021-11-11T10:23:42-03:00	-1	435	25	-1	395	25	MHZ19C
2021-11-11T10:23:48-03:00	-1	435	25	-1	395	25	MHZ19C
2021-11-11T10:23:54-03:00	-1	435	25	-1	395	25	MHZ19C
2021-11-11T10:24:00-03:00	-1	435	25	-1	395	25	MHZ19C
2021-11-11T10:24:06-03:00	441	435	25	-1	395	25	MHZ19C
2021-11-11T10:24:12-03:00	-1	435	25	-1	395	25	MHZ19C
2021-11-11T10:24:18-03:00	-1	435	25	-1	395	25	MHZ19C
2021-11-11T10:24:24-03:00	-1	435	25	-1	395	25	MHZ19C
2021-11-11T10:24:30-03:00	-1	435	25	-1	395	25	MHZ19C
2021-11-11T10:24:36-03:00	-1	435	25	-1	395	25	MHZ19C
2021-11-11T10:24:42-03:00	-1	435	25	-1	395	25	MHZ19C
2021-11-11T10:24:48-03:00	-1	435	25	-1	395	25	MHZ19C
2021-11-11T10:24:54-03:00	-1	435	25	-1	395	25	MHZ19C
2021-11-11T10:25:00-03:00	-1	435	25	-1	395	25	MHZ19C
2021-11-11T10:25:06-03:00	-1	435	25	-1	395	25	MHZ19C
2021-11-11T10:25:12-03:00	-1	435	25	-1	395	25	MHZ19C
2021-11-11T10:25:17-03:00	-1	435	25	-1	400	25	MHZ19C
2021-11-11T10:25:23-03:00	-1	435	25	-1	400	25	MHZ19C
2021-11-11T10:25:29-03:00	-1	435	25	-1	400	25	MHZ19C
2021-11-11T10:25:35-03:00	-1	440	25	-1	400	25	MHZ19C
2021-11-11T10:25:41-03:00	-1	440	25	-1	400	25	MHZ19C
