2022-01-05T10:11:05-03:00	462	31	63	SCD30
2022-01-05T10:11:07-03:00	463	31	63	SCD30
2022-01-05T10:11:09-03:00	462	31	63	SCD30
2022-01-05T10:11:11-03:00	463	31	63	SCD30
2022-01-05T10:11:13-03:00	463	31	63	SCD30
2022-01-05T10:11:15-03:00	463	31	63	SCD30
2022-01-05T10:11:17-03:00	463	31	63	SCD30
2022-01-05T10:11:20-03:00	463	31	63	SCD30
2022-01-05T10:11:22-03:00	463	31	63	SCD30
2022-01-05T10:11:24-03:00	463	31	63	SCD30
2022-01-05T10:11:26-03:00	463	31	63	SCD30
2022-01-05T10:11:28-03:00	463	31	63	SCD30
2022-01-05T10:11:30-03:00	463	31	63	SCD30
2022-01-05T10:11:32-03:00	463	31	63	SCD30
2022-01-05T10:11:34-03:00	464	31	63	SCD30
2022-01-05T10:11:36-03:00	464	31	63	SCD30
2022-01-05T10:11:38-03:00	465	31	63	SCD30
2022-01-05T10:11:40-03:00	464	31	63	SCD30
2022-01-05T10:11:43-03:00	464	31	63	SCD30
2022-01-05T10:11:45-03:00	463	31	63	SCD30
2022-01-05T10:11:47-03:00	463	31	63	SCD30
2022-01-05T10:11:49-03:00	463	31	63	SCD30
2022-01-05T10:11:51-03:00	462	31	63	SCD30
2022-01-05T10:11:53-03:00	462	31	63	SCD30
2022-01-05T10:11:56-03:00	461	31	63	SCD30
2022-01-05T10:11:58-03:00	460	31	63	SCD30
2022-01-05T10:12:00-03:00	461	31	63	SCD30
2022-01-05T10:12:02-03:00	460	31	63	SCD30
2022-01-05T10:12:04-03:00	460	31	63	SCD30
2022-01-05T10:12:06-03:00	459	31	63	SCD30
2022-01-05T10:12:08-03:00	458	31	63	SCD30
2022-01-05T10:12:10-03:00	457	31	63	SCD30
2022-01-05T10:12:12-03:00	457	31	63	SCD30
2022-01-05T10:12:14-03:00	457	31	63	SCD30
2022-01-05T10:12:16-03:00	457	31	63	SCD30
2022-01-05T10:12:18-03:00	457	31	63	SCD30
2022-01-05T10:12:21-03:00	457	31	63	SCD30
2022-01-05T10:12:23-03:00	458	31	63	SCD30
2022-01-05T10:12:25-03:00	459	31	63	SCD30
2022-01-05T10:12:27-03:00	458	31	63	SCD30
2022-01-05T10:12:29-03:00	459	31	64	SCD30
2022-01-05T10:12:31-03:00	459	31	64	SCD30
2022-01-05T10:12:34-03:00	458	31	64	SCD30
2022-01-05T10:12:36-03:00	459	31	64	SCD30
2022-01-05T10:12:38-03:00	459	31	64	SCD30
2022-01-05T10:12:40-03:00	459	31	64	SCD30
2022-01-05T10:12:42-03:00	459	31	64	SCD30
2022-01-05T10:12:44-03:00	460	31	64	SCD30
2022-01-05T10:12:46-03:00	461	31	64	SCD30
2022-01-05T10:12:48-03:00	461	31	64	SCD30
2022-01-05T10:12:50-03:00	462	31	64	SCD30
2022-01-05T10:12:52-03:00	463	31	64	SCD30
2022-01-05T10:12:54-03:00	463	31	64	SCD30
2022-01-05T10:12:56-03:00	462	31	64	SCD30
2022-01-05T10:12:58-03:00	462	31	64	SCD30
2022-01-05T10:13:01-03:00	462	31	64	SCD30
2022-01-05T10:13:03-03:00	463	31	64	SCD30
2022-01-05T10:13:05-03:00	464	31	63	SCD30
2022-01-05T10:13:07-03:00	466	31	63	SCD30
2022-01-05T10:13:09-03:00	472	31	63	SCD30
2022-01-05T10:13:11-03:00	482	31	63	SCD30
2022-01-05T10:13:14-03:00	512	31	63	SCD30
2022-01-05T10:13:16-03:00	509	31	63	SCD30
2022-01-05T10:13:18-03:00	514	31	63	SCD30
2022-01-05T10:13:20-03:00	517	31	63	SCD30
2022-01-05T10:13:22-03:00	506	31	63	SCD30
2022-01-05T10:13:24-03:00	504	31	63	SCD30
2022-01-05T10:13:26-03:00	504	31	63	SCD30
2022-01-05T10:13:28-03:00	494	31	63	SCD30
2022-01-05T10:13:30-03:00	495	31	63	SCD30
2022-01-05T10:13:32-03:00	492	31	63	SCD30
2022-01-05T10:13:34-03:00	492	31	63	SCD30
2022-01-05T10:13:36-03:00	494	31	63	SCD30
2022-01-05T10:13:39-03:00	495	31	63	SCD30
2022-01-05T10:13:41-03:00	495	31	63	SCD30
2022-01-05T10:13:43-03:00	497	31	63	SCD30
2022-01-05T10:13:45-03:00	497	31	63	SCD30
2022-01-05T10:13:47-03:00	496	31	63	SCD30
2022-01-05T10:13:49-03:00	494	31	63	SCD30
2022-01-05T10:13:52-03:00	494	31	63	SCD30
2022-01-05T10:13:54-03:00	492	31	63	SCD30
2022-01-05T10:13:56-03:00	492	31	63	SCD30
2022-01-05T10:13:58-03:00	491	31	63	SCD30
2022-01-05T10:14:00-03:00	490	31	63	SCD30
2022-01-05T10:14:02-03:00	490	31	63	SCD30
2022-01-05T10:14:04-03:00	490	32	63	SCD30
2022-01-05T10:14:06-03:00	491	32	63	SCD30
2022-01-05T10:14:08-03:00	492	32	63	SCD30
2022-01-05T10:14:10-03:00	492	31	63	SCD30
2022-01-05T10:14:12-03:00	493	32	63	SCD30
2022-01-05T10:14:15-03:00	494	32	63	SCD30
2022-01-05T10:14:17-03:00	496	32	63	SCD30
2022-01-05T10:14:19-03:00	497	32	63	SCD30
2022-01-05T10:14:21-03:00	497	32	63	SCD30
2022-01-05T10:14:23-03:00	497	32	63	SCD30
2022-01-05T10:14:25-03:00	498	32	63	SCD30
2022-01-05T10:14:27-03:00	498	32	63	SCD30
2022-01-05T10:14:30-03:00	498	32	63	SCD30
2022-01-05T10:14:32-03:00	498	32	63	SCD30
2022-01-05T10:14:34-03:00	498	32	63	SCD30
2022-01-05T10:14:36-03:00	497	32	63	SCD30
2022-01-05T10:14:38-03:00	498	32	63	SCD30
2022-01-05T10:14:40-03:00	498	32	63	SCD30
2022-01-05T10:14:42-03:00	499	32	63	SCD30
2022-01-05T10:14:44-03:00	498	32	63	SCD30
2022-01-05T10:14:46-03:00	498	32	63	SCD30
2022-01-05T10:14:48-03:00	498	32	63	SCD30
2022-01-05T10:14:50-03:00	497	32	63	SCD30
2022-01-05T10:14:53-03:00	497	32	63	SCD30
2022-01-05T10:14:55-03:00	498	32	63	SCD30
2022-01-05T10:14:57-03:00	497	32	63	SCD30
2022-01-05T10:14:59-03:00	496	32	63	SCD30
2022-01-05T10:15:01-03:00	495	32	63	SCD30
2022-01-05T10:15:03-03:00	494	32	63	SCD30
2022-01-05T10:15:05-03:00	494	32	63	SCD30
2022-01-05T10:15:08-03:00	492	32	63	SCD30
2022-01-05T10:15:10-03:00	491	32	63	SCD30
2022-01-05T10:15:12-03:00	490	32	63	SCD30
2022-01-05T10:15:14-03:00	489	32	63	SCD30
2022-01-05T10:15:16-03:00	490	31	63	SCD30
2022-01-05T10:15:18-03:00	490	32	63	SCD30
2022-01-05T10:15:20-03:00	489	31	63	SCD30
2022-01-05T10:15:22-03:00	488	32	63	SCD30
2022-01-05T10:15:24-03:00	487	31	63	SCD30
2022-01-05T10:15:27-03:00	486	32	63	SCD30
2022-01-05T10:15:29-03:00	486	32	63	SCD30
2022-01-05T10:15:31-03:00	485	31	63	SCD30
2022-01-05T10:15:33-03:00	484	32	63	SCD30
2022-01-05T10:15:35-03:00	484	32	63	SCD30
2022-01-05T10:15:37-03:00	484	32	63	SCD30
2022-01-05T10:15:39-03:00	484	32	63	SCD30
2022-01-05T10:15:41-03:00	486	32	63	SCD30
2022-01-05T10:15:43-03:00	499	31	64	SCD30
2022-01-05T10:15:46-03:00	512	31	64	SCD30
2022-01-05T10:15:48-03:00	534	31	65	SCD30
2022-01-05T10:15:50-03:00	552	31	65	SCD30
2022-01-05T10:15:52-03:00	891	31	66	SCD30
2022-01-05T10:15:54-03:00	1156	31	65	SCD30
2022-01-05T10:15:56-03:00	1219	31	65	SCD30
2022-01-05T10:15:58-03:00	1181	31	65	SCD30
2022-01-05T10:16:00-03:00	1169	31	65	SCD30
2022-01-05T10:16:03-03:00	1151	31	64	SCD30
2022-01-05T10:16:05-03:00	1124	31	64	SCD30
2022-01-05T10:16:07-03:00	1107	31	64	SCD30
2022-01-05T10:16:09-03:00	1100	31	64	SCD30
2022-01-05T10:16:11-03:00	1089	31	64	SCD30
2022-01-05T10:16:13-03:00	1071	31	64	SCD30
2022-01-05T10:16:15-03:00	1060	31	64	SCD30
2022-01-05T10:16:17-03:00	1049	31	64	SCD30
2022-01-05T10:16:19-03:00	1026	31	64	SCD30
2022-01-05T10:16:21-03:00	982	32	64	SCD30
2022-01-05T10:16:23-03:00	938	32	64	SCD30
2022-01-05T10:16:26-03:00	882	32	64	SCD30
2022-01-05T10:16:28-03:00	846	31	63	SCD30
2022-01-05T10:16:30-03:00	803	31	63	SCD30
2022-01-05T10:16:32-03:00	778	32	63	SCD30
2022-01-05T10:16:34-03:00	751	32	63	SCD30
2022-01-05T10:16:36-03:00	714	32	63	SCD30
2022-01-05T10:16:39-03:00	671	32	63	SCD30
2022-01-05T10:16:41-03:00	631	32	63	SCD30
2022-01-05T10:16:43-03:00	592	32	63	SCD30
2022-01-05T10:16:45-03:00	593	32	63	SCD30
2022-01-05T10:16:47-03:00	575	32	63	SCD30
2022-01-05T10:16:49-03:00	575	32	63	SCD30
2022-01-05T10:16:51-03:00	570	32	63	SCD30
2022-01-05T10:16:53-03:00	567	32	63	SCD30
2022-01-05T10:16:55-03:00	564	32	63	SCD30
2022-01-05T10:16:57-03:00	561	32	63	SCD30
2022-01-05T10:16:59-03:00	558	32	63	SCD30
2022-01-05T10:17:01-03:00	555	32	63	SCD30
2022-01-05T10:17:04-03:00	554	32	63	SCD30
2022-01-05T10:17:06-03:00	550	32	63	SCD30
2022-01-05T10:17:08-03:00	545	32	63	SCD30
2022-01-05T10:17:10-03:00	542	32	63	SCD30
2022-01-05T10:17:12-03:00	540	32	63	SCD30
2022-01-05T10:17:14-03:00	537	32	63	SCD30
2022-01-05T10:17:17-03:00	534	32	63	SCD30
2022-01-05T10:17:19-03:00	532	32	63	SCD30
2022-01-05T10:17:21-03:00	528	32	63	SCD30
2022-01-05T10:17:23-03:00	525	32	63	SCD30
2022-01-05T10:17:25-03:00	521	32	63	SCD30
2022-01-05T10:17:27-03:00	515	32	63	SCD30
2022-01-05T10:17:29-03:00	512	32	63	SCD30
2022-01-05T10:17:31-03:00	516	32	63	SCD30
2022-01-05T10:17:33-03:00	519	32	63	SCD30
2022-01-05T10:17:35-03:00	514	32	63	SCD30
2022-01-05T10:17:37-03:00	511	32	63	SCD30
2022-01-05T10:17:39-03:00	509	32	63	SCD30
2022-01-05T10:17:42-03:00	505	32	63	SCD30
2022-01-05T10:17:44-03:00	501	32	63	SCD30
2022-01-05T10:17:46-03:00	504	32	63	SCD30
2022-01-05T10:17:48-03:00	501	32	63	SCD30
2022-01-05T10:17:50-03:00	502	32	63	SCD30
2022-01-05T10:17:52-03:00	501	32	63	SCD30
2022-01-05T10:17:55-03:00	500	32	63	SCD30
2022-01-05T10:17:57-03:00	501	32	63	SCD30
2022-01-05T10:17:59-03:00	502	32	63	SCD30
2022-01-05T10:18:01-03:00	503	32	63	SCD30
2022-01-05T10:18:03-03:00	501	31	63	SCD30
2022-01-05T10:18:05-03:00	500	31	63	SCD30
2022-01-05T10:18:07-03:00	498	31	63	SCD30
2022-01-05T10:18:09-03:00	496	31	63	SCD30
2022-01-05T10:18:11-03:00	491	31	63	SCD30
2022-01-05T10:18:13-03:00	487	31	63	SCD30
2022-01-05T10:18:15-03:00	485	31	63	SCD30
2022-01-05T10:18:17-03:00	484	31	63	SCD30
2022-01-05T10:18:20-03:00	482	31	63	SCD30
2022-01-05T10:18:22-03:00	480	31	63	SCD30
2022-01-05T10:18:24-03:00	475	31	63	SCD30
2022-01-05T10:18:26-03:00	473	31	63	SCD30
2022-01-05T10:18:28-03:00	472	31	63	SCD30
2022-01-05T10:18:30-03:00	470	31	63	SCD30
2022-01-05T10:18:33-03:00	468	31	63	SCD30
2022-01-05T10:18:35-03:00	468	31	63	SCD30
2022-01-05T10:18:37-03:00	466	31	64	SCD30
2022-01-05T10:18:39-03:00	463	31	64	SCD30
2022-01-05T10:18:41-03:00	462	31	64	SCD30
2022-01-05T10:18:43-03:00	461	31	64	SCD30
2022-01-05T10:18:45-03:00	458	31	63	SCD30
2022-01-05T10:18:47-03:00	458	31	63	SCD30
2022-01-05T10:18:49-03:00	459	31	63	SCD30
2022-01-05T10:18:51-03:00	458	31	63	SCD30
2022-01-05T10:18:53-03:00	459	31	63	SCD30
2022-01-05T10:18:55-03:00	460	31	63	SCD30
2022-01-05T10:18:58-03:00	459	31	63	SCD30
2022-01-05T10:19:00-03:00	459	31	63	SCD30
2022-01-05T10:19:02-03:00	459	31	64	SCD30
2022-01-05T10:19:04-03:00	458	31	64	SCD30
2022-01-05T10:19:06-03:00	459	31	64	SCD30
2022-01-05T10:19:08-03:00	458	31	64	SCD30
2022-01-05T10:19:11-03:00	457	31	64	SCD30
2022-01-05T10:19:13-03:00	456	31	64	SCD30
2022-01-05T10:19:15-03:00	456	31	64	SCD30
2022-01-05T10:19:17-03:00	455	31	64	SCD30
2022-01-05T10:19:19-03:00	456	31	64	SCD30
2022-01-05T10:19:21-03:00	455	31	64	SCD30
2022-01-05T10:19:23-03:00	453	31	64	SCD30
2022-01-05T10:19:25-03:00	452	31	64	SCD30
2022-01-05T10:19:27-03:00	451	31	64	SCD30
2022-01-05T10:19:29-03:00	450	31	64	SCD30
2022-01-05T10:19:31-03:00	450	31	64	SCD30
2022-01-05T10:19:33-03:00	452	31	64	SCD30
2022-01-05T10:19:36-03:00	452	31	63	SCD30
2022-01-05T10:19:38-03:00	452	31	64	SCD30
2022-01-05T10:19:40-03:00	453	31	63	SCD30
2022-01-05T10:19:42-03:00	454	31	63	SCD30
2022-01-05T10:19:44-03:00	455	31	63	SCD30
2022-01-05T10:19:46-03:00	455	31	64	SCD30
2022-01-05T10:19:49-03:00	455	31	64	SCD30
2022-01-05T10:19:51-03:00	454	31	64	SCD30
2022-01-05T10:19:53-03:00	453	31	64	SCD30
2022-01-05T10:19:55-03:00	453	31	64	SCD30
2022-01-05T10:19:57-03:00	454	31	64	SCD30
2022-01-05T10:19:59-03:00	454	31	64	SCD30
2022-01-05T10:20:01-03:00	453	31	64	SCD30
2022-01-05T10:20:03-03:00	453	31	64	SCD30
2022-01-05T10:20:05-03:00	452	31	64	SCD30
2022-01-05T10:20:07-03:00	452	31	64	SCD30
2022-01-05T10:20:10-03:00	452	31	64	SCD30
2022-01-05T10:20:12-03:00	453	31	64	SCD30
2022-01-05T10:20:14-03:00	452	31	64	SCD30
2022-01-05T10:20:16-03:00	451	31	64	SCD30
2022-01-05T10:20:18-03:00	451	31	64	SCD30
2022-01-05T10:20:20-03:00	451	31	64	SCD30
2022-01-05T10:20:22-03:00	451	31	64	SCD30
2022-01-05T10:20:24-03:00	449	31	64	SCD30
2022-01-05T10:20:26-03:00	448	31	64	SCD30
2022-01-05T10:20:29-03:00	447	31	64	SCD30
2022-01-05T10:20:31-03:00	446	31	64	SCD30
2022-01-05T10:20:33-03:00	445	31	64	SCD30
2022-01-05T10:20:35-03:00	446	31	64	SCD30
2022-01-05T10:20:37-03:00	445	31	64	SCD30
2022-01-05T10:20:39-03:00	445	31	64	SCD30
2022-01-05T10:20:41-03:00	446	31	64	SCD30
2022-01-05T10:20:43-03:00	446	31	64	SCD30
2022-01-05T10:20:46-03:00	446	31	63	SCD30
2022-01-05T10:20:48-03:00	446	31	63	SCD30
2022-01-05T10:20:50-03:00	447	31	63	SCD30
2022-01-05T10:20:52-03:00	448	31	63	SCD30
2022-01-05T10:20:54-03:00	448	31	63	SCD30
2022-01-05T10:20:56-03:00	448	31	63	SCD30
2022-01-05T10:20:58-03:00	449	31	63	SCD30
2022-01-05T10:21:00-03:00	450	31	63	SCD30
2022-01-05T10:21:02-03:00	451	31	63	SCD30
2022-01-05T10:21:04-03:00	451	31	63	SCD30
2022-01-05T10:21:07-03:00	450	31	63	SCD30
2022-01-05T10:21:09-03:00	450	31	63	SCD30
2022-01-05T10:21:11-03:00	450	31	63	SCD30
2022-01-05T10:21:13-03:00	451	31	63	SCD30
2022-01-05T10:21:15-03:00	450	31	63	SCD30
2022-01-05T10:21:17-03:00	451	31	63	SCD30
2022-01-05T10:21:19-03:00	449	31	63	SCD30
2022-01-05T10:21:22-03:00	449	31	63	SCD30
2022-01-05T10:21:24-03:00	449	31	63	SCD30
2022-01-05T10:21:26-03:00	449	31	63	SCD30
2022-01-05T10:21:28-03:00	448	31	63	SCD30
2022-01-05T10:21:30-03:00	448	31	63	SCD30
2022-01-05T10:21:32-03:00	448	31	63	SCD30
2022-01-05T10:21:34-03:00	447	31	63	SCD30
2022-01-05T10:21:36-03:00	447	31	63	SCD30
2022-01-05T10:21:38-03:00	446	31	63	SCD30
2022-01-05T10:21:40-03:00	446	31	63	SCD30
2022-01-05T10:21:42-03:00	446	31	63	SCD30
2022-01-05T10:21:45-03:00	445	31	63	SCD30
2022-01-05T10:21:47-03:00	445	31	63	SCD30
2022-01-05T10:21:49-03:00	445	31	63	SCD30
2022-01-05T10:21:51-03:00	446	31	62	SCD30
2022-01-05T10:21:53-03:00	445	31	62	SCD30
2022-01-05T10:21:55-03:00	445	31	63	SCD30
2022-01-05T10:21:58-03:00	445	31	62	SCD30
2022-01-05T10:22:00-03:00	445	32	62	SCD30
2022-01-05T10:22:02-03:00	445	32	62	SCD30
2022-01-05T10:22:04-03:00	444	32	62	SCD30
2022-01-05T10:22:06-03:00	444	32	62	SCD30
2022-01-05T10:22:08-03:00	444	32	62	SCD30
2022-01-05T10:22:10-03:00	444	32	62	SCD30
2022-01-05T10:22:12-03:00	444	32	62	SCD30
2022-01-05T10:22:14-03:00	444	32	62	SCD30
2022-01-05T10:22:16-03:00	444	32	62	SCD30
2022-01-05T10:22:18-03:00	445	32	62	SCD30
2022-01-05T10:22:20-03:00	445	32	62	SCD30
2022-01-05T10:22:22-03:00	445	32	62	SCD30
2022-01-05T10:22:25-03:00	445	32	62	SCD30
2022-01-05T10:22:27-03:00	444	32	62	SCD30
2022-01-05T10:22:29-03:00	444	32	62	SCD30
2022-01-05T10:22:31-03:00	444	32	62	SCD30
2022-01-05T10:22:33-03:00	444	32	62	SCD30
2022-01-05T10:22:35-03:00	444	32	62	SCD30
2022-01-05T10:22:38-03:00	443	32	62	SCD30
2022-01-05T10:22:40-03:00	443	32	62	SCD30
2022-01-05T10:22:42-03:00	443	32	62	SCD30
2022-01-05T10:22:44-03:00	444	32	62	SCD30
2022-01-05T10:22:46-03:00	443	32	62	SCD30
2022-01-05T10:22:48-03:00	444	32	62	SCD30
2022-01-05T10:22:50-03:00	443	32	62	SCD30
2022-01-05T10:22:52-03:00	443	32	62	SCD30
2022-01-05T10:22:54-03:00	443	32	62	SCD30
2022-01-05T10:22:56-03:00	443	32	62	SCD30
2022-01-05T10:22:58-03:00	443	32	62	SCD30
2022-01-05T10:23:00-03:00	442	32	62	SCD30
2022-01-05T10:23:03-03:00	442	32	62	SCD30
2022-01-05T10:23:05-03:00	442	32	62	SCD30
2022-01-05T10:23:07-03:00	442	32	62	SCD30
2022-01-05T10:23:09-03:00	442	32	62	SCD30
2022-01-05T10:23:11-03:00	443	32	62	SCD30
2022-01-05T10:23:13-03:00	443	32	62	SCD30
2022-01-05T10:23:16-03:00	443	32	62	SCD30
2022-01-05T10:23:18-03:00	443	32	62	SCD30
2022-01-05T10:23:20-03:00	442	32	62	SCD30
2022-01-05T10:23:22-03:00	442	32	62	SCD30
2022-01-05T10:23:24-03:00	442	32	62	SCD30
2022-01-05T10:23:26-03:00	442	32	62	SCD30
2022-01-05T10:23:28-03:00	442	32	62	SCD30
2022-01-05T10:23:30-03:00	442	32	62	SCD30
2022-01-05T10:23:32-03:00	441	32	62	SCD30
2022-01-05T10:23:34-03:00	442	32	62	SCD30
2022-01-05T10:23:36-03:00	442	32	62	SCD30
2022-01-05T10:23:38-03:00	442	32	62	SCD30
2022-01-05T10:23:41-03:00	442	32	62	SCD30
2022-01-05T10:23:43-03:00	442	32	62	SCD30
2022-01-05T10:23:45-03:00	442	32	62	SCD30
2022-01-05T10:23:47-03:00	442	32	62	SCD30
2022-01-05T10:23:49-03:00	442	32	62	SCD30
2022-01-05T10:23:51-03:00	442	32	62	SCD30
2022-01-05T10:23:54-03:00	441	32	62	SCD30
2022-01-05T10:23:56-03:00	441	32	62	SCD30
2022-01-05T10:23:58-03:00	442	32	62	SCD30
2022-01-05T10:24:00-03:00	441	32	62	SCD30
2022-01-05T10:24:02-03:00	441	32	62	SCD30
2022-01-05T10:24:04-03:00	442	32	62	SCD30
2022-01-05T10:24:06-03:00	442	32	62	SCD30
2022-01-05T10:24:08-03:00	441	32	62	SCD30
2022-01-05T10:24:10-03:00	442	32	62	SCD30
2022-01-05T10:24:12-03:00	441	32	62	SCD30
2022-01-05T10:24:14-03:00	441	32	62	SCD30
2022-01-05T10:24:16-03:00	441	32	62	SCD30
2022-01-05T10:24:19-03:00	441	32	62	SCD30
2022-01-05T10:24:21-03:00	441	32	62	SCD30
2022-01-05T10:24:23-03:00	441	32	62	SCD30
2022-01-05T10:24:25-03:00	441	32	62	SCD30
2022-01-05T10:24:27-03:00	441	32	62	SCD30
2022-01-05T10:24:29-03:00	441	32	62	SCD30
2022-01-05T10:24:32-03:00	441	32	62	SCD30
2022-01-05T10:24:34-03:00	441	32	62	SCD30
2022-01-05T10:24:36-03:00	441	32	62	SCD30
2022-01-05T10:24:38-03:00	441	32	62	SCD30
2022-01-05T10:24:40-03:00	441	32	62	SCD30
2022-01-05T10:24:42-03:00	441	32	62	SCD30
2022-01-05T10:24:44-03:00	441	32	62	SCD30
2022-01-05T10:24:46-03:00	441	32	62	SCD30
2022-01-05T10:24:48-03:00	442	32	62	SCD30
2022-01-05T10:24:50-03:00	442	32	61	SCD30
2022-01-05T10:24:52-03:00	442	32	62	SCD30
2022-01-05T10:24:55-03:00	442	32	61	SCD30
2022-01-05T10:24:57-03:00	442	32	62	SCD30
2022-01-05T10:24:59-03:00	441	32	61	SCD30
2022-01-05T10:25:01-03:00	442	32	61	SCD30
2022-01-05T10:25:03-03:00	442	32	61	SCD30
2022-01-05T10:25:05-03:00	442	32	61	SCD30
2022-01-05T10:25:07-03:00	442	32	61	SCD30
2022-01-05T10:25:09-03:00	442	32	61	SCD30
2022-01-05T10:25:12-03:00	441	32	61	SCD30
2022-01-05T10:25:14-03:00	441	32	61	SCD30
2022-01-05T10:25:16-03:00	440	32	61	SCD30
2022-01-05T10:25:18-03:00	439	32	61	SCD30
2022-01-05T10:25:20-03:00	439	32	61	SCD30
2022-01-05T10:25:22-03:00	439	32	61	SCD30
2022-01-05T10:25:24-03:00	439	32	61	SCD30
2022-01-05T10:25:26-03:00	439	32	61	SCD30
2022-01-05T10:25:28-03:00	439	32	61	SCD30
2022-01-05T10:25:31-03:00	438	32	61	SCD30
2022-01-05T10:25:33-03:00	438	32	61	SCD30
2022-01-05T10:25:35-03:00	438	32	61	SCD30
2022-01-05T10:25:37-03:00	439	32	61	SCD30
2022-01-05T10:25:39-03:00	439	32	61	SCD30
2022-01-05T10:25:41-03:00	439	32	61	SCD30
2022-01-05T10:25:43-03:00	439	32	61	SCD30
2022-01-05T10:25:45-03:00	439	32	61	SCD30
2022-01-05T10:25:47-03:00	439	32	61	SCD30
2022-01-05T10:25:50-03:00	439	32	61	SCD30
2022-01-05T10:25:52-03:00	439	32	61	SCD30
2022-01-05T10:25:54-03:00	439	32	61	SCD30
2022-01-05T10:25:56-03:00	439	32	61	SCD30
2022-01-05T10:25:58-03:00	438	32	61	SCD30
2022-01-05T10:26:00-03:00	438	32	61	SCD30
2022-01-05T10:26:02-03:00	438	32	61	SCD30
2022-01-05T10:26:05-03:00	437	32	61	SCD30
2022-01-05T10:26:07-03:00	437	32	61	SCD30
2022-01-05T10:26:09-03:00	437	32	61	SCD30
2022-01-05T10:26:11-03:00	437	32	61	SCD30
2022-01-05T10:26:13-03:00	437	32	61	SCD30
2022-01-05T10:26:15-03:00	437	32	61	SCD30
2022-01-05T10:26:17-03:00	437	32	61	SCD30
2022-01-05T10:26:19-03:00	437	32	61	SCD30
2022-01-05T10:26:21-03:00	437	32	61	SCD30
2022-01-05T10:26:23-03:00	437	32	61	SCD30
2022-01-05T10:26:25-03:00	437	32	61	SCD30
2022-01-05T10:26:28-03:00	437	32	61	SCD30
2022-01-05T10:26:30-03:00	438	32	61	SCD30
2022-01-05T10:26:32-03:00	439	32	61	SCD30
2022-01-05T10:26:34-03:00	439	32	61	SCD30
2022-01-05T10:26:36-03:00	439	32	61	SCD30
2022-01-05T10:26:38-03:00	439	32	61	SCD30
2022-01-05T10:26:41-03:00	440	32	61	SCD30
2022-01-05T10:26:43-03:00	442	32	61	SCD30
2022-01-05T10:26:45-03:00	443	32	61	SCD30
2022-01-05T10:26:47-03:00	444	32	61	SCD30
2022-01-05T10:26:49-03:00	447	32	61	SCD30
2022-01-05T10:26:51-03:00	448	32	61	SCD30
2022-01-05T10:26:53-03:00	453	32	61	SCD30
2022-01-05T10:26:55-03:00	459	32	61	SCD30
2022-01-05T10:26:57-03:00	464	32	61	SCD30
2022-01-05T10:26:59-03:00	466	32	61	SCD30
2022-01-05T10:27:01-03:00	468	32	61	SCD30
2022-01-05T10:27:03-03:00	464	32	61	SCD30
2022-01-05T10:27:05-03:00	462	32	61	SCD30
2022-01-05T10:27:08-03:00	459	32	61	SCD30
2022-01-05T10:27:10-03:00	457	32	61	SCD30
2022-01-05T10:27:12-03:00	454	32	61	SCD30
2022-01-05T10:27:14-03:00	453	32	61	SCD30
2022-01-05T10:27:16-03:00	453	32	61	SCD30
2022-01-05T10:27:18-03:00	451	32	61	SCD30
2022-01-05T10:27:21-03:00	451	32	61	SCD30
2022-01-05T10:27:23-03:00	451	32	61	SCD30
2022-01-05T10:27:25-03:00	452	32	61	SCD30
2022-01-05T10:27:27-03:00	454	32	61	SCD30
2022-01-05T10:27:29-03:00	454	32	61	SCD30
2022-01-05T10:27:31-03:00	456	32	61	SCD30
2022-01-05T10:27:33-03:00	455	32	61	SCD30
2022-01-05T10:27:35-03:00	455	32	61	SCD30
2022-01-05T10:27:37-03:00	455	32	61	SCD30
2022-01-05T10:27:39-03:00	455	32	61	SCD30
2022-01-05T10:27:41-03:00	455	32	61	SCD30
2022-01-05T10:27:43-03:00	455	32	61	SCD30
2022-01-05T10:27:46-03:00	456	32	61	SCD30
2022-01-05T10:27:48-03:00	456	32	61	SCD30
2022-01-05T10:27:50-03:00	456	32	61	SCD30
2022-01-05T10:27:52-03:00	457	32	61	SCD30
2022-01-05T10:27:54-03:00	458	32	61	SCD30
2022-01-05T10:27:56-03:00	457	32	61	SCD30
2022-01-05T10:27:59-03:00	457	32	61	SCD30
2022-01-05T10:28:01-03:00	458	32	61	SCD30
2022-01-05T10:28:03-03:00	458	32	61	SCD30
2022-01-05T10:28:05-03:00	458	32	61	SCD30
2022-01-05T10:28:07-03:00	458	32	61	SCD30
2022-01-05T10:28:09-03:00	458	32	61	SCD30
2022-01-05T10:28:11-03:00	457	32	61	SCD30
2022-01-05T10:28:13-03:00	457	32	61	SCD30
2022-01-05T10:28:15-03:00	458	32	61	SCD30
2022-01-05T10:28:17-03:00	457	32	61	SCD30
2022-01-05T10:28:19-03:00	458	32	61	SCD30
2022-01-05T10:28:21-03:00	458	32	61	SCD30
2022-01-05T10:28:24-03:00	459	32	61	SCD30
2022-01-05T10:28:26-03:00	459	32	61	SCD30
2022-01-05T10:28:28-03:00	460	32	61	SCD30
2022-01-05T10:28:30-03:00	461	32	61	SCD30
2022-01-05T10:28:32-03:00	461	32	61	SCD30
2022-01-05T10:28:34-03:00	461	32	61	SCD30
2022-01-05T10:28:37-03:00	461	32	61	SCD30
2022-01-05T10:28:39-03:00	461	32	61	SCD30
2022-01-05T10:28:41-03:00	461	32	61	SCD30
2022-01-05T10:28:43-03:00	460	32	61	SCD30
2022-01-05T10:28:45-03:00	460	32	61	SCD30
2022-01-05T10:28:47-03:00	460	32	61	SCD30
2022-01-05T10:28:49-03:00	460	32	61	SCD30
2022-01-05T10:28:51-03:00	461	32	61	SCD30
2022-01-05T10:28:53-03:00	461	32	61	SCD30
2022-01-05T10:28:55-03:00	461	32	61	SCD30
2022-01-05T10:28:57-03:00	462	32	61	SCD30
2022-01-05T10:28:59-03:00	463	32	61	SCD30
2022-01-05T10:29:02-03:00	463	32	61	SCD30
2022-01-05T10:29:04-03:00	463	32	61	SCD30
2022-01-05T10:29:06-03:00	463	32	61	SCD30
2022-01-05T10:29:08-03:00	463	32	61	SCD30
2022-01-05T10:29:10-03:00	464	32	61	SCD30
2022-01-05T10:29:12-03:00	464	32	61	SCD30
2022-01-05T10:29:15-03:00	464	32	61	SCD30
2022-01-05T10:29:17-03:00	463	32	61	SCD30
2022-01-05T10:29:19-03:00	463	32	61	SCD30
2022-01-05T10:29:21-03:00	464	32	61	SCD30
2022-01-05T10:29:23-03:00	465	32	61	SCD30
2022-01-05T10:29:25-03:00	465	32	61	SCD30
2022-01-05T10:29:27-03:00	465	32	61	SCD30
2022-01-05T10:29:29-03:00	465	32	61	SCD30
2022-01-05T10:29:31-03:00	465	32	61	SCD30
2022-01-05T10:29:33-03:00	465	32	61	SCD30
2022-01-05T10:29:35-03:00	466	32	61	SCD30
2022-01-05T10:29:37-03:00	466	32	61	SCD30
2022-01-05T10:29:40-03:00	466	32	61	SCD30
2022-01-05T10:29:42-03:00	465	32	61	SCD30
2022-01-05T10:29:44-03:00	466	32	61	SCD30
2022-01-05T10:29:46-03:00	466	32	61	SCD30
2022-01-05T10:29:48-03:00	466	32	61	SCD30
2022-01-05T10:29:50-03:00	467	32	61	SCD30
2022-01-05T10:29:53-03:00	467	32	61	SCD30
2022-01-05T10:29:55-03:00	467	32	61	SCD30
2022-01-05T10:29:57-03:00	467	32	61	SCD30
2022-01-05T10:29:59-03:00	467	32	61	SCD30
2022-01-05T10:30:01-03:00	467	32	61	SCD30
2022-01-05T10:30:03-03:00	468	32	61	SCD30
2022-01-05T10:30:05-03:00	468	32	61	SCD30
2022-01-05T10:30:07-03:00	468	32	61	SCD30
2022-01-05T10:30:09-03:00	469	32	61	SCD30
2022-01-05T10:30:11-03:00	469	32	61	SCD30
2022-01-05T10:30:14-03:00	469	32	61	SCD30
2022-01-05T10:30:16-03:00	469	32	61	SCD30
2022-01-05T10:30:18-03:00	469	32	61	SCD30
2022-01-05T10:30:20-03:00	469	32	61	SCD30
2022-01-05T10:30:22-03:00	468	32	61	SCD30
2022-01-05T10:30:24-03:00	469	32	61	SCD30
2022-01-05T10:30:26-03:00	469	32	61	SCD30
2022-01-05T10:30:28-03:00	469	32	61	SCD30
2022-01-05T10:30:31-03:00	469	32	61	SCD30
2022-01-05T10:30:33-03:00	469	32	61	SCD30
2022-01-05T10:30:35-03:00	469	32	61	SCD30
2022-01-05T10:30:37-03:00	469	32	61	SCD30
2022-01-05T10:30:39-03:00	469	32	61	SCD30
2022-01-05T10:30:41-03:00	469	32	61	SCD30
2022-01-05T10:30:43-03:00	469	32	61	SCD30
2022-01-05T10:30:45-03:00	469	32	61	SCD30
2022-01-05T10:30:47-03:00	469	32	61	SCD30
2022-01-05T10:30:50-03:00	468	32	61	SCD30
2022-01-05T10:30:52-03:00	468	32	61	SCD30
2022-01-05T10:30:54-03:00	468	32	61	SCD30
2022-01-05T10:30:56-03:00	468	32	61	SCD30
2022-01-05T10:30:58-03:00	468	32	61	SCD30
2022-01-05T10:31:00-03:00	468	32	61	SCD30
2022-01-05T10:31:02-03:00	468	32	61	SCD30
2022-01-05T10:31:04-03:00	467	32	61	SCD30
2022-01-05T10:31:06-03:00	467	32	61	SCD30
2022-01-05T10:31:08-03:00	467	32	61	SCD30
2022-01-05T10:31:11-03:00	467	32	61	SCD30
2022-01-05T10:31:13-03:00	467	32	61	SCD30
2022-01-05T10:31:15-03:00	467	32	61	SCD30
2022-01-05T10:31:17-03:00	466	32	61	SCD30
2022-01-05T10:31:19-03:00	466	32	61	SCD30
2022-01-05T10:31:21-03:00	467	32	61	SCD30
2022-01-05T10:31:23-03:00	467	32	61	SCD30
2022-01-05T10:31:26-03:00	467	32	61	SCD30
2022-01-05T10:31:28-03:00	468	32	61	SCD30
2022-01-05T10:31:30-03:00	468	32	61	SCD30
2022-01-05T10:31:32-03:00	469	32	61	SCD30
2022-01-05T10:31:34-03:00	469	32	61	SCD30
2022-01-05T10:31:36-03:00	469	32	61	SCD30
2022-01-05T10:31:38-03:00	469	32	61	SCD30
2022-01-05T10:31:40-03:00	469	32	61	SCD30
2022-01-05T10:31:42-03:00	469	32	61	SCD30
2022-01-05T10:31:44-03:00	469	32	61	SCD30
2022-01-05T10:31:46-03:00	469	32	61	SCD30
2022-01-05T10:31:49-03:00	469	32	61	SCD30
2022-01-05T10:31:51-03:00	469	32	61	SCD30
2022-01-05T10:31:53-03:00	469	32	61	SCD30
2022-01-05T10:31:55-03:00	470	32	61	SCD30
2022-01-05T10:31:57-03:00	470	32	61	SCD30
2022-01-05T10:31:59-03:00	470	32	61	SCD30
2022-01-05T10:32:02-03:00	470	32	61	SCD30
2022-01-05T10:32:04-03:00	470	32	61	SCD30
2022-01-05T10:32:06-03:00	470	32	61	SCD30
2022-01-05T10:32:08-03:00	470	32	61	SCD30
2022-01-05T10:32:10-03:00	470	32	61	SCD30
2022-01-05T10:32:12-03:00	470	32	61	SCD30
2022-01-05T10:32:14-03:00	470	32	61	SCD30
2022-01-05T10:32:16-03:00	470	32	61	SCD30
2022-01-05T10:32:18-03:00	469	32	61	SCD30
2022-01-05T10:32:20-03:00	469	32	61	SCD30
2022-01-05T10:32:22-03:00	469	32	61	SCD30
2022-01-05T10:32:24-03:00	470	32	61	SCD30
2022-01-05T10:32:27-03:00	471	32	61	SCD30
2022-01-05T10:32:29-03:00	471	32	61	SCD30
2022-01-05T10:32:31-03:00	471	32	61	SCD30
2022-01-05T10:32:33-03:00	472	32	61	SCD30
2022-01-05T10:32:35-03:00	472	32	61	SCD30
2022-01-05T10:32:37-03:00	473	32	61	SCD30
2022-01-05T10:32:40-03:00	475	32	61	SCD30
2022-01-05T10:32:42-03:00	477	32	61	SCD30
2022-01-05T10:32:44-03:00	482	32	61	SCD30
2022-01-05T10:32:46-03:00	497	32	61	SCD30
2022-01-05T10:32:48-03:00	532	32	61	SCD30
2022-01-05T10:32:50-03:00	558	32	61	SCD30
2022-01-05T10:32:52-03:00	565	32	61	SCD30
2022-01-05T10:32:54-03:00	565	32	61	SCD30
2022-01-05T10:32:56-03:00	565	32	61	SCD30
2022-01-05T10:32:58-03:00	565	32	61	SCD30
2022-01-05T10:33:00-03:00	572	32	61	SCD30
2022-01-05T10:33:02-03:00	580	32	61	SCD30
2022-01-05T10:33:05-03:00	589	32	61	SCD30
2022-01-05T10:33:07-03:00	601	32	61	SCD30
2022-01-05T10:33:09-03:00	636	32	61	SCD30
2022-01-05T10:33:11-03:00	707	32	61	SCD30
2022-01-05T10:33:13-03:00	775	32	61	SCD30
2022-01-05T10:33:15-03:00	816	32	61	SCD30
2022-01-05T10:33:18-03:00	818	32	61	SCD30
2022-01-05T10:33:20-03:00	823	32	61	SCD30
2022-01-05T10:33:22-03:00	829	32	61	SCD30
2022-01-05T10:33:24-03:00	829	32	61	SCD30
2022-01-05T10:33:26-03:00	825	32	61	SCD30
2022-01-05T10:33:28-03:00	816	32	61	SCD30
2022-01-05T10:33:30-03:00	815	32	61	SCD30
2022-01-05T10:33:32-03:00	804	32	61	SCD30
2022-01-05T10:33:34-03:00	799	32	61	SCD30
2022-01-05T10:33:36-03:00	796	32	61	SCD30
2022-01-05T10:33:38-03:00	787	32	61	SCD30
2022-01-05T10:33:40-03:00	782	32	61	SCD30
2022-01-05T10:33:42-03:00	776	32	61	SCD30
2022-01-05T10:33:45-03:00	776	32	61	SCD30
2022-01-05T10:33:47-03:00	763	32	61	SCD30
2022-01-05T10:33:49-03:00	749	32	61	SCD30
2022-01-05T10:33:51-03:00	744	32	61	SCD30
2022-01-05T10:33:53-03:00	737	32	61	SCD30
2022-01-05T10:33:55-03:00	737	32	61	SCD30
2022-01-05T10:33:58-03:00	732	32	61	SCD30
2022-01-05T10:34:00-03:00	729	32	61	SCD30
2022-01-05T10:34:02-03:00	724	32	61	SCD30
2022-01-05T10:34:04-03:00	721	32	61	SCD30
2022-01-05T10:34:06-03:00	717	32	61	SCD30
2022-01-05T10:34:08-03:00	718	32	61	SCD30
2022-01-05T10:34:10-03:00	716	32	61	SCD30
2022-01-05T10:34:12-03:00	717	32	61	SCD30
2022-01-05T10:34:14-03:00	714	32	61	SCD30
2022-01-05T10:34:16-03:00	712	32	61	SCD30
2022-01-05T10:34:18-03:00	713	32	61	SCD30
2022-01-05T10:34:20-03:00	712	32	61	SCD30
2022-01-05T10:34:23-03:00	710	32	61	SCD30
2022-01-05T10:34:25-03:00	710	32	61	SCD30
2022-01-05T10:34:27-03:00	707	32	61	SCD30
2022-01-05T10:34:29-03:00	705	32	61	SCD30
2022-01-05T10:34:31-03:00	705	32	61	SCD30
2022-01-05T10:34:33-03:00	704	32	61	SCD30
2022-01-05T10:34:36-03:00	704	32	61	SCD30
2022-01-05T10:34:38-03:00	702	32	61	SCD30
2022-01-05T10:34:40-03:00	701	32	61	SCD30
2022-01-05T10:34:42-03:00	701	32	61	SCD30
2022-01-05T10:34:44-03:00	700	32	61	SCD30
2022-01-05T10:34:46-03:00	699	32	61	SCD30
2022-01-05T10:34:48-03:00	698	32	61	SCD30
2022-01-05T10:34:50-03:00	697	32	61	SCD30
2022-01-05T10:34:52-03:00	697	32	61	SCD30
2022-01-05T10:34:54-03:00	696	32	61	SCD30
2022-01-05T10:34:56-03:00	696	32	61	SCD30
2022-01-05T10:34:59-03:00	697	32	61	SCD30
2022-01-05T10:35:01-03:00	696	32	61	SCD30
2022-01-05T10:35:03-03:00	696	32	61	SCD30
2022-01-05T10:35:05-03:00	696	32	61	SCD30
2022-01-05T10:35:07-03:00	696	32	61	SCD30
2022-01-05T10:35:09-03:00	696	32	61	SCD30
2022-01-05T10:35:11-03:00	696	32	61	SCD30
2022-01-05T10:35:14-03:00	698	32	61	SCD30
2022-01-05T10:35:16-03:00	698	32	61	SCD30
2022-01-05T10:35:18-03:00	698	32	61	SCD30
2022-01-05T10:35:20-03:00	697	32	61	SCD30
2022-01-05T10:35:22-03:00	697	32	61	SCD30
2022-01-05T10:35:24-03:00	695	32	61	SCD30
2022-01-05T10:35:26-03:00	695	32	61	SCD30
2022-01-05T10:35:28-03:00	695	32	61	SCD30
2022-01-05T10:35:30-03:00	695	32	61	SCD30
2022-01-05T10:35:33-03:00	694	32	61	SCD30
2022-01-05T10:35:35-03:00	695	32	61	SCD30
2022-01-05T10:35:37-03:00	694	32	61	SCD30
2022-01-05T10:35:39-03:00	696	32	61	SCD30
2022-01-05T10:35:41-03:00	697	32	61	SCD30
2022-01-05T10:35:43-03:00	701	32	61	SCD30
2022-01-05T10:35:45-03:00	708	32	61	SCD30
2022-01-05T10:35:47-03:00	729	32	61	SCD30
2022-01-05T10:35:49-03:00	799	32	61	SCD30
2022-01-05T10:35:52-03:00	855	32	61	SCD30
2022-01-05T10:35:54-03:00	851	32	61	SCD30
2022-01-05T10:35:56-03:00	848	32	61	SCD30
2022-01-05T10:35:58-03:00	850	32	61	SCD30
2022-01-05T10:36:00-03:00	849	32	61	SCD30
2022-01-05T10:36:02-03:00	847	32	61	SCD30
2022-01-05T10:36:04-03:00	840	32	61	SCD30
2022-01-05T10:36:06-03:00	834	32	61	SCD30
2022-01-05T10:36:09-03:00	828	32	61	SCD30
2022-01-05T10:36:11-03:00	825	32	61	SCD30
2022-01-05T10:36:13-03:00	821	32	61	SCD30
2022-01-05T10:36:15-03:00	815	32	61	SCD30
2022-01-05T10:36:17-03:00	815	32	61	SCD30
2022-01-05T10:36:19-03:00	814	32	61	SCD30
2022-01-05T10:36:21-03:00	810	32	61	SCD30
2022-01-05T10:36:23-03:00	809	32	61	SCD30
2022-01-05T10:36:25-03:00	809	32	61	SCD30
2022-01-05T10:36:27-03:00	808	32	61	SCD30
2022-01-05T10:36:29-03:00	809	32	61	SCD30
2022-01-05T10:36:32-03:00	808	32	61	SCD30
2022-01-05T10:36:34-03:00	808	32	61	SCD30
2022-01-05T10:36:36-03:00	809	32	61	SCD30
2022-01-05T10:36:38-03:00	808	32	61	SCD30
2022-01-05T10:36:40-03:00	808	32	61	SCD30
2022-01-05T10:36:42-03:00	807	32	61	SCD30
2022-01-05T10:36:45-03:00	806	32	61	SCD30
2022-01-05T10:36:47-03:00	806	32	61	SCD30
2022-01-05T10:36:49-03:00	805	32	61	SCD30
2022-01-05T10:36:51-03:00	805	32	61	SCD30
2022-01-05T10:36:53-03:00	804	32	61	SCD30
2022-01-05T10:36:55-03:00	805	32	61	SCD30
2022-01-05T10:36:57-03:00	803	32	61	SCD30
2022-01-05T10:36:59-03:00	803	32	61	SCD30
2022-01-05T10:37:01-03:00	801	32	61	SCD30
2022-01-05T10:37:03-03:00	801	32	61	SCD30
2022-01-05T10:37:05-03:00	799	32	61	SCD30
2022-01-05T10:37:07-03:00	797	32	61	SCD30
2022-01-05T10:37:10-03:00	797	32	61	SCD30
2022-01-05T10:37:12-03:00	796	32	61	SCD30
2022-01-05T10:37:14-03:00	794	32	61	SCD30
2022-01-05T10:37:16-03:00	792	32	61	SCD30
2022-01-05T10:37:18-03:00	792	32	61	SCD30
2022-01-05T10:37:20-03:00	792	32	61	SCD30
2022-01-05T10:37:23-03:00	792	32	61	SCD30
2022-01-05T10:37:25-03:00	791	32	61	SCD30
2022-01-05T10:37:27-03:00	791	32	61	SCD30
2022-01-05T10:37:29-03:00	791	32	61	SCD30
2022-01-05T10:37:31-03:00	791	32	61	SCD30
2022-01-05T10:37:33-03:00	790	32	61	SCD30
2022-01-05T10:37:35-03:00	791	32	61	SCD30
2022-01-05T10:37:37-03:00	792	32	61	SCD30
2022-01-05T10:37:39-03:00	791	32	61	SCD30
2022-01-05T10:37:41-03:00	791	32	61	SCD30
2022-01-05T10:37:43-03:00	791	32	61	SCD30
2022-01-05T10:37:45-03:00	789	32	61	SCD30
2022-01-05T10:37:47-03:00	789	32	61	SCD30
2022-01-05T10:37:50-03:00	788	32	61	SCD30
2022-01-05T10:37:52-03:00	789	32	61	SCD30
2022-01-05T10:37:54-03:00	788	32	61	SCD30
2022-01-05T10:37:56-03:00	788	32	61	SCD30
2022-01-05T10:37:58-03:00	789	32	61	SCD30
2022-01-05T10:38:00-03:00	788	32	61	SCD30
2022-01-05T10:38:03-03:00	788	32	61	SCD30
2022-01-05T10:38:05-03:00	788	32	61	SCD30
2022-01-05T10:38:07-03:00	788	32	61	SCD30
2022-01-05T10:38:09-03:00	788	32	61	SCD30
2022-01-05T10:38:11-03:00	788	32	61	SCD30
2022-01-05T10:38:13-03:00	787	32	61	SCD30
2022-01-05T10:38:15-03:00	787	32	61	SCD30
2022-01-05T10:38:17-03:00	787	32	61	SCD30
2022-01-05T10:38:19-03:00	788	32	61	SCD30
2022-01-05T10:38:21-03:00	787	32	61	SCD30
2022-01-05T10:38:23-03:00	786	32	61	SCD30
2022-01-05T10:38:25-03:00	786	32	61	SCD30
2022-01-05T10:38:28-03:00	786	32	61	SCD30
2022-01-05T10:38:30-03:00	785	32	61	SCD30
2022-01-05T10:38:32-03:00	785	32	61	SCD30
2022-01-05T10:38:34-03:00	785	32	61	SCD30
2022-01-05T10:38:36-03:00	784	32	61	SCD30
2022-01-05T10:38:38-03:00	784	32	61	SCD30
2022-01-05T10:38:40-03:00	784	32	61	SCD30
2022-01-05T10:38:43-03:00	783	32	61	SCD30
2022-01-05T10:38:45-03:00	783	32	61	SCD30
2022-01-05T10:38:47-03:00	782	32	61	SCD30
2022-01-05T10:38:49-03:00	782	32	61	SCD30
2022-01-05T10:38:51-03:00	782	32	61	SCD30
2022-01-05T10:38:53-03:00	781	32	61	SCD30
2022-01-05T10:38:55-03:00	781	32	61	SCD30
2022-01-05T10:38:57-03:00	780	32	61	SCD30
2022-01-05T10:38:59-03:00	780	32	61	SCD30
2022-01-05T10:39:01-03:00	780	32	61	SCD30
2022-01-05T10:39:03-03:00	781	32	61	SCD30
2022-01-05T10:39:06-03:00	780	32	61	SCD30
2022-01-05T10:39:08-03:00	780	32	61	SCD30
2022-01-05T10:39:10-03:00	780	32	61	SCD30
2022-01-05T10:39:12-03:00	780	32	61	SCD30
2022-01-05T10:39:14-03:00	780	32	61	SCD30
2022-01-05T10:39:16-03:00	780	32	61	SCD30
2022-01-05T10:39:18-03:00	781	32	61	SCD30
2022-01-05T10:39:21-03:00	781	32	61	SCD30
2022-01-05T10:39:23-03:00	781	32	61	SCD30
2022-01-05T10:39:25-03:00	781	32	61	SCD30
2022-01-05T10:39:27-03:00	781	32	61	SCD30
2022-01-05T10:39:29-03:00	781	32	61	SCD30
2022-01-05T10:39:31-03:00	781	32	61	SCD30
2022-01-05T10:39:33-03:00	781	32	61	SCD30
2022-01-05T10:39:35-03:00	781	32	61	SCD30
2022-01-05T10:39:37-03:00	781	32	61	SCD30
2022-01-05T10:39:39-03:00	781	32	61	SCD30
2022-01-05T10:39:42-03:00	781	32	61	SCD30
2022-01-05T10:39:44-03:00	781	32	61	SCD30
2022-01-05T10:39:46-03:00	781	32	61	SCD30
2022-01-05T10:39:48-03:00	781	32	61	SCD30
2022-01-05T10:39:50-03:00	781	32	61	SCD30
2022-01-05T10:39:52-03:00	781	32	61	SCD30
2022-01-05T10:39:54-03:00	781	32	61	SCD30
2022-01-05T10:39:56-03:00	782	32	61	SCD30
2022-01-05T10:39:59-03:00	782	32	61	SCD30
2022-01-05T10:40:01-03:00	782	32	61	SCD30
2022-01-05T10:40:03-03:00	781	32	61	SCD30
2022-01-05T10:40:05-03:00	780	32	61	SCD30
2022-01-05T10:40:07-03:00	780	32	61	SCD30
2022-01-05T10:40:09-03:00	780	32	61	SCD30
2022-01-05T10:40:11-03:00	780	32	61	SCD30
2022-01-05T10:40:13-03:00	779	32	61	SCD30
2022-01-05T10:40:15-03:00	779	32	61	SCD30
2022-01-05T10:40:18-03:00	779	32	61	SCD30
2022-01-05T10:40:20-03:00	779	32	61	SCD30
2022-01-05T10:40:22-03:00	779	32	61	SCD30
2022-01-05T10:40:24-03:00	779	32	61	SCD30
2022-01-05T10:40:26-03:00	778	32	61	SCD30
2022-01-05T10:40:28-03:00	777	32	61	SCD30
2022-01-05T10:40:30-03:00	778	32	61	SCD30
2022-01-05T10:40:32-03:00	778	32	61	SCD30
2022-01-05T10:40:34-03:00	778	32	61	SCD30
2022-01-05T10:40:36-03:00	778	32	61	SCD30
2022-01-05T10:40:39-03:00	778	32	61	SCD30
2022-01-05T10:40:41-03:00	778	32	61	SCD30
2022-01-05T10:40:43-03:00	777	32	61	SCD30
2022-01-05T10:40:45-03:00	776	32	61	SCD30
2022-01-05T10:40:47-03:00	777	32	61	SCD30
2022-01-05T10:40:49-03:00	777	32	61	SCD30
2022-01-05T10:40:51-03:00	777	32	61	SCD30
2022-01-05T10:40:54-03:00	777	32	61	SCD30
2022-01-05T10:40:56-03:00	777	32	61	SCD30
2022-01-05T10:40:58-03:00	778	32	61	SCD30
2022-01-05T10:41:00-03:00	777	32	61	SCD30
2022-01-05T10:41:02-03:00	778	32	61	SCD30
2022-01-05T10:41:04-03:00	778	32	61	SCD30
2022-01-05T10:41:06-03:00	777	32	61	SCD30
2022-01-05T10:41:08-03:00	777	32	61	SCD30
2022-01-05T10:41:10-03:00	777	32	61	SCD30
2022-01-05T10:41:12-03:00	778	32	61	SCD30
2022-01-05T10:41:14-03:00	778	32	61	SCD30
2022-01-05T10:41:17-03:00	777	32	61	SCD30
2022-01-05T10:41:19-03:00	777	32	61	SCD30
2022-01-05T10:41:21-03:00	777	32	61	SCD30
2022-01-05T10:41:23-03:00	778	32	61	SCD30
2022-01-05T10:41:25-03:00	778	32	61	SCD30
2022-01-05T10:41:27-03:00	777	32	61	SCD30
2022-01-05T10:41:30-03:00	778	32	61	SCD30
2022-01-05T10:41:32-03:00	778	32	61	SCD30
2022-01-05T10:41:34-03:00	778	32	61	SCD30
2022-01-05T10:41:36-03:00	779	32	61	SCD30
2022-01-05T10:41:38-03:00	780	32	61	SCD30
2022-01-05T10:41:40-03:00	780	32	61	SCD30
2022-01-05T10:41:42-03:00	780	32	61	SCD30
2022-01-05T10:41:44-03:00	781	32	61	SCD30
2022-01-05T10:41:46-03:00	781	32	61	SCD30
2022-01-05T10:41:48-03:00	782	32	61	SCD30
2022-01-05T10:41:50-03:00	781	32	61	SCD30
2022-01-05T10:41:52-03:00	781	32	61	SCD30
2022-01-05T10:41:55-03:00	781	32	61	SCD30
2022-01-05T10:41:57-03:00	782	32	61	SCD30
2022-01-05T10:41:59-03:00	781	32	61	SCD30
2022-01-05T10:42:01-03:00	781	32	61	SCD30
2022-01-05T10:42:03-03:00	781	32	61	SCD30
2022-01-05T10:42:05-03:00	781	32	61	SCD30
2022-01-05T10:42:08-03:00	781	32	61	SCD30
2022-01-05T10:42:10-03:00	781	32	61	SCD30
2022-01-05T10:42:12-03:00	782	32	61	SCD30
2022-01-05T10:42:14-03:00	782	32	61	SCD30
2022-01-05T10:42:16-03:00	781	32	61	SCD30
2022-01-05T10:42:18-03:00	781	32	61	SCD30
2022-01-05T10:42:20-03:00	781	32	61	SCD30
2022-01-05T10:42:22-03:00	781	32	61	SCD30
2022-01-05T10:42:24-03:00	781	32	61	SCD30
2022-01-05T10:42:26-03:00	781	32	61	SCD30
2022-01-05T10:42:28-03:00	781	32	61	SCD30
2022-01-05T10:42:30-03:00	780	32	61	SCD30
2022-01-05T10:42:33-03:00	780	32	61	SCD30
2022-01-05T10:42:35-03:00	780	32	61	SCD30
2022-01-05T10:42:37-03:00	780	32	61	SCD30
2022-01-05T10:42:39-03:00	780	32	61	SCD30
2022-01-05T10:42:41-03:00	781	32	61	SCD30
2022-01-05T10:42:43-03:00	780	32	61	SCD30
2022-01-05T10:42:45-03:00	780	32	61	SCD30
2022-01-05T10:42:48-03:00	780	32	61	SCD30
2022-01-05T10:42:50-03:00	780	32	61	SCD30
2022-01-05T10:42:52-03:00	781	32	61	SCD30
2022-01-05T10:42:54-03:00	781	32	61	SCD30
2022-01-05T10:42:56-03:00	781	32	61	SCD30
2022-01-05T10:42:58-03:00	781	32	61	SCD30
2022-01-05T10:43:00-03:00	781	32	61	SCD30
2022-01-05T10:43:02-03:00	781	32	61	SCD30
2022-01-05T10:43:04-03:00	781	32	61	SCD30
2022-01-05T10:43:06-03:00	781	32	61	SCD30
2022-01-05T10:43:08-03:00	781	32	61	SCD30
2022-01-05T10:43:10-03:00	781	32	61	SCD30
2022-01-05T10:43:13-03:00	782	32	61	SCD30
2022-01-05T10:43:15-03:00	782	32	61	SCD30
2022-01-05T10:43:17-03:00	782	32	61	SCD30
2022-01-05T10:43:19-03:00	781	32	61	SCD30
2022-01-05T10:43:21-03:00	781	32	61	SCD30
2022-01-05T10:43:23-03:00	781	32	61	SCD30
2022-01-05T10:43:26-03:00	781	32	61	SCD30
2022-01-05T10:43:28-03:00	781	32	61	SCD30
2022-01-05T10:43:30-03:00	781	32	61	SCD30
2022-01-05T10:43:32-03:00	781	32	61	SCD30
2022-01-05T10:43:34-03:00	780	32	61	SCD30
2022-01-05T10:43:36-03:00	780	32	61	SCD30
2022-01-05T10:43:38-03:00	781	32	61	SCD30
2022-01-05T10:43:40-03:00	781	32	61	SCD30
2022-01-05T10:43:42-03:00	781	32	61	SCD30
2022-01-05T10:43:44-03:00	780	32	61	SCD30
2022-01-05T10:43:46-03:00	780	32	61	SCD30
2022-01-05T10:43:48-03:00	780	32	61	SCD30
2022-01-05T10:43:51-03:00	779	32	61	SCD30
2022-01-05T10:43:53-03:00	779	32	61	SCD30
2022-01-05T10:43:55-03:00	779	32	61	SCD30
2022-01-05T10:43:57-03:00	779	32	61	SCD30
2022-01-05T10:43:59-03:00	779	32	61	SCD30
2022-01-05T10:44:01-03:00	779	32	61	SCD30
2022-01-05T10:44:04-03:00	778	32	61	SCD30
2022-01-05T10:44:06-03:00	778	32	61	SCD30
2022-01-05T10:44:08-03:00	778	32	61	SCD30
2022-01-05T10:44:10-03:00	777	32	61	SCD30
2022-01-05T10:44:12-03:00	777	32	61	SCD30
2022-01-05T10:44:14-03:00	777	32	61	SCD30
2022-01-05T10:44:16-03:00	776	32	61	SCD30
2022-01-05T10:44:18-03:00	776	32	61	SCD30
2022-01-05T10:44:20-03:00	776	32	61	SCD30
2022-01-05T10:44:22-03:00	775	32	61	SCD30
2022-01-05T10:44:25-03:00	776	32	61	SCD30
2022-01-05T10:44:27-03:00	776	32	61	SCD30
2022-01-05T10:44:29-03:00	776	32	61	SCD30
2022-01-05T10:44:31-03:00	776	32	61	SCD30
2022-01-05T10:44:33-03:00	776	32	61	SCD30
2022-01-05T10:44:35-03:00	776	32	61	SCD30
2022-01-05T10:44:37-03:00	776	32	61	SCD30
2022-01-05T10:44:39-03:00	775	32	61	SCD30
2022-01-05T10:44:42-03:00	776	32	61	SCD30
2022-01-05T10:44:44-03:00	775	32	61	SCD30
2022-01-05T10:44:46-03:00	775	32	61	SCD30
2022-01-05T10:44:48-03:00	775	32	61	SCD30
2022-01-05T10:44:50-03:00	776	32	61	SCD30
2022-01-05T10:44:52-03:00	776	32	61	SCD30
2022-01-05T10:44:54-03:00	776	32	61	SCD30
2022-01-05T10:44:56-03:00	776	32	61	SCD30
2022-01-05T10:44:58-03:00	776	32	61	SCD30
2022-01-05T10:45:01-03:00	775	32	61	SCD30
2022-01-05T10:45:03-03:00	776	32	61	SCD30
2022-01-05T10:45:05-03:00	776	32	61	SCD30
2022-01-05T10:45:07-03:00	776	32	61	SCD30
2022-01-05T10:45:09-03:00	776	32	61	SCD30
2022-01-05T10:45:11-03:00	776	32	61	SCD30
2022-01-05T10:45:13-03:00	775	32	61	SCD30
2022-01-05T10:45:15-03:00	775	32	61	SCD30
2022-01-05T10:45:17-03:00	774	32	61	SCD30
2022-01-05T10:45:20-03:00	774	32	61	SCD30
2022-01-05T10:45:22-03:00	774	32	61	SCD30
2022-01-05T10:45:24-03:00	774	32	61	SCD30
2022-01-05T10:45:26-03:00	774	32	61	SCD30
2022-01-05T10:45:28-03:00	775	32	61	SCD30
2022-01-05T10:45:30-03:00	774	32	61	SCD30
2022-01-05T10:45:32-03:00	775	32	61	SCD30
2022-01-05T10:45:34-03:00	774	32	61	SCD30
2022-01-05T10:45:37-03:00	774	32	61	SCD30
2022-01-05T10:45:39-03:00	774	32	61	SCD30
2022-01-05T10:45:41-03:00	775	32	61	SCD30
2022-01-05T10:45:43-03:00	776	32	61	SCD30
2022-01-05T10:45:45-03:00	776	32	61	SCD30
2022-01-05T10:45:47-03:00	776	32	61	SCD30
2022-01-05T10:45:49-03:00	776	32	61	SCD30
2022-01-05T10:45:51-03:00	775	32	61	SCD30
2022-01-05T10:45:53-03:00	775	32	61	SCD30
2022-01-05T10:45:55-03:00	775	32	61	SCD30
2022-01-05T10:45:58-03:00	774	32	61	SCD30
2022-01-05T10:46:00-03:00	775	32	61	SCD30
2022-01-05T10:46:02-03:00	775	32	61	SCD30
2022-01-05T10:46:04-03:00	775	32	61	SCD30
2022-01-05T10:46:06-03:00	774	32	61	SCD30
2022-01-05T10:46:08-03:00	775	32	61	SCD30
2022-01-05T10:46:10-03:00	775	32	61	SCD30
2022-01-05T10:46:13-03:00	775	32	61	SCD30
2022-01-05T10:46:15-03:00	775	32	61	SCD30
2022-01-05T10:46:17-03:00	775	32	61	SCD30
2022-01-05T10:46:19-03:00	776	32	61	SCD30
2022-01-05T10:46:21-03:00	775	32	61	SCD30
2022-01-05T10:46:23-03:00	775	32	61	SCD30
2022-01-05T10:46:25-03:00	774	32	61	SCD30
2022-01-05T10:46:27-03:00	774	32	61	SCD30
2022-01-05T10:46:29-03:00	774	32	61	SCD30
2022-01-05T10:46:31-03:00	774	32	61	SCD30
2022-01-05T10:46:33-03:00	773	32	61	SCD30
2022-01-05T10:46:36-03:00	774	32	61	SCD30
2022-01-05T10:46:38-03:00	774	32	61	SCD30
2022-01-05T10:46:40-03:00	774	32	61	SCD30
2022-01-05T10:46:42-03:00	774	32	61	SCD30
2022-01-05T10:46:44-03:00	774	32	61	SCD30
2022-01-05T10:46:46-03:00	774	32	61	SCD30
2022-01-05T10:46:49-03:00	774	32	61	SCD30
2022-01-05T10:46:51-03:00	773	32	61	SCD30
2022-01-05T10:46:53-03:00	772	32	61	SCD30
2022-01-05T10:46:55-03:00	772	32	61	SCD30
2022-01-05T10:46:57-03:00	771	32	60	SCD30
2022-01-05T10:46:59-03:00	771	32	61	SCD30
2022-01-05T10:47:01-03:00	770	32	61	SCD30
2022-01-05T10:47:03-03:00	770	32	61	SCD30
2022-01-05T10:47:05-03:00	770	32	61	SCD30
2022-01-05T10:47:07-03:00	770	32	61	SCD30
2022-01-05T10:47:09-03:00	769	32	61	SCD30
2022-01-05T10:47:11-03:00	769	32	60	SCD30
2022-01-05T10:47:14-03:00	768	32	61	SCD30
2022-01-05T10:47:16-03:00	769	32	61	SCD30
2022-01-05T10:47:18-03:00	768	32	61	SCD30
2022-01-05T10:47:20-03:00	768	32	61	SCD30
2022-01-05T10:47:22-03:00	768	32	61	SCD30
2022-01-05T10:47:24-03:00	768	32	61	SCD30
2022-01-05T10:47:27-03:00	768	32	61	SCD30
2022-01-05T10:47:29-03:00	768	32	61	SCD30
2022-01-05T10:47:31-03:00	768	32	61	SCD30
2022-01-05T10:47:33-03:00	769	32	61	SCD30
2022-01-05T10:47:35-03:00	769	32	61	SCD30
2022-01-05T10:47:37-03:00	769	32	61	SCD30
2022-01-05T10:47:39-03:00	768	32	61	SCD30
2022-01-05T10:47:41-03:00	768	32	61	SCD30
2022-01-05T10:47:43-03:00	768	32	61	SCD30
2022-01-05T10:47:45-03:00	767	32	61	SCD30
2022-01-05T10:47:47-03:00	767	32	61	SCD30
2022-01-05T10:47:49-03:00	767	32	61	SCD30
2022-01-05T10:47:52-03:00	767	32	61	SCD30
2022-01-05T10:47:54-03:00	768	32	61	SCD30
2022-01-05T10:47:56-03:00	768	32	61	SCD30
2022-01-05T10:47:58-03:00	768	32	61	SCD30
2022-01-05T10:48:00-03:00	767	32	61	SCD30
2022-01-05T10:48:03-03:00	768	32	61	SCD30
2022-01-05T10:48:05-03:00	768	32	61	SCD30
2022-01-05T10:48:07-03:00	768	32	61	SCD30
2022-01-05T10:48:09-03:00	769	32	61	SCD30
2022-01-05T10:48:11-03:00	769	32	61	SCD30
2022-01-05T10:48:13-03:00	769	32	61	SCD30
2022-01-05T10:48:15-03:00	769	32	61	SCD30
2022-01-05T10:48:17-03:00	769	32	61	SCD30
2022-01-05T10:48:19-03:00	768	32	61	SCD30
2022-01-05T10:48:21-03:00	768	32	61	SCD30
2022-01-05T10:48:23-03:00	769	32	61	SCD30
2022-01-05T10:48:25-03:00	769	32	61	SCD30
2022-01-05T10:48:28-03:00	769	32	61	SCD30
2022-01-05T10:48:30-03:00	769	32	61	SCD30
2022-01-05T10:48:32-03:00	769	32	61	SCD30
2022-01-05T10:48:34-03:00	769	32	61	SCD30
2022-01-05T10:48:36-03:00	769	32	61	SCD30
2022-01-05T10:48:38-03:00	769	32	61	SCD30
2022-01-05T10:48:41-03:00	769	32	61	SCD30
2022-01-05T10:48:43-03:00	769	32	61	SCD30
2022-01-05T10:48:45-03:00	769	32	61	SCD30
2022-01-05T10:48:47-03:00	768	32	61	SCD30
2022-01-05T10:48:49-03:00	768	32	61	SCD30
2022-01-05T10:48:51-03:00	768	32	61	SCD30
2022-01-05T10:48:53-03:00	769	32	61	SCD30
2022-01-05T10:48:55-03:00	769	32	61	SCD30
2022-01-05T10:48:57-03:00	770	32	61	SCD30
2022-01-05T10:48:59-03:00	770	32	61	SCD30
2022-01-05T10:49:01-03:00	770	32	61	SCD30
2022-01-05T10:49:03-03:00	771	32	61	SCD30
2022-01-05T10:49:05-03:00	771	32	61	SCD30
2022-01-05T10:49:08-03:00	771	32	61	SCD30
2022-01-05T10:49:10-03:00	770	32	61	SCD30
2022-01-05T10:49:12-03:00	770	32	61	SCD30
2022-01-05T10:49:14-03:00	770	32	61	SCD30
2022-01-05T10:49:16-03:00	769	32	61	SCD30
2022-01-05T10:49:18-03:00	769	32	61	SCD30
2022-01-05T10:49:21-03:00	769	32	61	SCD30
2022-01-05T10:49:23-03:00	769	32	61	SCD30
2022-01-05T10:49:25-03:00	769	32	61	SCD30
2022-01-05T10:49:27-03:00	769	32	61	SCD30
2022-01-05T10:49:29-03:00	769	32	61	SCD30
2022-01-05T10:49:31-03:00	769	32	61	SCD30
2022-01-05T10:49:33-03:00	769	32	61	SCD30
2022-01-05T10:49:35-03:00	769	32	60	SCD30
2022-01-05T10:49:37-03:00	769	32	61	SCD30
2022-01-05T10:49:39-03:00	769	32	61	SCD30
2022-01-05T10:49:41-03:00	768	32	61	SCD30
2022-01-05T10:49:43-03:00	768	32	61	SCD30
2022-01-05T10:49:46-03:00	768	32	61	SCD30
2022-01-05T10:49:48-03:00	768	32	61	SCD30
2022-01-05T10:49:50-03:00	768	32	60	SCD30
2022-01-05T10:49:52-03:00	768	32	61	SCD30
2022-01-05T10:49:54-03:00	768	32	61	SCD30
2022-01-05T10:49:56-03:00	769	32	60	SCD30
2022-01-05T10:49:59-03:00	769	32	60	SCD30
2022-01-05T10:50:01-03:00	769	32	61	SCD30
2022-01-05T10:50:03-03:00	768	32	61	SCD30
2022-01-05T10:50:05-03:00	768	32	60	SCD30
2022-01-05T10:50:07-03:00	768	32	60	SCD30
2022-01-05T10:50:09-03:00	768	32	60	SCD30
2022-01-05T10:50:11-03:00	768	32	61	SCD30
2022-01-05T10:50:13-03:00	768	32	61	SCD30
2022-01-05T10:50:15-03:00	768	32	60	SCD30
2022-01-05T10:50:17-03:00	768	32	61	SCD30
2022-01-05T10:50:20-03:00	768	32	61	SCD30
2022-01-05T10:50:22-03:00	769	32	61	SCD30
2022-01-05T10:50:24-03:00	769	32	61	SCD30
2022-01-05T10:50:26-03:00	768	32	61	SCD30
2022-01-05T10:50:28-03:00	769	32	61	SCD30
2022-01-05T10:50:30-03:00	768	32	61	SCD30
2022-01-05T10:50:32-03:00	768	32	61	SCD30
2022-01-05T10:50:34-03:00	767	32	61	SCD30
2022-01-05T10:50:37-03:00	766	32	61	SCD30
2022-01-05T10:50:39-03:00	766	32	61	SCD30
2022-01-05T10:50:41-03:00	766	32	60	SCD30
2022-01-05T10:50:43-03:00	765	32	61	SCD30
2022-01-05T10:50:45-03:00	765	32	61	SCD30
2022-01-05T10:50:47-03:00	766	32	61	SCD30
2022-01-05T10:50:49-03:00	766	32	61	SCD30
2022-01-05T10:50:51-03:00	767	32	60	SCD30
2022-01-05T10:50:53-03:00	767	32	61	SCD30
2022-01-05T10:50:56-03:00	767	32	60	SCD30
2022-01-05T10:50:58-03:00	767	32	61	SCD30
2022-01-05T10:51:00-03:00	768	32	60	SCD30
2022-01-05T10:51:02-03:00	768	32	60	SCD30
2022-01-05T10:51:04-03:00	768	32	60	SCD30
2022-01-05T10:51:06-03:00	768	32	60	SCD30
2022-01-05T10:51:08-03:00	768	32	60	SCD30
2022-01-05T10:51:10-03:00	768	32	60	SCD30
2022-01-05T10:51:12-03:00	769	32	61	SCD30
2022-01-05T10:51:15-03:00	769	32	60	SCD30
2022-01-05T10:51:17-03:00	769	32	60	SCD30
2022-01-05T10:51:19-03:00	770	32	60	SCD30
2022-01-05T10:51:21-03:00	771	32	60	SCD30
2022-01-05T10:51:23-03:00	771	32	60	SCD30
2022-01-05T10:51:25-03:00	771	32	60	SCD30
2022-01-05T10:51:27-03:00	772	32	60	SCD30
2022-01-05T10:51:29-03:00	771	32	60	SCD30
2022-01-05T10:51:32-03:00	771	32	60	SCD30
2022-01-05T10:51:34-03:00	772	32	60	SCD30
2022-01-05T10:51:36-03:00	773	32	60	SCD30
2022-01-05T10:51:38-03:00	771	32	60	SCD30
2022-01-05T10:51:40-03:00	769	32	60	SCD30
2022-01-05T10:51:42-03:00	767	32	60	SCD30
2022-01-05T10:51:44-03:00	763	32	60	SCD30
2022-01-05T10:51:46-03:00	738	32	60	SCD30
2022-01-05T10:51:48-03:00	685	32	60	SCD30
2022-01-05T10:51:50-03:00	661	32	60	SCD30
2022-01-05T10:51:53-03:00	658	32	60	SCD30
2022-01-05T10:51:55-03:00	631	32	60	SCD30
2022-01-05T10:51:57-03:00	610	32	60	SCD30
2022-01-05T10:51:59-03:00	608	32	60	SCD30
2022-01-05T10:52:01-03:00	603	32	60	SCD30
2022-01-05T10:52:03-03:00	590	32	60	SCD30
2022-01-05T10:52:05-03:00	582	32	60	SCD30
2022-01-05T10:52:08-03:00	579	32	60	SCD30
2022-01-05T10:52:10-03:00	572	32	60	SCD30
2022-01-05T10:52:12-03:00	575	32	60	SCD30
2022-01-05T10:52:14-03:00	567	32	61	SCD30
2022-01-05T10:52:16-03:00	560	32	60	SCD30
2022-01-05T10:52:18-03:00	554	32	61	SCD30
2022-01-05T10:52:20-03:00	558	32	60	SCD30
2022-01-05T10:52:22-03:00	560	32	61	SCD30
2022-01-05T10:52:24-03:00	555	32	61	SCD30
2022-01-05T10:52:26-03:00	552	32	61	SCD30
2022-01-05T10:52:28-03:00	547	32	61	SCD30
2022-01-05T10:52:30-03:00	535	32	61	SCD30
2022-01-05T10:52:33-03:00	524	32	61	SCD30
2022-01-05T10:52:35-03:00	516	32	61	SCD30
2022-01-05T10:52:37-03:00	509	32	61	SCD30
2022-01-05T10:52:39-03:00	504	32	61	SCD30
2022-01-05T10:52:41-03:00	505	32	61	SCD30
2022-01-05T10:52:43-03:00	504	32	61	SCD30
2022-01-05T10:52:46-03:00	493	32	61	SCD30
2022-01-05T10:52:48-03:00	489	32	61	SCD30
2022-01-05T10:52:50-03:00	486	32	61	SCD30
2022-01-05T10:52:52-03:00	490	32	61	SCD30
2022-01-05T10:52:54-03:00	496	32	61	SCD30
2022-01-05T10:52:56-03:00	488	32	61	SCD30
2022-01-05T10:52:58-03:00	493	32	61	SCD30
2022-01-05T10:53:00-03:00	497	32	61	SCD30
2022-01-05T10:53:02-03:00	506	32	61	SCD30
2022-01-05T10:53:04-03:00	494	32	62	SCD30
2022-01-05T10:53:06-03:00	472	32	62	SCD30
2022-01-05T10:53:08-03:00	477	32	62	SCD30
2022-01-05T10:53:11-03:00	475	32	62	SCD30
2022-01-05T10:53:13-03:00	494	32	62	SCD30
2022-01-05T10:53:15-03:00	495	32	62	SCD30
2022-01-05T10:53:17-03:00	492	32	62	SCD30
2022-01-05T10:53:19-03:00	492	32	62	SCD30
2022-01-05T10:53:21-03:00	488	32	62	SCD30
2022-01-05T10:53:24-03:00	490	32	62	SCD30
2022-01-05T10:53:26-03:00	498	32	62	SCD30
2022-01-05T10:53:28-03:00	501	32	62	SCD30
2022-01-05T10:53:30-03:00	500	32	62	SCD30
2022-01-05T10:53:32-03:00	495	32	62	SCD30
2022-01-05T10:53:34-03:00	502	32	62	SCD30
2022-01-05T10:53:36-03:00	505	32	62	SCD30
2022-01-05T10:53:38-03:00	503	32	62	SCD30
2022-01-05T10:53:40-03:00	499	32	62	SCD30
2022-01-05T10:53:42-03:00	494	32	62	SCD30
2022-01-05T10:53:44-03:00	493	32	62	SCD30
2022-01-05T10:53:46-03:00	496	32	62	SCD30
2022-01-05T10:53:48-03:00	498	32	62	SCD30
2022-01-05T10:53:51-03:00	499	32	62	SCD30
2022-01-05T10:53:53-03:00	498	32	62	SCD30
2022-01-05T10:53:55-03:00	496	32	62	SCD30
2022-01-05T10:53:57-03:00	494	32	63	SCD30
2022-01-05T10:53:59-03:00	494	32	63	SCD30
2022-01-05T10:54:01-03:00	491	32	63	SCD30
2022-01-05T10:54:04-03:00	490	32	63	SCD30
2022-01-05T10:54:06-03:00	489	31	63	SCD30
2022-01-05T10:54:08-03:00	486	31	63	SCD30
2022-01-05T10:54:10-03:00	481	31	63	SCD30
2022-01-05T10:54:12-03:00	479	32	63	SCD30
2022-01-05T10:54:14-03:00	480	32	63	SCD30
2022-01-05T10:54:16-03:00	476	32	63	SCD30
2022-01-05T10:54:18-03:00	476	32	63	SCD30
2022-01-05T10:54:20-03:00	476	32	63	SCD30
2022-01-05T10:54:22-03:00	477	32	63	SCD30
2022-01-05T10:54:24-03:00	478	32	62	SCD30
2022-01-05T10:54:26-03:00	478	32	62	SCD30
2022-01-05T10:54:29-03:00	478	32	62	SCD30
2022-01-05T10:54:31-03:00	480	32	62	SCD30
2022-01-05T10:54:33-03:00	477	32	62	SCD30
2022-01-05T10:54:35-03:00	475	32	62	SCD30
2022-01-05T10:54:37-03:00	476	32	62	SCD30
2022-01-05T10:54:39-03:00	477	32	62	SCD30
2022-01-05T10:54:42-03:00	478	32	62	SCD30
2022-01-05T10:54:44-03:00	478	32	62	SCD30
2022-01-05T10:54:46-03:00	479	32	62	SCD30
2022-01-05T10:54:48-03:00	479	32	62	SCD30
2022-01-05T10:54:50-03:00	480	32	62	SCD30
2022-01-05T10:54:52-03:00	480	32	62	SCD30
2022-01-05T10:54:54-03:00	478	32	62	SCD30
2022-01-05T10:54:56-03:00	478	32	62	SCD30
2022-01-05T10:54:58-03:00	479	32	62	SCD30
2022-01-05T10:55:00-03:00	479	32	62	SCD30
2022-01-05T10:55:02-03:00	478	32	62	SCD30
2022-01-05T10:55:05-03:00	478	32	62	SCD30
2022-01-05T10:55:07-03:00	476	32	62	SCD30
2022-01-05T10:55:09-03:00	475	32	62	SCD30
2022-01-05T10:55:11-03:00	475	32	62	SCD30
2022-01-05T10:55:13-03:00	475	32	62	SCD30
2022-01-05T10:55:15-03:00	474	32	62	SCD30
2022-01-05T10:55:17-03:00	475	32	62	SCD30
2022-01-05T10:55:19-03:00	475	32	62	SCD30
2022-01-05T10:55:22-03:00	475	32	62	SCD30
2022-01-05T10:55:24-03:00	475	32	62	SCD30
2022-01-05T10:55:26-03:00	477	32	62	SCD30
2022-01-05T10:55:28-03:00	479	32	62	SCD30
2022-01-05T10:55:30-03:00	479	32	62	SCD30
2022-01-05T10:55:32-03:00	478	32	62	SCD30
2022-01-05T10:55:34-03:00	478	32	62	SCD30
2022-01-05T10:55:36-03:00	475	32	62	SCD30
2022-01-05T10:55:39-03:00	475	32	62	SCD30
2022-01-05T10:55:41-03:00	474	32	62	SCD30
2022-01-05T10:55:43-03:00	474	32	62	SCD30
2022-01-05T10:55:45-03:00	475	32	62	SCD30
2022-01-05T10:55:47-03:00	474	32	62	SCD30
2022-01-05T10:55:49-03:00	475	32	61	SCD30
2022-01-05T10:55:51-03:00	474	32	61	SCD30
2022-01-05T10:55:53-03:00	474	32	61	SCD30
2022-01-05T10:55:55-03:00	474	32	61	SCD30
2022-01-05T10:55:57-03:00	473	32	61	SCD30
2022-01-05T10:56:00-03:00	474	32	61	SCD30
2022-01-05T10:56:02-03:00	474	32	61	SCD30
2022-01-05T10:56:04-03:00	474	32	61	SCD30
2022-01-05T10:56:06-03:00	474	32	61	SCD30
2022-01-05T10:56:08-03:00	474	32	61	SCD30
2022-01-05T10:56:10-03:00	473	32	61	SCD30
2022-01-05T10:56:12-03:00	474	32	61	SCD30
2022-01-05T10:56:15-03:00	474	32	61	SCD30
2022-01-05T10:56:17-03:00	474	32	61	SCD30
2022-01-05T10:56:19-03:00	474	32	61	SCD30
2022-01-05T10:56:21-03:00	475	32	61	SCD30
2022-01-05T10:56:23-03:00	476	32	61	SCD30
2022-01-05T10:56:25-03:00	476	32	61	SCD30
2022-01-05T10:56:27-03:00	476	32	61	SCD30
2022-01-05T10:56:29-03:00	476	32	61	SCD30
2022-01-05T10:56:31-03:00	475	32	61	SCD30
2022-01-05T10:56:33-03:00	474	32	61	SCD30
2022-01-05T10:56:35-03:00	474	32	61	SCD30
2022-01-05T10:56:38-03:00	474	32	61	SCD30
2022-01-05T10:56:40-03:00	474	32	61	SCD30
2022-01-05T10:56:42-03:00	473	32	61	SCD30
2022-01-05T10:56:44-03:00	473	32	61	SCD30
2022-01-05T10:56:46-03:00	473	32	61	SCD30
2022-01-05T10:56:48-03:00	472	32	61	SCD30
2022-01-05T10:56:51-03:00	471	32	62	SCD30
2022-01-05T10:56:53-03:00	470	32	62	SCD30
2022-01-05T10:56:55-03:00	469	32	62	SCD30
2022-01-05T10:56:57-03:00	468	32	62	SCD30
2022-01-05T10:56:59-03:00	466	32	62	SCD30
2022-01-05T10:57:01-03:00	463	32	62	SCD30
2022-01-05T10:57:03-03:00	459	32	62	SCD30
2022-01-05T10:57:05-03:00	455	32	62	SCD30
2022-01-05T10:57:07-03:00	454	32	62	SCD30
2022-01-05T10:57:09-03:00	454	32	62	SCD30
2022-01-05T10:57:11-03:00	455	32	62	SCD30
2022-01-05T10:57:13-03:00	455	32	62	SCD30
2022-01-05T10:57:15-03:00	460	32	62	SCD30
2022-01-05T10:57:18-03:00	459	32	61	SCD30
2022-01-05T10:57:20-03:00	459	32	62	SCD30
2022-01-05T10:57:22-03:00	457	32	61	SCD30
2022-01-05T10:57:24-03:00	456	32	62	SCD30
2022-01-05T10:57:26-03:00	455	32	61	SCD30
2022-01-05T10:57:28-03:00	450	32	61	SCD30
2022-01-05T10:57:31-03:00	447	32	62	SCD30
2022-01-05T10:57:33-03:00	447	32	61	SCD30
2022-01-05T10:57:35-03:00	448	32	61	SCD30
2022-01-05T10:57:37-03:00	450	32	61	SCD30
2022-01-05T10:57:39-03:00	448	32	61	SCD30
2022-01-05T10:57:41-03:00	449	32	61	SCD30
2022-01-05T10:57:43-03:00	451	32	61	SCD30
2022-01-05T10:57:45-03:00	449	32	61	SCD30
2022-01-05T10:57:47-03:00	449	32	61	SCD30
2022-01-05T10:57:49-03:00	448	32	61	SCD30
2022-01-05T10:57:51-03:00	447	32	61	SCD30
2022-01-05T10:57:53-03:00	448	32	61	SCD30
2022-01-05T10:57:56-03:00	447	32	61	SCD30
2022-01-05T10:57:58-03:00	445	32	61	SCD30
2022-01-05T10:58:00-03:00	445	32	61	SCD30
2022-01-05T10:58:02-03:00	446	32	61	SCD30
2022-01-05T10:58:04-03:00	447	32	61	SCD30
2022-01-05T10:58:06-03:00	447	32	61	SCD30
2022-01-05T10:58:09-03:00	449	32	61	SCD30
2022-01-05T10:58:11-03:00	450	32	61	SCD30
2022-01-05T10:58:13-03:00	452	32	61	SCD30
2022-01-05T10:58:15-03:00	452	32	61	SCD30
2022-01-05T10:58:17-03:00	453	32	61	SCD30
2022-01-05T10:58:19-03:00	453	32	61	SCD30
2022-01-05T10:58:21-03:00	454	32	61	SCD30
2022-01-05T10:58:23-03:00	455	32	61	SCD30
2022-01-05T10:58:25-03:00	455	32	61	SCD30
2022-01-05T10:58:27-03:00	454	32	61	SCD30
2022-01-05T10:58:29-03:00	453	32	61	SCD30
2022-01-05T10:58:31-03:00	453	32	61	SCD30
2022-01-05T10:58:34-03:00	454	32	61	SCD30
2022-01-05T10:58:36-03:00	454	32	61	SCD30
2022-01-05T10:58:38-03:00	453	32	61	SCD30
2022-01-05T10:58:40-03:00	453	32	61	SCD30
2022-01-05T10:58:42-03:00	453	32	61	SCD30
2022-01-05T10:58:44-03:00	453	32	61	SCD30
2022-01-05T10:58:47-03:00	453	32	61	SCD30
2022-01-05T10:58:49-03:00	454	32	61	SCD30
2022-01-05T10:58:51-03:00	456	32	61	SCD30
2022-01-05T10:58:53-03:00	459	32	61	SCD30
2022-01-05T10:58:55-03:00	457	32	61	SCD30
2022-01-05T10:58:57-03:00	453	32	61	SCD30
2022-01-05T10:58:59-03:00	452	32	61	SCD30
2022-01-05T10:59:01-03:00	454	32	61	SCD30
2022-01-05T10:59:03-03:00	450	32	61	SCD30
2022-01-05T10:59:05-03:00	450	32	61	SCD30
2022-01-05T10:59:07-03:00	452	32	61	SCD30
2022-01-05T10:59:09-03:00	453	32	61	SCD30
2022-01-05T10:59:12-03:00	459	32	62	SCD30
2022-01-05T10:59:14-03:00	460	32	62	SCD30
2022-01-05T10:59:16-03:00	462	32	61	SCD30
2022-01-05T10:59:18-03:00	462	32	62	SCD30
2022-01-05T10:59:20-03:00	463	32	61	SCD30
2022-01-05T10:59:22-03:00	462	32	62	SCD30
2022-01-05T10:59:25-03:00	460	32	62	SCD30
2022-01-05T10:59:27-03:00	458	32	62	SCD30
2022-01-05T10:59:29-03:00	457	32	62	SCD30
2022-01-05T10:59:31-03:00	457	32	61	SCD30
2022-01-05T10:59:33-03:00	456	32	62	SCD30
2022-01-05T10:59:35-03:00	457	32	61	SCD30
2022-01-05T10:59:37-03:00	458	32	61	SCD30
2022-01-05T10:59:39-03:00	462	32	62	SCD30
2022-01-05T10:59:41-03:00	464	32	62	SCD30
2022-01-05T10:59:43-03:00	467	32	62	SCD30
2022-01-05T10:59:45-03:00	466	32	62	SCD30
2022-01-05T10:59:48-03:00	459	32	62	SCD30
2022-01-05T10:59:50-03:00	454	32	62	SCD30
2022-01-05T10:59:52-03:00	447	32	62	SCD30
2022-01-05T10:59:54-03:00	444	32	62	SCD30
2022-01-05T10:59:56-03:00	443	32	62	SCD30
2022-01-05T10:59:58-03:00	447	32	62	SCD30
2022-01-05T11:00:00-03:00	450	32	62	SCD30
2022-01-05T11:00:02-03:00	447	32	62	SCD30
2022-01-05T11:00:05-03:00	442	32	62	SCD30
2022-01-05T11:00:07-03:00	440	31	62	SCD30
2022-01-05T11:00:09-03:00	440	31	62	SCD30
2022-01-05T11:00:11-03:00	438	31	62	SCD30
2022-01-05T11:00:13-03:00	436	31	62	SCD30
2022-01-05T11:00:15-03:00	434	31	62	SCD30
2022-01-05T11:00:17-03:00	435	31	62	SCD30
2022-01-05T11:00:19-03:00	435	31	63	SCD30
2022-01-05T11:00:21-03:00	436	31	63	SCD30
2022-01-05T11:00:24-03:00	435	31	63	SCD30
2022-01-05T11:00:26-03:00	434	31	63	SCD30
2022-01-05T11:00:28-03:00	434	31	63	SCD30
2022-01-05T11:00:30-03:00	432	31	63	SCD30
2022-01-05T11:00:32-03:00	431	31	63	SCD30
2022-01-05T11:00:34-03:00	431	31	63	SCD30
2022-01-05T11:00:36-03:00	432	31	63	SCD30
2022-01-05T11:00:38-03:00	432	31	63	SCD30
2022-01-05T11:00:40-03:00	432	32	63	SCD30
2022-01-05T11:00:43-03:00	432	32	63	SCD30
2022-01-05T11:00:45-03:00	433	32	62	SCD30
2022-01-05T11:00:47-03:00	434	32	62	SCD30
2022-01-05T11:00:49-03:00	434	32	62	SCD30
2022-01-05T11:00:51-03:00	435	32	62	SCD30
2022-01-05T11:00:53-03:00	435	32	62	SCD30
2022-01-05T11:00:55-03:00	436	32	62	SCD30
2022-01-05T11:00:57-03:00	436	32	62	SCD30
2022-01-05T11:01:00-03:00	438	32	62	SCD30
2022-01-05T11:01:02-03:00	438	32	62	SCD30
2022-01-05T11:01:04-03:00	439	32	62	SCD30
2022-01-05T11:01:06-03:00	441	32	62	SCD30
2022-01-05T11:01:08-03:00	442	32	62	SCD30
2022-01-05T11:01:10-03:00	443	32	62	SCD30
2022-01-05T11:01:12-03:00	443	32	62	SCD30
2022-01-05T11:01:14-03:00	442	32	62	SCD30
2022-01-05T11:01:16-03:00	442	32	62	SCD30
2022-01-05T11:01:18-03:00	443	32	62	SCD30
2022-01-05T11:01:20-03:00	444	32	62	SCD30
2022-01-05T11:01:23-03:00	444	32	62	SCD30
2022-01-05T11:01:25-03:00	444	32	62	SCD30
2022-01-05T11:01:27-03:00	444	32	62	SCD30
2022-01-05T11:01:29-03:00	445	32	62	SCD30
2022-01-05T11:01:31-03:00	445	32	62	SCD30
2022-01-05T11:01:33-03:00	445	32	62	SCD30
2022-01-05T11:01:36-03:00	445	32	62	SCD30
2022-01-05T11:01:38-03:00	446	32	62	SCD30
2022-01-05T11:01:40-03:00	446	32	62	SCD30
2022-01-05T11:01:42-03:00	446	32	62	SCD30
2022-01-05T11:01:44-03:00	446	32	62	SCD30
2022-01-05T11:01:46-03:00	446	32	62	SCD30
2022-01-05T11:01:48-03:00	446	32	61	SCD30
2022-01-05T11:01:50-03:00	446	32	62	SCD30
2022-01-05T11:01:52-03:00	446	32	61	SCD30
2022-01-05T11:01:54-03:00	445	32	61	SCD30
2022-01-05T11:01:56-03:00	446	32	61	SCD30
2022-01-05T11:01:58-03:00	447	32	61	SCD30
2022-01-05T11:02:01-03:00	448	32	61	SCD30
2022-01-05T11:02:03-03:00	448	32	61	SCD30
2022-01-05T11:02:05-03:00	448	32	61	SCD30
2022-01-05T11:02:07-03:00	448	32	61	SCD30
2022-01-05T11:02:09-03:00	448	32	61	SCD30
2022-01-05T11:02:11-03:00	448	32	61	SCD30
2022-01-05T11:02:14-03:00	448	32	61	SCD30
2022-01-05T11:02:16-03:00	447	32	61	SCD30
2022-01-05T11:02:18-03:00	447	32	61	SCD30
2022-01-05T11:02:20-03:00	447	32	61	SCD30
2022-01-05T11:02:22-03:00	448	32	61	SCD30
2022-01-05T11:02:24-03:00	447	32	61	SCD30
2022-01-05T11:02:26-03:00	447	32	61	SCD30
2022-01-05T11:02:28-03:00	447	32	61	SCD30
2022-01-05T11:02:30-03:00	447	32	61	SCD30
2022-01-05T11:02:32-03:00	447	32	61	SCD30
2022-01-05T11:02:34-03:00	448	32	61	SCD30
2022-01-05T11:02:36-03:00	448	32	61	SCD30
2022-01-05T11:02:38-03:00	449	32	61	SCD30
2022-01-05T11:02:41-03:00	448	32	61	SCD30
2022-01-05T11:02:43-03:00	449	32	61	SCD30
2022-01-05T11:02:45-03:00	448	32	61	SCD30
2022-01-05T11:02:47-03:00	448	32	61	SCD30
2022-01-05T11:02:49-03:00	448	32	61	SCD30
2022-01-05T11:02:51-03:00	447	32	61	SCD30
2022-01-05T11:02:54-03:00	448	32	61	SCD30
2022-01-05T11:02:56-03:00	447	32	61	SCD30
2022-01-05T11:02:58-03:00	447	32	61	SCD30
2022-01-05T11:03:00-03:00	447	32	61	SCD30
2022-01-05T11:03:02-03:00	448	32	61	SCD30
2022-01-05T11:03:04-03:00	449	32	61	SCD30
2022-01-05T11:03:06-03:00	449	32	61	SCD30
2022-01-05T11:03:08-03:00	449	32	61	SCD30
2022-01-05T11:03:10-03:00	449	32	61	SCD30
2022-01-05T11:03:12-03:00	450	32	61	SCD30
2022-01-05T11:03:14-03:00	449	32	61	SCD30
2022-01-05T11:03:16-03:00	450	32	61	SCD30
2022-01-05T11:03:19-03:00	450	32	61	SCD30
2022-01-05T11:03:21-03:00	450	32	61	SCD30
2022-01-05T11:03:23-03:00	450	32	61	SCD30
2022-01-05T11:03:25-03:00	449	32	61	SCD30
2022-01-05T11:03:27-03:00	449	32	61	SCD30
2022-01-05T11:03:29-03:00	449	32	61	SCD30
2022-01-05T11:03:32-03:00	449	32	61	SCD30
2022-01-05T11:03:34-03:00	449	32	61	SCD30
2022-01-05T11:03:36-03:00	450	32	61	SCD30
2022-01-05T11:03:38-03:00	450	32	61	SCD30
2022-01-05T11:03:40-03:00	449	32	61	SCD30
2022-01-05T11:03:42-03:00	449	32	61	SCD30
2022-01-05T11:03:44-03:00	449	32	61	SCD30
2022-01-05T11:03:46-03:00	449	32	61	SCD30
2022-01-05T11:03:48-03:00	449	32	61	SCD30
2022-01-05T11:03:50-03:00	449	32	61	SCD30
2022-01-05T11:03:52-03:00	449	32	61	SCD30
2022-01-05T11:03:54-03:00	449	32	61	SCD30
2022-01-05T11:03:57-03:00	448	32	61	SCD30
2022-01-05T11:03:59-03:00	448	32	61	SCD30
2022-01-05T11:04:01-03:00	448	32	61	SCD30
2022-01-05T11:04:03-03:00	447	32	61	SCD30
2022-01-05T11:04:05-03:00	448	32	61	SCD30
2022-01-05T11:04:07-03:00	448	32	61	SCD30
2022-01-05T11:04:09-03:00	448	32	61	SCD30
2022-01-05T11:04:12-03:00	448	32	61	SCD30
2022-01-05T11:04:14-03:00	448	32	61	SCD30
2022-01-05T11:04:16-03:00	448	32	61	SCD30
2022-01-05T11:04:18-03:00	448	32	61	SCD30
2022-01-05T11:04:20-03:00	448	32	61	SCD30
2022-01-05T11:04:22-03:00	448	32	61	SCD30
2022-01-05T11:04:24-03:00	448	32	61	SCD30
2022-01-05T11:04:26-03:00	448	32	61	SCD30
2022-01-05T11:04:28-03:00	448	32	61	SCD30
2022-01-05T11:04:30-03:00	448	32	61	SCD30
2022-01-05T11:04:33-03:00	448	32	61	SCD30
2022-01-05T11:04:35-03:00	448	32	61	SCD30
2022-01-05T11:04:37-03:00	449	32	61	SCD30
2022-01-05T11:04:39-03:00	450	32	61	SCD30
2022-01-05T11:04:41-03:00	450	32	61	SCD30
2022-01-05T11:04:43-03:00	450	32	61	SCD30
2022-01-05T11:04:45-03:00	450	32	61	SCD30
2022-01-05T11:04:47-03:00	450	32	61	SCD30
2022-01-05T11:04:50-03:00	450	32	61	SCD30
2022-01-05T11:04:52-03:00	450	32	61	SCD30
2022-01-05T11:04:54-03:00	450	32	61	SCD30
2022-01-05T11:04:56-03:00	450	32	61	SCD30
2022-01-05T11:04:58-03:00	450	32	61	SCD30
2022-01-05T11:05:00-03:00	450	32	61	SCD30
2022-01-05T11:05:02-03:00	450	32	61	SCD30
2022-01-05T11:05:04-03:00	450	32	61	SCD30
2022-01-05T11:05:06-03:00	450	32	61	SCD30
2022-01-05T11:05:09-03:00	450	32	61	SCD30
2022-01-05T11:05:11-03:00	450	32	61	SCD30
2022-01-05T11:05:13-03:00	449	32	61	SCD30
2022-01-05T11:05:15-03:00	449	32	61	SCD30
2022-01-05T11:05:17-03:00	449	32	61	SCD30
2022-01-05T11:05:19-03:00	449	32	61	SCD30
2022-01-05T11:05:21-03:00	449	32	61	SCD30
2022-01-05T11:05:23-03:00	449	32	61	SCD30
2022-01-05T11:05:25-03:00	449	32	61	SCD30
2022-01-05T11:05:27-03:00	449	32	61	SCD30
2022-01-05T11:05:30-03:00	450	32	61	SCD30
2022-01-05T11:05:32-03:00	450	32	61	SCD30
2022-01-05T11:05:34-03:00	450	32	61	SCD30
2022-01-05T11:05:36-03:00	450	32	61	SCD30
2022-01-05T11:05:38-03:00	450	32	61	SCD30
2022-01-05T11:05:40-03:00	450	32	61	SCD30
2022-01-05T11:05:43-03:00	450	32	61	SCD30
2022-01-05T11:05:45-03:00	449	32	61	SCD30
2022-01-05T11:05:47-03:00	449	32	61	SCD30
2022-01-05T11:05:49-03:00	448	32	61	SCD30
2022-01-05T11:05:51-03:00	449	32	61	SCD30
2022-01-05T11:05:53-03:00	448	32	61	SCD30
2022-01-05T11:05:55-03:00	448	32	61	SCD30
2022-01-05T11:05:57-03:00	448	32	61	SCD30
2022-01-05T11:05:59-03:00	448	32	61	SCD30
2022-01-05T11:06:01-03:00	448	32	61	SCD30
2022-01-05T11:06:03-03:00	449	32	61	SCD30
2022-01-05T11:06:05-03:00	449	32	61	SCD30
2022-01-05T11:06:08-03:00	449	32	61	SCD30
2022-01-05T11:06:10-03:00	449	32	61	SCD30
2022-01-05T11:06:12-03:00	450	32	61	SCD30
2022-01-05T11:06:14-03:00	450	32	61	SCD30
2022-01-05T11:06:16-03:00	450	32	61	SCD30
2022-01-05T11:06:18-03:00	450	32	61	SCD30
2022-01-05T11:06:21-03:00	451	32	61	SCD30
2022-01-05T11:06:23-03:00	452	32	61	SCD30
2022-01-05T11:06:25-03:00	452	32	61	SCD30
2022-01-05T11:06:27-03:00	453	32	61	SCD30
2022-01-05T11:06:29-03:00	453	32	61	SCD30
2022-01-05T11:06:31-03:00	453	32	61	SCD30
2022-01-05T11:06:33-03:00	452	32	61	SCD30
2022-01-05T11:06:35-03:00	452	32	61	SCD30
2022-01-05T11:06:37-03:00	451	32	61	SCD30
2022-01-05T11:06:39-03:00	451	32	61	SCD30
2022-01-05T11:06:41-03:00	451	32	61	SCD30
2022-01-05T11:06:43-03:00	451	32	60	SCD30
2022-01-05T11:06:45-03:00	451	32	60	SCD30
2022-01-05T11:06:48-03:00	450	32	61	SCD30
2022-01-05T11:06:50-03:00	450	32	61	SCD30
2022-01-05T11:06:52-03:00	450	32	60	SCD30
2022-01-05T11:06:54-03:00	451	32	60	SCD30
2022-01-05T11:06:56-03:00	451	32	60	SCD30
2022-01-05T11:06:58-03:00	451	32	60	SCD30
2022-01-05T11:07:01-03:00	452	32	60	SCD30
2022-01-05T11:07:03-03:00	452	32	60	SCD30
2022-01-05T11:07:05-03:00	453	32	60	SCD30
2022-01-05T11:07:07-03:00	454	32	60	SCD30
2022-01-05T11:07:09-03:00	454	32	60	SCD30
2022-01-05T11:07:11-03:00	454	32	60	SCD30
2022-01-05T11:07:13-03:00	455	32	60	SCD30
2022-01-05T11:07:15-03:00	456	32	60	SCD30
2022-01-05T11:07:17-03:00	456	32	60	SCD30
2022-01-05T11:07:19-03:00	457	32	60	SCD30
2022-01-05T11:07:21-03:00	458	32	60	SCD30
2022-01-05T11:07:23-03:00	460	32	61	SCD30
2022-01-05T11:07:26-03:00	465	32	61	SCD30
2022-01-05T11:07:28-03:00	476	32	61	SCD30
2022-01-05T11:07:30-03:00	514	32	61	SCD30
2022-01-05T11:07:32-03:00	625	32	61	SCD30
2022-01-05T11:07:34-03:00	781	32	61	SCD30
2022-01-05T11:07:36-03:00	823	32	61	SCD30
2022-01-05T11:07:39-03:00	840	32	61	SCD30
2022-01-05T11:07:41-03:00	851	32	60	SCD30
2022-01-05T11:07:43-03:00	857	32	60	SCD30
2022-01-05T11:07:45-03:00	861	32	60	SCD30
2022-01-05T11:07:47-03:00	861	32	60	SCD30
2022-01-05T11:07:49-03:00	853	32	60	SCD30
2022-01-05T11:07:51-03:00	848	32	60	SCD30
2022-01-05T11:07:53-03:00	841	32	60	SCD30
2022-01-05T11:07:55-03:00	830	32	61	SCD30
2022-01-05T11:07:57-03:00	821	32	60	SCD30
2022-01-05T11:07:59-03:00	813	32	61	SCD30
2022-01-05T11:08:01-03:00	794	32	61	SCD30
2022-01-05T11:08:03-03:00	759	32	61	SCD30
2022-01-05T11:08:06-03:00	747	32	61	SCD30
2022-01-05T11:08:08-03:00	720	32	61	SCD30
2022-01-05T11:08:10-03:00	705	32	61	SCD30
2022-01-05T11:08:12-03:00	697	32	60	SCD30
2022-01-05T11:08:14-03:00	693	32	61	SCD30
2022-01-05T11:08:16-03:00	688	32	61	SCD30
2022-01-05T11:08:19-03:00	685	32	61	SCD30
2022-01-05T11:08:21-03:00	684	32	61	SCD30
2022-01-05T11:08:23-03:00	682	32	61	SCD30
2022-01-05T11:08:25-03:00	679	32	61	SCD30
2022-01-05T11:08:27-03:00	678	32	61	SCD30
2022-01-05T11:08:29-03:00	678	32	61	SCD30
2022-01-05T11:08:31-03:00	678	32	61	SCD30
2022-01-05T11:08:33-03:00	678	32	61	SCD30
2022-01-05T11:08:35-03:00	678	32	61	SCD30
2022-01-05T11:08:37-03:00	678	32	61	SCD30
2022-01-05T11:08:40-03:00	679	32	61	SCD30
2022-01-05T11:08:42-03:00	679	32	61	SCD30
2022-01-05T11:08:44-03:00	678	32	61	SCD30
2022-01-05T11:08:46-03:00	679	32	61	SCD30
2022-01-05T11:08:48-03:00	679	32	61	SCD30
2022-01-05T11:08:50-03:00	678	32	61	SCD30
2022-01-05T11:08:52-03:00	677	32	61	SCD30
2022-01-05T11:08:54-03:00	678	32	61	SCD30
2022-01-05T11:08:56-03:00	677	32	61	SCD30
2022-01-05T11:08:59-03:00	678	32	61	SCD30
2022-01-05T11:09:01-03:00	677	32	61	SCD30
2022-01-05T11:09:03-03:00	679	32	61	SCD30
2022-01-05T11:09:05-03:00	680	32	60	SCD30
2022-01-05T11:09:07-03:00	680	32	60	SCD30
2022-01-05T11:09:09-03:00	679	32	60	SCD30
2022-01-05T11:09:11-03:00	678	32	60	SCD30
2022-01-05T11:09:13-03:00	678	32	60	SCD30
2022-01-05T11:09:16-03:00	677	32	61	SCD30
2022-01-05T11:09:18-03:00	677	32	61	SCD30
2022-01-05T11:09:20-03:00	678	32	60	SCD30
2022-01-05T11:09:22-03:00	677	32	60	SCD30
2022-01-05T11:09:24-03:00	677	32	61	SCD30
2022-01-05T11:09:26-03:00	677	32	60	SCD30
2022-01-05T11:09:28-03:00	676	32	60	SCD30
2022-01-05T11:09:30-03:00	676	32	60	SCD30
2022-01-05T11:09:32-03:00	677	32	60	SCD30
2022-01-05T11:09:34-03:00	677	32	60	SCD30
2022-01-05T11:09:37-03:00	677	32	60	SCD30
2022-01-05T11:09:39-03:00	677	32	60	SCD30
2022-01-05T11:09:41-03:00	677	32	60	SCD30
2022-01-05T11:09:43-03:00	677	32	60	SCD30
2022-01-05T11:09:45-03:00	678	32	60	SCD30
2022-01-05T11:09:47-03:00	679	32	60	SCD30
2022-01-05T11:09:49-03:00	679	32	60	SCD30
2022-01-05T11:09:52-03:00	679	32	60	SCD30
2022-01-05T11:09:54-03:00	678	32	60	SCD30
2022-01-05T11:09:56-03:00	679	32	60	SCD30
2022-01-05T11:09:58-03:00	679	32	60	SCD30
2022-01-05T11:10:00-03:00	680	32	60	SCD30
2022-01-05T11:10:02-03:00	680	32	60	SCD30
2022-01-05T11:10:04-03:00	680	32	60	SCD30
2022-01-05T11:10:06-03:00	680	32	60	SCD30
2022-01-05T11:10:08-03:00	680	32	60	SCD30
2022-01-05T11:10:10-03:00	681	32	60	SCD30
2022-01-05T11:10:12-03:00	680	32	60	SCD30
2022-01-05T11:10:14-03:00	679	32	60	SCD30
2022-01-05T11:10:17-03:00	679	32	60	SCD30
2022-01-05T11:10:19-03:00	679	32	60	SCD30
2022-01-05T11:10:21-03:00	680	32	60	SCD30
2022-01-05T11:10:23-03:00	679	32	60	SCD30
2022-01-05T11:10:25-03:00	679	32	60	SCD30
2022-01-05T11:10:27-03:00	679	32	60	SCD30
2022-01-05T11:10:30-03:00	679	32	60	SCD30
2022-01-05T11:10:32-03:00	679	32	60	SCD30
2022-01-05T11:10:34-03:00	678	32	60	SCD30
2022-01-05T11:10:36-03:00	679	32	60	SCD30
2022-01-05T11:10:38-03:00	678	32	60	SCD30
2022-01-05T11:10:40-03:00	678	32	60	SCD30
2022-01-05T11:10:42-03:00	679	32	60	SCD30
2022-01-05T11:10:44-03:00	679	32	60	SCD30
2022-01-05T11:10:46-03:00	679	32	60	SCD30
2022-01-05T11:10:48-03:00	680	32	60	SCD30
2022-01-05T11:10:50-03:00	679	32	60	SCD30
2022-01-05T11:10:52-03:00	680	32	60	SCD30
2022-01-05T11:10:54-03:00	679	32	60	SCD30
2022-01-05T11:10:57-03:00	679	32	60	SCD30
2022-01-05T11:10:59-03:00	680	32	60	SCD30
2022-01-05T11:11:01-03:00	679	32	60	SCD30
2022-01-05T11:11:03-03:00	679	32	60	SCD30
2022-01-05T11:11:05-03:00	679	32	60	SCD30
2022-01-05T11:11:07-03:00	680	32	60	SCD30
2022-01-05T11:11:10-03:00	680	32	60	SCD30
2022-01-05T11:11:12-03:00	680	32	60	SCD30
2022-01-05T11:11:14-03:00	680	32	60	SCD30
2022-01-05T11:11:16-03:00	680	32	60	SCD30
2022-01-05T11:11:18-03:00	680	32	60	SCD30
2022-01-05T11:11:20-03:00	680	32	60	SCD30
2022-01-05T11:11:22-03:00	681	32	60	SCD30
2022-01-05T11:11:24-03:00	682	32	60	SCD30
2022-01-05T11:11:26-03:00	682	32	60	SCD30
2022-01-05T11:11:28-03:00	682	32	60	SCD30
2022-01-05T11:11:30-03:00	682	32	60	SCD30
2022-01-05T11:11:32-03:00	681	32	60	SCD30
2022-01-05T11:11:35-03:00	681	32	60	SCD30
2022-01-05T11:11:37-03:00	681	32	60	SCD30
2022-01-05T11:11:39-03:00	681	32	60	SCD30
2022-01-05T11:11:41-03:00	682	32	60	SCD30
2022-01-05T11:11:43-03:00	682	32	60	SCD30
2022-01-05T11:11:45-03:00	682	32	60	SCD30
2022-01-05T11:11:47-03:00	681	32	60	SCD30
2022-01-05T11:11:50-03:00	682	32	60	SCD30
2022-01-05T11:11:52-03:00	682	32	60	SCD30
2022-01-05T11:11:54-03:00	681	32	60	SCD30
2022-01-05T11:11:56-03:00	681	32	60	SCD30
2022-01-05T11:11:58-03:00	682	32	60	SCD30
2022-01-05T11:12:00-03:00	682	32	60	SCD30
2022-01-05T11:12:02-03:00	682	32	60	SCD30
2022-01-05T11:12:04-03:00	682	32	60	SCD30
2022-01-05T11:12:06-03:00	682	32	60	SCD30
2022-01-05T11:12:08-03:00	682	32	60	SCD30
2022-01-05T11:12:10-03:00	682	32	60	SCD30
2022-01-05T11:12:13-03:00	682	32	60	SCD30
2022-01-05T11:12:15-03:00	682	32	60	SCD30
2022-01-05T11:12:17-03:00	681	32	60	SCD30
2022-01-05T11:12:19-03:00	682	32	60	SCD30
2022-01-05T11:12:21-03:00	682	32	60	SCD30
2022-01-05T11:12:23-03:00	681	32	60	SCD30
2022-01-05T11:12:25-03:00	681	32	60	SCD30
2022-01-05T11:12:28-03:00	680	32	60	SCD30
2022-01-05T11:12:30-03:00	679	32	60	SCD30
2022-01-05T11:12:32-03:00	679	32	60	SCD30
2022-01-05T11:12:34-03:00	679	32	60	SCD30
2022-01-05T11:12:36-03:00	680	32	60	SCD30
2022-01-05T11:12:38-03:00	679	32	60	SCD30
2022-01-05T11:12:40-03:00	679	32	60	SCD30
2022-01-05T11:12:42-03:00	679	32	60	SCD30
2022-01-05T11:12:44-03:00	680	32	60	SCD30
2022-01-05T11:12:46-03:00	680	32	60	SCD30
2022-01-05T11:12:49-03:00	679	32	60	SCD30
2022-01-05T11:12:51-03:00	679	32	60	SCD30
2022-01-05T11:12:53-03:00	678	32	60	SCD30
2022-01-05T11:12:55-03:00	679	32	60	SCD30
2022-01-05T11:12:57-03:00	679	32	60	SCD30
2022-01-05T11:12:59-03:00	679	32	60	SCD30
2022-01-05T11:13:01-03:00	678	32	60	SCD30
2022-01-05T11:13:03-03:00	678	32	60	SCD30
2022-01-05T11:13:06-03:00	678	32	60	SCD30
2022-01-05T11:13:08-03:00	678	32	60	SCD30
2022-01-05T11:13:10-03:00	678	32	60	SCD30
2022-01-05T11:13:12-03:00	678	32	60	SCD30
2022-01-05T11:13:14-03:00	677	32	60	SCD30
2022-01-05T11:13:16-03:00	677	32	60	SCD30
2022-01-05T11:13:18-03:00	677	32	60	SCD30
2022-01-05T11:13:20-03:00	677	32	60	SCD30
2022-01-05T11:13:22-03:00	678	32	60	SCD30
2022-01-05T11:13:25-03:00	678	32	60	SCD30
2022-01-05T11:13:27-03:00	679	32	60	SCD30
2022-01-05T11:13:29-03:00	679	32	60	SCD30
2022-01-05T11:13:31-03:00	679	32	60	SCD30
2022-01-05T11:13:33-03:00	679	32	60	SCD30
2022-01-05T11:13:35-03:00	679	32	60	SCD30
2022-01-05T11:13:37-03:00	679	32	60	SCD30
2022-01-05T11:13:39-03:00	679	32	60	SCD30
2022-01-05T11:13:41-03:00	679	32	60	SCD30
2022-01-05T11:13:44-03:00	680	32	60	SCD30
2022-01-05T11:13:46-03:00	679	32	60	SCD30
2022-01-05T11:13:48-03:00	679	32	60	SCD30
2022-01-05T11:13:50-03:00	679	32	60	SCD30
2022-01-05T11:13:52-03:00	679	32	60	SCD30
2022-01-05T11:13:54-03:00	679	32	60	SCD30
2022-01-05T11:13:56-03:00	679	32	60	SCD30
2022-01-05T11:13:58-03:00	679	32	60	SCD30
2022-01-05T11:14:01-03:00	679	32	60	SCD30
2022-01-05T11:14:03-03:00	679	32	60	SCD30
2022-01-05T11:14:05-03:00	679	32	60	SCD30
2022-01-05T11:14:07-03:00	678	32	60	SCD30
2022-01-05T11:14:09-03:00	677	32	60	SCD30
2022-01-05T11:14:11-03:00	677	32	60	SCD30
2022-01-05T11:14:13-03:00	677	32	60	SCD30
2022-01-05T11:14:15-03:00	677	32	60	SCD30
2022-01-05T11:14:17-03:00	677	32	60	SCD30
2022-01-05T11:14:19-03:00	677	32	60	SCD30
2022-01-05T11:14:21-03:00	677	32	60	SCD30
2022-01-05T11:14:24-03:00	677	32	60	SCD30
2022-01-05T11:14:26-03:00	677	32	60	SCD30
2022-01-05T11:14:28-03:00	677	32	60	SCD30
2022-01-05T11:14:30-03:00	677	32	60	SCD30
2022-01-05T11:14:32-03:00	677	32	60	SCD30
2022-01-05T11:14:34-03:00	677	32	60	SCD30
2022-01-05T11:14:37-03:00	677	32	60	SCD30
2022-01-05T11:14:39-03:00	678	32	60	SCD30
2022-01-05T11:14:41-03:00	678	32	60	SCD30
2022-01-05T11:14:43-03:00	678	32	60	SCD30
2022-01-05T11:14:45-03:00	678	32	60	SCD30
2022-01-05T11:14:47-03:00	678	32	60	SCD30
2022-01-05T11:14:49-03:00	678	32	60	SCD30
2022-01-05T11:14:51-03:00	677	32	60	SCD30
2022-01-05T11:14:53-03:00	677	32	60	SCD30
2022-01-05T11:14:55-03:00	677	32	60	SCD30
2022-01-05T11:14:57-03:00	677	32	60	SCD30
2022-01-05T11:14:59-03:00	677	32	60	SCD30
2022-01-05T11:15:01-03:00	677	32	60	SCD30
2022-01-05T11:15:04-03:00	677	32	60	SCD30
2022-01-05T11:15:06-03:00	677	32	60	SCD30
2022-01-05T11:15:08-03:00	676	32	60	SCD30
2022-01-05T11:15:10-03:00	676	32	60	SCD30
2022-01-05T11:15:12-03:00	676	32	60	SCD30
2022-01-05T11:15:14-03:00	676	32	60	SCD30
2022-01-05T11:15:17-03:00	676	32	60	SCD30
2022-01-05T11:15:19-03:00	676	32	60	SCD30
2022-01-05T11:15:21-03:00	676	32	60	SCD30
2022-01-05T11:15:23-03:00	675	32	60	SCD30
2022-01-05T11:15:25-03:00	675	32	60	SCD30
2022-01-05T11:15:27-03:00	676	32	60	SCD30
2022-01-05T11:15:29-03:00	675	32	60	SCD30
2022-01-05T11:15:31-03:00	675	32	60	SCD30
2022-01-05T11:15:33-03:00	675	32	60	SCD30
2022-01-05T11:15:35-03:00	674	32	60	SCD30
2022-01-05T11:15:37-03:00	674	32	60	SCD30
2022-01-05T11:15:39-03:00	673	32	60	SCD30
2022-01-05T11:15:42-03:00	673	32	60	SCD30
2022-01-05T11:15:44-03:00	673	32	60	SCD30
2022-01-05T11:15:46-03:00	673	32	60	SCD30
2022-01-05T11:15:48-03:00	673	32	60	SCD30
2022-01-05T11:15:50-03:00	673	32	60	SCD30
2022-01-05T11:15:52-03:00	673	32	60	SCD30
2022-01-05T11:15:55-03:00	672	32	60	SCD30
2022-01-05T11:15:57-03:00	672	32	60	SCD30
2022-01-05T11:15:59-03:00	671	32	60	SCD30
2022-01-05T11:16:01-03:00	671	32	60	SCD30
2022-01-05T11:16:03-03:00	672	32	60	SCD30
2022-01-05T11:16:05-03:00	672	32	60	SCD30
2022-01-05T11:16:07-03:00	672	32	60	SCD30
2022-01-05T11:16:09-03:00	672	32	60	SCD30
2022-01-05T11:16:11-03:00	672	32	60	SCD30
2022-01-05T11:16:13-03:00	672	32	60	SCD30
2022-01-05T11:16:15-03:00	671	32	60	SCD30
2022-01-05T11:16:17-03:00	671	32	60	SCD30
2022-01-05T11:16:19-03:00	671	32	60	SCD30
2022-01-05T11:16:22-03:00	671	32	60	SCD30
2022-01-05T11:16:24-03:00	671	32	60	SCD30
2022-01-05T11:16:26-03:00	671	32	60	SCD30
2022-01-05T11:16:28-03:00	671	32	60	SCD30
2022-01-05T11:16:30-03:00	671	32	60	SCD30
2022-01-05T11:16:32-03:00	672	32	60	SCD30
2022-01-05T11:16:35-03:00	672	32	60	SCD30
2022-01-05T11:16:37-03:00	672	32	60	SCD30
2022-01-05T11:16:39-03:00	672	32	60	SCD30
2022-01-05T11:16:41-03:00	672	32	60	SCD30
2022-01-05T11:16:43-03:00	673	32	60	SCD30
2022-01-05T11:16:45-03:00	673	32	60	SCD30
2022-01-05T11:16:47-03:00	674	32	60	SCD30
2022-01-05T11:16:49-03:00	674	32	60	SCD30
2022-01-05T11:16:51-03:00	674	32	60	SCD30
2022-01-05T11:16:53-03:00	674	32	60	SCD30
2022-01-05T11:16:56-03:00	674	32	60	SCD30
2022-01-05T11:16:58-03:00	674	32	60	SCD30
2022-01-05T11:17:00-03:00	674	32	60	SCD30
2022-01-05T11:17:02-03:00	674	32	60	SCD30
2022-01-05T11:17:04-03:00	674	32	60	SCD30
2022-01-05T11:17:06-03:00	674	32	60	SCD30
2022-01-05T11:17:08-03:00	673	32	60	SCD30
2022-01-05T11:17:10-03:00	673	32	60	SCD30
2022-01-05T11:17:13-03:00	674	32	60	SCD30
2022-01-05T11:17:15-03:00	674	32	60	SCD30
2022-01-05T11:17:17-03:00	674	32	60	SCD30
2022-01-05T11:17:19-03:00	674	32	60	SCD30
2022-01-05T11:17:21-03:00	674	32	60	SCD30
2022-01-05T11:17:23-03:00	675	32	60	SCD30
2022-01-05T11:17:25-03:00	675	32	60	SCD30
2022-01-05T11:17:27-03:00	675	32	60	SCD30
2022-01-05T11:17:29-03:00	675	32	60	SCD30
2022-01-05T11:17:32-03:00	675	32	60	SCD30
2022-01-05T11:17:34-03:00	674	32	60	SCD30
2022-01-05T11:17:36-03:00	674	32	60	SCD30
2022-01-05T11:17:38-03:00	674	32	60	SCD30
2022-01-05T11:17:40-03:00	674	32	60	SCD30
2022-01-05T11:17:42-03:00	674	32	60	SCD30
2022-01-05T11:17:44-03:00	673	32	60	SCD30
2022-01-05T11:17:46-03:00	673	32	60	SCD30
2022-01-05T11:17:48-03:00	674	32	60	SCD30
2022-01-05T11:17:50-03:00	674	32	60	SCD30
2022-01-05T11:17:53-03:00	674	32	60	SCD30
2022-01-05T11:17:55-03:00	674	32	60	SCD30
2022-01-05T11:17:57-03:00	675	32	60	SCD30
2022-01-05T11:17:59-03:00	675	32	60	SCD30
2022-01-05T11:18:01-03:00	675	32	60	SCD30
2022-01-05T11:18:03-03:00	675	32	60	SCD30
2022-01-05T11:18:05-03:00	675	32	60	SCD30
2022-01-05T11:18:08-03:00	675	32	60	SCD30
2022-01-05T11:18:10-03:00	675	32	60	SCD30
2022-01-05T11:18:12-03:00	675	32	60	SCD30
2022-01-05T11:18:14-03:00	675	32	60	SCD30
2022-01-05T11:18:16-03:00	675	32	60	SCD30
2022-01-05T11:18:18-03:00	674	32	60	SCD30
2022-01-05T11:18:20-03:00	674	32	60	SCD30
2022-01-05T11:18:22-03:00	674	32	60	SCD30
2022-01-05T11:18:24-03:00	674	32	60	SCD30
2022-01-05T11:18:26-03:00	674	32	60	SCD30
2022-01-05T11:18:28-03:00	674	32	60	SCD30
2022-01-05T11:18:30-03:00	673	32	60	SCD30
2022-01-05T11:18:33-03:00	672	32	60	SCD30
2022-01-05T11:18:35-03:00	673	32	60	SCD30
2022-01-05T11:18:37-03:00	672	32	60	SCD30
2022-01-05T11:18:39-03:00	673	32	60	SCD30
2022-01-05T11:18:41-03:00	673	32	60	SCD30
2022-01-05T11:18:43-03:00	673	32	60	SCD30
2022-01-05T11:18:46-03:00	672	32	60	SCD30
2022-01-05T11:18:48-03:00	671	32	60	SCD30
2022-01-05T11:18:50-03:00	672	32	60	SCD30
2022-01-05T11:18:52-03:00	672	32	60	SCD30
2022-01-05T11:18:54-03:00	672	32	60	SCD30
2022-01-05T11:18:56-03:00	673	32	60	SCD30
2022-01-05T11:18:58-03:00	673	32	60	SCD30
2022-01-05T11:19:00-03:00	672	32	60	SCD30
2022-01-05T11:19:02-03:00	672	32	60	SCD30
2022-01-05T11:19:04-03:00	672	32	60	SCD30
2022-01-05T11:19:06-03:00	672	32	60	SCD30
2022-01-05T11:19:08-03:00	672	32	60	SCD30
2022-01-05T11:19:11-03:00	672	32	60	SCD30
2022-01-05T11:19:13-03:00	672	32	60	SCD30
2022-01-05T11:19:15-03:00	672	32	60	SCD30
2022-01-05T11:19:17-03:00	672	32	60	SCD30
2022-01-05T11:19:19-03:00	672	32	60	SCD30
2022-01-05T11:19:21-03:00	672	32	60	SCD30
2022-01-05T11:19:23-03:00	672	32	60	SCD30
2022-01-05T11:19:26-03:00	672	32	60	SCD30
2022-01-05T11:19:28-03:00	672	32	60	SCD30
2022-01-05T11:19:30-03:00	672	32	60	SCD30
2022-01-05T11:19:32-03:00	672	32	60	SCD30
2022-01-05T11:19:34-03:00	672	32	60	SCD30
2022-01-05T11:19:36-03:00	671	32	60	SCD30
2022-01-05T11:19:38-03:00	671	32	60	SCD30
2022-01-05T11:19:40-03:00	671	32	60	SCD30
2022-01-05T11:19:42-03:00	671	32	60	SCD30
2022-01-05T11:19:44-03:00	671	32	60	SCD30
2022-01-05T11:19:46-03:00	671	32	60	SCD30
2022-01-05T11:19:48-03:00	671	32	60	SCD30
2022-01-05T11:19:51-03:00	671	32	60	SCD30
2022-01-05T11:19:53-03:00	672	32	60	SCD30
2022-01-05T11:19:55-03:00	671	32	60	SCD30
2022-01-05T11:19:57-03:00	672	32	60	SCD30
2022-01-05T11:19:59-03:00	672	32	60	SCD30
2022-01-05T11:20:01-03:00	672	32	60	SCD30
2022-01-05T11:20:04-03:00	672	32	60	SCD30
2022-01-05T11:20:06-03:00	672	32	60	SCD30
2022-01-05T11:20:08-03:00	672	32	60	SCD30
2022-01-05T11:20:10-03:00	672	32	60	SCD30
2022-01-05T11:20:12-03:00	671	32	60	SCD30
2022-01-05T11:20:14-03:00	672	32	60	SCD30
2022-01-05T11:20:16-03:00	671	32	60	SCD30
2022-01-05T11:20:18-03:00	671	32	60	SCD30
2022-01-05T11:20:20-03:00	671	32	60	SCD30
2022-01-05T11:20:22-03:00	672	32	60	SCD30
2022-01-05T11:20:24-03:00	671	32	60	SCD30
2022-01-05T11:20:26-03:00	671	32	60	SCD30
2022-01-05T11:20:29-03:00	671	32	60	SCD30
2022-01-05T11:20:31-03:00	670	32	60	SCD30
2022-01-05T11:20:33-03:00	670	32	60	SCD30
2022-01-05T11:20:35-03:00	670	32	60	SCD30
2022-01-05T11:20:37-03:00	670	32	60	SCD30
2022-01-05T11:20:39-03:00	670	32	60	SCD30
2022-01-05T11:20:41-03:00	669	32	60	SCD30
2022-01-05T11:20:44-03:00	669	32	60	SCD30
2022-01-05T11:20:46-03:00	669	32	60	SCD30
2022-01-05T11:20:48-03:00	669	32	60	SCD30
2022-01-05T11:20:50-03:00	669	32	60	SCD30
2022-01-05T11:20:52-03:00	669	32	60	SCD30
2022-01-05T11:20:54-03:00	669	32	60	SCD30
2022-01-05T11:20:56-03:00	669	32	60	SCD30
2022-01-05T11:20:58-03:00	669	32	60	SCD30
2022-01-05T11:21:00-03:00	669	32	60	SCD30
2022-01-05T11:21:02-03:00	670	32	60	SCD30
2022-01-05T11:21:05-03:00	670	32	60	SCD30
2022-01-05T11:21:07-03:00	670	32	60	SCD30
2022-01-05T11:21:09-03:00	670	32	60	SCD30
2022-01-05T11:21:11-03:00	669	32	60	SCD30
2022-01-05T11:21:13-03:00	669	32	60	SCD30
2022-01-05T11:21:15-03:00	670	32	60	SCD30
2022-01-05T11:21:17-03:00	669	32	60	SCD30
2022-01-05T11:21:19-03:00	669	32	60	SCD30
2022-01-05T11:21:22-03:00	669	32	60	SCD30
2022-01-05T11:21:24-03:00	670	32	60	SCD30
2022-01-05T11:21:26-03:00	670	32	60	SCD30
2022-01-05T11:21:28-03:00	670	32	60	SCD30
2022-01-05T11:21:30-03:00	670	32	60	SCD30
2022-01-05T11:21:32-03:00	670	32	60	SCD30
2022-01-05T11:21:34-03:00	669	32	60	SCD30
2022-01-05T11:21:36-03:00	669	32	60	SCD30
2022-01-05T11:21:38-03:00	669	32	60	SCD30
2022-01-05T11:21:41-03:00	669	32	60	SCD30
2022-01-05T11:21:43-03:00	669	32	60	SCD30
2022-01-05T11:21:45-03:00	669	32	60	SCD30
2022-01-05T11:21:47-03:00	669	32	60	SCD30
2022-01-05T11:21:49-03:00	669	32	60	SCD30
2022-01-05T11:21:51-03:00	669	32	60	SCD30
2022-01-05T11:21:53-03:00	670	32	60	SCD30
2022-01-05T11:21:55-03:00	670	32	60	SCD30
2022-01-05T11:21:57-03:00	670	32	60	SCD30
2022-01-05T11:22:00-03:00	670	32	60	SCD30
2022-01-05T11:22:02-03:00	671	32	60	SCD30
2022-01-05T11:22:04-03:00	670	32	60	SCD30
2022-01-05T11:22:06-03:00	670	32	60	SCD30
2022-01-05T11:22:08-03:00	670	32	60	SCD30
2022-01-05T11:22:10-03:00	670	32	60	SCD30
2022-01-05T11:22:12-03:00	670	32	60	SCD30
2022-01-05T11:22:14-03:00	670	32	60	SCD30
2022-01-05T11:22:17-03:00	671	32	60	SCD30
2022-01-05T11:22:19-03:00	670	32	60	SCD30
2022-01-05T11:22:21-03:00	670	32	60	SCD30
2022-01-05T11:22:23-03:00	671	32	60	SCD30
2022-01-05T11:22:25-03:00	671	32	60	SCD30
2022-01-05T11:22:27-03:00	671	32	60	SCD30
2022-01-05T11:22:29-03:00	671	32	60	SCD30
2022-01-05T11:22:31-03:00	671	32	60	SCD30
2022-01-05T11:22:33-03:00	671	32	60	SCD30
2022-01-05T11:22:35-03:00	670	32	60	SCD30
2022-01-05T11:22:37-03:00	670	32	60	SCD30
2022-01-05T11:22:40-03:00	670	32	60	SCD30
2022-01-05T11:22:42-03:00	670	32	60	SCD30
2022-01-05T11:22:44-03:00	670	32	60	SCD30
2022-01-05T11:22:46-03:00	670	32	60	SCD30
2022-01-05T11:22:48-03:00	670	32	60	SCD30
2022-01-05T11:22:50-03:00	670	32	60	SCD30
2022-01-05T11:22:53-03:00	670	32	60	SCD30
2022-01-05T11:22:55-03:00	670	32	60	SCD30
2022-01-05T11:22:57-03:00	670	32	60	SCD30
2022-01-05T11:22:59-03:00	670	32	60	SCD30
2022-01-05T11:23:01-03:00	670	32	60	SCD30
2022-01-05T11:23:03-03:00	670	32	60	SCD30
2022-01-05T11:23:05-03:00	670	32	60	SCD30
2022-01-05T11:23:07-03:00	670	32	60	SCD30
2022-01-05T11:23:09-03:00	670	32	60	SCD30
2022-01-05T11:23:11-03:00	670	32	60	SCD30
2022-01-05T11:23:13-03:00	670	32	60	SCD30
2022-01-05T11:23:15-03:00	670	32	60	SCD30
2022-01-05T11:23:18-03:00	670	32	60	SCD30
2022-01-05T11:23:20-03:00	671	32	60	SCD30
2022-01-05T11:23:22-03:00	671	32	60	SCD30
2022-01-05T11:23:24-03:00	671	32	60	SCD30
2022-01-05T11:23:26-03:00	671	32	60	SCD30
2022-01-05T11:23:28-03:00	671	32	60	SCD30
2022-01-05T11:23:31-03:00	671	32	60	SCD30
2022-01-05T11:23:33-03:00	671	32	60	SCD30
2022-01-05T11:23:35-03:00	671	32	60	SCD30
2022-01-05T11:23:37-03:00	671	32	60	SCD30
2022-01-05T11:23:39-03:00	670	32	60	SCD30
2022-01-05T11:23:41-03:00	670	32	60	SCD30
2022-01-05T11:23:43-03:00	669	32	60	SCD30
2022-01-05T11:23:45-03:00	668	32	60	SCD30
2022-01-05T11:23:47-03:00	668	32	60	SCD30
2022-01-05T11:23:49-03:00	667	32	60	SCD30
2022-01-05T11:23:51-03:00	668	32	60	SCD30
2022-01-05T11:23:53-03:00	667	32	60	SCD30
2022-01-05T11:23:55-03:00	667	32	60	SCD30
2022-01-05T11:23:58-03:00	667	32	60	SCD30
2022-01-05T11:24:00-03:00	667	32	60	SCD30
2022-01-05T11:24:02-03:00	667	32	60	SCD30
2022-01-05T11:24:04-03:00	667	32	60	SCD30
2022-01-05T11:24:06-03:00	667	32	60	SCD30
2022-01-05T11:24:08-03:00	667	32	60	SCD30
2022-01-05T11:24:11-03:00	667	32	60	SCD30
2022-01-05T11:24:13-03:00	668	32	60	SCD30
2022-01-05T11:24:15-03:00	668	32	60	SCD30
2022-01-05T11:24:17-03:00	668	32	60	SCD30
2022-01-05T11:24:19-03:00	669	32	60	SCD30
2022-01-05T11:24:21-03:00	668	32	60	SCD30
2022-01-05T11:24:23-03:00	668	32	60	SCD30
2022-01-05T11:24:25-03:00	668	32	60	SCD30
2022-01-05T11:24:27-03:00	668	32	60	SCD30
2022-01-05T11:24:29-03:00	668	32	60	SCD30
2022-01-05T11:24:31-03:00	668	32	60	SCD30
2022-01-05T11:24:33-03:00	668	32	60	SCD30
2022-01-05T11:24:36-03:00	668	32	60	SCD30
2022-01-05T11:24:38-03:00	668	32	60	SCD30
2022-01-05T11:24:40-03:00	668	32	60	SCD30
2022-01-05T11:24:42-03:00	668	32	60	SCD30
2022-01-05T11:24:44-03:00	668	32	60	SCD30
2022-01-05T11:24:46-03:00	667	32	60	SCD30
2022-01-05T11:24:49-03:00	667	32	60	SCD30
2022-01-05T11:24:51-03:00	668	32	60	SCD30
2022-01-05T11:24:53-03:00	667	32	60	SCD30
2022-01-05T11:24:55-03:00	667	32	60	SCD30
2022-01-05T11:24:57-03:00	666	32	60	SCD30
2022-01-05T11:24:59-03:00	666	32	60	SCD30
2022-01-05T11:25:01-03:00	667	32	60	SCD30
2022-01-05T11:25:03-03:00	667	32	60	SCD30
2022-01-05T11:25:05-03:00	666	32	60	SCD30
2022-01-05T11:25:07-03:00	667	32	60	SCD30
2022-01-05T11:25:09-03:00	667	32	60	SCD30
2022-01-05T11:25:11-03:00	667	32	60	SCD30
2022-01-05T11:25:14-03:00	667	32	60	SCD30
2022-01-05T11:25:16-03:00	667	32	60	SCD30
2022-01-05T11:25:18-03:00	667	32	60	SCD30
2022-01-05T11:25:20-03:00	667	32	60	SCD30
2022-01-05T11:25:22-03:00	667	32	60	SCD30
2022-01-05T11:25:24-03:00	667	32	60	SCD30
2022-01-05T11:25:26-03:00	667	32	60	SCD30
2022-01-05T11:25:29-03:00	667	32	60	SCD30
2022-01-05T11:25:31-03:00	666	32	60	SCD30
2022-01-05T11:25:33-03:00	665	32	60	SCD30
2022-01-05T11:25:35-03:00	664	32	60	SCD30
2022-01-05T11:25:37-03:00	662	32	60	SCD30
2022-01-05T11:25:39-03:00	658	32	60	SCD30
2022-01-05T11:25:41-03:00	651	32	60	SCD30
2022-01-05T11:25:43-03:00	614	32	60	SCD30
2022-01-05T11:25:45-03:00	597	32	60	SCD30
2022-01-05T11:25:47-03:00	581	32	60	SCD30
2022-01-05T11:25:50-03:00	575	32	60	SCD30
2022-01-05T11:25:52-03:00	564	32	60	SCD30
2022-01-05T11:25:54-03:00	548	32	60	SCD30
2022-01-05T11:25:56-03:00	540	32	60	SCD30
2022-01-05T11:25:58-03:00	529	32	60	SCD30
2022-01-05T11:26:00-03:00	513	32	61	SCD30
2022-01-05T11:26:02-03:00	484	32	61	SCD30
2022-01-05T11:26:04-03:00	464	32	61	SCD30
2022-01-05T11:26:07-03:00	457	32	61	SCD30
2022-01-05T11:26:09-03:00	453	32	61	SCD30
2022-01-05T11:26:11-03:00	451	32	61	SCD30
2022-01-05T11:26:13-03:00	436	32	61	SCD30
2022-01-05T11:26:15-03:00	430	32	61	SCD30
2022-01-05T11:26:17-03:00	430	32	61	SCD30
2022-01-05T11:26:19-03:00	429	32	61	SCD30
2022-01-05T11:26:21-03:00	436	32	61	SCD30
2022-01-05T11:26:24-03:00	445	32	61	SCD30
2022-01-05T11:26:26-03:00	439	32	61	SCD30
2022-01-05T11:26:28-03:00	443	32	61	SCD30
2022-01-05T11:26:30-03:00	444	32	61	SCD30
2022-01-05T11:26:32-03:00	439	32	61	SCD30
2022-01-05T11:26:34-03:00	437	32	61	SCD30
2022-01-05T11:26:36-03:00	433	32	61	SCD30
2022-01-05T11:26:38-03:00	432	32	61	SCD30
2022-01-05T11:26:40-03:00	431	32	61	SCD30
2022-01-05T11:26:42-03:00	434	32	61	SCD30
2022-01-05T11:26:44-03:00	436	32	61	SCD30
2022-01-05T11:26:47-03:00	438	32	61	SCD30
2022-01-05T11:26:49-03:00	440	32	61	SCD30
2022-01-05T11:26:51-03:00	440	32	61	SCD30
2022-01-05T11:26:53-03:00	438	32	61	SCD30
2022-01-05T11:26:55-03:00	437	32	61	SCD30
2022-01-05T11:26:57-03:00	438	32	61	SCD30
2022-01-05T11:27:00-03:00	436	32	61	SCD30
2022-01-05T11:27:02-03:00	434	32	62	SCD30
2022-01-05T11:27:04-03:00	430	32	62	SCD30
2022-01-05T11:27:06-03:00	429	32	62	SCD30
2022-01-05T11:27:08-03:00	427	32	62	SCD30
2022-01-05T11:27:10-03:00	424	32	62	SCD30
2022-01-05T11:27:12-03:00	424	32	62	SCD30
2022-01-05T11:27:14-03:00	423	32	62	SCD30
2022-01-05T11:27:16-03:00	422	32	62	SCD30
2022-01-05T11:27:18-03:00	420	32	62	SCD30
2022-01-05T11:27:20-03:00	419	32	62	SCD30
2022-01-05T11:27:22-03:00	415	32	62	SCD30
2022-01-05T11:27:25-03:00	413	32	62	SCD30
2022-01-05T11:27:27-03:00	410	32	62	SCD30
2022-01-05T11:27:29-03:00	406	32	62	SCD30
2022-01-05T11:27:31-03:00	400	32	62	SCD30
2022-01-05T11:27:33-03:00	401	32	62	SCD30
2022-01-05T11:27:35-03:00	404	32	62	SCD30
2022-01-05T11:27:38-03:00	404	32	62	SCD30
2022-01-05T11:27:40-03:00	408	32	62	SCD30
2022-01-05T11:27:42-03:00	420	32	62	SCD30
2022-01-05T11:27:44-03:00	427	32	62	SCD30
2022-01-05T11:27:46-03:00	432	32	62	SCD30
2022-01-05T11:27:48-03:00	437	32	62	SCD30
2022-01-05T11:27:50-03:00	436	32	62	SCD30
2022-01-05T11:27:52-03:00	427	32	62	SCD30
2022-01-05T11:27:54-03:00	425	32	62	SCD30
2022-01-05T11:27:56-03:00	420	32	62	SCD30
2022-01-05T11:27:58-03:00	421	32	62	SCD30
2022-01-05T11:28:00-03:00	421	32	62	SCD30
2022-01-05T11:28:02-03:00	427	32	62	SCD30
2022-01-05T11:28:05-03:00	433	32	62	SCD30
2022-01-05T11:28:07-03:00	433	32	62	SCD30
2022-01-05T11:28:09-03:00	435	32	62	SCD30
2022-01-05T11:28:11-03:00	434	32	62	SCD30
2022-01-05T11:28:13-03:00	432	32	62	SCD30
2022-01-05T11:28:15-03:00	428	32	62	SCD30
2022-01-05T11:28:18-03:00	426	32	62	SCD30
2022-01-05T11:28:20-03:00	430	32	62	SCD30
2022-01-05T11:28:22-03:00	435	32	62	SCD30
2022-01-05T11:28:24-03:00	440	32	62	SCD30
2022-01-05T11:28:26-03:00	442	32	62	SCD30
2022-01-05T11:28:28-03:00	446	32	62	SCD30
2022-01-05T11:28:30-03:00	444	32	62	SCD30
2022-01-05T11:28:32-03:00	440	32	62	SCD30
2022-01-05T11:28:34-03:00	433	32	62	SCD30
2022-01-05T11:28:36-03:00	421	32	62	SCD30
2022-01-05T11:28:38-03:00	395	32	62	SCD30
2022-01-05T11:28:40-03:00	385	32	62	SCD30
2022-01-05T11:28:43-03:00	389	32	62	SCD30
2022-01-05T11:28:45-03:00	410	32	62	SCD30
2022-01-05T11:28:47-03:00	422	32	62	SCD30
2022-01-05T11:28:49-03:00	427	32	62	SCD30
2022-01-05T11:28:51-03:00	413	32	62	SCD30
2022-01-05T11:28:53-03:00	412	32	62	SCD30
2022-01-05T11:28:56-03:00	412	32	62	SCD30
2022-01-05T11:28:58-03:00	415	32	62	SCD30
2022-01-05T11:29:00-03:00	418	32	62	SCD30
2022-01-05T11:29:02-03:00	423	32	62	SCD30
2022-01-05T11:29:04-03:00	420	32	62	SCD30
2022-01-05T11:29:06-03:00	420	32	62	SCD30
2022-01-05T11:29:08-03:00	423	32	62	SCD30
2022-01-05T11:29:10-03:00	421	32	62	SCD30
2022-01-05T11:29:12-03:00	424	32	62	SCD30
2022-01-05T11:29:14-03:00	429	32	62	SCD30
2022-01-05T11:29:16-03:00	430	32	62	SCD30
2022-01-05T11:29:18-03:00	433	32	62	SCD30
2022-01-05T11:29:21-03:00	435	32	62	SCD30
2022-01-05T11:29:23-03:00	438	32	62	SCD30
2022-01-05T11:29:25-03:00	439	32	62	SCD30
2022-01-05T11:29:27-03:00	439	32	62	SCD30
2022-01-05T11:29:29-03:00	441	32	62	SCD30
2022-01-05T11:29:31-03:00	440	32	62	SCD30
2022-01-05T11:29:34-03:00	439	32	62	SCD30
2022-01-05T11:29:36-03:00	436	32	62	SCD30
2022-01-05T11:29:38-03:00	438	32	62	SCD30
2022-01-05T11:29:40-03:00	437	32	62	SCD30
2022-01-05T11:29:42-03:00	438	32	62	SCD30
2022-01-05T11:29:44-03:00	438	32	62	SCD30
2022-01-05T11:29:46-03:00	436	32	62	SCD30
2022-01-05T11:29:48-03:00	434	32	62	SCD30
2022-01-05T11:29:50-03:00	432	32	62	SCD30
2022-01-05T11:29:52-03:00	430	32	62	SCD30
2022-01-05T11:29:54-03:00	430	32	62	SCD30
2022-01-05T11:29:56-03:00	428	32	62	SCD30
2022-01-05T11:29:59-03:00	423	32	62	SCD30
2022-01-05T11:30:01-03:00	421	32	62	SCD30
2022-01-05T11:30:03-03:00	422	32	62	SCD30
2022-01-05T11:30:05-03:00	425	32	62	SCD30
2022-01-05T11:30:07-03:00	426	32	62	SCD30
