2021-11-10T10:39:43-03:00	583	575	19	489	485	20	MHZ19C
2021-11-10T10:39:49-03:00	574	565	19	482	475	20	MHZ19C
2021-11-10T10:39:55-03:00	563	555	19	475	470	20	MHZ19C
2021-11-10T10:40:00-03:00	550	545	19	468	460	20	MHZ19C
2021-11-10T10:40:06-03:00	545	540	19	466	460	20	MHZ19C
2021-11-10T10:40:12-03:00	541	535	19	464	460	20	MHZ19C
2021-11-10T10:40:18-03:00	538	530	20	461	455	20	MHZ19C
2021-11-10T10:40:24-03:00	535	530	20	459	450	20	MHZ19C
2021-11-10T10:40:30-03:00	533	525	20	456	450	21	MHZ19C
2021-11-10T10:40:36-03:00	-1	525	20	-1	445	21	MHZ19C
2021-11-10T10:40:42-03:00	-1	520	20	-1	440	21	MHZ19C
2021-11-10T10:40:48-03:00	-1	520	20	-1	440	21	MHZ19C
2021-11-10T10:40:54-03:00	-1	520	20	-1	435	21	MHZ19C
2021-11-10T10:41:00-03:00	-1	515	20	-1	435	21	MHZ19C
2021-11-10T10:41:06-03:00	-1	515	20	-1	430	21	MHZ19C
2021-11-10T10:41:12-03:00	-1	510	20	-1	430	21	MHZ19C
2021-11-10T10:41:18-03:00	-1	505	20	-1	425	21	MHZ19C
2021-11-10T10:41:24-03:00	-1	505	20	-1	425	21	MHZ19C
2021-11-10T10:41:30-03:00	-1	500	20	-1	420	21	MHZ19C
2021-11-10T10:41:36-03:00	-1	495	20	-1	420	21	MHZ19C
2021-11-10T10:41:42-03:00	-1	490	20	-1	420	21	MHZ19C
2021-11-10T10:41:48-03:00	-1	490	20	-1	415	21	MHZ19C
2021-11-10T10:41:54-03:00	-1	490	20	-1	415	21	MHZ19C
2021-11-10T10:42:00-03:00	-1	485	20	-1	415	21	MHZ19C
2021-11-10T10:42:06-03:00	-1	485	20	-1	415	21	MHZ19C
2021-11-10T10:42:12-03:00	-1	485	20	-1	415	21	MHZ19C
2021-11-10T10:42:18-03:00	-1	485	20	-1	410	21	MHZ19C
2021-11-10T10:42:24-03:00	-1	480	20	-1	410	21	MHZ19C
2021-11-10T10:42:30-03:00	-1	480	20	-1	410	21	MHZ19C
2021-11-10T10:42:36-03:00	487	480	22	-1	410	21	MHZ19C
2021-11-10T10:42:42-03:00	-1	480	22	-1	410	21	MHZ19C
2021-11-10T10:42:48-03:00	-1	480	22	-1	405	21	MHZ19C
2021-11-10T10:42:54-03:00	-1	480	22	-1	405	21	MHZ19C
2021-11-10T10:43:00-03:00	-1	475	22	-1	405	21	MHZ19C
2021-11-10T10:43:06-03:00	-1	475	22	-1	405	21	MHZ19C
2021-11-10T10:43:12-03:00	-1	475	22	-1	405	21	MHZ19C
2021-11-10T10:43:18-03:00	-1	475	22	-1	405	21	MHZ19C
2021-11-10T10:43:24-03:00	-1	470	22	-1	405	21	MHZ19C
2021-11-10T10:43:30-03:00	-1	470	22	-1	405	21	MHZ19C
2021-11-10T10:43:36-03:00	-1	470	22	-1	405	21	MHZ19C
2021-11-10T10:43:42-03:00	-1	470	22	-1	405	21	MHZ19C
2021-11-10T10:43:48-03:00	-1	465	22	-1	405	21	MHZ19C
2021-11-10T10:43:54-03:00	-1	465	22	-1	405	21	MHZ19C
2021-11-10T10:44:00-03:00	-1	465	22	-1	400	21	MHZ19C
2021-11-10T10:44:06-03:00	-1	465	22	-1	400	21	MHZ19C
2021-11-10T10:44:12-03:00	-1	460	22	-1	400	21	MHZ19C
2021-11-10T10:44:18-03:00	-1	460	22	-1	400	21	MHZ19C
2021-11-10T10:44:24-03:00	-1	460	22	-1	400	21	MHZ19C
2021-11-10T10:44:30-03:00	-1	455	22	-1	400	21	MHZ19C
2021-11-10T10:44:36-03:00	-1	455	22	406	400	23	MHZ19C
2021-11-10T10:44:42-03:00	-1	455	22	-1	400	23	MHZ19C
2021-11-10T10:44:48-03:00	-1	455	22	-1	400	23	MHZ19C
2021-11-10T10:44:54-03:00	-1	455	22	-1	400	23	MHZ19C
2021-11-10T10:45:00-03:00	-1	455	22	-1	400	23	MHZ19C
2021-11-10T10:45:06-03:00	-1	450	22	-1	400	23	MHZ19C
2021-11-10T10:45:12-03:00	-1	450	22	-1	400	23	MHZ19C
2021-11-10T10:45:17-03:00	-1	450	22	-1	400	23	MHZ19C
2021-11-10T10:45:23-03:00	-1	450	22	-1	400	23	MHZ19C
2021-11-10T10:45:29-03:00	-1	450	22	-1	400	23	MHZ19C
2021-11-10T10:45:35-03:00	-1	450	22	-1	400	23	MHZ19C
2021-11-10T10:45:41-03:00	-1	445	22	-1	400	23	MHZ19C
2021-11-10T10:45:47-03:00	-1	445	22	-1	400	23	MHZ19C
2021-11-10T10:45:53-03:00	-1	445	22	-1	400	23	MHZ19C
2021-11-10T10:45:59-03:00	-1	445	22	-1	400	23	MHZ19C
2021-11-10T10:46:05-03:00	-1	445	22	-1	400	23	MHZ19C
2021-11-10T10:46:11-03:00	-1	445	22	-1	400	23	MHZ19C
2021-11-10T10:46:17-03:00	-1	445	22	-1	400	23	MHZ19C
2021-11-10T10:46:23-03:00	-1	445	22	-1	400	23	MHZ19C
2021-11-10T10:46:29-03:00	-1	445	22	-1	400	23	MHZ19C
2021-11-10T10:46:35-03:00	-1	445	22	-1	400	23	MHZ19C
2021-11-10T10:46:41-03:00	450	445	23	-1	400	23	MHZ19C
2021-11-10T10:46:47-03:00	-1	445	23	-1	400	23	MHZ19C
2021-11-10T10:46:53-03:00	-1	445	23	-1	400	23	MHZ19C
2021-11-10T10:46:59-03:00	-1	445	23	-1	400	23	MHZ19C
2021-11-10T10:47:05-03:00	-1	445	23	-1	400	23	MHZ19C
2021-11-10T10:47:11-03:00	-1	445	23	-1	400	23	MHZ19C
2021-11-10T10:47:17-03:00	-1	445	23	-1	400	23	MHZ19C
2021-11-10T10:47:23-03:00	-1	445	23	-1	400	23	MHZ19C
2021-11-10T10:47:29-03:00	-1	445	23	-1	400	23	MHZ19C
2021-11-10T10:47:35-03:00	-1	450	23	-1	400	23	MHZ19C
2021-11-10T10:47:41-03:00	-1	450	23	-1	400	23	MHZ19C
2021-11-10T10:47:47-03:00	-1	450	23	-1	400	23	MHZ19C
2021-11-10T10:47:53-03:00	-1	450	23	-1	400	23	MHZ19C
2021-11-10T10:47:59-03:00	-1	450	23	-1	400	23	MHZ19C
2021-11-10T10:48:05-03:00	-1	450	23	-1	400	23	MHZ19C
2021-11-10T10:48:11-03:00	-1	450	23	-1	400	23	MHZ19C
2021-11-10T10:48:17-03:00	-1	450	23	-1	400	23	MHZ19C
2021-11-10T10:48:23-03:00	-1	450	23	-1	400	23	MHZ19C
2021-11-10T10:48:29-03:00	-1	450	23	-1	400	23	MHZ19C
2021-11-10T10:48:35-03:00	-1	450	23	-1	400	23	MHZ19C
2021-11-10T10:48:41-03:00	-1	450	23	406	400	24	MHZ19C
2021-11-10T10:48:47-03:00	-1	450	23	-1	400	24	MHZ19C
2021-11-10T10:48:53-03:00	-1	445	23	-1	400	24	MHZ19C
2021-11-10T10:48:59-03:00	-1	445	23	-1	400	24	MHZ19C
2021-11-10T10:49:05-03:00	-1	445	23	-1	400	24	MHZ19C
2021-11-10T10:49:11-03:00	-1	445	23	-1	400	24	MHZ19C
2021-11-10T10:49:17-03:00	-1	440	23	-1	400	24	MHZ19C
2021-11-10T10:49:23-03:00	-1	440	23	-1	400	24	MHZ19C
2021-11-10T10:49:29-03:00	-1	440	23	-1	400	24	MHZ19C
2021-11-10T10:49:35-03:00	-1	440	23	-1	400	24	MHZ19C
2021-11-10T10:49:41-03:00	-1	435	23	-1	400	24	MHZ19C
2021-11-10T10:49:47-03:00	-1	435	23	-1	400	24	MHZ19C
2021-11-10T10:49:53-03:00	-1	435	23	-1	395	24	MHZ19C
2021-11-10T10:49:59-03:00	-1	435	23	-1	395	24	MHZ19C
2021-11-10T10:50:05-03:00	-1	430	23	-1	395	24	MHZ19C
2021-11-10T10:50:11-03:00	-1	430	23	-1	395	24	MHZ19C
2021-11-10T10:50:17-03:00	-1	430	23	-1	395	24	MHZ19C
2021-11-10T10:50:23-03:00	-1	430	23	-1	395	24	MHZ19C
2021-11-10T10:50:29-03:00	-1	430	23	-1	395	24	MHZ19C
2021-11-10T10:50:35-03:00	-1	430	23	-1	395	24	MHZ19C
2021-11-10T10:50:41-03:00	-1	430	23	-1	395	24	MHZ19C
2021-11-10T10:50:47-03:00	436	430	24	-1	395	24	MHZ19C
2021-11-10T10:50:53-03:00	-1	430	24	-1	400	24	MHZ19C
2021-11-10T10:50:59-03:00	-1	430	24	-1	395	24	MHZ19C
2021-11-10T10:51:05-03:00	-1	430	24	-1	395	24	MHZ19C
2021-11-10T10:51:11-03:00	-1	430	24	-1	395	24	MHZ19C
2021-11-10T10:51:17-03:00	-1	430	24	-1	400	24	MHZ19C
2021-11-10T10:51:23-03:00	-1	430	24	-1	400	24	MHZ19C
2021-11-10T10:51:29-03:00	-1	430	24	-1	395	24	MHZ19C
2021-11-10T10:51:35-03:00	-1	430	24	-1	395	24	MHZ19C
2021-11-10T10:51:40-03:00	-1	430	24	-1	400	24	MHZ19C
2021-11-10T10:51:46-03:00	-1	430	24	-1	400	24	MHZ19C
2021-11-10T10:51:52-03:00	-1	430	24	-1	395	24	MHZ19C
2021-11-10T10:51:58-03:00	-1	430	24	-1	395	24	MHZ19C
2021-11-10T10:52:04-03:00	-1	430	24	-1	395	24	MHZ19C
2021-11-10T10:52:10-03:00	-1	430	24	-1	395	24	MHZ19C
2021-11-10T10:52:16-03:00	-1	430	24	-1	395	24	MHZ19C
2021-11-10T10:52:22-03:00	-1	430	24	-1	395	24	MHZ19C
2021-11-10T10:52:28-03:00	-1	425	24	-1	395	24	MHZ19C
2021-11-10T10:52:34-03:00	-1	425	24	-1	395	24	MHZ19C
2021-11-10T10:52:40-03:00	-1	425	24	-1	400	24	MHZ19C
2021-11-10T10:52:46-03:00	-1	425	24	-1	400	24	MHZ19C
2021-11-10T10:52:52-03:00	432	425	24	-1	400	24	MHZ19C
2021-11-10T10:52:58-03:00	-1	425	24	-1	395	24	MHZ19C
2021-11-10T10:53:04-03:00	-1	425	24	-1	395	24	MHZ19C
2021-11-10T10:53:10-03:00	-1	425	24	-1	400	24	MHZ19C
2021-11-10T10:53:16-03:00	-1	425	24	-1	395	24	MHZ19C
2021-11-10T10:53:22-03:00	-1	425	24	-1	395	24	MHZ19C
2021-11-10T10:53:28-03:00	-1	425	24	-1	400	24	MHZ19C
2021-11-10T10:53:34-03:00	-1	425	24	-1	395	24	MHZ19C
2021-11-10T10:53:40-03:00	-1	425	24	-1	395	24	MHZ19C
2021-11-10T10:53:46-03:00	-1	425	24	-1	400	24	MHZ19C
2021-11-10T10:53:52-03:00	-1	425	24	-1	395	24	MHZ19C
2021-11-10T10:53:58-03:00	-1	425	24	-1	400	24	MHZ19C
2021-11-10T10:54:04-03:00	-1	425	24	-1	395	24	MHZ19C
2021-11-10T10:54:10-03:00	-1	425	24	-1	400	24	MHZ19C
2021-11-10T10:54:16-03:00	-1	425	24	-1	400	24	MHZ19C
2021-11-10T10:54:22-03:00	-1	425	24	-1	395	24	MHZ19C
2021-11-10T10:54:28-03:00	-1	425	24	-1	395	24	MHZ19C
2021-11-10T10:54:34-03:00	-1	425	24	-1	400	24	MHZ19C
2021-11-10T10:54:40-03:00	-1	425	24	-1	400	24	MHZ19C
2021-11-10T10:54:46-03:00	-1	425	24	-1	400	24	MHZ19C
2021-11-10T10:54:52-03:00	-1	425	24	-1	395	24	MHZ19C
2021-11-10T10:54:58-03:00	430	425	24	-1	400	24	MHZ19C
2021-11-10T10:55:04-03:00	-1	425	24	-1	400	24	MHZ19C
2021-11-10T10:55:10-03:00	-1	425	24	-1	395	24	MHZ19C
2021-11-10T10:55:16-03:00	-1	425	24	-1	400	24	MHZ19C
2021-11-10T10:55:22-03:00	-1	425	24	-1	395	24	MHZ19C
2021-11-10T10:55:28-03:00	-1	425	24	-1	395	24	MHZ19C
2021-11-10T10:55:34-03:00	-1	425	24	-1	395	24	MHZ19C
2021-11-10T10:55:40-03:00	-1	425	24	-1	400	24	MHZ19C
2021-11-10T10:55:46-03:00	-1	425	24	-1	400	24	MHZ19C
2021-11-10T10:55:52-03:00	-1	425	24	-1	400	24	MHZ19C
2021-11-10T10:55:58-03:00	-1	425	24	-1	395	24	MHZ19C
2021-11-10T10:56:04-03:00	-1	425	24	-1	395	24	MHZ19C
2021-11-10T10:56:10-03:00	-1	425	24	-1	395	24	MHZ19C
2021-11-10T10:56:16-03:00	-1	425	24	-1	395	24	MHZ19C
2021-11-10T10:56:22-03:00	-1	425	24	-1	400	24	MHZ19C
2021-11-10T10:56:28-03:00	-1	425	24	-1	395	24	MHZ19C
2021-11-10T10:56:34-03:00	-1	425	24	-1	395	24	MHZ19C
2021-11-10T10:56:40-03:00	-1	425	24	-1	400	24	MHZ19C
2021-11-10T10:56:46-03:00	-1	425	24	-1	395	24	MHZ19C
2021-11-10T10:56:52-03:00	-1	425	24	-1	400	24	MHZ19C
2021-11-10T10:56:58-03:00	-1	425	24	-1	395	24	MHZ19C
2021-11-10T10:57:14-03:00	429	425	25	-1	400	24	MHZ19C
2021-11-10T10:57:20-03:00	-1	425	25	-1	400	24	MHZ19C
2021-11-10T10:57:26-03:00	-1	425	25	-1	395	24	MHZ19C
2021-11-10T10:57:32-03:00	-1	425	25	-1	395	24	MHZ19C
2021-11-10T10:57:38-03:00	-1	425	25	-1	395	24	MHZ19C
2021-11-10T10:57:44-03:00	-1	425	25	-1	395	24	MHZ19C
2021-11-10T10:57:50-03:00	-1	425	25	-1	400	24	MHZ19C
2021-11-10T10:57:56-03:00	-1	425	25	-1	395	24	MHZ19C
2021-11-10T10:58:02-03:00	-1	425	25	-1	400	24	MHZ19C
2021-11-10T10:58:08-03:00	-1	420	25	-1	400	24	MHZ19C
2021-11-10T10:58:14-03:00	-1	425	25	-1	395	24	MHZ19C
2021-11-10T10:58:20-03:00	-1	425	25	-1	395	24	MHZ19C
2021-11-10T10:58:25-03:00	-1	425	25	-1	395	24	MHZ19C
2021-11-10T10:58:31-03:00	-1	425	25	-1	395	24	MHZ19C
2021-11-10T10:58:37-03:00	-1	425	25	-1	400	24	MHZ19C
2021-11-10T10:58:43-03:00	-1	425	25	-1	395	24	MHZ19C
2021-11-10T10:58:49-03:00	-1	425	25	-1	395	24	MHZ19C
2021-11-10T10:58:55-03:00	-1	425	25	-1	395	24	MHZ19C
2021-11-10T10:59:01-03:00	-1	425	25	-1	395	24	MHZ19C
2021-11-10T10:59:12-03:00	428	425	25	-1	395	24	MHZ19C
2021-11-10T10:59:18-03:00	-1	425	25	-1	400	24	MHZ19C
2021-11-10T10:59:24-03:00	-1	425	25	-1	400	24	MHZ19C
2021-11-10T10:59:30-03:00	-1	425	25	-1	395	24	MHZ19C
2021-11-10T10:59:36-03:00	-1	425	25	-1	395	24	MHZ19C
2021-11-10T10:59:42-03:00	-1	425	25	-1	400	24	MHZ19C
2021-11-10T10:59:48-03:00	-1	425	25	-1	395	24	MHZ19C
2021-11-10T10:59:54-03:00	-1	425	25	-1	400	24	MHZ19C
2021-11-10T11:00:00-03:00	-1	425	25	-1	395	24	MHZ19C
2021-11-10T11:00:06-03:00	-1	425	25	-1	400	24	MHZ19C
2021-11-10T11:00:12-03:00	-1	425	25	-1	395	24	MHZ19C
2021-11-10T11:00:18-03:00	-1	425	25	-1	400	24	MHZ19C
2021-11-10T11:00:24-03:00	-1	425	25	-1	395	24	MHZ19C
2021-11-10T11:00:30-03:00	-1	425	25	-1	395	24	MHZ19C
2021-11-10T11:00:36-03:00	-1	425	25	-1	395	24	MHZ19C
2021-11-10T11:00:42-03:00	-1	425	25	-1	400	24	MHZ19C
2021-11-10T11:00:48-03:00	-1	425	25	-1	395	24	MHZ19C
2021-11-10T11:00:54-03:00	-1	425	25	-1	395	24	MHZ19C
2021-11-10T11:01:00-03:00	-1	425	25	-1	395	24	MHZ19C
2021-11-10T11:01:06-03:00	-1	425	25	-1	400	24	MHZ19C
2021-11-10T11:01:13-03:00	428	425	25	-1	400	24	MHZ19C
2021-11-10T11:01:19-03:00	-1	425	25	-1	400	24	MHZ19C
2021-11-10T11:01:25-03:00	-1	425	25	-1	395	24	MHZ19C
2021-11-10T11:01:31-03:00	-1	425	25	-1	400	24	MHZ19C
2021-11-10T11:01:37-03:00	-1	425	25	-1	395	24	MHZ19C
2021-11-10T11:01:43-03:00	-1	425	25	-1	400	24	MHZ19C
2021-11-10T11:01:49-03:00	-1	425	25	-1	395	24	MHZ19C
2021-11-10T11:01:55-03:00	-1	425	25	-1	400	24	MHZ19C
2021-11-10T11:02:01-03:00	-1	425	25	-1	395	24	MHZ19C
2021-11-10T11:02:07-03:00	-1	425	25	-1	395	24	MHZ19C
2021-11-10T11:02:13-03:00	-1	425	25	-1	395	24	MHZ19C
2021-11-10T11:02:19-03:00	-1	425	25	-1	400	24	MHZ19C
2021-11-10T11:02:25-03:00	-1	425	25	-1	395	24	MHZ19C
2021-11-10T11:02:31-03:00	-1	425	25	-1	400	24	MHZ19C
2021-11-10T11:02:37-03:00	-1	425	25	-1	400	24	MHZ19C
2021-11-10T11:02:43-03:00	-1	425	25	-1	395	24	MHZ19C
2021-11-10T11:02:49-03:00	-1	425	25	-1	400	24	MHZ19C
2021-11-10T11:02:55-03:00	-1	425	25	-1	395	24	MHZ19C
2021-11-10T11:03:01-03:00	-1	425	25	-1	395	24	MHZ19C
2021-11-10T11:03:07-03:00	-1	425	25	-1	400	24	MHZ19C
2021-11-10T11:03:15-03:00	429	425	25	-1	395	24	MHZ19C
2021-11-10T11:03:21-03:00	-1	425	25	-1	395	24	MHZ19C
2021-11-10T11:03:27-03:00	-1	425	25	-1	395	24	MHZ19C
2021-11-10T11:03:33-03:00	-1	425	25	-1	400	24	MHZ19C
2021-11-10T11:03:39-03:00	-1	425	25	-1	395	24	MHZ19C
2021-11-10T11:03:45-03:00	-1	425	25	-1	395	24	MHZ19C
2021-11-10T11:03:51-03:00	-1	425	25	-1	400	24	MHZ19C
2021-11-10T11:03:57-03:00	-1	425	25	-1	395	24	MHZ19C
2021-11-10T11:04:03-03:00	-1	425	25	-1	400	24	MHZ19C
2021-11-10T11:04:09-03:00	-1	425	25	-1	400	24	MHZ19C
2021-11-10T11:04:15-03:00	-1	425	25	-1	395	24	MHZ19C
2021-11-10T11:04:21-03:00	-1	425	25	-1	400	24	MHZ19C
2021-11-10T11:04:27-03:00	-1	425	25	-1	400	24	MHZ19C
2021-11-10T11:04:33-03:00	-1	425	25	-1	400	24	MHZ19C
2021-11-10T11:04:39-03:00	-1	425	25	-1	400	24	MHZ19C
2021-11-10T11:04:45-03:00	-1	425	25	-1	400	24	MHZ19C
2021-11-10T11:04:51-03:00	-1	430	25	-1	395	24	MHZ19C
2021-11-10T11:04:57-03:00	-1	430	25	-1	400	24	MHZ19C
2021-11-10T11:05:02-03:00	-1	430	25	-1	395	24	MHZ19C
2021-11-10T11:05:08-03:00	-1	430	25	-1	395	24	MHZ19C
2021-11-10T11:05:16-03:00	434	430	25	-1	395	24	MHZ19C
2021-11-10T11:05:22-03:00	-1	430	25	-1	395	24	MHZ19C
2021-11-10T11:05:28-03:00	-1	430	25	-1	400	24	MHZ19C
2021-11-10T11:05:34-03:00	-1	430	25	-1	400	24	MHZ19C
2021-11-10T11:05:40-03:00	-1	430	25	-1	395	24	MHZ19C
2021-11-10T11:05:46-03:00	-1	430	25	-1	400	24	MHZ19C
2021-11-10T11:05:52-03:00	-1	430	25	-1	395	24	MHZ19C
2021-11-10T11:05:58-03:00	-1	430	25	-1	395	24	MHZ19C
2021-11-10T11:06:04-03:00	-1	430	25	-1	395	24	MHZ19C
2021-11-10T11:06:10-03:00	-1	430	25	-1	400	24	MHZ19C
2021-11-10T11:06:16-03:00	-1	430	25	-1	395	24	MHZ19C
2021-11-10T11:06:22-03:00	-1	430	25	-1	400	24	MHZ19C
2021-11-10T11:06:28-03:00	-1	430	25	-1	400	24	MHZ19C
2021-11-10T11:06:34-03:00	-1	430	25	-1	400	24	MHZ19C
2021-11-10T11:06:40-03:00	-1	430	25	-1	395	24	MHZ19C
2021-11-10T11:06:46-03:00	-1	430	25	-1	400	24	MHZ19C
2021-11-10T11:06:52-03:00	-1	430	25	-1	400	24	MHZ19C
2021-11-10T11:06:58-03:00	-1	430	25	-1	400	24	MHZ19C
2021-11-10T11:07:04-03:00	-1	430	25	-1	395	24	MHZ19C
2021-11-10T11:07:10-03:00	-1	430	25	-1	395	24	MHZ19C
2021-11-10T11:07:19-03:00	437	435	25	-1	395	24	MHZ19C
2021-11-10T11:07:25-03:00	-1	435	25	-1	400	24	MHZ19C
2021-11-10T11:07:31-03:00	-1	435	25	-1	400	24	MHZ19C
2021-11-10T11:07:37-03:00	-1	430	25	-1	395	24	MHZ19C
2021-11-10T11:07:43-03:00	-1	430	25	-1	395	24	MHZ19C
2021-11-10T11:07:49-03:00	-1	430	25	-1	395	24	MHZ19C
2021-11-10T11:07:55-03:00	-1	430	25	-1	395	24	MHZ19C
2021-11-10T11:08:01-03:00	-1	435	25	-1	400	24	MHZ19C
2021-11-10T11:08:07-03:00	-1	435	25	-1	395	24	MHZ19C
2021-11-10T11:08:13-03:00	-1	435	25	-1	400	24	MHZ19C
2021-11-10T11:08:19-03:00	-1	430	25	-1	395	24	MHZ19C
2021-11-10T11:08:25-03:00	-1	435	25	-1	400	24	MHZ19C
2021-11-10T11:08:31-03:00	-1	430	25	-1	400	24	MHZ19C
2021-11-10T11:08:37-03:00	-1	430	25	-1	395	24	MHZ19C
2021-11-10T11:08:43-03:00	-1	430	25	-1	400	24	MHZ19C
2021-11-10T11:08:49-03:00	-1	435	25	-1	395	24	MHZ19C
2021-11-10T11:08:55-03:00	-1	430	25	-1	395	24	MHZ19C
2021-11-10T11:09:01-03:00	-1	430	25	-1	395	24	MHZ19C
2021-11-10T11:09:07-03:00	-1	430	25	-1	400	24	MHZ19C
2021-11-10T11:09:13-03:00	-1	430	25	-1	400	24	MHZ19C
2021-11-10T11:09:20-03:00	438	435	25	-1	395	24	MHZ19C
2021-11-10T11:09:26-03:00	-1	435	25	-1	400	24	MHZ19C
2021-11-10T11:09:32-03:00	-1	430	25	-1	400	24	MHZ19C
2021-11-10T11:09:38-03:00	-1	435	25	-1	395	24	MHZ19C
2021-11-10T11:09:44-03:00	-1	430	25	-1	395	24	MHZ19C
2021-11-10T11:09:50-03:00	-1	430	25	-1	400	24	MHZ19C
2021-11-10T11:09:56-03:00	-1	435	25	-1	400	24	MHZ19C
2021-11-10T11:10:02-03:00	-1	430	25	-1	400	24	MHZ19C
2021-11-10T11:10:08-03:00	-1	430	25	-1	395	24	MHZ19C
2021-11-10T11:10:14-03:00	-1	430	25	-1	395	24	MHZ19C
2021-11-10T11:10:20-03:00	-1	430	25	-1	395	24	MHZ19C
2021-11-10T11:10:26-03:00	-1	430	25	-1	400	24	MHZ19C
2021-11-10T11:10:32-03:00	-1	430	25	-1	395	24	MHZ19C
2021-11-10T11:10:38-03:00	-1	430	25	-1	395	24	MHZ19C
2021-11-10T11:10:44-03:00	-1	430	25	-1	395	24	MHZ19C
2021-11-10T11:10:50-03:00	-1	430	25	-1	400	24	MHZ19C
2021-11-10T11:10:56-03:00	-1	430	25	-1	400	24	MHZ19C
2021-11-10T11:11:02-03:00	-1	430	25	-1	395	24	MHZ19C
2021-11-10T11:11:22-03:00	-1	435	25	404	395	26	MHZ19C
2021-11-10T11:11:40-03:00	-1	435	25	-1	395	26	MHZ19C
2021-11-10T11:11:59-03:00	-1	435	25	-1	395	26	MHZ19C
2021-11-10T11:12:17-03:00	-1	435	25	-1	400	26	MHZ19C
2021-11-10T11:12:34-03:00	-1	435	25	-1	400	26	MHZ19C
2021-11-10T11:12:51-03:00	-1	435	25	-1	395	26	MHZ19C
2021-11-10T11:13:08-03:00	-1	435	25	-1	395	26	MHZ19C
2021-11-10T11:13:24-03:00	-1	440	25	403	400	26	MHZ19C
2021-11-10T11:13:40-03:00	-1	440	25	-1	400	26	MHZ19C
2021-11-10T11:13:55-03:00	-1	450	25	-1	400	26	MHZ19C
2021-11-10T11:14:10-03:00	-1	450	25	-1	400	26	MHZ19C
2021-11-10T11:14:24-03:00	-1	455	25	-1	400	26	MHZ19C
2021-11-10T11:14:38-03:00	-1	455	25	-1	400	26	MHZ19C
2021-11-10T11:14:52-03:00	-1	450	25	-1	400	26	MHZ19C
2021-11-10T11:15:06-03:00	-1	450	25	-1	400	26	MHZ19C
2021-11-10T11:15:19-03:00	-1	450	25	-1	400	26	MHZ19C
2021-11-10T11:15:26-03:00	456	450	25	-1	400	26	MHZ19C
2021-11-10T11:15:39-03:00	-1	450	25	-1	400	26	MHZ19C
2021-11-10T11:15:52-03:00	-1	445	25	-1	400	26	MHZ19C
2021-11-10T11:16:05-03:00	-1	445	25	-1	400	26	MHZ19C
2021-11-10T11:16:18-03:00	-1	445	25	-1	400	26	MHZ19C
2021-11-10T11:16:31-03:00	-1	445	25	-1	400	26	MHZ19C
2021-11-10T11:16:45-03:00	-1	440	25	-1	400	26	MHZ19C
2021-11-10T11:16:59-03:00	-1	440	25	-1	400	26	MHZ19C
2021-11-10T11:17:13-03:00	-1	440	25	-1	400	26	MHZ19C
2021-11-10T11:17:27-03:00	-1	440	25	403	400	25	MHZ19C
2021-11-10T11:17:41-03:00	-1	440	25	-1	400	25	MHZ19C
2021-11-10T11:17:54-03:00	-1	440	25	-1	400	25	MHZ19C
2021-11-10T11:18:09-03:00	-1	435	25	-1	400	25	MHZ19C
2021-11-10T11:18:23-03:00	-1	435	25	-1	400	25	MHZ19C
2021-11-10T11:18:37-03:00	-1	435	25	-1	395	25	MHZ19C
2021-11-10T11:18:52-03:00	-1	435	25	-1	395	25	MHZ19C
2021-11-10T11:19:07-03:00	-1	435	25	-1	395	25	MHZ19C
2021-11-10T11:19:21-03:00	-1	435	25	-1	395	25	MHZ19C
2021-11-10T11:19:28-03:00	438	435	25	-1	395	25	MHZ19C
2021-11-10T11:19:43-03:00	-1	430	25	-1	395	25	MHZ19C
2021-11-10T11:19:58-03:00	-1	430	25	-1	395	25	MHZ19C
2021-11-10T11:20:13-03:00	-1	430	25	-1	395	25	MHZ19C
2021-11-10T11:20:28-03:00	-1	430	25	-1	395	25	MHZ19C
2021-11-10T11:20:43-03:00	-1	430	25	-1	395	25	MHZ19C
2021-11-10T11:20:58-03:00	-1	430	25	-1	400	25	MHZ19C
2021-11-10T11:21:13-03:00	-1	430	25	-1	400	25	MHZ19C
2021-11-10T11:21:27-03:00	-1	430	25	-1	400	25	MHZ19C
2021-11-10T11:21:34-03:00	434	430	25	-1	395	25	MHZ19C
2021-11-10T11:21:48-03:00	-1	430	25	-1	395	25	MHZ19C
2021-11-10T11:22:02-03:00	-1	430	25	-1	400	25	MHZ19C
2021-11-10T11:22:15-03:00	-1	430	25	-1	395	25	MHZ19C
2021-11-10T11:22:28-03:00	-1	425	25	-1	395	25	MHZ19C
2021-11-10T11:22:41-03:00	-1	425	25	-1	400	25	MHZ19C
2021-11-10T11:22:53-03:00	-1	425	25	-1	395	25	MHZ19C
2021-11-10T11:23:05-03:00	-1	425	25	-1	395	25	MHZ19C
2021-11-10T11:23:18-03:00	-1	425	25	-1	395	25	MHZ19C
2021-11-10T11:23:31-03:00	-1	425	25	-1	395	25	MHZ19C
2021-11-10T11:23:38-03:00	431	425	25	-1	400	25	MHZ19C
2021-11-10T11:23:51-03:00	-1	425	25	-1	400	25	MHZ19C
2021-11-10T11:24:05-03:00	-1	425	25	-1	395	25	MHZ19C
2021-11-10T11:24:19-03:00	-1	430	25	-1	395	25	MHZ19C
2021-11-10T11:24:33-03:00	-1	430	25	-1	400	25	MHZ19C
2021-11-10T11:24:47-03:00	-1	430	25	-1	395	25	MHZ19C
2021-11-10T11:25:02-03:00	-1	430	25	-1	395	25	MHZ19C
2021-11-10T11:25:17-03:00	-1	430	25	-1	395	25	MHZ19C
2021-11-10T11:25:31-03:00	-1	430	25	-1	400	25	MHZ19C
2021-11-10T11:25:38-03:00	438	435	25	-1	395	25	MHZ19C
2021-11-10T11:25:52-03:00	-1	435	25	-1	400	25	MHZ19C
2021-11-10T11:26:06-03:00	-1	435	25	-1	400	25	MHZ19C
2021-11-10T11:26:19-03:00	-1	435	25	-1	400	25	MHZ19C
2021-11-10T11:26:32-03:00	-1	435	25	-1	400	25	MHZ19C
2021-11-10T11:26:45-03:00	-1	440	25	-1	400	25	MHZ19C
2021-11-10T11:26:57-03:00	-1	440	25	-1	400	25	MHZ19C
2021-11-10T11:27:09-03:00	-1	440	25	-1	400	25	MHZ19C
2021-11-10T11:27:21-03:00	-1	445	25	-1	400	25	MHZ19C
2021-11-10T11:27:33-03:00	-1	445	25	-1	400	25	MHZ19C
2021-11-10T11:27:40-03:00	452	445	25	-1	400	25	MHZ19C
2021-11-10T11:27:52-03:00	-1	450	25	-1	400	25	MHZ19C
2021-11-10T11:28:03-03:00	-1	450	25	-1	400	25	MHZ19C
2021-11-10T11:28:14-03:00	-1	450	25	-1	400	25	MHZ19C
2021-11-10T11:28:25-03:00	-1	455	25	-1	400	25	MHZ19C
2021-11-10T11:28:35-03:00	-1	455	25	-1	400	25	MHZ19C
2021-11-10T11:28:45-03:00	-1	455	25	-1	400	25	MHZ19C
2021-11-10T11:28:55-03:00	-1	455	25	-1	400	25	MHZ19C
2021-11-10T11:29:05-03:00	-1	455	25	-1	400	25	MHZ19C
2021-11-10T11:29:14-03:00	-1	455	25	-1	400	25	MHZ19C
2021-11-10T11:29:23-03:00	-1	455	25	-1	400	25	MHZ19C
2021-11-10T11:29:31-03:00	-1	455	25	-1	400	25	MHZ19C
2021-11-10T11:29:39-03:00	-1	455	25	-1	400	25	MHZ19C
2021-11-10T11:29:46-03:00	461	455	25	-1	400	25	MHZ19C
2021-11-10T11:29:54-03:00	-1	455	25	-1	400	25	MHZ19C
2021-11-10T11:30:01-03:00	-1	455	25	-1	400	25	MHZ19C
2021-11-10T11:30:09-03:00	-1	455	25	-1	400	25	MHZ19C
2021-11-10T11:30:17-03:00	-1	455	25	-1	400	25	MHZ19C
2021-11-10T11:30:25-03:00	-1	455	25	-1	400	25	MHZ19C
2021-11-10T11:30:32-03:00	-1	455	25	-1	400	25	MHZ19C
2021-11-10T11:30:39-03:00	-1	455	25	-1	400	25	MHZ19C
2021-11-10T11:30:46-03:00	-1	455	25	-1	400	25	MHZ19C
2021-11-10T11:30:53-03:00	-1	455	25	-1	400	25	MHZ19C
2021-11-10T11:31:00-03:00	-1	455	25	-1	400	25	MHZ19C
2021-11-10T11:31:07-03:00	-1	455	25	-1	400	25	MHZ19C
2021-11-10T11:31:14-03:00	-1	455	25	-1	400	25	MHZ19C
2021-11-10T11:31:21-03:00	-1	455	25	-1	400	25	MHZ19C
2021-11-10T11:31:28-03:00	-1	455	25	-1	400	25	MHZ19C
2021-11-10T11:31:35-03:00	-1	455	25	-1	400	25	MHZ19C
2021-11-10T11:31:42-03:00	-1	455	25	-1	400	25	MHZ19C
2021-11-10T11:31:49-03:00	461	455	25	-1	400	25	MHZ19C
2021-11-10T11:31:56-03:00	-1	455	25	-1	400	25	MHZ19C
2021-11-10T11:32:03-03:00	-1	455	25	-1	400	25	MHZ19C
2021-11-10T11:32:10-03:00	-1	455	25	-1	400	25	MHZ19C
2021-11-10T11:32:17-03:00	-1	455	25	-1	400	25	MHZ19C
2021-11-10T11:32:24-03:00	-1	455	25	-1	400	25	MHZ19C
2021-11-10T11:32:31-03:00	-1	455	25	-1	400	25	MHZ19C
2021-11-10T11:32:38-03:00	-1	455	25	-1	400	25	MHZ19C
2021-11-10T11:32:45-03:00	-1	455	25	-1	400	25	MHZ19C
2021-11-10T11:32:52-03:00	-1	455	25	-1	400	25	MHZ19C
2021-11-10T11:32:59-03:00	-1	455	25	-1	400	25	MHZ19C
2021-11-10T11:33:06-03:00	-1	455	25	-1	400	25	MHZ19C
2021-11-10T11:33:13-03:00	-1	455	25	-1	400	25	MHZ19C
2021-11-10T11:33:20-03:00	-1	455	25	-1	400	25	MHZ19C
2021-11-10T11:33:27-03:00	-1	455	25	-1	400	25	MHZ19C
2021-11-10T11:33:34-03:00	-1	455	25	-1	400	25	MHZ19C
2021-11-10T11:33:41-03:00	-1	455	25	-1	400	25	MHZ19C
2021-11-10T11:33:48-03:00	-1	455	25	-1	400	25	MHZ19C
2021-11-10T11:33:55-03:00	461	455	25	-1	400	25	MHZ19C
2021-11-10T11:34:02-03:00	-1	455	25	-1	400	25	MHZ19C
2021-11-10T11:34:09-03:00	-1	455	25	-1	400	25	MHZ19C
2021-11-10T11:34:16-03:00	-1	455	25	-1	400	25	MHZ19C
2021-11-10T11:34:23-03:00	-1	455	25	-1	400	25	MHZ19C
2021-11-10T11:34:30-03:00	-1	455	25	-1	400	25	MHZ19C
2021-11-10T11:34:37-03:00	-1	455	25	-1	400	25	MHZ19C
2021-11-10T11:34:44-03:00	-1	455	25	-1	400	25	MHZ19C
2021-11-10T11:34:51-03:00	-1	455	25	-1	400	25	MHZ19C
2021-11-10T11:34:58-03:00	-1	455	25	-1	400	25	MHZ19C
2021-11-10T11:35:05-03:00	-1	455	25	-1	400	25	MHZ19C
2021-11-10T11:35:12-03:00	-1	455	25	-1	400	25	MHZ19C
2021-11-10T11:35:19-03:00	-1	455	25	-1	400	25	MHZ19C
2021-11-10T11:35:26-03:00	-1	455	25	-1	400	25	MHZ19C
2021-11-10T11:35:33-03:00	-1	455	25	-1	400	25	MHZ19C
2021-11-10T11:35:40-03:00	-1	455	25	-1	400	25	MHZ19C
2021-11-10T11:35:47-03:00	-1	455	25	-1	400	25	MHZ19C
2021-11-10T11:35:54-03:00	-1	455	25	-1	400	25	MHZ19C
2021-11-10T11:36:01-03:00	462	455	25	-1	400	25	MHZ19C
2021-11-10T11:36:08-03:00	-1	455	25	-1	405	25	MHZ19C
2021-11-10T11:36:14-03:00	-1	460	25	-1	415	25	MHZ19C
2021-11-10T11:36:21-03:00	-1	470	25	-1	450	25	MHZ19C
2021-11-10T11:36:29-03:00	-1	490	25	-1	500	25	MHZ19C
2021-11-10T11:36:37-03:00	-1	535	25	-1	530	25	MHZ19C
2021-11-10T11:36:44-03:00	-1	575	25	-1	550	25	MHZ19C
2021-11-10T11:36:52-03:00	-1	600	25	-1	570	25	MHZ19C
2021-11-10T11:37:00-03:00	-1	620	25	-1	585	25	MHZ19C
2021-11-10T11:37:08-03:00	-1	635	25	-1	600	25	MHZ19C
2021-11-10T11:37:16-03:00	-1	660	25	-1	615	25	MHZ19C
2021-11-10T11:37:24-03:00	-1	695	25	-1	620	25	MHZ19C
2021-11-10T11:37:31-03:00	-1	750	25	-1	645	25	MHZ19C
2021-11-10T11:37:40-03:00	-1	775	25	-1	705	25	MHZ19C
2021-11-10T11:37:49-03:00	-1	810	25	-1	745	25	MHZ19C
2021-11-10T11:37:58-03:00	-1	835	25	-1	765	25	MHZ19C
2021-11-10T11:38:07-03:00	855	850	25	-1	770	25	MHZ19C
2021-11-10T11:38:16-03:00	-1	850	25	-1	770	25	MHZ19C
2021-11-10T11:38:26-03:00	-1	850	25	-1	770	25	MHZ19C
2021-11-10T11:38:36-03:00	-1	850	25	-1	765	25	MHZ19C
2021-11-10T11:38:47-03:00	-1	850	25	-1	760	25	MHZ19C
2021-11-10T11:38:58-03:00	-1	840	25	-1	740	25	MHZ19C
2021-11-10T11:39:09-03:00	-1	825	25	-1	720	25	MHZ19C
2021-11-10T11:39:21-03:00	-1	815	25	-1	700	25	MHZ19C
2021-11-10T11:39:34-03:00	-1	795	25	-1	685	25	MHZ19C
2021-11-10T11:39:48-03:00	-1	780	25	-1	675	25	MHZ19C
2021-11-10T11:40:02-03:00	-1	765	25	-1	665	25	MHZ19C
2021-11-10T11:40:17-03:00	764	755	25	-1	655	25	MHZ19C
2021-11-10T11:40:33-03:00	-1	750	25	-1	650	25	MHZ19C
2021-11-10T11:40:50-03:00	-1	740	25	-1	640	25	MHZ19C
2021-11-10T11:41:07-03:00	-1	730	25	-1	635	25	MHZ19C
2021-11-10T11:41:25-03:00	-1	725	25	-1	635	25	MHZ19C
2021-11-10T11:41:43-03:00	-1	720	25	-1	630	25	MHZ19C
2021-11-10T11:42:02-03:00	-1	715	25	-1	630	25	MHZ19C
2021-11-10T11:42:09-03:00	-1	715	25	636	630	26	MHZ19C
2021-11-10T11:42:28-03:00	-1	715	25	-1	625	26	MHZ19C
2021-11-10T11:42:48-03:00	-1	710	25	-1	625	26	MHZ19C
2021-11-10T11:43:09-03:00	-1	710	25	-1	625	26	MHZ19C
2021-11-10T11:43:30-03:00	-1	710	25	-1	625	26	MHZ19C
2021-11-10T11:43:53-03:00	-1	705	25	-1	620	26	MHZ19C
2021-11-10T11:44:16-03:00	-1	705	25	-1	620	26	MHZ19C
2021-11-10T11:44:39-03:00	721	715	25	-1	615	26	MHZ19C
2021-11-10T11:45:03-03:00	-1	715	25	-1	590	26	MHZ19C
2021-11-10T11:45:09-03:00	-1	690	25	-1	580	26	MHZ19C
2021-11-10T11:45:15-03:00	-1	660	25	-1	570	26	MHZ19C
2021-11-10T11:45:21-03:00	-1	635	25	-1	555	26	MHZ19C
2021-11-10T11:45:27-03:00	-1	620	25	-1	545	26	MHZ19C
2021-11-10T11:45:33-03:00	-1	605	25	-1	535	26	MHZ19C
2021-11-10T11:45:39-03:00	-1	595	25	-1	525	26	MHZ19C
2021-11-10T11:45:45-03:00	-1	585	25	-1	515	26	MHZ19C
2021-11-10T11:45:51-03:00	-1	575	25	-1	505	26	MHZ19C
2021-11-10T11:45:57-03:00	-1	565	25	-1	495	26	MHZ19C
2021-11-10T11:46:03-03:00	-1	560	25	-1	485	26	MHZ19C
2021-11-10T11:46:09-03:00	-1	550	25	-1	475	26	MHZ19C
2021-11-10T11:46:15-03:00	-1	540	25	-1	470	26	MHZ19C
2021-11-10T11:46:21-03:00	-1	535	25	-1	460	26	MHZ19C
2021-11-10T11:46:27-03:00	534	525	25	-1	455	26	MHZ19C
2021-11-10T11:46:33-03:00	-1	515	25	-1	445	26	MHZ19C
2021-11-10T11:46:39-03:00	-1	510	25	-1	440	26	MHZ19C
2021-11-10T11:46:45-03:00	-1	500	25	-1	435	26	MHZ19C
2021-11-10T11:46:51-03:00	-1	495	25	-1	430	26	MHZ19C
2021-11-10T11:46:57-03:00	-1	490	25	-1	425	26	MHZ19C
2021-11-10T11:47:03-03:00	-1	490	25	-1	420	26	MHZ19C
2021-11-10T11:47:09-03:00	-1	485	25	-1	415	26	MHZ19C
2021-11-10T11:47:15-03:00	-1	485	25	-1	415	26	MHZ19C
2021-11-10T11:47:21-03:00	-1	480	25	-1	415	26	MHZ19C
2021-11-10T11:47:27-03:00	-1	480	25	-1	410	26	MHZ19C
2021-11-10T11:47:33-03:00	-1	475	25	-1	410	26	MHZ19C
2021-11-10T11:47:39-03:00	-1	475	25	-1	410	26	MHZ19C
2021-11-10T11:47:45-03:00	-1	475	25	-1	405	26	MHZ19C
2021-11-10T11:47:51-03:00	-1	475	25	-1	405	26	MHZ19C
2021-11-10T11:47:57-03:00	-1	475	25	-1	405	26	MHZ19C
2021-11-10T11:48:03-03:00	-1	475	25	-1	405	26	MHZ19C
2021-11-10T11:48:09-03:00	-1	475	25	-1	405	26	MHZ19C
2021-11-10T11:48:15-03:00	-1	470	25	-1	405	26	MHZ19C
2021-11-10T11:48:21-03:00	-1	470	25	-1	405	26	MHZ19C
2021-11-10T11:48:40-03:00	-1	470	25	409	405	26	MHZ19C
2021-11-10T11:48:46-03:00	-1	470	25	-1	405	26	MHZ19C
2021-11-10T11:48:52-03:00	-1	470	25	-1	405	26	MHZ19C
2021-11-10T11:48:58-03:00	-1	470	25	-1	405	26	MHZ19C
2021-11-10T11:49:04-03:00	-1	470	25	-1	405	26	MHZ19C
2021-11-10T11:49:10-03:00	-1	470	25	-1	405	26	MHZ19C
2021-11-10T11:49:16-03:00	-1	470	25	-1	405	26	MHZ19C
2021-11-10T11:49:22-03:00	-1	470	25	-1	405	26	MHZ19C
2021-11-10T11:49:27-03:00	-1	470	25	-1	405	26	MHZ19C
2021-11-10T11:49:33-03:00	-1	470	25	-1	405	26	MHZ19C
2021-11-10T11:49:39-03:00	-1	470	25	-1	405	26	MHZ19C
2021-11-10T11:49:45-03:00	-1	470	25	-1	405	26	MHZ19C
2021-11-10T11:49:51-03:00	-1	470	25	-1	405	26	MHZ19C
2021-11-10T11:49:57-03:00	-1	465	25	-1	405	26	MHZ19C
2021-11-10T11:50:03-03:00	-1	465	25	-1	405	26	MHZ19C
2021-11-10T11:50:09-03:00	-1	465	25	-1	405	26	MHZ19C
2021-11-10T11:50:15-03:00	-1	465	25	-1	405	26	MHZ19C
2021-11-10T11:50:21-03:00	-1	465	25	-1	405	26	MHZ19C
2021-11-10T11:50:27-03:00	-1	465	25	409	405	26	MHZ19C
2021-11-10T11:50:33-03:00	-1	465	25	-1	405	26	MHZ19C
2021-11-10T11:50:39-03:00	-1	465	25	-1	405	26	MHZ19C
2021-11-10T11:50:45-03:00	-1	465	25	-1	405	26	MHZ19C
2021-11-10T11:50:51-03:00	-1	465	25	-1	405	26	MHZ19C
2021-11-10T11:50:57-03:00	-1	465	25	-1	405	26	MHZ19C
2021-11-10T11:51:03-03:00	-1	465	25	-1	405	26	MHZ19C
2021-11-10T11:51:09-03:00	-1	465	25	-1	405	26	MHZ19C
2021-11-10T11:51:15-03:00	-1	465	25	-1	405	26	MHZ19C
2021-11-10T11:51:21-03:00	-1	465	25	-1	405	26	MHZ19C
2021-11-10T11:51:27-03:00	-1	460	25	-1	400	26	MHZ19C
2021-11-10T11:51:33-03:00	-1	460	25	-1	400	26	MHZ19C
2021-11-10T11:51:39-03:00	-1	460	25	-1	400	26	MHZ19C
2021-11-10T11:51:45-03:00	-1	460	25	-1	400	26	MHZ19C
2021-11-10T11:51:51-03:00	-1	460	25	-1	400	26	MHZ19C
2021-11-10T11:51:57-03:00	-1	460	25	-1	400	26	MHZ19C
2021-11-10T11:52:03-03:00	-1	460	25	-1	400	26	MHZ19C
2021-11-10T11:52:09-03:00	-1	455	25	-1	400	26	MHZ19C
2021-11-10T11:52:15-03:00	-1	455	25	-1	400	26	MHZ19C
2021-11-10T11:52:21-03:00	-1	455	25	-1	400	26	MHZ19C
2021-11-10T11:52:27-03:00	-1	455	25	-1	400	26	MHZ19C
2021-11-10T11:52:33-03:00	460	455	25	-1	400	26	MHZ19C
2021-11-10T11:52:39-03:00	-1	455	25	-1	400	26	MHZ19C
2021-11-10T11:52:45-03:00	-1	450	25	-1	400	26	MHZ19C
2021-11-10T11:52:51-03:00	-1	450	25	-1	400	26	MHZ19C
2021-11-10T11:52:57-03:00	-1	450	25	-1	400	26	MHZ19C
2021-11-10T11:53:03-03:00	-1	450	25	-1	400	26	MHZ19C
2021-11-10T11:53:09-03:00	-1	450	25	-1	400	26	MHZ19C
2021-11-10T11:53:15-03:00	-1	450	25	-1	400	26	MHZ19C
2021-11-10T11:53:21-03:00	-1	450	25	-1	400	26	MHZ19C
2021-11-10T11:53:27-03:00	-1	445	25	-1	400	26	MHZ19C
2021-11-10T11:53:33-03:00	-1	445	25	-1	400	26	MHZ19C
2021-11-10T11:53:39-03:00	-1	445	25	-1	400	26	MHZ19C
2021-11-10T11:53:45-03:00	-1	445	25	-1	400	26	MHZ19C
2021-11-10T11:53:51-03:00	-1	445	25	-1	400	26	MHZ19C
2021-11-10T11:53:57-03:00	-1	445	25	-1	400	26	MHZ19C
2021-11-10T11:54:03-03:00	-1	445	25	-1	400	26	MHZ19C
2021-11-10T11:54:09-03:00	-1	445	25	-1	400	26	MHZ19C
2021-11-10T11:54:15-03:00	-1	440	25	-1	400	26	MHZ19C
2021-11-10T11:54:21-03:00	-1	440	25	-1	400	26	MHZ19C
2021-11-10T11:54:27-03:00	-1	440	25	-1	400	26	MHZ19C
2021-11-10T11:54:33-03:00	-1	440	25	403	400	26	MHZ19C
2021-11-10T11:54:39-03:00	-1	440	25	-1	400	26	MHZ19C
2021-11-10T11:54:45-03:00	-1	440	25	-1	400	26	MHZ19C
2021-11-10T11:54:51-03:00	-1	440	25	-1	400	26	MHZ19C
2021-11-10T11:54:57-03:00	-1	440	25	-1	400	26	MHZ19C
2021-11-10T11:55:03-03:00	-1	440	25	-1	400	26	MHZ19C
2021-11-10T11:55:09-03:00	-1	440	25	-1	400	26	MHZ19C
2021-11-10T11:55:15-03:00	-1	440	25	-1	400	26	MHZ19C
2021-11-10T11:55:21-03:00	-1	440	25	-1	400	26	MHZ19C
2021-11-10T11:55:27-03:00	-1	440	25	-1	400	26	MHZ19C
2021-11-10T11:55:33-03:00	-1	440	25	-1	400	26	MHZ19C
2021-11-10T11:55:39-03:00	-1	440	25	-1	400	26	MHZ19C
2021-11-10T11:55:45-03:00	-1	440	25	-1	400	26	MHZ19C
2021-11-10T11:55:51-03:00	-1	440	25	-1	400	26	MHZ19C
2021-11-10T11:55:57-03:00	-1	440	25	-1	400	26	MHZ19C
2021-11-10T11:56:03-03:00	-1	440	25	-1	400	26	MHZ19C
2021-11-10T11:56:09-03:00	-1	440	25	-1	400	26	MHZ19C
2021-11-10T11:56:15-03:00	-1	440	25	-1	400	26	MHZ19C
2021-11-10T11:56:20-03:00	-1	440	25	-1	400	26	MHZ19C
2021-11-10T11:56:26-03:00	-1	440	25	-1	400	26	MHZ19C
2021-11-10T11:56:32-03:00	-1	440	25	-1	400	26	MHZ19C
2021-11-10T11:56:38-03:00	444	440	25	-1	400	26	MHZ19C
2021-11-10T11:56:44-03:00	-1	440	25	-1	400	26	MHZ19C
2021-11-10T11:56:50-03:00	-1	440	25	-1	400	26	MHZ19C
2021-11-10T11:56:56-03:00	-1	440	25	-1	400	26	MHZ19C
2021-11-10T11:57:02-03:00	-1	440	25	-1	400	26	MHZ19C
2021-11-10T11:57:08-03:00	-1	435	25	-1	400	26	MHZ19C
2021-11-10T11:57:14-03:00	-1	435	25	-1	400	26	MHZ19C
2021-11-10T11:57:20-03:00	-1	440	25	-1	400	26	MHZ19C
2021-11-10T11:57:26-03:00	-1	435	25	-1	400	26	MHZ19C
2021-11-10T11:57:32-03:00	-1	440	25	-1	400	26	MHZ19C
