2021-12-22T10:18:21-03:00	429	31	57	SCD30
2021-12-22T10:18:23-03:00	427	31	57	SCD30
2021-12-22T10:18:25-03:00	426	31	57	SCD30
2021-12-22T10:18:27-03:00	424	31	57	SCD30
2021-12-22T10:18:29-03:00	426	31	57	SCD30
2021-12-22T10:18:31-03:00	424	31	57	SCD30
2021-12-22T10:18:33-03:00	424	31	57	SCD30
2021-12-22T10:18:35-03:00	424	31	57	SCD30
2021-12-22T10:18:37-03:00	423	31	57	SCD30
2021-12-22T10:18:39-03:00	423	31	57	SCD30
2021-12-22T10:18:41-03:00	423	31	57	SCD30
2021-12-22T10:18:43-03:00	423	31	57	SCD30
2021-12-22T10:18:46-03:00	422	31	57	SCD30
2021-12-22T10:18:48-03:00	421	31	57	SCD30
2021-12-22T10:18:50-03:00	419	31	57	SCD30
2021-12-22T10:18:52-03:00	419	31	57	SCD30
2021-12-22T10:18:54-03:00	418	31	57	SCD30
2021-12-22T10:18:56-03:00	418	31	57	SCD30
2021-12-22T10:18:59-03:00	419	31	57	SCD30
2021-12-22T10:19:01-03:00	420	31	57	SCD30
2021-12-22T10:19:03-03:00	419	31	57	SCD30
2021-12-22T10:19:05-03:00	418	31	57	SCD30
2021-12-22T10:19:07-03:00	418	31	57	SCD30
2021-12-22T10:19:09-03:00	418	31	57	SCD30
2021-12-22T10:19:11-03:00	417	31	57	SCD30
2021-12-22T10:19:13-03:00	417	31	57	SCD30
2021-12-22T10:19:15-03:00	419	31	57	SCD30
2021-12-22T10:19:17-03:00	420	31	57	SCD30
2021-12-22T10:19:19-03:00	418	31	57	SCD30
2021-12-22T10:19:22-03:00	416	31	57	SCD30
2021-12-22T10:19:24-03:00	416	31	57	SCD30
2021-12-22T10:19:26-03:00	417	31	57	SCD30
2021-12-22T10:19:28-03:00	420	31	57	SCD30
2021-12-22T10:19:30-03:00	418	31	57	SCD30
2021-12-22T10:19:32-03:00	417	31	57	SCD30
2021-12-22T10:19:34-03:00	417	31	57	SCD30
2021-12-22T10:19:37-03:00	419	31	57	SCD30
2021-12-22T10:19:39-03:00	424	31	57	SCD30
2021-12-22T10:19:41-03:00	425	31	57	SCD30
2021-12-22T10:19:43-03:00	423	31	57	SCD30
2021-12-22T10:19:45-03:00	422	31	57	SCD30
2021-12-22T10:19:47-03:00	421	31	57	SCD30
2021-12-22T10:19:49-03:00	420	31	57	SCD30
2021-12-22T10:19:51-03:00	419	31	57	SCD30
2021-12-22T10:19:53-03:00	420	31	57	SCD30
2021-12-22T10:19:55-03:00	422	31	57	SCD30
2021-12-22T10:19:58-03:00	423	31	57	SCD30
2021-12-22T10:20:00-03:00	424	31	57	SCD30
2021-12-22T10:20:02-03:00	422	31	57	SCD30
2021-12-22T10:20:04-03:00	422	31	57	SCD30
2021-12-22T10:20:06-03:00	424	31	57	SCD30
2021-12-22T10:20:08-03:00	424	31	57	SCD30
2021-12-22T10:20:10-03:00	425	31	57	SCD30
2021-12-22T10:20:12-03:00	426	31	57	SCD30
2021-12-22T10:20:15-03:00	426	31	57	SCD30
2021-12-22T10:20:17-03:00	425	30	57	SCD30
2021-12-22T10:20:19-03:00	425	31	57	SCD30
2021-12-22T10:20:21-03:00	424	31	57	SCD30
2021-12-22T10:20:23-03:00	425	31	57	SCD30
2021-12-22T10:20:25-03:00	423	31	57	SCD30
2021-12-22T10:20:27-03:00	423	31	57	SCD30
2021-12-22T10:20:29-03:00	424	31	57	SCD30
2021-12-22T10:20:31-03:00	423	31	57	SCD30
2021-12-22T10:20:34-03:00	424	31	57	SCD30
2021-12-22T10:20:36-03:00	423	31	57	SCD30
2021-12-22T10:20:38-03:00	423	31	57	SCD30
2021-12-22T10:20:40-03:00	425	31	57	SCD30
2021-12-22T10:20:42-03:00	425	31	57	SCD30
2021-12-22T10:20:44-03:00	425	31	57	SCD30
2021-12-22T10:20:46-03:00	427	31	57	SCD30
2021-12-22T10:20:48-03:00	427	31	57	SCD30
2021-12-22T10:20:50-03:00	428	31	57	SCD30
2021-12-22T10:20:53-03:00	429	31	57	SCD30
2021-12-22T10:20:55-03:00	431	31	57	SCD30
2021-12-22T10:20:57-03:00	431	31	57	SCD30
2021-12-22T10:20:59-03:00	431	31	57	SCD30
2021-12-22T10:21:01-03:00	433	31	57	SCD30
2021-12-22T10:21:03-03:00	434	31	57	SCD30
2021-12-22T10:21:05-03:00	435	31	56	SCD30
2021-12-22T10:21:07-03:00	435	31	56	SCD30
2021-12-22T10:21:10-03:00	436	31	56	SCD30
2021-12-22T10:21:12-03:00	438	31	56	SCD30
2021-12-22T10:21:14-03:00	441	31	56	SCD30
2021-12-22T10:21:16-03:00	443	31	56	SCD30
2021-12-22T10:21:18-03:00	442	31	56	SCD30
2021-12-22T10:21:20-03:00	438	31	56	SCD30
2021-12-22T10:21:22-03:00	440	31	56	SCD30
2021-12-22T10:21:24-03:00	446	31	56	SCD30
2021-12-22T10:21:26-03:00	445	31	56	SCD30
2021-12-22T10:21:29-03:00	444	31	56	SCD30
2021-12-22T10:21:31-03:00	440	31	57	SCD30
2021-12-22T10:21:33-03:00	433	31	57	SCD30
2021-12-22T10:21:35-03:00	430	31	57	SCD30
2021-12-22T10:21:37-03:00	431	31	57	SCD30
2021-12-22T10:21:39-03:00	431	31	57	SCD30
2021-12-22T10:21:41-03:00	425	31	57	SCD30
2021-12-22T10:21:43-03:00	423	31	57	SCD30
2021-12-22T10:21:46-03:00	418	31	57	SCD30
2021-12-22T10:21:48-03:00	419	31	57	SCD30
2021-12-22T10:21:50-03:00	419	31	57	SCD30
2021-12-22T10:21:52-03:00	424	31	57	SCD30
2021-12-22T10:21:54-03:00	425	31	57	SCD30
2021-12-22T10:21:56-03:00	429	31	57	SCD30
2021-12-22T10:21:58-03:00	431	31	57	SCD30
2021-12-22T10:22:00-03:00	431	31	57	SCD30
2021-12-22T10:22:02-03:00	433	31	57	SCD30
2021-12-22T10:22:04-03:00	437	31	56	SCD30
2021-12-22T10:22:07-03:00	440	31	56	SCD30
2021-12-22T10:22:09-03:00	438	31	57	SCD30
2021-12-22T10:22:11-03:00	437	31	56	SCD30
2021-12-22T10:22:13-03:00	435	31	57	SCD30
2021-12-22T10:22:15-03:00	435	31	57	SCD30
2021-12-22T10:22:17-03:00	434	31	57	SCD30
2021-12-22T10:22:20-03:00	433	31	57	SCD30
2021-12-22T10:22:22-03:00	434	31	56	SCD30
2021-12-22T10:22:24-03:00	436	31	56	SCD30
2021-12-22T10:22:26-03:00	435	31	56	SCD30
2021-12-22T10:22:28-03:00	434	31	56	SCD30
2021-12-22T10:22:30-03:00	434	31	56	SCD30
2021-12-22T10:22:32-03:00	435	31	56	SCD30
2021-12-22T10:22:34-03:00	438	31	56	SCD30
2021-12-22T10:22:36-03:00	437	31	56	SCD30
2021-12-22T10:22:38-03:00	437	31	56	SCD30
2021-12-22T10:22:40-03:00	438	31	56	SCD30
2021-12-22T10:22:42-03:00	434	31	57	SCD30
2021-12-22T10:22:45-03:00	434	31	57	SCD30
2021-12-22T10:22:47-03:00	432	31	57	SCD30
2021-12-22T10:22:49-03:00	432	31	57	SCD30
2021-12-22T10:22:51-03:00	433	31	57	SCD30
2021-12-22T10:22:53-03:00	433	31	57	SCD30
2021-12-22T10:22:55-03:00	433	31	57	SCD30
2021-12-22T10:22:58-03:00	433	31	57	SCD30
2021-12-22T10:23:00-03:00	434	31	57	SCD30
2021-12-22T10:23:02-03:00	434	31	57	SCD30
2021-12-22T10:23:04-03:00	435	31	57	SCD30
2021-12-22T10:23:06-03:00	437	31	57	SCD30
2021-12-22T10:23:08-03:00	438	31	57	SCD30
2021-12-22T10:23:10-03:00	439	31	56	SCD30
2021-12-22T10:23:12-03:00	439	31	56	SCD30
2021-12-22T10:23:14-03:00	437	31	56	SCD30
2021-12-22T10:23:16-03:00	436	31	56	SCD30
2021-12-22T10:23:18-03:00	436	31	56	SCD30
2021-12-22T10:23:20-03:00	436	31	56	SCD30
2021-12-22T10:23:23-03:00	436	31	56	SCD30
2021-12-22T10:23:25-03:00	435	31	56	SCD30
2021-12-22T10:23:27-03:00	437	31	56	SCD30
2021-12-22T10:23:29-03:00	436	31	56	SCD30
2021-12-22T10:23:31-03:00	434	31	56	SCD30
2021-12-22T10:23:33-03:00	434	31	56	SCD30
2021-12-22T10:23:36-03:00	434	31	56	SCD30
2021-12-22T10:23:38-03:00	437	31	56	SCD30
2021-12-22T10:23:40-03:00	438	31	56	SCD30
2021-12-22T10:23:42-03:00	438	31	56	SCD30
2021-12-22T10:23:44-03:00	439	31	57	SCD30
2021-12-22T10:23:46-03:00	438	31	57	SCD30
2021-12-22T10:23:48-03:00	436	31	57	SCD30
2021-12-22T10:23:50-03:00	434	31	57	SCD30
2021-12-22T10:23:52-03:00	434	31	57	SCD30
2021-12-22T10:23:54-03:00	435	31	57	SCD30
2021-12-22T10:23:56-03:00	434	31	57	SCD30
2021-12-22T10:23:59-03:00	434	31	57	SCD30
2021-12-22T10:24:01-03:00	434	31	57	SCD30
2021-12-22T10:24:03-03:00	432	31	57	SCD30
2021-12-22T10:24:05-03:00	430	31	57	SCD30
2021-12-22T10:24:07-03:00	429	30	57	SCD30
2021-12-22T10:24:09-03:00	428	30	57	SCD30
2021-12-22T10:24:12-03:00	427	30	57	SCD30
2021-12-22T10:24:14-03:00	423	30	58	SCD30
2021-12-22T10:24:16-03:00	420	30	58	SCD30
2021-12-22T10:24:18-03:00	417	31	57	SCD30
2021-12-22T10:24:20-03:00	418	30	57	SCD30
2021-12-22T10:24:22-03:00	422	30	57	SCD30
2021-12-22T10:24:24-03:00	425	30	57	SCD30
2021-12-22T10:24:26-03:00	435	30	57	SCD30
2021-12-22T10:24:28-03:00	428	30	58	SCD30
2021-12-22T10:24:30-03:00	422	30	58	SCD30
2021-12-22T10:24:32-03:00	413	30	58	SCD30
2021-12-22T10:24:34-03:00	403	30	58	SCD30
2021-12-22T10:24:37-03:00	400	30	58	SCD30
2021-12-22T10:24:39-03:00	400	30	58	SCD30
2021-12-22T10:24:41-03:00	393	30	58	SCD30
2021-12-22T10:24:43-03:00	396	30	58	SCD30
2021-12-22T10:24:45-03:00	394	30	58	SCD30
2021-12-22T10:24:47-03:00	394	30	58	SCD30
2021-12-22T10:24:50-03:00	395	30	58	SCD30
2021-12-22T10:24:52-03:00	396	30	58	SCD30
2021-12-22T10:24:54-03:00	398	30	58	SCD30
2021-12-22T10:24:56-03:00	396	30	58	SCD30
2021-12-22T10:24:58-03:00	394	30	58	SCD30
2021-12-22T10:25:00-03:00	394	30	58	SCD30
2021-12-22T10:25:02-03:00	395	30	58	SCD30
2021-12-22T10:25:04-03:00	393	30	58	SCD30
2021-12-22T10:25:06-03:00	392	30	58	SCD30
2021-12-22T10:25:08-03:00	395	30	58	SCD30
2021-12-22T10:25:10-03:00	397	30	58	SCD30
2021-12-22T10:25:12-03:00	398	30	58	SCD30
2021-12-22T10:25:15-03:00	396	30	58	SCD30
2021-12-22T10:25:17-03:00	395	30	58	SCD30
2021-12-22T10:25:19-03:00	396	30	58	SCD30
2021-12-22T10:25:21-03:00	398	30	58	SCD30
2021-12-22T10:25:23-03:00	399	30	58	SCD30
2021-12-22T10:25:26-03:00	400	30	58	SCD30
2021-12-22T10:25:28-03:00	400	30	58	SCD30
2021-12-22T10:25:30-03:00	401	30	58	SCD30
2021-12-22T10:25:32-03:00	403	30	58	SCD30
2021-12-22T10:25:34-03:00	403	30	58	SCD30
2021-12-22T10:25:36-03:00	402	30	58	SCD30
2021-12-22T10:25:38-03:00	401	30	58	SCD30
2021-12-22T10:25:40-03:00	401	30	58	SCD30
2021-12-22T10:25:42-03:00	402	30	58	SCD30
2021-12-22T10:25:44-03:00	402	30	58	SCD30
2021-12-22T10:25:46-03:00	402	30	58	SCD30
2021-12-22T10:25:48-03:00	401	30	58	SCD30
2021-12-22T10:25:51-03:00	402	30	58	SCD30
2021-12-22T10:25:53-03:00	402	30	57	SCD30
2021-12-22T10:25:55-03:00	404	30	57	SCD30
2021-12-22T10:25:57-03:00	404	30	57	SCD30
2021-12-22T10:25:59-03:00	405	30	57	SCD30
2021-12-22T10:26:01-03:00	406	30	57	SCD30
2021-12-22T10:26:04-03:00	407	30	57	SCD30
2021-12-22T10:26:06-03:00	408	30	57	SCD30
2021-12-22T10:26:08-03:00	410	30	57	SCD30
2021-12-22T10:26:10-03:00	410	31	57	SCD30
2021-12-22T10:26:12-03:00	409	31	57	SCD30
2021-12-22T10:26:14-03:00	410	31	57	SCD30
2021-12-22T10:26:16-03:00	408	31	57	SCD30
2021-12-22T10:26:18-03:00	410	31	57	SCD30
2021-12-22T10:26:20-03:00	414	31	57	SCD30
2021-12-22T10:26:22-03:00	417	31	57	SCD30
2021-12-22T10:26:24-03:00	419	31	57	SCD30
2021-12-22T10:26:26-03:00	423	31	57	SCD30
2021-12-22T10:26:29-03:00	429	31	57	SCD30
2021-12-22T10:26:31-03:00	433	31	57	SCD30
2021-12-22T10:26:33-03:00	436	31	57	SCD30
2021-12-22T10:26:35-03:00	428	31	57	SCD30
2021-12-22T10:26:37-03:00	425	31	57	SCD30
2021-12-22T10:26:39-03:00	420	31	57	SCD30
2021-12-22T10:26:42-03:00	421	31	57	SCD30
2021-12-22T10:26:44-03:00	422	31	57	SCD30
2021-12-22T10:26:46-03:00	423	31	57	SCD30
2021-12-22T10:26:48-03:00	428	31	57	SCD30
2021-12-22T10:26:50-03:00	429	31	57	SCD30
2021-12-22T10:26:52-03:00	430	31	57	SCD30
2021-12-22T10:26:54-03:00	431	31	57	SCD30
2021-12-22T10:26:56-03:00	433	31	57	SCD30
2021-12-22T10:26:58-03:00	433	31	57	SCD30
2021-12-22T10:27:00-03:00	434	31	57	SCD30
2021-12-22T10:27:03-03:00	436	31	57	SCD30
2021-12-22T10:27:05-03:00	440	31	57	SCD30
2021-12-22T10:27:07-03:00	440	31	57	SCD30
2021-12-22T10:27:09-03:00	441	31	57	SCD30
2021-12-22T10:27:11-03:00	439	31	57	SCD30
2021-12-22T10:27:13-03:00	436	31	57	SCD30
2021-12-22T10:27:15-03:00	432	31	57	SCD30
2021-12-22T10:27:18-03:00	431	31	57	SCD30
2021-12-22T10:27:20-03:00	431	31	57	SCD30
2021-12-22T10:27:22-03:00	432	31	57	SCD30
2021-12-22T10:27:24-03:00	432	31	57	SCD30
2021-12-22T10:27:26-03:00	432	31	57	SCD30
2021-12-22T10:27:28-03:00	434	31	57	SCD30
2021-12-22T10:27:30-03:00	437	31	57	SCD30
2021-12-22T10:27:32-03:00	439	31	57	SCD30
2021-12-22T10:27:34-03:00	439	31	57	SCD30
2021-12-22T10:27:36-03:00	438	31	57	SCD30
2021-12-22T10:27:39-03:00	437	31	57	SCD30
2021-12-22T10:27:41-03:00	437	31	57	SCD30
2021-12-22T10:27:43-03:00	435	31	57	SCD30
2021-12-22T10:27:45-03:00	434	31	57	SCD30
2021-12-22T10:27:47-03:00	436	31	57	SCD30
2021-12-22T10:27:49-03:00	433	31	57	SCD30
2021-12-22T10:27:51-03:00	433	31	57	SCD30
2021-12-22T10:27:53-03:00	432	31	57	SCD30
2021-12-22T10:27:56-03:00	431	31	57	SCD30
2021-12-22T10:27:58-03:00	432	31	57	SCD30
2021-12-22T10:28:00-03:00	430	31	57	SCD30
2021-12-22T10:28:02-03:00	429	31	57	SCD30
2021-12-22T10:28:04-03:00	429	31	57	SCD30
2021-12-22T10:28:06-03:00	430	31	57	SCD30
2021-12-22T10:28:08-03:00	430	31	57	SCD30
2021-12-22T10:28:10-03:00	431	31	57	SCD30
2021-12-22T10:28:12-03:00	431	31	57	SCD30
2021-12-22T10:28:15-03:00	432	31	57	SCD30
2021-12-22T10:28:17-03:00	432	31	57	SCD30
2021-12-22T10:28:19-03:00	432	31	57	SCD30
2021-12-22T10:28:21-03:00	431	31	57	SCD30
2021-12-22T10:28:23-03:00	430	31	57	SCD30
2021-12-22T10:28:25-03:00	431	31	57	SCD30
2021-12-22T10:28:27-03:00	431	31	57	SCD30
2021-12-22T10:28:29-03:00	431	31	57	SCD30
2021-12-22T10:28:31-03:00	431	31	57	SCD30
2021-12-22T10:28:34-03:00	431	31	57	SCD30
2021-12-22T10:28:36-03:00	430	31	57	SCD30
2021-12-22T10:28:38-03:00	429	31	57	SCD30
2021-12-22T10:28:40-03:00	429	31	57	SCD30
2021-12-22T10:28:42-03:00	429	31	57	SCD30
2021-12-22T10:28:44-03:00	430	31	57	SCD30
2021-12-22T10:28:46-03:00	429	31	57	SCD30
2021-12-22T10:28:48-03:00	429	31	57	SCD30
2021-12-22T10:28:51-03:00	429	31	57	SCD30
2021-12-22T10:28:53-03:00	428	31	57	SCD30
2021-12-22T10:28:55-03:00	428	31	57	SCD30
2021-12-22T10:28:57-03:00	428	31	56	SCD30
2021-12-22T10:28:59-03:00	428	31	56	SCD30
2021-12-22T10:29:01-03:00	428	31	56	SCD30
2021-12-22T10:29:03-03:00	428	31	56	SCD30
2021-12-22T10:29:05-03:00	427	31	57	SCD30
2021-12-22T10:29:07-03:00	426	31	56	SCD30
2021-12-22T10:29:10-03:00	426	31	56	SCD30
2021-12-22T10:29:12-03:00	426	31	56	SCD30
2021-12-22T10:29:14-03:00	425	31	57	SCD30
2021-12-22T10:29:16-03:00	425	31	56	SCD30
2021-12-22T10:29:18-03:00	425	31	56	SCD30
2021-12-22T10:29:20-03:00	425	31	56	SCD30
2021-12-22T10:29:22-03:00	423	31	56	SCD30
2021-12-22T10:29:25-03:00	423	31	56	SCD30
2021-12-22T10:29:27-03:00	422	31	57	SCD30
2021-12-22T10:29:29-03:00	422	31	56	SCD30
2021-12-22T10:29:31-03:00	422	31	56	SCD30
2021-12-22T10:29:33-03:00	422	31	56	SCD30
2021-12-22T10:29:35-03:00	422	31	56	SCD30
2021-12-22T10:29:37-03:00	422	31	56	SCD30
2021-12-22T10:29:39-03:00	421	31	56	SCD30
2021-12-22T10:29:41-03:00	421	31	56	SCD30
2021-12-22T10:29:43-03:00	421	31	56	SCD30
2021-12-22T10:29:45-03:00	422	31	56	SCD30
2021-12-22T10:29:48-03:00	422	31	56	SCD30
2021-12-22T10:29:50-03:00	422	31	56	SCD30
2021-12-22T10:29:52-03:00	422	31	56	SCD30
2021-12-22T10:29:54-03:00	422	31	56	SCD30
2021-12-22T10:29:56-03:00	422	31	56	SCD30
2021-12-22T10:29:58-03:00	423	31	56	SCD30
2021-12-22T10:30:01-03:00	423	31	56	SCD30
2021-12-22T10:30:03-03:00	423	31	56	SCD30
2021-12-22T10:30:05-03:00	423	31	56	SCD30
2021-12-22T10:30:07-03:00	422	31	56	SCD30
2021-12-22T10:30:09-03:00	423	31	56	SCD30
2021-12-22T10:30:11-03:00	423	31	56	SCD30
2021-12-22T10:30:13-03:00	423	31	56	SCD30
2021-12-22T10:30:15-03:00	423	31	56	SCD30
2021-12-22T10:30:17-03:00	423	31	56	SCD30
2021-12-22T10:30:19-03:00	422	31	56	SCD30
2021-12-22T10:30:21-03:00	422	31	56	SCD30
2021-12-22T10:30:23-03:00	422	31	56	SCD30
2021-12-22T10:30:26-03:00	422	31	56	SCD30
2021-12-22T10:30:28-03:00	422	31	56	SCD30
2021-12-22T10:30:30-03:00	422	31	56	SCD30
2021-12-22T10:30:32-03:00	423	31	56	SCD30
2021-12-22T10:30:34-03:00	422	31	56	SCD30
2021-12-22T10:30:36-03:00	423	31	56	SCD30
2021-12-22T10:30:39-03:00	422	31	56	SCD30
2021-12-22T10:30:41-03:00	422	31	56	SCD30
2021-12-22T10:30:43-03:00	422	31	56	SCD30
2021-12-22T10:30:45-03:00	423	31	56	SCD30
2021-12-22T10:30:47-03:00	423	31	56	SCD30
2021-12-22T10:30:49-03:00	422	31	56	SCD30
2021-12-22T10:30:51-03:00	423	31	56	SCD30
2021-12-22T10:30:53-03:00	423	31	56	SCD30
2021-12-22T10:30:55-03:00	423	31	56	SCD30
2021-12-22T10:30:57-03:00	423	31	56	SCD30
2021-12-22T10:30:59-03:00	423	31	56	SCD30
2021-12-22T10:31:02-03:00	423	31	56	SCD30
2021-12-22T10:31:04-03:00	424	31	56	SCD30
2021-12-22T10:31:06-03:00	424	31	56	SCD30
2021-12-22T10:31:08-03:00	423	31	56	SCD30
2021-12-22T10:31:10-03:00	423	31	56	SCD30
2021-12-22T10:31:12-03:00	424	31	56	SCD30
2021-12-22T10:31:15-03:00	423	31	56	SCD30
2021-12-22T10:31:17-03:00	423	31	56	SCD30
2021-12-22T10:31:19-03:00	424	31	56	SCD30
2021-12-22T10:31:21-03:00	424	31	56	SCD30
2021-12-22T10:31:23-03:00	424	31	56	SCD30
2021-12-22T10:31:25-03:00	424	31	56	SCD30
2021-12-22T10:31:27-03:00	424	31	56	SCD30
2021-12-22T10:31:29-03:00	425	31	56	SCD30
2021-12-22T10:31:31-03:00	425	31	56	SCD30
2021-12-22T10:31:33-03:00	425	31	56	SCD30
2021-12-22T10:31:35-03:00	424	31	56	SCD30
2021-12-22T10:31:37-03:00	424	31	56	SCD30
2021-12-22T10:31:40-03:00	425	31	56	SCD30
2021-12-22T10:31:42-03:00	425	31	56	SCD30
2021-12-22T10:31:44-03:00	425	31	56	SCD30
2021-12-22T10:31:46-03:00	424	31	56	SCD30
2021-12-22T10:31:48-03:00	424	31	56	SCD30
2021-12-22T10:31:50-03:00	424	31	56	SCD30
2021-12-22T10:31:53-03:00	424	31	56	SCD30
2021-12-22T10:31:55-03:00	424	31	56	SCD30
2021-12-22T10:31:57-03:00	424	31	56	SCD30
2021-12-22T10:31:59-03:00	424	31	56	SCD30
2021-12-22T10:32:01-03:00	424	31	56	SCD30
2021-12-22T10:32:03-03:00	424	31	56	SCD30
2021-12-22T10:32:05-03:00	424	31	56	SCD30
2021-12-22T10:32:07-03:00	424	31	56	SCD30
2021-12-22T10:32:09-03:00	424	31	56	SCD30
2021-12-22T10:32:11-03:00	424	31	56	SCD30
2021-12-22T10:32:13-03:00	424	31	56	SCD30
2021-12-22T10:32:15-03:00	424	31	56	SCD30
2021-12-22T10:32:18-03:00	424	31	56	SCD30
2021-12-22T10:32:20-03:00	425	31	56	SCD30
2021-12-22T10:32:22-03:00	425	31	56	SCD30
2021-12-22T10:32:24-03:00	425	31	56	SCD30
2021-12-22T10:32:26-03:00	425	31	56	SCD30
2021-12-22T10:32:29-03:00	426	31	56	SCD30
2021-12-22T10:32:31-03:00	426	31	56	SCD30
2021-12-22T10:32:33-03:00	427	31	56	SCD30
2021-12-22T10:32:35-03:00	427	31	56	SCD30
2021-12-22T10:32:37-03:00	427	31	56	SCD30
2021-12-22T10:32:39-03:00	427	31	56	SCD30
2021-12-22T10:32:41-03:00	427	31	56	SCD30
2021-12-22T10:32:43-03:00	427	31	56	SCD30
2021-12-22T10:32:45-03:00	427	31	56	SCD30
2021-12-22T10:32:47-03:00	427	31	56	SCD30
2021-12-22T10:32:49-03:00	428	31	56	SCD30
2021-12-22T10:32:51-03:00	427	31	56	SCD30
2021-12-22T10:32:54-03:00	427	31	56	SCD30
2021-12-22T10:32:56-03:00	428	31	56	SCD30
2021-12-22T10:32:58-03:00	428	31	56	SCD30
2021-12-22T10:33:00-03:00	428	31	56	SCD30
2021-12-22T10:33:02-03:00	428	31	56	SCD30
2021-12-22T10:33:04-03:00	429	31	56	SCD30
2021-12-22T10:33:07-03:00	429	31	56	SCD30
2021-12-22T10:33:09-03:00	429	31	56	SCD30
2021-12-22T10:33:11-03:00	428	31	56	SCD30
2021-12-22T10:33:13-03:00	428	31	56	SCD30
2021-12-22T10:33:15-03:00	427	31	56	SCD30
2021-12-22T10:33:17-03:00	427	31	56	SCD30
2021-12-22T10:33:19-03:00	427	31	56	SCD30
2021-12-22T10:33:21-03:00	427	31	56	SCD30
2021-12-22T10:33:23-03:00	426	31	56	SCD30
2021-12-22T10:33:25-03:00	427	31	56	SCD30
2021-12-22T10:33:27-03:00	427	31	56	SCD30
2021-12-22T10:33:29-03:00	427	31	56	SCD30
2021-12-22T10:33:32-03:00	427	31	56	SCD30
2021-12-22T10:33:34-03:00	427	31	56	SCD30
2021-12-22T10:33:36-03:00	426	31	56	SCD30
2021-12-22T10:33:38-03:00	426	31	56	SCD30
2021-12-22T10:33:40-03:00	426	31	56	SCD30
2021-12-22T10:33:42-03:00	426	31	56	SCD30
2021-12-22T10:33:45-03:00	426	31	56	SCD30
2021-12-22T10:33:47-03:00	427	31	56	SCD30
2021-12-22T10:33:49-03:00	427	31	56	SCD30
2021-12-22T10:33:51-03:00	427	31	56	SCD30
2021-12-22T10:33:53-03:00	427	31	56	SCD30
2021-12-22T10:33:55-03:00	427	31	56	SCD30
2021-12-22T10:33:57-03:00	427	31	56	SCD30
2021-12-22T10:33:59-03:00	427	31	56	SCD30
2021-12-22T10:34:01-03:00	427	31	56	SCD30
2021-12-22T10:34:03-03:00	427	31	56	SCD30
2021-12-22T10:34:05-03:00	427	31	56	SCD30
2021-12-22T10:34:08-03:00	426	31	56	SCD30
2021-12-22T10:34:10-03:00	427	31	56	SCD30
2021-12-22T10:34:12-03:00	426	31	56	SCD30
2021-12-22T10:34:14-03:00	426	31	56	SCD30
2021-12-22T10:34:16-03:00	426	31	56	SCD30
2021-12-22T10:34:18-03:00	426	31	56	SCD30
2021-12-22T10:34:21-03:00	426	31	56	SCD30
2021-12-22T10:34:23-03:00	426	31	56	SCD30
2021-12-22T10:34:25-03:00	427	31	56	SCD30
2021-12-22T10:34:27-03:00	427	31	56	SCD30
2021-12-22T10:34:29-03:00	429	31	56	SCD30
2021-12-22T10:34:31-03:00	431	31	56	SCD30
2021-12-22T10:34:33-03:00	439	31	56	SCD30
2021-12-22T10:34:35-03:00	478	31	56	SCD30
2021-12-22T10:34:37-03:00	599	31	56	SCD30
2021-12-22T10:34:39-03:00	740	31	56	SCD30
2021-12-22T10:34:41-03:00	799	31	56	SCD30
2021-12-22T10:34:43-03:00	841	31	56	SCD30
2021-12-22T10:34:46-03:00	877	31	56	SCD30
2021-12-22T10:34:48-03:00	918	31	56	SCD30
2021-12-22T10:34:50-03:00	955	31	56	SCD30
2021-12-22T10:34:52-03:00	992	31	56	SCD30
2021-12-22T10:34:54-03:00	1015	31	56	SCD30
2021-12-22T10:34:56-03:00	1000	31	56	SCD30
2021-12-22T10:34:59-03:00	986	31	56	SCD30
2021-12-22T10:35:01-03:00	978	31	56	SCD30
2021-12-22T10:35:03-03:00	964	31	56	SCD30
2021-12-22T10:35:05-03:00	948	31	56	SCD30
2021-12-22T10:35:07-03:00	934	31	56	SCD30
2021-12-22T10:35:09-03:00	913	31	56	SCD30
2021-12-22T10:35:11-03:00	874	31	56	SCD30
2021-12-22T10:35:13-03:00	842	31	56	SCD30
2021-12-22T10:35:15-03:00	826	31	56	SCD30
2021-12-22T10:35:17-03:00	813	31	56	SCD30
2021-12-22T10:35:19-03:00	809	31	56	SCD30
2021-12-22T10:35:22-03:00	805	31	56	SCD30
2021-12-22T10:35:24-03:00	801	31	56	SCD30
2021-12-22T10:35:26-03:00	796	31	56	SCD30
2021-12-22T10:35:28-03:00	791	31	56	SCD30
2021-12-22T10:35:30-03:00	791	31	56	SCD30
2021-12-22T10:35:32-03:00	789	31	56	SCD30
2021-12-22T10:35:35-03:00	787	31	56	SCD30
2021-12-22T10:35:37-03:00	786	31	56	SCD30
2021-12-22T10:35:39-03:00	789	31	56	SCD30
2021-12-22T10:35:41-03:00	790	31	56	SCD30
2021-12-22T10:35:43-03:00	791	31	56	SCD30
2021-12-22T10:35:45-03:00	792	31	56	SCD30
2021-12-22T10:35:47-03:00	791	31	56	SCD30
2021-12-22T10:35:49-03:00	791	31	56	SCD30
2021-12-22T10:35:51-03:00	790	31	56	SCD30
2021-12-22T10:35:53-03:00	788	31	56	SCD30
2021-12-22T10:35:56-03:00	787	31	56	SCD30
2021-12-22T10:35:58-03:00	786	31	56	SCD30
2021-12-22T10:36:00-03:00	788	31	56	SCD30
2021-12-22T10:36:02-03:00	787	31	56	SCD30
2021-12-22T10:36:04-03:00	786	31	56	SCD30
2021-12-22T10:36:06-03:00	785	31	56	SCD30
2021-12-22T10:36:08-03:00	785	31	56	SCD30
2021-12-22T10:36:10-03:00	785	31	55	SCD30
2021-12-22T10:36:13-03:00	785	31	56	SCD30
2021-12-22T10:36:15-03:00	785	31	56	SCD30
2021-12-22T10:36:17-03:00	785	31	56	SCD30
2021-12-22T10:36:19-03:00	785	31	56	SCD30
2021-12-22T10:36:21-03:00	785	31	56	SCD30
2021-12-22T10:36:23-03:00	785	31	55	SCD30
2021-12-22T10:36:25-03:00	785	31	56	SCD30
2021-12-22T10:36:27-03:00	785	31	56	SCD30
2021-12-22T10:36:29-03:00	785	31	56	SCD30
2021-12-22T10:36:32-03:00	86	31	56	SCD30
2021-12-22T10:36:34-03:00	786	31	55	SCD30
2021-12-22T10:36:36-03:00	787	31	56	SCD30
2021-12-22T10:36:38-03:00	787	31	55	SCD30
2021-12-22T10:36:40-03:00	787	31	55	SCD30
2021-12-22T10:36:42-03:00	786	31	56	SCD30
2021-12-22T10:36:44-03:00	785	31	56	SCD30
2021-12-22T10:36:46-03:00	786	31	55	SCD30
2021-12-22T10:36:49-03:00	785	31	56	SCD30
2021-12-22T10:36:51-03:00	786	31	55	SCD30
2021-12-22T10:36:53-03:00	785	31	55	SCD30
2021-12-22T10:36:55-03:00	784	31	55	SCD30
2021-12-22T10:36:57-03:00	784	31	56	SCD30
2021-12-22T10:36:59-03:00	784	31	55	SCD30
2021-12-22T10:37:01-03:00	784	31	55	SCD30
2021-12-22T10:37:03-03:00	784	31	55	SCD30
2021-12-22T10:37:05-03:00	783	31	55	SCD30
2021-12-22T10:37:08-03:00	784	31	56	SCD30
2021-12-22T10:37:10-03:00	784	31	55	SCD30
2021-12-22T10:37:12-03:00	784	31	56	SCD30
2021-12-22T10:37:14-03:00	784	31	56	SCD30
2021-12-22T10:37:16-03:00	784	31	55	SCD30
2021-12-22T10:37:18-03:00	784	31	55	SCD30
2021-12-22T10:37:20-03:00	784	31	55	SCD30
2021-12-22T10:37:22-03:00	783	31	56	SCD30
2021-12-22T10:37:24-03:00	782	31	55	SCD30
2021-12-22T10:37:27-03:00	783	31	55	SCD30
2021-12-22T10:37:29-03:00	783	31	55	SCD30
2021-12-22T10:37:31-03:00	783	31	55	SCD30
2021-12-22T10:37:33-03:00	783	31	56	SCD30
2021-12-22T10:37:35-03:00	783	31	55	SCD30
2021-12-22T10:37:37-03:00	783	31	55	SCD30
2021-12-22T10:37:39-03:00	782	31	55	SCD30
2021-12-22T10:37:41-03:00	782	31	55	SCD30
2021-12-22T10:37:44-03:00	781	31	55	SCD30
2021-12-22T10:37:46-03:00	781	31	55	SCD30
2021-12-22T10:37:48-03:00	780	31	55	SCD30
2021-12-22T10:37:50-03:00	780	31	55	SCD30
2021-12-22T10:37:52-03:00	780	31	55	SCD30
2021-12-22T10:37:54-03:00	779	31	55	SCD30
2021-12-22T10:37:56-03:00	779	31	55	SCD30
2021-12-22T10:37:58-03:00	779	31	55	SCD30
2021-12-22T10:38:00-03:00	779	31	55	SCD30
2021-12-22T10:38:02-03:00	779	31	55	SCD30
2021-12-22T10:38:05-03:00	779	31	55	SCD30
2021-12-22T10:38:07-03:00	779	31	55	SCD30
2021-12-22T10:38:09-03:00	779	31	55	SCD30
2021-12-22T10:38:11-03:00	779	31	55	SCD30
2021-12-22T10:38:13-03:00	779	31	55	SCD30
2021-12-22T10:38:15-03:00	778	31	55	SCD30
2021-12-22T10:38:18-03:00	778	31	55	SCD30
2021-12-22T10:38:20-03:00	778	31	55	SCD30
2021-12-22T10:38:22-03:00	779	31	55	SCD30
2021-12-22T10:38:24-03:00	779	31	55	SCD30
2021-12-22T10:38:26-03:00	779	31	55	SCD30
2021-12-22T10:38:28-03:00	780	31	55	SCD30
2021-12-22T10:38:30-03:00	780	31	55	SCD30
2021-12-22T10:38:32-03:00	780	31	55	SCD30
2021-12-22T10:38:34-03:00	780	31	55	SCD30
2021-12-22T10:38:36-03:00	780	31	55	SCD30
2021-12-22T10:38:38-03:00	780	31	55	SCD30
2021-12-22T10:38:41-03:00	779	31	55	SCD30
2021-12-22T10:38:43-03:00	778	31	55	SCD30
2021-12-22T10:38:45-03:00	778	31	55	SCD30
2021-12-22T10:38:47-03:00	778	31	55	SCD30
2021-12-22T10:38:49-03:00	777	31	55	SCD30
2021-12-22T10:38:51-03:00	777	31	55	SCD30
2021-12-22T10:38:54-03:00	777	31	55	SCD30
2021-12-22T10:38:56-03:00	777	31	55	SCD30
2021-12-22T10:38:58-03:00	776	31	55	SCD30
2021-12-22T10:39:00-03:00	777	31	55	SCD30
2021-12-22T10:39:02-03:00	777	31	55	SCD30
2021-12-22T10:39:04-03:00	777	31	55	SCD30
2021-12-22T10:39:06-03:00	777	31	55	SCD30
2021-12-22T10:39:08-03:00	777	31	55	SCD30
2021-12-22T10:39:10-03:00	777	31	55	SCD30
2021-12-22T10:39:12-03:00	777	31	55	SCD30
2021-12-22T10:39:14-03:00	777	31	55	SCD30
2021-12-22T10:39:16-03:00	777	31	55	SCD30
2021-12-22T10:39:19-03:00	777	31	55	SCD30
2021-12-22T10:39:21-03:00	777	31	55	SCD30
2021-12-22T10:39:23-03:00	777	31	55	SCD30
2021-12-22T10:39:25-03:00	777	31	55	SCD30
2021-12-22T10:39:27-03:00	777	31	55	SCD30
2021-12-22T10:39:29-03:00	777	31	55	SCD30
2021-12-22T10:39:32-03:00	777	31	55	SCD30
2021-12-22T10:39:34-03:00	778	31	55	SCD30
2021-12-22T10:39:36-03:00	778	31	55	SCD30
2021-12-22T10:39:38-03:00	778	31	55	SCD30
2021-12-22T10:39:40-03:00	778	31	55	SCD30
2021-12-22T10:39:42-03:00	777	31	55	SCD30
2021-12-22T10:39:44-03:00	777	31	55	SCD30
2021-12-22T10:39:46-03:00	777	31	55	SCD30
2021-12-22T10:39:48-03:00	778	31	55	SCD30
2021-12-22T10:39:50-03:00	778	31	55	SCD30
2021-12-22T10:39:52-03:00	778	31	55	SCD30
2021-12-22T10:39:54-03:00	778	31	55	SCD30
2021-12-22T10:39:57-03:00	778	31	55	SCD30
2021-12-22T10:39:59-03:00	777	31	55	SCD30
2021-12-22T10:40:01-03:00	777	31	55	SCD30
2021-12-22T10:40:03-03:00	777	31	55	SCD30
2021-12-22T10:40:05-03:00	777	31	55	SCD30
2021-12-22T10:40:07-03:00	777	31	55	SCD30
2021-12-22T10:40:10-03:00	777	31	55	SCD30
2021-12-22T10:40:12-03:00	776	31	55	SCD30
2021-12-22T10:40:14-03:00	776	31	55	SCD30
2021-12-22T10:40:16-03:00	776	31	55	SCD30
2021-12-22T10:40:18-03:00	776	31	55	SCD30
2021-12-22T10:40:20-03:00	776	31	55	SCD30
2021-12-22T10:40:22-03:00	776	31	55	SCD30
2021-12-22T10:40:24-03:00	776	31	55	SCD30
2021-12-22T10:40:26-03:00	776	31	55	SCD30
2021-12-22T10:40:28-03:00	776	31	55	SCD30
2021-12-22T10:40:30-03:00	775	31	55	SCD30
2021-12-22T10:40:33-03:00	775	31	55	SCD30
2021-12-22T10:40:35-03:00	776	31	55	SCD30
2021-12-22T10:40:37-03:00	777	31	55	SCD30
2021-12-22T10:40:39-03:00	777	31	55	SCD30
2021-12-22T10:40:41-03:00	777	31	55	SCD30
2021-12-22T10:40:43-03:00	777	31	55	SCD30
2021-12-22T10:40:46-03:00	777	31	55	SCD30
2021-12-22T10:40:48-03:00	778	31	55	SCD30
2021-12-22T10:40:50-03:00	777	31	55	SCD30
2021-12-22T10:40:52-03:00	778	31	55	SCD30
2021-12-22T10:40:54-03:00	778	31	55	SCD30
2021-12-22T10:40:56-03:00	779	31	55	SCD30
2021-12-22T10:40:58-03:00	778	31	55	SCD30
2021-12-22T10:41:00-03:00	779	31	55	SCD30
2021-12-22T10:41:02-03:00	778	31	55	SCD30
2021-12-22T10:41:04-03:00	778	31	55	SCD30
2021-12-22T10:41:06-03:00	778	31	55	SCD30
2021-12-22T10:41:08-03:00	779	31	55	SCD30
2021-12-22T10:41:11-03:00	778	31	55	SCD30
2021-12-22T10:41:13-03:00	779	31	55	SCD30
2021-12-22T10:41:15-03:00	779	31	55	SCD30
2021-12-22T10:41:17-03:00	779	31	55	SCD30
2021-12-22T10:41:19-03:00	779	31	55	SCD30
2021-12-22T10:41:21-03:00	778	31	55	SCD30
2021-12-22T10:41:24-03:00	778	31	55	SCD30
2021-12-22T10:41:26-03:00	778	31	55	SCD30
2021-12-22T10:41:28-03:00	777	31	55	SCD30
2021-12-22T10:41:30-03:00	777	31	55	SCD30
2021-12-22T10:41:32-03:00	777	31	55	SCD30
2021-12-22T10:41:34-03:00	778	31	55	SCD30
2021-12-22T10:41:36-03:00	778	31	55	SCD30
2021-12-22T10:41:38-03:00	778	31	55	SCD30
2021-12-22T10:41:40-03:00	777	31	55	SCD30
2021-12-22T10:41:42-03:00	778	31	55	SCD30
2021-12-22T10:41:44-03:00	778	31	55	SCD30
2021-12-22T10:41:46-03:00	778	31	55	SCD30
2021-12-22T10:41:49-03:00	778	31	55	SCD30
2021-12-22T10:41:51-03:00	778	31	55	SCD30
2021-12-22T10:41:53-03:00	78	31	55	SCD30
2021-12-22T10:41:55-03:00	778	31	55	SCD30
2021-12-22T10:41:57-03:00	778	31	55	SCD30
2021-12-22T10:41:59-03:00	778	31	55	SCD30
2021-12-22T10:42:02-03:00	778	31	55	SCD30
2021-12-22T10:42:04-03:00	778	31	55	SCD30
2021-12-22T10:42:06-03:00	778	31	55	SCD30
2021-12-22T10:42:08-03:00	777	31	55	SCD30
2021-12-22T10:42:10-03:00	777	31	55	SCD30
2021-12-22T10:42:12-03:00	777	31	55	SCD30
2021-12-22T10:42:14-03:00	778	31	55	SCD30
2021-12-22T10:42:16-03:00	777	31	55	SCD30
2021-12-22T10:42:18-03:00	778	31	55	SCD30
2021-12-22T10:42:20-03:00	778	31	55	SCD30
2021-12-22T10:42:22-03:00	778	31	55	SCD30
2021-12-22T10:42:25-03:00	779	31	55	SCD30
2021-12-22T10:42:27-03:00	779	31	55	SCD30
2021-12-22T10:42:29-03:00	779	31	55	SCD30
2021-12-22T10:42:31-03:00	779	31	55	SCD30
2021-12-22T10:42:33-03:00	778	31	55	SCD30
2021-12-22T10:42:35-03:00	778	31	55	SCD30
2021-12-22T10:42:38-03:00	779	31	55	SCD30
2021-12-22T10:42:40-03:00	779	31	55	SCD30
2021-12-22T10:42:42-03:00	779	31	55	SCD30
2021-12-22T10:42:44-03:00	779	31	55	SCD30
2021-12-22T10:42:46-03:00	779	31	55	SCD30
2021-12-22T10:42:48-03:00	779	31	55	SCD30
2021-12-22T10:42:50-03:00	778	31	55	SCD30
2021-12-22T10:42:52-03:00	778	31	55	SCD30
2021-12-22T10:42:54-03:00	778	31	55	SCD30
2021-12-22T10:42:56-03:00	779	31	55	SCD30
2021-12-22T10:42:58-03:00	779	31	55	SCD30
2021-12-22T10:43:01-03:00	779	31	55	SCD30
2021-12-22T10:43:03-03:00	779	31	55	SCD30
2021-12-22T10:43:05-03:00	779	31	55	SCD30
2021-12-22T10:43:07-03:00	780	31	55	SCD30
2021-12-22T10:43:09-03:00	779	31	55	SCD30
2021-12-22T10:43:11-03:00	779	31	55	SCD30
2021-12-22T10:43:13-03:00	780	31	55	SCD30
2021-12-22T10:43:16-03:00	781	31	55	SCD30
2021-12-22T10:43:18-03:00	781	31	55	SCD30
2021-12-22T10:43:20-03:00	780	31	55	SCD30
2021-12-22T10:43:22-03:00	780	31	55	SCD30
2021-12-22T10:43:24-03:00	780	31	55	SCD30
2021-12-22T10:43:26-03:00	779	31	55	SCD30
2021-12-22T10:43:28-03:00	779	31	55	SCD30
2021-12-22T10:43:30-03:00	779	31	55	SCD30
2021-12-22T10:43:32-03:00	780	31	55	SCD30
2021-12-22T10:43:34-03:00	780	31	55	SCD30
2021-12-22T10:43:37-03:00	780	31	55	SCD30
2021-12-22T10:43:39-03:00	780	31	55	SCD30
2021-12-22T10:43:41-03:00	781	31	55	SCD30
2021-12-22T10:43:43-03:00	780	31	55	SCD30
2021-12-22T10:43:45-03:00	779	31	55	SCD30
2021-12-22T10:43:47-03:00	779	31	55	SCD30
2021-12-22T10:43:49-03:00	779	31	55	SCD30
2021-12-22T10:43:51-03:00	779	31	55	SCD30
2021-12-22T10:43:54-03:00	780	31	55	SCD30
2021-12-22T10:43:56-03:00	780	31	55	SCD30
2021-12-22T10:43:58-03:00	780	31	55	SCD30
2021-12-22T10:44:00-03:00	779	31	55	SCD30
2021-12-22T10:44:02-03:00	780	31	55	SCD30
2021-12-22T10:44:04-03:00	779	31	55	SCD30
2021-12-22T10:44:06-03:00	779	31	55	SCD30
2021-12-22T10:44:08-03:00	779	31	55	SCD30
2021-12-22T10:44:10-03:00	779	31	55	SCD30
2021-12-22T10:44:13-03:00	779	31	55	SCD30
2021-12-22T10:44:15-03:00	779	31	55	SCD30
2021-12-22T10:44:17-03:00	779	31	55	SCD30
2021-12-22T10:44:19-03:00	779	31	55	SCD30
2021-12-22T10:44:21-03:00	780	31	55	SCD30
2021-12-22T10:44:23-03:00	779	31	55	SCD30
2021-12-22T10:44:25-03:00	779	31	55	SCD30
2021-12-22T10:44:27-03:00	779	31	55	SCD30
2021-12-22T10:44:30-03:00	779	31	55	SCD30
2021-12-22T10:44:32-03:00	779	31	55	SCD30
2021-12-22T10:44:34-03:00	780	31	55	SCD30
2021-12-22T10:44:36-03:00	780	31	55	SCD30
2021-12-22T10:44:38-03:00	780	31	55	SCD30
2021-12-22T10:44:40-03:00	780	31	55	SCD30
2021-12-22T10:44:42-03:00	781	31	55	SCD30
2021-12-22T10:44:44-03:00	781	31	55	SCD30
2021-12-22T10:44:46-03:00	780	31	55	SCD30
2021-12-22T10:44:49-03:00	780	31	55	SCD30
2021-12-22T10:44:51-03:00	780	31	55	SCD30
2021-12-22T10:44:53-03:00	780	31	55	SCD30
2021-12-22T10:44:55-03:00	780	31	55	SCD30
2021-12-22T10:44:57-03:00	780	31	55	SCD30
2021-12-22T10:44:59-03:00	780	31	55	SCD30
2021-12-22T10:45:01-03:00	780	31	55	SCD30
2021-12-22T10:45:03-03:00	780	31	55	SCD30
2021-12-22T10:45:06-03:00	780	31	55	SCD30
2021-12-22T10:45:08-03:00	780	31	55	SCD30
2021-12-22T10:45:10-03:00	780	31	55	SCD30
2021-12-22T10:45:12-03:00	780	31	55	SCD30
2021-12-22T10:45:14-03:00	779	31	55	SCD30
2021-12-22T10:45:16-03:00	780	31	55	SCD30
2021-12-22T10:45:18-03:00	780	31	55	SCD30
2021-12-22T10:45:20-03:00	780	31	55	SCD30
2021-12-22T10:45:22-03:00	780	31	55	SCD30
2021-12-22T10:45:25-03:00	780	31	55	SCD30
2021-12-22T10:45:27-03:00	779	31	55	SCD30
2021-12-22T10:45:29-03:00	779	31	55	SCD30
2021-12-22T10:45:31-03:00	779	31	55	SCD30
2021-12-22T10:45:33-03:00	779	31	55	SCD30
2021-12-22T10:45:35-03:00	779	31	55	SCD30
2021-12-22T10:45:37-03:00	779	31	55	SCD30
2021-12-22T10:45:40-03:00	779	31	55	SCD30
2021-12-22T10:45:42-03:00	778	31	55	SCD30
2021-12-22T10:45:44-03:00	778	31	55	SCD30
2021-12-22T10:45:46-03:00	778	31	55	SCD30
2021-12-22T10:45:48-03:00	778	31	55	SCD30
2021-12-22T10:45:50-03:00	778	31	55	SCD30
2021-12-22T10:45:52-03:00	778	31	55	SCD30
2021-12-22T10:45:54-03:00	777	31	55	SCD30
2021-12-22T10:45:56-03:00	777	31	55	SCD30
2021-12-22T10:45:59-03:00	777	31	55	SCD30
2021-12-22T10:46:01-03:00	777	31	55	SCD30
2021-12-22T10:46:03-03:00	777	31	55	SCD30
2021-12-22T10:46:05-03:00	777	31	55	SCD30
2021-12-22T10:46:07-03:00	777	31	55	SCD30
2021-12-22T10:46:09-03:00	777	31	55	SCD30
2021-12-22T10:46:11-03:00	777	31	55	SCD30
2021-12-22T10:46:13-03:00	777	31	55	SCD30
2021-12-22T10:46:15-03:00	777	31	55	SCD30
2021-12-22T10:46:18-03:00	777	31	55	SCD30
2021-12-22T10:46:20-03:00	777	31	55	SCD30
2021-12-22T10:46:22-03:00	776	31	55	SCD30
2021-12-22T10:46:24-03:00	776	31	55	SCD30
2021-12-22T10:46:26-03:00	776	31	55	SCD30
2021-12-22T10:46:28-03:00	776	31	55	SCD30
2021-12-22T10:46:30-03:00	777	31	55	SCD30
2021-12-22T10:46:32-03:00	777	31	55	SCD30
2021-12-22T10:46:35-03:00	778	31	55	SCD30
2021-12-22T10:46:37-03:00	777	31	55	SCD30
2021-12-22T10:46:39-03:00	777	31	55	SCD30
2021-12-22T10:46:41-03:00	777	31	55	SCD30
2021-12-22T10:46:43-03:00	776	31	55	SCD30
2021-12-22T10:46:45-03:00	775	31	55	SCD30
2021-12-22T10:46:47-03:00	775	31	55	SCD30
2021-12-22T10:46:49-03:00	774	31	55	SCD30
2021-12-22T10:46:51-03:00	774	31	55	SCD30
2021-12-22T10:46:54-03:00	775	31	55	SCD30
2021-12-22T10:46:56-03:00	775	31	55	SCD30
2021-12-22T10:46:58-03:00	775	31	55	SCD30
2021-12-22T10:47:00-03:00	776	31	55	SCD30
2021-12-22T10:47:02-03:00	776	31	55	SCD30
2021-12-22T10:47:04-03:00	776	31	55	SCD30
2021-12-22T10:47:06-03:00	777	31	55	SCD30
2021-12-22T10:47:08-03:00	776	31	55	SCD30
2021-12-22T10:47:11-03:00	776	31	55	SCD30
2021-12-22T10:47:13-03:00	776	31	55	SCD30
2021-12-22T10:47:15-03:00	776	31	55	SCD30
2021-12-22T10:47:17-03:00	775	31	55	SCD30
2021-12-22T10:47:19-03:00	775	31	55	SCD30
2021-12-22T10:47:21-03:00	775	31	55	SCD30
2021-12-22T10:47:23-03:00	774	31	55	SCD30
2021-12-22T10:47:25-03:00	774	31	55	SCD30
2021-12-22T10:47:27-03:00	773	31	55	SCD30
2021-12-22T10:47:29-03:00	773	31	55	SCD30
2021-12-22T10:47:32-03:00	773	31	55	SCD30
2021-12-22T10:47:34-03:00	773	31	55	SCD30
2021-12-22T10:47:36-03:00	773	31	55	SCD30
2021-12-22T10:47:38-03:00	773	31	55	SCD30
2021-12-22T10:47:40-03:00	773	31	55	SCD30
2021-12-22T10:47:42-03:00	773	31	55	SCD30
2021-12-22T10:47:44-03:00	773	31	55	SCD30
2021-12-22T10:47:47-03:00	772	31	55	SCD30
2021-12-22T10:47:49-03:00	772	31	55	SCD30
2021-12-22T10:47:51-03:00	772	31	55	SCD30
2021-12-22T10:47:53-03:00	772	31	55	SCD30
2021-12-22T10:47:55-03:00	773	31	55	SCD30
2021-12-22T10:47:57-03:00	773	31	55	SCD30
2021-12-22T10:47:59-03:00	772	31	55	SCD30
2021-12-22T10:48:01-03:00	772	31	55	SCD30
2021-12-22T10:48:03-03:00	772	31	55	SCD30
2021-12-22T10:48:05-03:00	772	31	55	SCD30
2021-12-22T10:48:07-03:00	772	31	55	SCD30
2021-12-22T10:48:10-03:00	772	31	55	SCD30
2021-12-22T10:48:12-03:00	771	31	55	SCD30
2021-12-22T10:48:14-03:00	771	31	55	SCD30
2021-12-22T10:48:16-03:00	772	31	55	SCD30
2021-12-22T10:48:18-03:00	771	31	55	SCD30
2021-12-22T10:48:20-03:00	771	31	55	SCD30
2021-12-22T10:48:23-03:00	771	31	55	SCD30
2021-12-22T10:48:25-03:00	771	31	55	SCD30
2021-12-22T10:48:27-03:00	772	31	55	SCD30
2021-12-22T10:48:29-03:00	772	31	55	SCD30
2021-12-22T10:48:31-03:00	773	31	55	SCD30
2021-12-22T10:48:33-03:00	773	31	55	SCD30
2021-12-22T10:48:35-03:00	772	31	55	SCD30
2021-12-22T10:48:37-03:00	771	31	55	SCD30
2021-12-22T10:48:39-03:00	771	31	55	SCD30
2021-12-22T10:48:41-03:00	770	31	55	SCD30
2021-12-22T10:48:43-03:00	769	31	55	SCD30
2021-12-22T10:48:45-03:00	769	31	55	SCD30
2021-12-22T10:48:48-03:00	767	31	55	SCD30
2021-12-22T10:48:50-03:00	765	31	55	SCD30
2021-12-22T10:48:52-03:00	763	31	55	SCD30
2021-12-22T10:48:54-03:00	754	31	55	SCD30
2021-12-22T10:48:56-03:00	717	31	55	SCD30
2021-12-22T10:48:58-03:00	642	31	55	SCD30
2021-12-22T10:49:01-03:00	556	31	55	SCD30
2021-12-22T10:49:03-03:00	535	31	55	SCD30
2021-12-22T10:49:05-03:00	492	31	55	SCD30
2021-12-22T10:49:07-03:00	439	31	55	SCD30
2021-12-22T10:49:09-03:00	447	31	55	SCD30
2021-12-22T10:49:11-03:00	448	31	55	SCD30
2021-12-22T10:49:13-03:00	446	31	55	SCD30
2021-12-22T10:49:15-03:00	442	31	55	SCD30
2021-12-22T10:49:17-03:00	443	31	55	SCD30
2021-12-22T10:49:19-03:00	443	31	55	SCD30
2021-12-22T10:49:21-03:00	448	31	56	SCD30
2021-12-22T10:49:24-03:00	450	31	56	SCD30
2021-12-22T10:49:26-03:00	448	31	56	SCD30
2021-12-22T10:49:28-03:00	449	31	56	SCD30
2021-12-22T10:49:30-03:00	440	31	56	SCD30
2021-12-22T10:49:32-03:00	433	31	56	SCD30
2021-12-22T10:49:34-03:00	431	31	56	SCD30
2021-12-22T10:49:37-03:00	432	31	56	SCD30
2021-12-22T10:49:39-03:00	431	31	56	SCD30
2021-12-22T10:49:41-03:00	432	31	56	SCD30
2021-12-22T10:49:43-03:00	431	31	56	SCD30
2021-12-22T10:49:45-03:00	430	31	56	SCD30
2021-12-22T10:49:47-03:00	429	31	56	SCD30
2021-12-22T10:49:49-03:00	431	31	56	SCD30
2021-12-22T10:49:51-03:00	436	31	56	SCD30
2021-12-22T10:49:53-03:00	442	31	56	SCD30
2021-12-22T10:49:55-03:00	440	31	56	SCD30
2021-12-22T10:49:57-03:00	440	31	56	SCD30
2021-12-22T10:49:59-03:00	443	31	56	SCD30
2021-12-22T10:50:02-03:00	443	31	56	SCD30
2021-12-22T10:50:04-03:00	443	31	56	SCD30
2021-12-22T10:50:06-03:00	444	31	56	SCD30
2021-12-22T10:50:08-03:00	443	31	56	SCD30
2021-12-22T10:50:10-03:00	439	31	56	SCD30
2021-12-22T10:50:12-03:00	437	31	56	SCD30
2021-12-22T10:50:15-03:00	436	31	56	SCD30
2021-12-22T10:50:17-03:00	435	31	56	SCD30
2021-12-22T10:50:19-03:00	435	31	56	SCD30
2021-12-22T10:50:21-03:00	435	31	56	SCD30
2021-12-22T10:50:23-03:00	435	31	56	SCD30
2021-12-22T10:50:25-03:00	435	31	56	SCD30
2021-12-22T10:50:27-03:00	435	31	56	SCD30
2021-12-22T10:50:29-03:00	435	31	56	SCD30
2021-12-22T10:50:31-03:00	438	31	56	SCD30
2021-12-22T10:50:33-03:00	438	31	56	SCD30
2021-12-22T10:50:35-03:00	437	31	56	SCD30
2021-12-22T10:50:38-03:00	437	31	56	SCD30
2021-12-22T10:50:40-03:00	436	31	56	SCD30
2021-12-22T10:50:42-03:00	436	31	56	SCD30
2021-12-22T10:50:44-03:00	436	31	56	SCD30
2021-12-22T10:50:46-03:00	437	31	56	SCD30
2021-12-22T10:50:48-03:00	438	31	56	SCD30
2021-12-22T10:50:51-03:00	440	31	56	SCD30
2021-12-22T10:50:53-03:00	439	31	56	SCD30
2021-12-22T10:50:55-03:00	439	31	56	SCD30
2021-12-22T10:50:57-03:00	440	31	56	SCD30
2021-12-22T10:50:59-03:00	441	31	56	SCD30
2021-12-22T10:51:01-03:00	441	31	56	SCD30
2021-12-22T10:51:03-03:00	440	31	56	SCD30
2021-12-22T10:51:05-03:00	440	31	56	SCD30
2021-12-22T10:51:07-03:00	441	31	56	SCD30
2021-12-22T10:51:09-03:00	442	31	56	SCD30
2021-12-22T10:51:11-03:00	443	31	56	SCD30
2021-12-22T10:51:13-03:00	445	31	56	SCD30
2021-12-22T10:51:16-03:00	444	31	56	SCD30
2021-12-22T10:51:18-03:00	443	31	56	SCD30
2021-12-22T10:51:20-03:00	440	31	56	SCD30
2021-12-22T10:51:22-03:00	438	31	56	SCD30
2021-12-22T10:51:24-03:00	434	31	56	SCD30
2021-12-22T10:51:26-03:00	430	31	56	SCD30
2021-12-22T10:51:29-03:00	425	31	56	SCD30
2021-12-22T10:51:31-03:00	425	31	56	SCD30
2021-12-22T10:51:33-03:00	429	31	56	SCD30
2021-12-22T10:51:35-03:00	430	31	56	SCD30
2021-12-22T10:51:37-03:00	430	31	56	SCD30
2021-12-22T10:51:39-03:00	434	31	56	SCD30
2021-12-22T10:51:41-03:00	431	31	56	SCD30
2021-12-22T10:51:43-03:00	431	31	56	SCD30
2021-12-22T10:51:45-03:00	429	31	56	SCD30
2021-12-22T10:51:47-03:00	426	31	56	SCD30
2021-12-22T10:51:49-03:00	424	31	56	SCD30
2021-12-22T10:51:51-03:00	425	31	56	SCD30
2021-12-22T10:51:54-03:00	425	31	56	SCD30
2021-12-22T10:51:56-03:00	427	31	56	SCD30
2021-12-22T10:51:58-03:00	427	31	56	SCD30
2021-12-22T10:52:00-03:00	427	31	56	SCD30
2021-12-22T10:52:02-03:00	428	31	56	SCD30
2021-12-22T10:52:05-03:00	426	31	56	SCD30
2021-12-22T10:52:07-03:00	424	31	56	SCD30
2021-12-22T10:52:09-03:00	424	31	56	SCD30
2021-12-22T10:52:11-03:00	424	31	56	SCD30
2021-12-22T10:52:13-03:00	423	31	56	SCD30
2021-12-22T10:52:15-03:00	424	31	56	SCD30
2021-12-22T10:52:17-03:00	424	31	56	SCD30
2021-12-22T10:52:19-03:00	425	31	56	SCD30
2021-12-22T10:52:21-03:00	424	31	56	SCD30
2021-12-22T10:52:23-03:00	426	31	56	SCD30
2021-12-22T10:52:25-03:00	427	31	56	SCD30
2021-12-22T10:52:27-03:00	425	31	56	SCD30
2021-12-22T10:52:30-03:00	420	31	56	SCD30
2021-12-22T10:52:32-03:00	415	31	56	SCD30
2021-12-22T10:52:34-03:00	411	31	56	SCD30
2021-12-22T10:52:36-03:00	406	31	56	SCD30
2021-12-22T10:52:38-03:00	403	31	57	SCD30
2021-12-22T10:52:40-03:00	398	31	57	SCD30
2021-12-22T10:52:43-03:00	392	31	57	SCD30
2021-12-22T10:52:45-03:00	388	31	57	SCD30
2021-12-22T10:52:47-03:00	391	31	57	SCD30
2021-12-22T10:52:49-03:00	389	31	56	SCD30
2021-12-22T10:52:51-03:00	386	31	56	SCD30
2021-12-22T10:52:53-03:00	387	31	56	SCD30
2021-12-22T10:52:55-03:00	389	31	57	SCD30
2021-12-22T10:52:57-03:00	390	31	57	SCD30
2021-12-22T10:52:59-03:00	392	31	57	SCD30
2021-12-22T10:53:01-03:00	395	31	57	SCD30
2021-12-22T10:53:03-03:00	399	31	57	SCD30
2021-12-22T10:53:06-03:00	400	31	57	SCD30
2021-12-22T10:53:08-03:00	404	31	57	SCD30
2021-12-22T10:53:10-03:00	405	31	57	SCD30
2021-12-22T10:53:12-03:00	407	31	57	SCD30
2021-12-22T10:53:14-03:00	409	31	57	SCD30
2021-12-22T10:53:16-03:00	411	31	57	SCD30
2021-12-22T10:53:19-03:00	412	31	57	SCD30
2021-12-22T10:53:21-03:00	413	31	57	SCD30
2021-12-22T10:53:23-03:00	414	31	57	SCD30
2021-12-22T10:53:25-03:00	415	31	57	SCD30
2021-12-22T10:53:27-03:00	416	31	57	SCD30
2021-12-22T10:53:29-03:00	417	31	57	SCD30
2021-12-22T10:53:31-03:00	417	31	57	SCD30
2021-12-22T10:53:33-03:00	418	31	57	SCD30
2021-12-22T10:53:35-03:00	418	31	57	SCD30
2021-12-22T10:53:37-03:00	419	31	57	SCD30
2021-12-22T10:53:40-03:00	417	31	57	SCD30
2021-12-22T10:53:42-03:00	417	31	57	SCD30
2021-12-22T10:53:44-03:00	416	31	57	SCD30
2021-12-22T10:53:46-03:00	415	31	57	SCD30
2021-12-22T10:53:48-03:00	415	31	57	SCD30
2021-12-22T10:53:50-03:00	416	31	57	SCD30
2021-12-22T10:53:52-03:00	416	31	57	SCD30
2021-12-22T10:53:54-03:00	417	31	57	SCD30
2021-12-22T10:53:57-03:00	417	31	58	SCD30
2021-12-22T10:53:59-03:00	416	31	58	SCD30
2021-12-22T10:54:01-03:00	417	31	58	SCD30
2021-12-22T10:54:03-03:00	418	31	58	SCD30
2021-12-22T10:54:05-03:00	418	30	58	SCD30
2021-12-22T10:54:07-03:00	419	30	58	SCD30
2021-12-22T10:54:09-03:00	419	30	58	SCD30
2021-12-22T10:54:11-03:00	418	30	58	SCD30
2021-12-22T10:54:13-03:00	419	30	58	SCD30
2021-12-22T10:54:15-03:00	419	30	58	SCD30
2021-12-22T10:54:18-03:00	419	30	58	SCD30
2021-12-22T10:54:20-03:00	417	30	58	SCD30
2021-12-22T10:54:22-03:00	418	30	58	SCD30
2021-12-22T10:54:24-03:00	417	30	58	SCD30
2021-12-22T10:54:26-03:00	418	30	58	SCD30
2021-12-22T10:54:28-03:00	419	30	58	SCD30
2021-12-22T10:54:30-03:00	420	30	58	SCD30
2021-12-22T10:54:32-03:00	421	30	58	SCD30
2021-12-22T10:54:35-03:00	421	30	58	SCD30
2021-12-22T10:54:37-03:00	420	30	58	SCD30
2021-12-22T10:54:39-03:00	421	30	58	SCD30
2021-12-22T10:54:41-03:00	421	30	58	SCD30
2021-12-22T10:54:43-03:00	421	30	58	SCD30
2021-12-22T10:54:45-03:00	423	30	59	SCD30
2021-12-22T10:54:47-03:00	430	30	59	SCD30
2021-12-22T10:54:49-03:00	439	30	59	SCD30
2021-12-22T10:54:52-03:00	457	30	59	SCD30
2021-12-22T10:54:54-03:00	508	30	59	SCD30
2021-12-22T10:54:56-03:00	633	30	59	SCD30
2021-12-22T10:54:58-03:00	761	30	59	SCD30
2021-12-22T10:55:00-03:00	741	30	59	SCD30
2021-12-22T10:55:02-03:00	713	30	59	SCD30
2021-12-22T10:55:04-03:00	700	30	59	SCD30
2021-12-22T10:55:06-03:00	698	30	59	SCD30
2021-12-22T10:55:08-03:00	683	30	59	SCD30
2021-12-22T10:55:10-03:00	677	30	59	SCD30
2021-12-22T10:55:13-03:00	660	30	58	SCD30
2021-12-22T10:55:15-03:00	643	30	59	SCD30
2021-12-22T10:55:17-03:00	628	30	58	SCD30
2021-12-22T10:55:19-03:00	593	30	59	SCD30
2021-12-22T10:55:21-03:00	529	30	58	SCD30
2021-12-22T10:55:23-03:00	469	30	58	SCD30
2021-12-22T10:55:25-03:00	500	30	58	SCD30
2021-12-22T10:55:28-03:00	14	30	58	SCD30
2021-12-22T10:55:30-03:00	509	30	58	SCD30
2021-12-22T10:55:32-03:00	511	30	58	SCD30
2021-12-22T10:55:34-03:00	505	30	58	SCD30
2021-12-22T10:55:36-03:00	497	30	58	SCD30
2021-12-22T10:55:38-03:00	491	30	58	SCD30
2021-12-22T10:55:40-03:00	486	31	58	SCD30
2021-12-22T10:55:42-03:00	481	31	58	SCD30
2021-12-22T10:55:44-03:00	477	31	58	SCD30
2021-12-22T10:55:46-03:00	477	31	58	SCD30
2021-12-22T10:55:48-03:00	478	31	58	SCD30
2021-12-22T10:55:51-03:00	478	31	58	SCD30
2021-12-22T10:55:53-03:00	476	31	58	SCD30
2021-12-22T10:55:55-03:00	473	31	58	SCD30
2021-12-22T10:55:57-03:00	471	31	58	SCD30
2021-12-22T10:55:59-03:00	470	31	58	SCD30
2021-12-22T10:56:01-03:00	470	31	58	SCD30
2021-12-22T10:56:04-03:00	469	31	58	SCD30
2021-12-22T10:56:06-03:00	467	31	58	SCD30
2021-12-22T10:56:08-03:00	468	31	58	SCD30
2021-12-22T10:56:10-03:00	468	31	58	SCD30
2021-12-22T10:56:12-03:00	467	31	58	SCD30
2021-12-22T10:56:14-03:00	470	31	58	SCD30
2021-12-22T10:56:16-03:00	470	31	58	SCD30
2021-12-22T10:56:18-03:00	468	31	58	SCD30
2021-12-22T10:56:20-03:00	467	31	58	SCD30
2021-12-22T10:56:22-03:00	468	31	58	SCD30
2021-12-22T10:56:24-03:00	467	31	58	SCD30
2021-12-22T10:56:27-03:00	467	30	58	SCD30
2021-12-22T10:56:29-03:00	464	30	58	SCD30
2021-12-22T10:56:31-03:00	461	30	58	SCD30
2021-12-22T10:56:33-03:00	458	31	58	SCD30
2021-12-22T10:56:35-03:00	458	31	58	SCD30
2021-12-22T10:56:37-03:00	456	31	58	SCD30
2021-12-22T10:56:40-03:00	457	31	58	SCD30
2021-12-22T10:56:42-03:00	457	31	58	SCD30
2021-12-22T10:56:44-03:00	453	30	58	SCD30
2021-12-22T10:56:46-03:00	454	30	58	SCD30
2021-12-22T10:56:48-03:00	455	30	58	SCD30
2021-12-22T10:56:50-03:00	456	30	58	SCD30
2021-12-22T10:56:52-03:00	454	30	58	SCD30
2021-12-22T10:56:54-03:00	451	30	58	SCD30
2021-12-22T10:56:56-03:00	449	30	58	SCD30
2021-12-22T10:56:58-03:00	447	30	58	SCD30
2021-12-22T10:57:00-03:00	442	30	58	SCD30
2021-12-22T10:57:03-03:00	434	30	58	SCD30
2021-12-22T10:57:05-03:00	434	30	58	SCD30
2021-12-22T10:57:07-03:00	434	30	58	SCD30
2021-12-22T10:57:09-03:00	439	30	58	SCD30
2021-12-22T10:57:11-03:00	441	30	58	SCD30
2021-12-22T10:57:13-03:00	438	30	58	SCD30
2021-12-22T10:57:16-03:00	435	30	58	SCD30
2021-12-22T10:57:18-03:00	432	30	58	SCD30
2021-12-22T10:57:20-03:00	429	30	58	SCD30
2021-12-22T10:57:22-03:00	424	30	58	SCD30
2021-12-22T10:57:24-03:00	425	30	58	SCD30
2021-12-22T10:57:26-03:00	423	30	58	SCD30
2021-12-22T10:57:28-03:00	422	30	58	SCD30
2021-12-22T10:57:30-03:00	422	30	58	SCD30
2021-12-22T10:57:32-03:00	423	30	58	SCD30
2021-12-22T10:57:34-03:00	423	30	58	SCD30
2021-12-22T10:57:36-03:00	424	30	58	SCD30
2021-12-22T10:57:39-03:00	424	30	58	SCD30
2021-12-22T10:57:41-03:00	424	30	58	SCD30
2021-12-22T10:57:43-03:00	426	30	58	SCD30
2021-12-22T10:57:45-03:00	425	31	58	SCD30
2021-12-22T10:57:47-03:00	427	31	58	SCD30
2021-12-22T10:57:49-03:00	427	31	58	SCD30
2021-12-22T10:57:52-03:00	428	30	58	SCD30
2021-12-22T10:57:54-03:00	431	30	58	SCD30
2021-12-22T10:57:56-03:00	433	30	58	SCD30
2021-12-22T10:57:58-03:00	431	30	58	SCD30
2021-12-22T10:58:00-03:00	433	30	58	SCD30
2021-12-22T10:58:02-03:00	436	30	58	SCD30
2021-12-22T10:58:04-03:00	437	30	58	SCD30
2021-12-22T10:58:06-03:00	436	30	58	SCD30
2021-12-22T10:58:08-03:00	429	30	58	SCD30
2021-12-22T10:58:10-03:00	428	30	58	SCD30
2021-12-22T10:58:12-03:00	426	30	58	SCD30
2021-12-22T10:58:15-03:00	427	30	58	SCD30
2021-12-22T10:58:17-03:00	425	31	58	SCD30
2021-12-22T10:58:19-03:00	422	31	58	SCD30
2021-12-22T10:58:21-03:00	422	31	58	SCD30
2021-12-22T10:58:23-03:00	425	31	57	SCD30
2021-12-22T10:58:25-03:00	426	31	57	SCD30
2021-12-22T10:58:28-03:00	429	31	57	SCD30
2021-12-22T10:58:30-03:00	431	31	57	SCD30
2021-12-22T10:58:32-03:00	431	31	57	SCD30
2021-12-22T10:58:34-03:00	432	31	57	SCD30
2021-12-22T10:58:36-03:00	433	31	57	SCD30
2021-12-22T10:58:38-03:00	434	31	57	SCD30
2021-12-22T10:58:40-03:00	434	31	57	SCD30
2021-12-22T10:58:42-03:00	432	31	57	SCD30
2021-12-22T10:58:44-03:00	433	31	57	SCD30
2021-12-22T10:58:46-03:00	434	31	57	SCD30
2021-12-22T10:58:48-03:00	434	31	57	SCD30
2021-12-22T10:58:50-03:00	434	31	57	SCD30
2021-12-22T10:58:53-03:00	434	31	57	SCD30
2021-12-22T10:58:55-03:00	433	31	57	SCD30
2021-12-22T10:58:57-03:00	432	31	57	SCD30
2021-12-22T10:58:59-03:00	432	31	57	SCD30
2021-12-22T10:59:01-03:00	432	31	57	SCD30
2021-12-22T10:59:03-03:00	432	31	57	SCD30
2021-12-22T10:59:06-03:00	432	31	57	SCD30
2021-12-22T10:59:08-03:00	432	31	57	SCD30
2021-12-22T10:59:10-03:00	432	31	57	SCD30
2021-12-22T10:59:12-03:00	433	31	57	SCD30
2021-12-22T10:59:14-03:00	433	31	57	SCD30
2021-12-22T10:59:16-03:00	434	31	57	SCD30
2021-12-22T10:59:18-03:00	434	31	57	SCD30
2021-12-22T10:59:20-03:00	434	31	57	SCD30
2021-12-22T10:59:22-03:00	435	31	57	SCD30
2021-12-22T10:59:24-03:00	435	31	57	SCD30
2021-12-22T10:59:26-03:00	435	31	57	SCD30
2021-12-22T10:59:28-03:00	435	31	57	SCD30
2021-12-22T10:59:31-03:00	434	31	57	SCD30
2021-12-22T10:59:33-03:00	434	31	57	SCD30
2021-12-22T10:59:35-03:00	434	31	57	SCD30
2021-12-22T10:59:37-03:00	433	31	57	SCD30
2021-12-22T10:59:39-03:00	433	31	57	SCD30
2021-12-22T10:59:41-03:00	433	31	57	SCD30
2021-12-22T10:59:44-03:00	433	31	57	SCD30
2021-12-22T10:59:46-03:00	432	31	57	SCD30
2021-12-22T10:59:48-03:00	432	31	57	SCD30
2021-12-22T10:59:50-03:00	432	31	56	SCD30
2021-12-22T10:59:52-03:00	432	31	56	SCD30
2021-12-22T10:59:54-03:00	432	31	56	SCD30
2021-12-22T10:59:56-03:00	432	31	56	SCD30
2021-12-22T10:59:58-03:00	432	31	56	SCD30
2021-12-22T11:00:00-03:00	431	31	56	SCD30
2021-12-22T11:00:02-03:00	431	31	56	SCD30
2021-12-22T11:00:04-03:00	431	31	56	SCD30
2021-12-22T11:00:06-03:00	432	31	56	SCD30
2021-12-22T11:00:09-03:00	432	31	56	SCD30
2021-12-22T11:00:11-03:00	432	31	56	SCD30
2021-12-22T11:00:13-03:00	432	31	56	SCD30
2021-12-22T11:00:15-03:00	432	31	56	SCD30
2021-12-22T11:00:17-03:00	432	31	56	SCD30
2021-12-22T11:00:20-03:00	432	31	56	SCD30
2021-12-22T11:00:22-03:00	432	31	56	SCD30
2021-12-22T11:00:24-03:00	432	31	56	SCD30
2021-12-22T11:00:26-03:00	432	31	56	SCD30
2021-12-22T11:00:28-03:00	432	31	56	SCD30
2021-12-22T11:00:30-03:00	432	31	56	SCD30
2021-12-22T11:00:32-03:00	432	31	56	SCD30
2021-12-22T11:00:34-03:00	432	31	56	SCD30
2021-12-22T11:00:36-03:00	433	31	56	SCD30
2021-12-22T11:00:38-03:00	433	31	56	SCD30
2021-12-22T11:00:40-03:00	433	31	56	SCD30
2021-12-22T11:00:42-03:00	434	31	56	SCD30
2021-12-22T11:00:45-03:00	434	31	56	SCD30
2021-12-22T11:00:47-03:00	434	31	56	SCD30
2021-12-22T11:00:49-03:00	434	31	56	SCD30
2021-12-22T11:00:51-03:00	434	31	56	SCD30
2021-12-22T11:00:53-03:00	434	31	56	SCD30
2021-12-22T11:00:55-03:00	434	31	56	SCD30
2021-12-22T11:00:58-03:00	434	31	56	SCD30
2021-12-22T11:01:00-03:00	434	31	56	SCD30
2021-12-22T11:01:02-03:00	434	31	56	SCD30
2021-12-22T11:01:04-03:00	434	31	56	SCD30
2021-12-22T11:01:06-03:00	434	31	56	SCD30
2021-12-22T11:01:08-03:00	434	31	56	SCD30
2021-12-22T11:01:10-03:00	434	31	56	SCD30
2021-12-22T11:01:12-03:00	434	31	56	SCD30
2021-12-22T11:01:14-03:00	434	31	56	SCD30
2021-12-22T11:01:16-03:00	434	31	56	SCD30
2021-12-22T11:01:18-03:00	434	31	56	SCD30
2021-12-22T11:01:20-03:00	434	31	56	SCD30
2021-12-22T11:01:23-03:00	433	31	56	SCD30
2021-12-22T11:01:25-03:00	433	31	56	SCD30
2021-12-22T11:01:27-03:00	433	31	56	SCD30
2021-12-22T11:01:29-03:00	434	31	56	SCD30
2021-12-22T11:01:31-03:00	433	31	56	SCD30
2021-12-22T11:01:33-03:00	433	31	56	SCD30
2021-12-22T11:01:36-03:00	434	31	56	SCD30
2021-12-22T11:01:38-03:00	434	31	56	SCD30
2021-12-22T11:01:40-03:00	434	31	56	SCD30
2021-12-22T11:01:42-03:00	434	31	56	SCD30
2021-12-22T11:01:44-03:00	434	31	56	SCD30
2021-12-22T11:01:46-03:00	434	31	56	SCD30
2021-12-22T11:01:48-03:00	434	31	56	SCD30
2021-12-22T11:01:50-03:00	434	31	56	SCD30
2021-12-22T11:01:52-03:00	434	31	56	SCD30
2021-12-22T11:01:54-03:00	435	31	56	SCD30
2021-12-22T11:01:56-03:00	435	31	56	SCD30
2021-12-22T11:01:59-03:00	435	31	56	SCD30
2021-12-22T11:02:01-03:00	435	31	56	SCD30
2021-12-22T11:02:03-03:00	435	31	56	SCD30
2021-12-22T11:02:05-03:00	436	31	56	SCD30
2021-12-22T11:02:07-03:00	436	31	56	SCD30
2021-12-22T11:02:09-03:00	436	31	56	SCD30
2021-12-22T11:02:11-03:00	435	31	56	SCD30
2021-12-22T11:02:14-03:00	436	31	56	SCD30
2021-12-22T11:02:16-03:00	436	31	56	SCD30
2021-12-22T11:02:18-03:00	436	31	56	SCD30
2021-12-22T11:02:20-03:00	435	31	56	SCD30
2021-12-22T11:02:22-03:00	435	31	56	SCD30
2021-12-22T11:02:24-03:00	435	31	56	SCD30
2021-12-22T11:02:26-03:00	435	31	56	SCD30
2021-12-22T11:02:28-03:00	435	31	56	SCD30
2021-12-22T11:02:30-03:00	435	31	56	SCD30
2021-12-22T11:02:32-03:00	435	31	56	SCD30
2021-12-22T11:02:35-03:00	435	31	56	SCD30
2021-12-22T11:02:37-03:00	435	31	56	SCD30
2021-12-22T11:02:39-03:00	436	31	56	SCD30
2021-12-22T11:02:41-03:00	435	31	56	SCD30
2021-12-22T11:02:43-03:00	435	31	56	SCD30
2021-12-22T11:02:45-03:00	435	31	56	SCD30
2021-12-22T11:02:47-03:00	436	31	56	SCD30
2021-12-22T11:02:50-03:00	436	31	56	SCD30
2021-12-22T11:02:52-03:00	437	31	56	SCD30
2021-12-22T11:02:54-03:00	436	31	56	SCD30
2021-12-22T11:02:56-03:00	436	31	56	SCD30
2021-12-22T11:02:58-03:00	436	31	56	SCD30
2021-12-22T11:03:00-03:00	436	31	56	SCD30
2021-12-22T11:03:02-03:00	436	31	56	SCD30
2021-12-22T11:03:04-03:00	435	31	56	SCD30
2021-12-22T11:03:06-03:00	435	31	56	SCD30
2021-12-22T11:03:09-03:00	435	31	56	SCD30
2021-12-22T11:03:11-03:00	435	31	56	SCD30
2021-12-22T11:03:13-03:00	435	31	56	SCD30
2021-12-22T11:03:15-03:00	435	31	56	SCD30
2021-12-22T11:03:17-03:00	436	31	56	SCD30
2021-12-22T11:03:19-03:00	436	31	56	SCD30
2021-12-22T11:03:21-03:00	437	31	56	SCD30
2021-12-22T11:03:23-03:00	437	31	56	SCD30
2021-12-22T11:03:25-03:00	438	31	56	SCD30
2021-12-22T11:03:28-03:00	440	32	56	SCD30
2021-12-22T11:03:30-03:00	442	32	56	SCD30
2021-12-22T11:03:32-03:00	452	31	56	SCD30
2021-12-22T11:03:34-03:00	486	32	56	SCD30
2021-12-22T11:03:36-03:00	590	32	56	SCD30
2021-12-22T11:03:38-03:00	727	32	56	SCD30
2021-12-22T11:03:40-03:00	788	32	56	SCD30
2021-12-22T11:03:42-03:00	850	32	56	SCD30
2021-12-22T11:03:45-03:00	938	32	56	SCD30
2021-12-22T11:03:47-03:00	1125	32	56	SCD30
2021-12-22T11:03:49-03:00	1260	32	56	SCD30
2021-12-22T11:03:51-03:00	1452	32	56	SCD30
2021-12-22T11:03:53-03:00	1605	32	56	SCD30
2021-12-22T11:03:55-03:00	1802	32	56	SCD30
2021-12-22T11:03:57-03:00	1915	32	56	SCD30
2021-12-22T11:03:59-03:00	1963	32	56	SCD30
2021-12-22T11:04:01-03:00	2003	32	56	SCD30
2021-12-22T11:04:03-03:00	2064	32	56	SCD30
2021-12-22T11:04:06-03:00	2141	32	56	SCD30
2021-12-22T11:04:08-03:00	2224	32	56	SCD30
2021-12-22T11:04:10-03:00	2247	32	56	SCD30
2021-12-22T11:04:12-03:00	2201	31	56	SCD30
2021-12-22T11:04:14-03:00	2180	31	56	SCD30
2021-12-22T11:04:16-03:00	2167	31	56	SCD30
2021-12-22T11:04:18-03:00	2155	31	56	SCD30
2021-12-22T11:04:21-03:00	2143	31	56	SCD30
2021-12-22T11:04:23-03:00	2129	31	56	SCD30
2021-12-22T11:04:25-03:00	2102	31	56	SCD30
2021-12-22T11:04:27-03:00	2078	31	56	SCD30
2021-12-22T11:04:29-03:00	2038	31	56	SCD30
2021-12-22T11:04:31-03:00	1975	31	56	SCD30
2021-12-22T11:04:33-03:00	1817	31	56	SCD30
2021-12-22T11:04:35-03:00	1677	31	56	SCD30
2021-12-22T11:04:37-03:00	1648	31	56	SCD30
2021-12-22T11:04:39-03:00	1622	31	56	SCD30
2021-12-22T11:04:41-03:00	1607	31	56	SCD30
2021-12-22T11:04:44-03:00	1580	31	56	SCD30
2021-12-22T11:04:46-03:00	1575	31	56	SCD30
2021-12-22T11:04:48-03:00	1557	31	56	SCD30
2021-12-22T11:04:50-03:00	1545	31	56	SCD30
2021-12-22T11:04:52-03:00	1530	31	56	SCD30
2021-12-22T11:04:54-03:00	1527	31	56	SCD30
2021-12-22T11:04:57-03:00	1517	31	56	SCD30
2021-12-22T11:04:59-03:00	1503	31	56	SCD30
2021-12-22T11:05:01-03:00	1500	31	56	SCD30
2021-12-22T11:05:03-03:00	1495	31	56	SCD30
2021-12-22T11:05:05-03:00	1490	32	56	SCD30
2021-12-22T11:05:07-03:00	1487	32	56	SCD30
2021-12-22T11:05:09-03:00	1481	32	56	SCD30
2021-12-22T11:05:11-03:00	1472	32	56	SCD30
2021-12-22T11:05:13-03:00	1467	32	56	SCD30
2021-12-22T11:05:15-03:00	1457	32	56	SCD30
2021-12-22T11:05:17-03:00	1448	32	56	SCD30
2021-12-22T11:05:19-03:00	1428	32	56	SCD30
2021-12-22T11:05:22-03:00	1402	32	56	SCD30
2021-12-22T11:05:24-03:00	1359	32	56	SCD30
2021-12-22T11:05:26-03:00	1338	32	56	SCD30
2021-12-22T11:05:28-03:00	1328	32	56	SCD30
2021-12-22T11:05:30-03:00	1333	32	56	SCD30
2021-12-22T11:05:32-03:00	1331	32	56	SCD30
2021-12-22T11:05:35-03:00	1332	32	56	SCD30
2021-12-22T11:05:37-03:00	1329	32	56	SCD30
2021-12-22T11:05:39-03:00	1334	32	56	SCD30
2021-12-22T11:05:41-03:00	1335	32	56	SCD30
2021-12-22T11:05:43-03:00	1337	32	56	SCD30
2021-12-22T11:05:45-03:00	1340	32	56	SCD30
2021-12-22T11:05:47-03:00	1339	32	56	SCD30
2021-12-22T11:05:49-03:00	1340	32	56	SCD30
2021-12-22T11:05:51-03:00	1339	32	56	SCD30
2021-12-22T11:05:53-03:00	1337	32	56	SCD30
2021-12-22T11:05:55-03:00	1335	32	56	SCD30
2021-12-22T11:05:57-03:00	1338	32	56	SCD30
2021-12-22T11:06:00-03:00	1338	32	56	SCD30
2021-12-22T11:06:02-03:00	1339	32	56	SCD30
2021-12-22T11:06:04-03:00	1339	32	56	SCD30
2021-12-22T11:06:06-03:00	1340	32	56	SCD30
2021-12-22T11:06:08-03:00	1341	32	55	SCD30
2021-12-22T11:06:10-03:00	1338	32	55	SCD30
2021-12-22T11:06:13-03:00	1341	32	55	SCD30
2021-12-22T11:06:15-03:00	1340	32	55	SCD30
2021-12-22T11:06:17-03:00	1342	32	55	SCD30
2021-12-22T11:06:19-03:00	1342	32	55	SCD30
2021-12-22T11:06:21-03:00	1344	32	55	SCD30
2021-12-22T11:06:23-03:00	1343	32	55	SCD30
2021-12-22T11:06:25-03:00	1342	32	55	SCD30
2021-12-22T11:06:27-03:00	1342	32	55	SCD30
2021-12-22T11:06:29-03:00	1342	32	55	SCD30
2021-12-22T11:06:31-03:00	1342	32	55	SCD30
2021-12-22T11:06:33-03:00	1341	32	55	SCD30
2021-12-22T11:06:35-03:00	1340	32	55	SCD30
2021-12-22T11:06:38-03:00	1340	32	55	SCD30
2021-12-22T11:06:40-03:00	1339	32	55	SCD30
2021-12-22T11:06:42-03:00	1337	32	55	SCD30
2021-12-22T11:06:44-03:00	1336	32	55	SCD30
2021-12-22T11:06:46-03:00	1337	32	55	SCD30
2021-12-22T11:06:48-03:00	1336	32	55	SCD30
2021-12-22T11:06:51-03:00	1337	32	55	SCD30
2021-12-22T11:06:53-03:00	1337	32	55	SCD30
2021-12-22T11:06:55-03:00	1337	32	55	SCD30
2021-12-22T11:06:57-03:00	1337	32	55	SCD30
2021-12-22T11:06:59-03:00	1337	32	55	SCD30
2021-12-22T11:07:01-03:00	1337	32	55	SCD30
2021-12-22T11:07:03-03:00	1337	32	55	SCD30
2021-12-22T11:07:05-03:00	1337	32	55	SCD30
2021-12-22T11:07:07-03:00	1338	32	55	SCD30
2021-12-22T11:07:09-03:00	1337	32	55	SCD30
2021-12-22T11:07:11-03:00	1336	32	55	SCD30
2021-12-22T11:07:13-03:00	1335	32	55	SCD30
2021-12-22T11:07:16-03:00	1334	32	55	SCD30
2021-12-22T11:07:18-03:00	1334	32	55	SCD30
2021-12-22T11:07:20-03:00	1334	32	55	SCD30
2021-12-22T11:07:22-03:00	1334	32	55	SCD30
2021-12-22T11:07:24-03:00	1334	32	55	SCD30
2021-12-22T11:07:26-03:00	1334	32	55	SCD30
2021-12-22T11:07:29-03:00	1333	32	55	SCD30
2021-12-22T11:07:31-03:00	1333	32	55	SCD30
2021-12-22T11:07:33-03:00	1333	32	55	SCD30
2021-12-22T11:07:35-03:00	1333	32	55	SCD30
2021-12-22T11:07:37-03:00	1333	32	55	SCD30
2021-12-22T11:07:39-03:00	1333	32	55	SCD30
2021-12-22T11:07:41-03:00	1333	32	55	SCD30
2021-12-22T11:07:43-03:00	1332	32	55	SCD30
2021-12-22T11:07:45-03:00	1332	32	55	SCD30
2021-12-22T11:07:47-03:00	1333	32	55	SCD30
2021-12-22T11:07:49-03:00	1332	32	55	SCD30
2021-12-22T11:07:52-03:00	1331	32	55	SCD30
2021-12-22T11:07:54-03:00	1331	32	55	SCD30
2021-12-22T11:07:56-03:00	1332	32	55	SCD30
2021-12-22T11:07:58-03:00	1332	32	55	SCD30
2021-12-22T11:08:00-03:00	1332	32	55	SCD30
2021-12-22T11:08:02-03:00	1331	32	55	SCD30
2021-12-22T11:08:04-03:00	1331	32	55	SCD30
2021-12-22T11:08:07-03:00	1331	32	55	SCD30
2021-12-22T11:08:09-03:00	1331	32	55	SCD30
2021-12-22T11:08:11-03:00	1331	32	55	SCD30
2021-12-22T11:08:13-03:00	1331	32	55	SCD30
2021-12-22T11:08:15-03:00	1331	32	55	SCD30
2021-12-22T11:08:17-03:00	1331	32	55	SCD30
2021-12-22T11:08:19-03:00	1331	32	55	SCD30
2021-12-22T11:08:21-03:00	1330	32	55	SCD30
2021-12-22T11:08:23-03:00	1331	32	55	SCD30
2021-12-22T11:08:25-03:00	1330	32	55	SCD30
2021-12-22T11:08:28-03:00	1330	32	55	SCD30
2021-12-22T11:08:30-03:00	1331	32	55	SCD30
2021-12-22T11:08:32-03:00	1331	32	55	SCD30
2021-12-22T11:08:34-03:00	1331	32	55	SCD30
2021-12-22T11:08:36-03:00	1331	32	55	SCD30
2021-12-22T11:08:38-03:00	1330	32	55	SCD30
2021-12-22T11:08:40-03:00	1330	32	55	SCD30
2021-12-22T11:08:43-03:00	1330	32	55	SCD30
2021-12-22T11:08:45-03:00	1329	32	55	SCD30
2021-12-22T11:08:47-03:00	1329	32	55	SCD30
2021-12-22T11:08:49-03:00	1329	32	55	SCD30
2021-12-22T11:08:51-03:00	1329	32	55	SCD30
2021-12-22T11:08:53-03:00	1329	32	55	SCD30
2021-12-22T11:08:55-03:00	1329	32	55	SCD30
2021-12-22T11:08:57-03:00	1329	32	55	SCD30
2021-12-22T11:08:59-03:00	1328	32	55	SCD30
2021-12-22T11:09:01-03:00	1328	32	55	SCD30
2021-12-22T11:09:04-03:00	1328	32	55	SCD30
2021-12-22T11:09:06-03:00	1328	32	55	SCD30
2021-12-22T11:09:08-03:00	1328	32	55	SCD30
2021-12-22T11:09:10-03:00	1328	32	55	SCD30
2021-12-22T11:09:12-03:00	1328	32	55	SCD30
2021-12-22T11:09:14-03:00	1329	32	55	SCD30
2021-12-22T11:09:16-03:00	1329	32	55	SCD30
2021-12-22T11:09:18-03:00	1328	32	55	SCD30
2021-12-22T11:09:20-03:00	1329	32	55	SCD30
2021-12-22T11:09:23-03:00	1329	32	55	SCD30
2021-12-22T11:09:25-03:00	1328	32	55	SCD30
2021-12-22T11:09:27-03:00	1328	32	55	SCD30
2021-12-22T11:09:29-03:00	1327	32	55	SCD30
2021-12-22T11:09:31-03:00	1327	32	55	SCD30
2021-12-22T11:09:33-03:00	1326	32	55	SCD30
2021-12-22T11:09:35-03:00	1326	32	55	SCD30
2021-12-22T11:09:37-03:00	1326	32	55	SCD30
2021-12-22T11:09:40-03:00	1326	32	55	SCD30
2021-12-22T11:09:42-03:00	1325	32	55	SCD30
2021-12-22T11:09:44-03:00	1325	32	55	SCD30
2021-12-22T11:09:46-03:00	1325	32	55	SCD30
2021-12-22T11:09:48-03:00	1325	32	55	SCD30
2021-12-22T11:09:50-03:00	1325	32	55	SCD30
2021-12-22T11:09:52-03:00	1326	32	55	SCD30
2021-12-22T11:09:54-03:00	1326	32	55	SCD30
2021-12-22T11:09:56-03:00	1325	32	55	SCD30
2021-12-22T11:09:59-03:00	1325	32	55	SCD30
2021-12-22T11:10:01-03:00	1325	32	55	SCD30
2021-12-22T11:10:03-03:00	1325	32	55	SCD30
2021-12-22T11:10:05-03:00	1325	32	55	SCD30
2021-12-22T11:10:07-03:00	1326	32	55	SCD30
2021-12-22T11:10:09-03:00	1326	32	55	SCD30
2021-12-22T11:10:11-03:00	1327	32	55	SCD30
2021-12-22T11:10:14-03:00	1327	32	55	SCD30
2021-12-22T11:10:16-03:00	1327	32	55	SCD30
2021-12-22T11:10:18-03:00	1328	32	55	SCD30
2021-12-22T11:10:20-03:00	1328	32	55	SCD30
2021-12-22T11:10:22-03:00	1327	32	55	SCD30
2021-12-22T11:10:24-03:00	1327	32	55	SCD30
2021-12-22T11:10:26-03:00	1327	32	55	SCD30
2021-12-22T11:10:28-03:00	1327	32	55	SCD30
2021-12-22T11:10:30-03:00	1327	32	55	SCD30
2021-12-22T11:10:32-03:00	1327	32	55	SCD30
2021-12-22T11:10:34-03:00	1327	32	55	SCD30
2021-12-22T11:10:37-03:00	1327	32	55	SCD30
2021-12-22T11:10:39-03:00	1327	32	55	SCD30
2021-12-22T11:10:41-03:00	1327	32	55	SCD30
2021-12-22T11:10:43-03:00	1326	32	55	SCD30
2021-12-22T11:10:45-03:00	1326	32	55	SCD30
2021-12-22T11:10:47-03:00	1326	32	55	SCD30
2021-12-22T11:10:50-03:00	1325	32	55	SCD30
2021-12-22T11:10:52-03:00	1325	32	55	SCD30
2021-12-22T11:10:54-03:00	1325	32	55	SCD30
2021-12-22T11:10:56-03:00	1326	32	55	SCD30
2021-12-22T11:10:58-03:00	1326	32	55	SCD30
2021-12-22T11:11:00-03:00	1326	32	55	SCD30
2021-12-22T11:11:02-03:00	1325	32	55	SCD30
2021-12-22T11:11:04-03:00	1325	32	55	SCD30
2021-12-22T11:11:06-03:00	1325	32	55	SCD30
2021-12-22T11:11:08-03:00	1325	32	55	SCD30
2021-12-22T11:11:10-03:00	1325	32	55	SCD30
2021-12-22T11:11:12-03:00	1325	32	55	SCD30
2021-12-22T11:11:15-03:00	1325	32	55	SCD30
2021-12-22T11:11:17-03:00	1325	32	55	SCD30
2021-12-22T11:11:19-03:00	1325	32	55	SCD30
2021-12-22T11:11:21-03:00	1324	32	55	SCD30
2021-12-22T11:11:23-03:00	1324	32	55	SCD30
2021-12-22T11:11:25-03:00	1324	32	55	SCD30
2021-12-22T11:11:28-03:00	1325	32	55	SCD30
2021-12-22T11:11:30-03:00	1325	32	55	SCD30
2021-12-22T11:11:32-03:00	1325	32	55	SCD30
2021-12-22T11:11:34-03:00	1325	32	55	SCD30
2021-12-22T11:11:36-03:00	1325	32	55	SCD30
2021-12-22T11:11:38-03:00	1325	32	55	SCD30
2021-12-22T11:11:40-03:00	1324	32	55	SCD30
2021-12-22T11:11:42-03:00	1325	32	55	SCD30
2021-12-22T11:11:44-03:00	1325	32	55	SCD30
2021-12-22T11:11:46-03:00	1325	32	55	SCD30
2021-12-22T11:11:48-03:00	1325	32	55	SCD30
2021-12-22T11:11:50-03:00	1325	32	55	SCD30
2021-12-22T11:11:53-03:00	1325	32	55	SCD30
2021-12-22T11:11:55-03:00	1325	32	55	SCD30
2021-12-22T11:11:57-03:00	1325	32	55	SCD30
2021-12-22T11:11:59-03:00	1325	32	55	SCD30
2021-12-22T11:12:01-03:00	1324	32	55	SCD30
2021-12-22T11:12:03-03:00	1324	32	55	SCD30
2021-12-22T11:12:06-03:00	1323	32	55	SCD30
2021-12-22T11:12:08-03:00	1323	32	55	SCD30
2021-12-22T11:12:10-03:00	1323	32	55	SCD30
2021-12-22T11:12:12-03:00	1323	32	55	SCD30
2021-12-22T11:12:14-03:00	1322	32	55	SCD30
2021-12-22T11:12:16-03:00	1322	32	55	SCD30
2021-12-22T11:12:18-03:00	1322	32	55	SCD30
2021-12-22T11:12:20-03:00	1322	32	55	SCD30
2021-12-22T11:12:22-03:00	1321	32	55	SCD30
2021-12-22T11:12:24-03:00	1322	32	55	SCD30
2021-12-22T11:12:26-03:00	1322	32	55	SCD30
2021-12-22T11:12:28-03:00	1322	32	55	SCD30
2021-12-22T11:12:31-03:00	1323	32	55	SCD30
2021-12-22T11:12:33-03:00	1323	32	55	SCD30
2021-12-22T11:12:35-03:00	1322	32	55	SCD30
2021-12-22T11:12:37-03:00	1322	32	55	SCD30
2021-12-22T11:12:39-03:00	1322	32	55	SCD30
2021-12-22T11:12:41-03:00	1323	32	55	SCD30
2021-12-22T11:12:44-03:00	1323	32	55	SCD30
2021-12-22T11:12:46-03:00	1323	32	55	SCD30
2021-12-22T11:12:48-03:00	1322	32	55	SCD30
2021-12-22T11:12:50-03:00	1321	32	55	SCD30
2021-12-22T11:12:52-03:00	1321	32	55	SCD30
2021-12-22T11:12:54-03:00	1321	32	55	SCD30
2021-12-22T11:12:56-03:00	1320	32	55	SCD30
2021-12-22T11:12:58-03:00	1320	32	55	SCD30
2021-12-22T11:13:00-03:00	1319	32	55	SCD30
2021-12-22T11:13:02-03:00	1319	32	55	SCD30
2021-12-22T11:13:04-03:00	1319	32	55	SCD30
2021-12-22T11:13:06-03:00	1319	32	55	SCD30
2021-12-22T11:13:09-03:00	1319	32	55	SCD30
2021-12-22T11:13:11-03:00	1318	32	55	SCD30
2021-12-22T11:13:13-03:00	1318	32	55	SCD30
2021-12-22T11:13:15-03:00	1319	32	55	SCD30
2021-12-22T11:13:17-03:00	1318	32	55	SCD30
2021-12-22T11:13:19-03:00	1318	32	55	SCD30
2021-12-22T11:13:22-03:00	1318	32	55	SCD30
2021-12-22T11:13:24-03:00	1317	32	55	SCD30
2021-12-22T11:13:26-03:00	1318	32	55	SCD30
2021-12-22T11:13:28-03:00	1318	32	55	SCD30
2021-12-22T11:13:30-03:00	1318	32	55	SCD30
2021-12-22T11:13:32-03:00	1318	32	55	SCD30
2021-12-22T11:13:34-03:00	1319	32	55	SCD30
2021-12-22T11:13:36-03:00	1319	32	55	SCD30
2021-12-22T11:13:38-03:00	1319	32	55	SCD30
2021-12-22T11:13:40-03:00	1320	32	55	SCD30
2021-12-22T11:13:42-03:00	1320	32	55	SCD30
2021-12-22T11:13:44-03:00	1320	32	55	SCD30
2021-12-22T11:13:47-03:00	1319	32	55	SCD30
2021-12-22T11:13:49-03:00	1320	32	55	SCD30
2021-12-22T11:13:51-03:00	1319	32	55	SCD30
2021-12-22T11:13:53-03:00	1319	32	55	SCD30
2021-12-22T11:13:55-03:00	1319	32	55	SCD30
2021-12-22T11:13:57-03:00	1319	32	55	SCD30
2021-12-22T11:14:00-03:00	1318	32	55	SCD30
2021-12-22T11:14:02-03:00	1318	32	55	SCD30
2021-12-22T11:14:04-03:00	1317	32	55	SCD30
2021-12-22T11:14:06-03:00	1317	32	55	SCD30
2021-12-22T11:14:08-03:00	1317	32	55	SCD30
2021-12-22T11:14:10-03:00	1317	32	55	SCD30
2021-12-22T11:14:12-03:00	1317	32	55	SCD30
2021-12-22T11:14:14-03:00	1317	32	55	SCD30
2021-12-22T11:14:16-03:00	1316	32	55	SCD30
2021-12-22T11:14:18-03:00	1316	32	55	SCD30
2021-12-22T11:14:20-03:00	1317	32	55	SCD30
2021-12-22T11:14:23-03:00	1317	32	55	SCD30
2021-12-22T11:14:25-03:00	1317	32	55	SCD30
2021-12-22T11:14:27-03:00	1317	32	55	SCD30
2021-12-22T11:14:29-03:00	1317	32	55	SCD30
2021-12-22T11:14:31-03:00	1318	32	55	SCD30
2021-12-22T11:14:33-03:00	1318	32	55	SCD30
2021-12-22T11:14:35-03:00	1318	32	55	SCD30
2021-12-22T11:14:38-03:00	1318	32	55	SCD30
2021-12-22T11:14:40-03:00	1317	32	55	SCD30
2021-12-22T11:14:42-03:00	1318	32	55	SCD30
2021-12-22T11:14:44-03:00	1317	32	55	SCD30
2021-12-22T11:14:46-03:00	1317	32	55	SCD30
2021-12-22T11:14:48-03:00	1317	32	55	SCD30
2021-12-22T11:14:50-03:00	1317	32	55	SCD30
2021-12-22T11:14:52-03:00	1316	32	55	SCD30
2021-12-22T11:14:54-03:00	1317	32	55	SCD30
2021-12-22T11:14:56-03:00	1317	32	55	SCD30
2021-12-22T11:14:59-03:00	1316	32	55	SCD30
2021-12-22T11:15:01-03:00	1316	32	55	SCD30
2021-12-22T11:15:03-03:00	1317	32	55	SCD30
2021-12-22T11:15:05-03:00	1316	32	55	SCD30
2021-12-22T11:15:07-03:00	1316	32	55	SCD30
2021-12-22T11:15:09-03:00	1316	32	55	SCD30
2021-12-22T11:15:11-03:00	1316	32	55	SCD30
2021-12-22T11:15:13-03:00	1315	32	55	SCD30
2021-12-22T11:15:16-03:00	1316	32	55	SCD30
2021-12-22T11:15:18-03:00	1316	32	55	SCD30
2021-12-22T11:15:20-03:00	1316	32	55	SCD30
2021-12-22T11:15:22-03:00	1316	32	55	SCD30
2021-12-22T11:15:24-03:00	1315	32	55	SCD30
2021-12-22T11:15:26-03:00	1315	32	55	SCD30
2021-12-22T11:15:28-03:00	1315	32	55	SCD30
2021-12-22T11:15:30-03:00	1315	32	55	SCD30
2021-12-22T11:15:32-03:00	1315	32	55	SCD30
2021-12-22T11:15:35-03:00	1314	32	55	SCD30
2021-12-22T11:15:37-03:00	1313	32	55	SCD30
2021-12-22T11:15:39-03:00	1314	32	55	SCD30
2021-12-22T11:15:41-03:00	1313	32	55	SCD30
2021-12-22T11:15:43-03:00	1313	32	55	SCD30
2021-12-22T11:15:45-03:00	1313	32	55	SCD30
2021-12-22T11:15:47-03:00	1313	32	55	SCD30
2021-12-22T11:15:49-03:00	1313	32	55	SCD30
2021-12-22T11:15:51-03:00	1314	32	55	SCD30
2021-12-22T11:15:54-03:00	1315	32	55	SCD30
2021-12-22T11:15:56-03:00	1314	32	55	SCD30
2021-12-22T11:15:58-03:00	1314	32	55	SCD30
2021-12-22T11:16:00-03:00	1315	32	55	SCD30
2021-12-22T11:16:02-03:00	1315	32	55	SCD30
2021-12-22T11:16:04-03:00	1314	32	55	SCD30
2021-12-22T11:16:06-03:00	1314	32	55	SCD30
2021-12-22T11:16:08-03:00	1313	32	55	SCD30
2021-12-22T11:16:11-03:00	1314	32	55	SCD30
2021-12-22T11:16:13-03:00	1313	32	55	SCD30
2021-12-22T11:16:15-03:00	1313	32	55	SCD30
2021-12-22T11:16:17-03:00	1313	32	55	SCD30
2021-12-22T11:16:19-03:00	1312	32	55	SCD30
2021-12-22T11:16:21-03:00	1312	32	55	SCD30
2021-12-22T11:16:23-03:00	1313	32	55	SCD30
2021-12-22T11:16:25-03:00	1312	32	55	SCD30
2021-12-22T11:16:27-03:00	1312	32	55	SCD30
2021-12-22T11:16:29-03:00	1312	32	55	SCD30
2021-12-22T11:16:32-03:00	1312	32	55	SCD30
2021-12-22T11:16:34-03:00	1312	32	55	SCD30
2021-12-22T11:16:36-03:00	1312	32	55	SCD30
2021-12-22T11:16:38-03:00	1312	32	55	SCD30
2021-12-22T11:16:40-03:00	1311	32	55	SCD30
2021-12-22T11:16:42-03:00	1311	32	55	SCD30
2021-12-22T11:16:45-03:00	1311	32	55	SCD30
2021-12-22T11:16:47-03:00	1311	32	55	SCD30
2021-12-22T11:16:49-03:00	1311	32	55	SCD30
2021-12-22T11:16:51-03:00	1311	32	55	SCD30
2021-12-22T11:16:53-03:00	1312	32	55	SCD30
2021-12-22T11:16:55-03:00	1312	32	55	SCD30
2021-12-22T11:16:57-03:00	1312	32	55	SCD30
2021-12-22T11:16:59-03:00	1311	32	55	SCD30
2021-12-22T11:17:01-03:00	1311	32	55	SCD30
2021-12-22T11:17:03-03:00	1311	32	55	SCD30
2021-12-22T11:17:05-03:00	1312	32	55	SCD30
2021-12-22T11:17:07-03:00	1312	32	55	SCD30
2021-12-22T11:17:10-03:00	1312	32	55	SCD30
2021-12-22T11:17:12-03:00	1311	32	55	SCD30
2021-12-22T11:17:14-03:00	1311	32	55	SCD30
2021-12-22T11:17:16-03:00	1311	32	55	SCD30
2021-12-22T11:17:18-03:00	1311	32	55	SCD30
2021-12-22T11:17:20-03:00	1311	32	55	SCD30
2021-12-22T11:17:23-03:00	1310	32	55	SCD30
2021-12-22T11:17:25-03:00	1311	32	55	SCD30
2021-12-22T11:17:27-03:00	1310	32	55	SCD30
2021-12-22T11:17:29-03:00	1310	32	55	SCD30
2021-12-22T11:17:31-03:00	1309	32	55	SCD30
2021-12-22T11:17:33-03:00	1308	32	55	SCD30
2021-12-22T11:17:35-03:00	1308	32	55	SCD30
2021-12-22T11:17:37-03:00	1307	32	55	SCD30
2021-12-22T11:17:39-03:00	1307	32	55	SCD30
2021-12-22T11:17:41-03:00	1308	32	55	SCD30
2021-12-22T11:17:43-03:00	1307	32	55	SCD30
2021-12-22T11:17:45-03:00	1308	32	55	SCD30
2021-12-22T11:17:48-03:00	1307	32	55	SCD30
2021-12-22T11:17:50-03:00	1308	32	55	SCD30
2021-12-22T11:17:52-03:00	1308	32	55	SCD30
2021-12-22T11:17:54-03:00	1308	32	55	SCD30
2021-12-22T11:17:56-03:00	1307	32	55	SCD30
2021-12-22T11:17:58-03:00	1307	32	55	SCD30
2021-12-22T11:18:01-03:00	1307	32	55	SCD30
2021-12-22T11:18:03-03:00	1307	32	55	SCD30
2021-12-22T11:18:05-03:00	1307	32	55	SCD30
2021-12-22T11:18:07-03:00	1307	32	55	SCD30
2021-12-22T11:18:09-03:00	1308	32	55	SCD30
2021-12-22T11:18:11-03:00	1308	32	55	SCD30
2021-12-22T11:18:13-03:00	1308	32	55	SCD30
2021-12-22T11:18:15-03:00	1308	32	55	SCD30
2021-12-22T11:18:17-03:00	1307	32	55	SCD30
2021-12-22T11:18:19-03:00	1307	32	55	SCD30
2021-12-22T11:18:21-03:00	1308	32	55	SCD30
2021-12-22T11:18:23-03:00	1307	32	55	SCD30
2021-12-22T11:18:26-03:00	1307	32	55	SCD30
2021-12-22T11:18:28-03:00	1306	32	55	SCD30
2021-12-22T11:18:30-03:00	1306	32	55	SCD30
2021-12-22T11:18:32-03:00	1306	32	55	SCD30
2021-12-22T11:18:34-03:00	1305	32	55	SCD30
2021-12-22T11:18:36-03:00	1305	32	55	SCD30
2021-12-22T11:18:39-03:00	1305	32	55	SCD30
2021-12-22T11:18:41-03:00	1305	32	55	SCD30
2021-12-22T11:18:43-03:00	1305	32	55	SCD30
2021-12-22T11:18:45-03:00	1305	32	55	SCD30
2021-12-22T11:18:47-03:00	1305	32	55	SCD30
2021-12-22T11:18:49-03:00	1305	32	55	SCD30
2021-12-22T11:18:51-03:00	1305	32	55	SCD30
2021-12-22T11:18:53-03:00	1304	32	55	SCD30
2021-12-22T11:18:55-03:00	1304	32	55	SCD30
2021-12-22T11:18:57-03:00	1304	32	55	SCD30
2021-12-22T11:18:59-03:00	1304	32	55	SCD30
2021-12-22T11:19:01-03:00	1304	32	55	SCD30
2021-12-22T11:19:03-03:00	1304	32	55	SCD30
2021-12-22T11:19:06-03:00	1302	32	55	SCD30
2021-12-22T11:19:08-03:00	1303	32	55	SCD30
2021-12-22T11:19:10-03:00	1302	32	55	SCD30
2021-12-22T11:19:12-03:00	1302	32	55	SCD30
2021-12-22T11:19:14-03:00	1302	32	55	SCD30
2021-12-22T11:19:16-03:00	1302	32	55	SCD30
2021-12-22T11:19:19-03:00	1303	32	55	SCD30
2021-12-22T11:19:21-03:00	1302	32	55	SCD30
2021-12-22T11:19:23-03:00	1302	32	55	SCD30
2021-12-22T11:19:25-03:00	1302	32	55	SCD30
2021-12-22T11:19:27-03:00	1301	32	55	SCD30
2021-12-22T11:19:29-03:00	1301	32	55	SCD30
2021-12-22T11:19:31-03:00	1301	32	55	SCD30
2021-12-22T11:19:33-03:00	1302	32	55	SCD30
2021-12-22T11:19:35-03:00	1302	32	55	SCD30
2021-12-22T11:19:37-03:00	1302	32	55	SCD30
2021-12-22T11:19:39-03:00	1302	32	55	SCD30
2021-12-22T11:19:41-03:00	1303	32	55	SCD30
2021-12-22T11:19:44-03:00	1303	32	55	SCD30
2021-12-22T11:19:46-03:00	1303	32	55	SCD30
2021-12-22T11:19:48-03:00	1303	32	55	SCD30
2021-12-22T11:19:50-03:00	1302	32	55	SCD30
2021-12-22T11:19:52-03:00	1303	32	55	SCD30
2021-12-22T11:19:54-03:00	1303	32	55	SCD30
2021-12-22T11:19:57-03:00	1303	32	55	SCD30
2021-12-22T11:19:59-03:00	1304	32	55	SCD30
2021-12-22T11:20:01-03:00	1304	32	55	SCD30
2021-12-22T11:20:03-03:00	1305	32	55	SCD30
2021-12-22T11:20:05-03:00	1304	32	55	SCD30
2021-12-22T11:20:07-03:00	1304	32	55	SCD30
2021-12-22T11:20:09-03:00	1305	32	55	SCD30
2021-12-22T11:20:11-03:00	1305	32	55	SCD30
2021-12-22T11:20:13-03:00	1305	32	55	SCD30
2021-12-22T11:20:15-03:00	1305	32	55	SCD30
2021-12-22T11:20:18-03:00	1305	32	55	SCD30
2021-12-22T11:20:20-03:00	1305	32	55	SCD30
2021-12-22T11:20:22-03:00	1304	32	55	SCD30
2021-12-22T11:20:24-03:00	1304	32	55	SCD30
2021-12-22T11:20:26-03:00	1304	32	55	SCD30
2021-12-22T11:20:28-03:00	1304	32	55	SCD30
2021-12-22T11:20:30-03:00	1304	32	55	SCD30
2021-12-22T11:20:33-03:00	1304	32	55	SCD30
2021-12-22T11:20:35-03:00	1304	32	55	SCD30
2021-12-22T11:20:37-03:00	1305	32	55	SCD30
2021-12-22T11:20:39-03:00	1304	32	55	SCD30
2021-12-22T11:20:41-03:00	1304	32	55	SCD30
2021-12-22T11:20:43-03:00	1304	32	55	SCD30
2021-12-22T11:20:45-03:00	1304	32	55	SCD30
2021-12-22T11:20:47-03:00	1304	32	55	SCD30
2021-12-22T11:20:49-03:00	1304	32	55	SCD30
2021-12-22T11:20:51-03:00	1304	32	55	SCD30
2021-12-22T11:20:54-03:00	1304	32	55	SCD30
2021-12-22T11:20:56-03:00	1303	32	55	SCD30
2021-12-22T11:20:58-03:00	1303	32	55	SCD30
2021-12-22T11:21:00-03:00	1303	32	55	SCD30
2021-12-22T11:21:02-03:00	1303	32	55	SCD30
2021-12-22T11:21:04-03:00	1304	32	55	SCD30
2021-12-22T11:21:06-03:00	1303	32	55	SCD30
2021-12-22T11:21:08-03:00	1303	32	55	SCD30
2021-12-22T11:21:11-03:00	1303	32	55	SCD30
2021-12-22T11:21:13-03:00	1304	32	55	SCD30
2021-12-22T11:21:15-03:00	1303	32	55	SCD30
2021-12-22T11:21:17-03:00	1303	32	55	SCD30
2021-12-22T11:21:19-03:00	1303	32	55	SCD30
2021-12-22T11:21:21-03:00	1302	32	55	SCD30
2021-12-22T11:21:23-03:00	1302	32	55	SCD30
2021-12-22T11:21:25-03:00	1302	32	55	SCD30
2021-12-22T11:21:27-03:00	1301	32	55	SCD30
2021-12-22T11:21:30-03:00	1302	32	55	SCD30
2021-12-22T11:21:32-03:00	1301	32	55	SCD30
2021-12-22T11:21:34-03:00	1301	32	55	SCD30
2021-12-22T11:21:36-03:00	1301	32	55	SCD30
2021-12-22T11:21:38-03:00	1301	32	55	SCD30
2021-12-22T11:21:40-03:00	1301	32	55	SCD30
2021-12-22T11:21:42-03:00	1300	32	55	SCD30
2021-12-22T11:21:44-03:00	1300	32	55	SCD30
2021-12-22T11:21:46-03:00	1301	32	55	SCD30
2021-12-22T11:21:49-03:00	1301	32	55	SCD30
2021-12-22T11:21:51-03:00	1300	32	55	SCD30
2021-12-22T11:21:53-03:00	1301	32	55	SCD30
2021-12-22T11:21:55-03:00	1300	32	55	SCD30
2021-12-22T11:21:57-03:00	1300	32	55	SCD30
2021-12-22T11:21:59-03:00	1301	32	55	SCD30
2021-12-22T11:22:01-03:00	1300	32	55	SCD30
2021-12-22T11:22:03-03:00	1300	32	55	SCD30
2021-12-22T11:22:06-03:00	1300	32	55	SCD30
2021-12-22T11:22:08-03:00	1300	32	55	SCD30
2021-12-22T11:22:10-03:00	1300	32	55	SCD30
2021-12-22T11:22:12-03:00	1300	32	55	SCD30
2021-12-22T11:22:14-03:00	1300	32	55	SCD30
2021-12-22T11:22:16-03:00	1300	32	55	SCD30
2021-12-22T11:22:18-03:00	1300	32	55	SCD30
2021-12-22T11:22:20-03:00	1300	32	55	SCD30
2021-12-22T11:22:22-03:00	1300	32	55	SCD30
2021-12-22T11:22:24-03:00	1300	32	55	SCD30
2021-12-22T11:22:27-03:00	1300	32	55	SCD30
2021-12-22T11:22:29-03:00	1300	32	55	SCD30
2021-12-22T11:22:31-03:00	1300	32	55	SCD30
2021-12-22T11:22:33-03:00	1301	32	55	SCD30
2021-12-22T11:22:35-03:00	1301	32	55	SCD30
2021-12-22T11:22:37-03:00	1301	32	55	SCD30
2021-12-22T11:22:40-03:00	1301	32	55	SCD30
2021-12-22T11:22:42-03:00	1300	32	55	SCD30
2021-12-22T11:22:44-03:00	1300	32	55	SCD30
2021-12-22T11:22:46-03:00	1300	32	55	SCD30
2021-12-22T11:22:48-03:00	1300	32	55	SCD30
2021-12-22T11:22:50-03:00	1300	32	55	SCD30
2021-12-22T11:22:52-03:00	1300	32	55	SCD30
2021-12-22T11:22:54-03:00	1300	32	55	SCD30
2021-12-22T11:22:56-03:00	1300	32	55	SCD30
2021-12-22T11:22:58-03:00	1301	32	55	SCD30
2021-12-22T11:23:00-03:00	1300	32	55	SCD30
2021-12-22T11:23:02-03:00	1301	32	55	SCD30
2021-12-22T11:23:04-03:00	1300	32	55	SCD30
2021-12-22T11:23:07-03:00	1300	32	55	SCD30
2021-12-22T11:23:09-03:00	1300	32	55	SCD30
2021-12-22T11:23:11-03:00	1300	32	55	SCD30
2021-12-22T11:23:13-03:00	1300	32	55	SCD30
2021-12-22T11:23:15-03:00	1300	32	55	SCD30
2021-12-22T11:23:17-03:00	1297	32	55	SCD30
2021-12-22T11:23:20-03:00	1291	32	55	SCD30
2021-12-22T11:23:22-03:00	1284	32	55	SCD30
2021-12-22T11:23:24-03:00	1265	32	55	SCD30
2021-12-22T11:23:26-03:00	1195	32	55	SCD30
2021-12-22T11:23:28-03:00	1016	32	55	SCD30
2021-12-22T11:23:30-03:00	834	32	55	SCD30
2021-12-22T11:23:32-03:00	847	32	55	SCD30
2021-12-22T11:23:34-03:00	835	32	55	SCD30
2021-12-22T11:23:36-03:00	780	31	55	SCD30
2021-12-22T11:23:38-03:00	748	31	55	SCD30
2021-12-22T11:23:40-03:00	676	31	56	SCD30
2021-12-22T11:23:42-03:00	538	31	56	SCD30
2021-12-22T11:23:45-03:00	482	31	56	SCD30
2021-12-22T11:23:47-03:00	445	31	56	SCD30
2021-12-22T11:23:49-03:00	440	31	56	SCD30
2021-12-22T11:23:51-03:00	434	31	56	SCD30
2021-12-22T11:23:53-03:00	438	31	56	SCD30
2021-12-22T11:23:55-03:00	441	31	56	SCD30
2021-12-22T11:23:58-03:00	441	31	56	SCD30
2021-12-22T11:24:00-03:00	439	31	56	SCD30
2021-12-22T11:24:02-03:00	447	31	56	SCD30
2021-12-22T11:24:04-03:00	452	31	56	SCD30
2021-12-22T11:24:06-03:00	451	31	56	SCD30
2021-12-22T11:24:08-03:00	448	31	56	SCD30
2021-12-22T11:24:10-03:00	451	31	56	SCD30
2021-12-22T11:24:12-03:00	450	31	55	SCD30
2021-12-22T11:24:14-03:00	449	31	56	SCD30
2021-12-22T11:24:16-03:00	449	31	56	SCD30
2021-12-22T11:24:18-03:00	454	31	56	SCD30
2021-12-22T11:24:20-03:00	456	31	55	SCD30
2021-12-22T11:24:23-03:00	458	31	56	SCD30
2021-12-22T11:24:25-03:00	457	31	56	SCD30
2021-12-22T11:24:27-03:00	454	31	56	SCD30
2021-12-22T11:24:29-03:00	452	31	56	SCD30
2021-12-22T11:24:31-03:00	454	31	56	SCD30
2021-12-22T11:24:33-03:00	453	31	56	SCD30
2021-12-22T11:24:36-03:00	449	31	56	SCD30
2021-12-22T11:24:38-03:00	448	31	56	SCD30
2021-12-22T11:24:40-03:00	446	31	56	SCD30
2021-12-22T11:24:42-03:00	442	31	56	SCD30
2021-12-22T11:24:44-03:00	440	31	56	SCD30
2021-12-22T11:24:46-03:00	442	31	56	SCD30
2021-12-22T11:24:48-03:00	440	31	56	SCD30
2021-12-22T11:24:50-03:00	437	31	56	SCD30
2021-12-22T11:24:52-03:00	435	31	56	SCD30
2021-12-22T11:24:54-03:00	435	31	56	SCD30
2021-12-22T11:24:56-03:00	440	31	56	SCD30
2021-12-22T11:24:59-03:00	444	31	56	SCD30
2021-12-22T11:25:01-03:00	444	31	56	SCD30
2021-12-22T11:25:03-03:00	444	31	56	SCD30
2021-12-22T11:25:05-03:00	444	31	57	SCD30
2021-12-22T11:25:07-03:00	444	31	57	SCD30
2021-12-22T11:25:09-03:00	441	31	57	SCD30
2021-12-22T11:25:12-03:00	439	31	57	SCD30
2021-12-22T11:25:14-03:00	437	31	57	SCD30
2021-12-22T11:25:16-03:00	434	31	57	SCD30
2021-12-22T11:25:18-03:00	430	31	57	SCD30
2021-12-22T11:25:20-03:00	427	31	57	SCD30
2021-12-22T11:25:22-03:00	428	31	57	SCD30
2021-12-22T11:25:24-03:00	428	31	57	SCD30
2021-12-22T11:25:26-03:00	427	31	57	SCD30
2021-12-22T11:25:28-03:00	427	31	57	SCD30
2021-12-22T11:25:30-03:00	430	31	57	SCD30
2021-12-22T11:25:32-03:00	434	31	57	SCD30
2021-12-22T11:25:34-03:00	435	31	57	SCD30
2021-12-22T11:25:37-03:00	437	31	57	SCD30
2021-12-22T11:25:39-03:00	440	31	57	SCD30
2021-12-22T11:25:41-03:00	441	31	57	SCD30
2021-12-22T11:25:43-03:00	441	31	57	SCD30
2021-12-22T11:25:45-03:00	440	31	57	SCD30
2021-12-22T11:25:48-03:00	438	31	57	SCD30
2021-12-22T11:25:50-03:00	437	31	57	SCD30
2021-12-22T11:25:52-03:00	436	31	57	SCD30
2021-12-22T11:25:54-03:00	434	31	57	SCD30
2021-12-22T11:25:56-03:00	432	31	58	SCD30
2021-12-22T11:25:58-03:00	429	31	58	SCD30
2021-12-22T11:26:00-03:00	426	31	58	SCD30
2021-12-22T11:26:02-03:00	422	31	58	SCD30
2021-12-22T11:26:04-03:00	413	31	58	SCD30
2021-12-22T11:26:06-03:00	402	31	58	SCD30
2021-12-22T11:26:08-03:00	415	31	58	SCD30
2021-12-22T11:26:10-03:00	435	31	57	SCD30
2021-12-22T11:26:13-03:00	423	31	57	SCD30
2021-12-22T11:26:15-03:00	423	31	57	SCD30
2021-12-22T11:26:17-03:00	419	31	57	SCD30
2021-12-22T11:26:19-03:00	431	31	58	SCD30
2021-12-22T11:26:21-03:00	436	31	58	SCD30
2021-12-22T11:26:23-03:00	428	31	58	SCD30
2021-12-22T11:26:26-03:00	420	31	58	SCD30
2021-12-22T11:26:28-03:00	423	31	58	SCD30
2021-12-22T11:26:30-03:00	421	31	58	SCD30
2021-12-22T11:26:32-03:00	417	30	58	SCD30
2021-12-22T11:26:34-03:00	415	30	58	SCD30
2021-12-22T11:26:36-03:00	414	30	58	SCD30
2021-12-22T11:26:38-03:00	414	30	58	SCD30
2021-12-22T11:26:40-03:00	412	30	58	SCD30
2021-12-22T11:26:42-03:00	409	30	58	SCD30
2021-12-22T11:26:44-03:00	409	30	58	SCD30
2021-12-22T11:26:46-03:00	407	31	58	SCD30
2021-12-22T11:26:49-03:00	406	31	58	SCD30
2021-12-22T11:26:51-03:00	407	31	58	SCD30
2021-12-22T11:26:53-03:00	408	31	58	SCD30
2021-12-22T11:26:55-03:00	408	31	58	SCD30
2021-12-22T11:26:57-03:00	409	31	58	SCD30
2021-12-22T11:26:59-03:00	408	31	58	SCD30
2021-12-22T11:27:01-03:00	406	31	58	SCD30
2021-12-22T11:27:04-03:00	404	31	58	SCD30
2021-12-22T11:27:06-03:00	405	31	58	SCD30
2021-12-22T11:27:08-03:00	405	31	58	SCD30
2021-12-22T11:27:10-03:00	409	31	58	SCD30
2021-12-22T11:27:12-03:00	412	31	58	SCD30
2021-12-22T11:27:14-03:00	412	31	58	SCD30
2021-12-22T11:27:16-03:00	412	31	58	SCD30
2021-12-22T11:27:18-03:00	412	31	58	SCD30
2021-12-22T11:27:20-03:00	412	31	58	SCD30
2021-12-22T11:27:23-03:00	412	31	58	SCD30
2021-12-22T11:27:25-03:00	414	31	57	SCD30
2021-12-22T11:27:27-03:00	415	31	57	SCD30
2021-12-22T11:27:29-03:00	417	31	57	SCD30
2021-12-22T11:27:31-03:00	419	31	57	SCD30
2021-12-22T11:27:33-03:00	420	31	57	SCD30
2021-12-22T11:27:35-03:00	420	31	57	SCD30
2021-12-22T11:27:37-03:00	421	31	57	SCD30
2021-12-22T11:27:39-03:00	422	31	57	SCD30
2021-12-22T11:27:41-03:00	424	31	57	SCD30
2021-12-22T11:27:44-03:00	425	31	57	SCD30
2021-12-22T11:27:46-03:00	427	31	57	SCD30
2021-12-22T11:27:48-03:00	428	31	57	SCD30
2021-12-22T11:27:50-03:00	431	31	57	SCD30
2021-12-22T11:27:52-03:00	434	31	58	SCD30
2021-12-22T11:27:54-03:00	436	31	58	SCD30
2021-12-22T11:27:56-03:00	427	31	58	SCD30
2021-12-22T11:27:59-03:00	423	31	58	SCD30
2021-12-22T11:28:01-03:00	422	31	58	SCD30
2021-12-22T11:28:03-03:00	420	31	58	SCD30
2021-12-22T11:28:05-03:00	420	31	58	SCD30
2021-12-22T11:28:07-03:00	412	31	58	SCD30
2021-12-22T11:28:09-03:00	408	31	58	SCD30
2021-12-22T11:28:11-03:00	406	31	58	SCD30
2021-12-22T11:28:13-03:00	408	31	58	SCD30
2021-12-22T11:28:15-03:00	408	31	58	SCD30
2021-12-22T11:28:17-03:00	407	31	58	SCD30
2021-12-22T11:28:20-03:00	405	31	58	SCD30
2021-12-22T11:28:22-03:00	406	31	58	SCD30
2021-12-22T11:28:24-03:00	407	31	57	SCD30
2021-12-22T11:28:26-03:00	409	31	57	SCD30
2021-12-22T11:28:28-03:00	413	31	57	SCD30
2021-12-22T11:28:30-03:00	414	31	57	SCD30
2021-12-22T11:28:32-03:00	414	31	57	SCD30
2021-12-22T11:28:35-03:00	413	31	57	SCD30
2021-12-22T11:28:37-03:00	413	31	57	SCD30
2021-12-22T11:28:39-03:00	413	31	57	SCD30
2021-12-22T11:28:41-03:00	414	31	57	SCD30
2021-12-22T11:28:43-03:00	415	31	57	SCD30
2021-12-22T11:28:45-03:00	416	31	57	SCD30
2021-12-22T11:28:47-03:00	416	31	57	SCD30
2021-12-22T11:28:49-03:00	416	31	57	SCD30
2021-12-22T11:28:51-03:00	418	31	57	SCD30
2021-12-22T11:28:53-03:00	420	31	57	SCD30
2021-12-22T11:28:55-03:00	421	31	57	SCD30
2021-12-22T11:28:58-03:00	422	31	57	SCD30
2021-12-22T11:29:00-03:00	423	31	57	SCD30
2021-12-22T11:29:02-03:00	424	31	57	SCD30
2021-12-22T11:29:04-03:00	426	31	57	SCD30
2021-12-22T11:29:06-03:00	428	31	57	SCD30
2021-12-22T11:29:08-03:00	428	31	57	SCD30
2021-12-22T11:29:11-03:00	428	31	57	SCD30
2021-12-22T11:29:13-03:00	428	31	57	SCD30
2021-12-22T11:29:15-03:00	428	31	57	SCD30
2021-12-22T11:29:17-03:00	428	31	57	SCD30
2021-12-22T11:29:19-03:00	429	31	57	SCD30
2021-12-22T11:29:21-03:00	429	31	57	SCD30
2021-12-22T11:29:23-03:00	428	31	57	SCD30
2021-12-22T11:29:25-03:00	428	31	57	SCD30
2021-12-22T11:29:27-03:00	429	31	57	SCD30
2021-12-22T11:29:29-03:00	428	31	57	SCD30
2021-12-22T11:29:31-03:00	428	31	57	SCD30
2021-12-22T11:29:33-03:00	428	31	57	SCD30
2021-12-22T11:29:36-03:00	428	31	57	SCD30
2021-12-22T11:29:38-03:00	429	31	57	SCD30
2021-12-22T11:29:40-03:00	431	31	57	SCD30
2021-12-22T11:29:42-03:00	432	31	57	SCD30
2021-12-22T11:29:44-03:00	434	31	57	SCD30
2021-12-22T11:29:46-03:00	434	31	57	SCD30
2021-12-22T11:29:49-03:00	435	31	57	SCD30
2021-12-22T11:29:51-03:00	432	31	57	SCD30
2021-12-22T11:29:53-03:00	434	31	57	SCD30
2021-12-22T11:29:55-03:00	434	31	58	SCD30
2021-12-22T11:29:57-03:00	430	31	58	SCD30
2021-12-22T11:29:59-03:00	429	31	58	SCD30
2021-12-22T11:30:01-03:00	428	31	58	SCD30
2021-12-22T11:30:03-03:00	428	31	58	SCD30
2021-12-22T11:30:05-03:00	429	31	58	SCD30
2021-12-22T11:30:07-03:00	430	31	58	SCD30
2021-12-22T11:30:09-03:00	429	31	58	SCD30
2021-12-22T11:30:11-03:00	427	31	58	SCD30
2021-12-22T11:30:14-03:00	426	31	58	SCD30
2021-12-22T11:30:16-03:00	423	31	58	SCD30
2021-12-22T11:30:18-03:00	422	31	58	SCD30
2021-12-22T11:30:20-03:00	423	31	58	SCD30
2021-12-22T11:30:22-03:00	423	31	58	SCD30
2021-12-22T11:30:24-03:00	423	31	58	SCD30
2021-12-22T11:30:27-03:00	425	30	58	SCD30
2021-12-22T11:30:29-03:00	423	30	58	SCD30
2021-12-22T11:30:31-03:00	423	30	58	SCD30
2021-12-22T11:30:33-03:00	423	30	58	SCD30
2021-12-22T11:30:35-03:00	422	30	58	SCD30
2021-12-22T11:30:37-03:00	421	30	58	SCD30
2021-12-22T11:30:39-03:00	421	30	58	SCD30
2021-12-22T11:30:41-03:00	419	30	58	SCD30
2021-12-22T11:30:43-03:00	419	30	58	SCD30
2021-12-22T11:30:45-03:00	419	30	58	SCD30
2021-12-22T11:30:47-03:00	417	30	58	SCD30
2021-12-22T11:30:49-03:00	417	30	58	SCD30
2021-12-22T11:30:52-03:00	418	30	58	SCD30
2021-12-22T11:30:54-03:00	419	30	58	SCD30
2021-12-22T11:30:56-03:00	420	30	58	SCD30
2021-12-22T11:30:58-03:00	420	30	58	SCD30
2021-12-22T11:31:00-03:00	419	30	58	SCD30
2021-12-22T11:31:02-03:00	418	30	58	SCD30
2021-12-22T11:31:05-03:00	419	30	58	SCD30
2021-12-22T11:31:07-03:00	420	30	58	SCD30
2021-12-22T11:31:09-03:00	420	30	58	SCD30
2021-12-22T11:31:11-03:00	420	30	58	SCD30
2021-12-22T11:31:13-03:00	420	30	58	SCD30
2021-12-22T11:31:15-03:00	420	30	58	SCD30
2021-12-22T11:31:17-03:00	421	30	58	SCD30
2021-12-22T11:31:19-03:00	420	30	58	SCD30
2021-12-22T11:31:21-03:00	419	30	58	SCD30
2021-12-22T11:31:23-03:00	417	30	58	SCD30
2021-12-22T11:31:25-03:00	418	30	59	SCD30
