2021-12-14T20:45:01-03:00	446	29	69	SCD30
2021-12-14T20:45:03-03:00	446	29	69	SCD30
2021-12-14T20:45:06-03:00	445	29	69	SCD30
2021-12-14T20:45:08-03:00	446	29	69	SCD30
2021-12-14T20:45:10-03:00	445	29	69	SCD30
2021-12-14T20:45:12-03:00	445	29	69	SCD30
2021-12-14T20:45:14-03:00	446	29	69	SCD30
2021-12-14T20:45:16-03:00	446	29	69	SCD30
2021-12-14T20:45:18-03:00	446	29	69	SCD30
2021-12-14T20:45:20-03:00	447	29	69	SCD30
2021-12-14T20:45:22-03:00	447	29	69	SCD30
2021-12-14T20:45:24-03:00	447	29	69	SCD30
2021-12-14T20:45:27-03:00	447	29	69	SCD30
2021-12-14T20:45:29-03:00	447	29	69	SCD30
2021-12-14T20:45:31-03:00	447	29	69	SCD30
2021-12-14T20:45:33-03:00	448	29	69	SCD30
2021-12-14T20:45:35-03:00	448	29	69	SCD30
2021-12-14T20:45:37-03:00	449	29	69	SCD30
2021-12-14T20:45:39-03:00	448	29	69	SCD30
2021-12-14T20:45:42-03:00	448	29	69	SCD30
2021-12-14T20:45:44-03:00	448	29	69	SCD30
2021-12-14T20:45:46-03:00	447	29	69	SCD30
2021-12-14T20:45:48-03:00	448	29	68	SCD30
2021-12-14T20:45:50-03:00	447	29	68	SCD30
2021-12-14T20:45:52-03:00	446	29	68	SCD30
2021-12-14T20:45:54-03:00	446	29	68	SCD30
2021-12-14T20:45:56-03:00	446	29	68	SCD30
2021-12-14T20:45:58-03:00	446	29	68	SCD30
2021-12-14T20:46:00-03:00	446	29	68	SCD30
2021-12-14T20:46:02-03:00	446	29	68	SCD30
2021-12-14T20:46:05-03:00	446	29	68	SCD30
2021-12-14T20:46:07-03:00	445	29	68	SCD30
2021-12-14T20:46:09-03:00	445	29	68	SCD30
2021-12-14T20:46:11-03:00	445	29	68	SCD30
2021-12-14T20:46:13-03:00	445	29	68	SCD30
2021-12-14T20:46:15-03:00	445	29	68	SCD30
2021-12-14T20:46:18-03:00	444	29	68	SCD30
2021-12-14T20:46:20-03:00	444	29	68	SCD30
2021-12-14T20:46:22-03:00	444	29	68	SCD30
2021-12-14T20:46:24-03:00	444	29	68	SCD30
2021-12-14T20:46:26-03:00	444	29	68	SCD30
2021-12-14T20:46:28-03:00	444	29	68	SCD30
2021-12-14T20:46:30-03:00	443	29	68	SCD30
2021-12-14T20:46:32-03:00	443	29	68	SCD30
2021-12-14T20:46:34-03:00	443	29	68	SCD30
2021-12-14T20:46:36-03:00	444	29	68	SCD30
2021-12-14T20:46:38-03:00	443	29	68	SCD30
2021-12-14T20:46:41-03:00	443	29	68	SCD30
2021-12-14T20:46:43-03:00	443	29	68	SCD30
2021-12-14T20:46:45-03:00	444	29	68	SCD30
2021-12-14T20:46:47-03:00	444	29	68	SCD30
2021-12-14T20:46:49-03:00	444	29	68	SCD30
2021-12-14T20:46:51-03:00	442	29	68	SCD30
2021-12-14T20:46:54-03:00	442	29	68	SCD30
2021-12-14T20:46:56-03:00	442	29	68	SCD30
2021-12-14T20:46:58-03:00	443	29	68	SCD30
2021-12-14T20:47:00-03:00	443	29	68	SCD30
2021-12-14T20:47:02-03:00	444	29	68	SCD30
2021-12-14T20:47:04-03:00	444	29	68	SCD30
2021-12-14T20:47:06-03:00	443	29	68	SCD30
2021-12-14T20:47:08-03:00	442	29	68	SCD30
2021-12-14T20:47:10-03:00	442	29	68	SCD30
2021-12-14T20:47:12-03:00	441	29	68	SCD30
2021-12-14T20:47:14-03:00	441	29	68	SCD30
2021-12-14T20:47:16-03:00	440	29	68	SCD30
2021-12-14T20:47:19-03:00	440	29	68	SCD30
2021-12-14T20:47:21-03:00	439	29	68	SCD30
2021-12-14T20:47:23-03:00	438	29	68	SCD30
2021-12-14T20:47:25-03:00	437	29	68	SCD30
2021-12-14T20:47:27-03:00	436	29	68	SCD30
2021-12-14T20:47:29-03:00	436	29	68	SCD30
2021-12-14T20:47:32-03:00	435	29	68	SCD30
2021-12-14T20:47:34-03:00	434	29	68	SCD30
2021-12-14T20:47:36-03:00	433	29	68	SCD30
2021-12-14T20:47:38-03:00	431	29	68	SCD30
2021-12-14T20:47:40-03:00	431	29	68	SCD30
2021-12-14T20:47:42-03:00	429	29	68	SCD30
2021-12-14T20:47:44-03:00	430	29	68	SCD30
2021-12-14T20:47:46-03:00	429	29	68	SCD30
2021-12-14T20:47:48-03:00	429	29	68	SCD30
2021-12-14T20:47:50-03:00	431	29	68	SCD30
2021-12-14T20:47:52-03:00	431	29	68	SCD30
2021-12-14T20:47:54-03:00	429	29	68	SCD30
2021-12-14T20:47:57-03:00	428	29	68	SCD30
2021-12-14T20:47:59-03:00	428	29	68	SCD30
2021-12-14T20:48:01-03:00	428	29	68	SCD30
2021-12-14T20:48:03-03:00	428	29	68	SCD30
2021-12-14T20:48:05-03:00	427	29	68	SCD30
2021-12-14T20:48:07-03:00	428	29	68	SCD30
2021-12-14T20:48:10-03:00	427	29	67	SCD30
2021-12-14T20:48:12-03:00	428	29	67	SCD30
2021-12-14T20:48:14-03:00	428	29	67	SCD30
2021-12-14T20:48:16-03:00	427	29	67	SCD30
2021-12-14T20:48:18-03:00	427	29	67	SCD30
2021-12-14T20:48:20-03:00	429	29	67	SCD30
2021-12-14T20:48:22-03:00	429	29	67	SCD30
2021-12-14T20:48:24-03:00	430	29	67	SCD30
2021-12-14T20:48:26-03:00	430	29	67	SCD30
2021-12-14T20:48:28-03:00	431	29	67	SCD30
2021-12-14T20:48:30-03:00	431	29	67	SCD30
2021-12-14T20:48:32-03:00	431	29	67	SCD30
2021-12-14T20:48:35-03:00	431	29	67	SCD30
2021-12-14T20:48:37-03:00	431	29	67	SCD30
2021-12-14T20:48:39-03:00	431	29	67	SCD30
2021-12-14T20:48:41-03:00	432	29	67	SCD30
2021-12-14T20:48:43-03:00	432	29	67	SCD30
2021-12-14T20:48:45-03:00	432	29	67	SCD30
2021-12-14T20:48:48-03:00	432	29	67	SCD30
2021-12-14T20:48:50-03:00	431	29	67	SCD30
2021-12-14T20:48:52-03:00	431	29	67	SCD30
2021-12-14T20:48:54-03:00	431	29	67	SCD30
2021-12-14T20:48:56-03:00	432	29	67	SCD30
2021-12-14T20:48:58-03:00	433	29	67	SCD30
2021-12-14T20:49:00-03:00	434	29	67	SCD30
2021-12-14T20:49:02-03:00	434	29	67	SCD30
2021-12-14T20:49:04-03:00	433	29	67	SCD30
2021-12-14T20:49:06-03:00	434	29	67	SCD30
2021-12-14T20:49:08-03:00	434	29	67	SCD30
2021-12-14T20:49:10-03:00	434	29	67	SCD30
2021-12-14T20:49:13-03:00	434	29	67	SCD30
2021-12-14T20:49:15-03:00	434	29	67	SCD30
2021-12-14T20:49:17-03:00	433	29	67	SCD30
2021-12-14T20:49:19-03:00	433	29	67	SCD30
2021-12-14T20:49:21-03:00	432	29	67	SCD30
2021-12-14T20:49:23-03:00	432	29	67	SCD30
2021-12-14T20:49:26-03:00	431	29	67	SCD30
2021-12-14T20:49:28-03:00	431	29	67	SCD30
2021-12-14T20:49:30-03:00	431	29	67	SCD30
2021-12-14T20:49:32-03:00	430	29	67	SCD30
2021-12-14T20:49:34-03:00	430	29	67	SCD30
2021-12-14T20:49:36-03:00	430	29	67	SCD30
2021-12-14T20:49:38-03:00	429	29	67	SCD30
2021-12-14T20:49:40-03:00	429	29	67	SCD30
2021-12-14T20:49:42-03:00	430	29	67	SCD30
2021-12-14T20:49:44-03:00	429	29	67	SCD30
2021-12-14T20:49:46-03:00	429	29	67	SCD30
2021-12-14T20:49:48-03:00	430	29	67	SCD30
2021-12-14T20:49:51-03:00	430	29	67	SCD30
2021-12-14T20:49:53-03:00	430	29	67	SCD30
2021-12-14T20:49:55-03:00	430	29	67	SCD30
2021-12-14T20:49:57-03:00	430	29	67	SCD30
2021-12-14T20:49:59-03:00	430	29	67	SCD30
2021-12-14T20:50:01-03:00	430	29	67	SCD30
2021-12-14T20:50:04-03:00	430	29	67	SCD30
2021-12-14T20:50:06-03:00	430	29	67	SCD30
2021-12-14T20:50:08-03:00	430	29	67	SCD30
2021-12-14T20:50:10-03:00	429	29	67	SCD30
2021-12-14T20:50:12-03:00	430	29	67	SCD30
2021-12-14T20:50:14-03:00	429	29	67	SCD30
2021-12-14T20:50:16-03:00	430	29	67	SCD30
2021-12-14T20:50:18-03:00	430	29	67	SCD30
2021-12-14T20:50:20-03:00	431	29	67	SCD30
2021-12-14T20:50:22-03:00	431	29	67	SCD30
2021-12-14T20:50:25-03:00	430	29	67	SCD30
2021-12-14T20:50:27-03:00	430	29	67	SCD30
2021-12-14T20:50:29-03:00	430	29	67	SCD30
2021-12-14T20:50:31-03:00	430	29	67	SCD30
2021-12-14T20:50:33-03:00	430	29	67	SCD30
2021-12-14T20:50:35-03:00	430	29	67	SCD30
2021-12-14T20:50:37-03:00	430	29	67	SCD30
2021-12-14T20:50:39-03:00	428	29	67	SCD30
2021-12-14T20:50:42-03:00	428	29	67	SCD30
2021-12-14T20:50:44-03:00	427	29	67	SCD30
2021-12-14T20:50:46-03:00	427	29	67	SCD30
2021-12-14T20:50:48-03:00	426	29	67	SCD30
2021-12-14T20:50:50-03:00	426	29	67	SCD30
2021-12-14T20:50:52-03:00	426	29	67	SCD30
2021-12-14T20:50:54-03:00	426	29	67	SCD30
2021-12-14T20:50:56-03:00	425	29	67	SCD30
2021-12-14T20:50:58-03:00	425	29	67	SCD30
2021-12-14T20:51:01-03:00	425	29	67	SCD30
2021-12-14T20:51:03-03:00	425	29	67	SCD30
2021-12-14T20:51:05-03:00	425	29	67	SCD30
2021-12-14T20:51:07-03:00	424	29	67	SCD30
2021-12-14T20:51:09-03:00	424	29	67	SCD30
2021-12-14T20:51:11-03:00	423	29	67	SCD30
2021-12-14T20:51:13-03:00	424	29	67	SCD30
2021-12-14T20:51:15-03:00	424	29	67	SCD30
2021-12-14T20:51:17-03:00	424	29	67	SCD30
2021-12-14T20:51:20-03:00	423	29	67	SCD30
2021-12-14T20:51:22-03:00	424	29	67	SCD30
2021-12-14T20:51:24-03:00	423	29	67	SCD30
2021-12-14T20:51:26-03:00	423	29	67	SCD30
2021-12-14T20:51:28-03:00	422	29	66	SCD30
2021-12-14T20:51:30-03:00	422	29	67	SCD30
2021-12-14T20:51:32-03:00	422	29	66	SCD30
2021-12-14T20:51:34-03:00	422	29	66	SCD30
2021-12-14T20:51:37-03:00	422	29	66	SCD30
2021-12-14T20:51:39-03:00	422	29	66	SCD30
2021-12-14T20:51:41-03:00	422	29	66	SCD30
2021-12-14T20:51:43-03:00	423	29	66	SCD30
2021-12-14T20:51:45-03:00	423	29	66	SCD30
2021-12-14T20:51:47-03:00	424	29	66	SCD30
2021-12-14T20:51:49-03:00	424	29	66	SCD30
2021-12-14T20:51:51-03:00	425	29	66	SCD30
2021-12-14T20:51:53-03:00	426	29	66	SCD30
2021-12-14T20:51:55-03:00	426	29	66	SCD30
2021-12-14T20:51:58-03:00	426	29	67	SCD30
2021-12-14T20:52:00-03:00	426	29	67	SCD30
2021-12-14T20:52:02-03:00	426	29	67	SCD30
2021-12-14T20:52:04-03:00	426	29	67	SCD30
2021-12-14T20:52:06-03:00	426	29	66	SCD30
2021-12-14T20:52:08-03:00	426	29	66	SCD30
2021-12-14T20:52:10-03:00	425	29	67	SCD30
2021-12-14T20:52:13-03:00	425	29	67	SCD30
2021-12-14T20:52:15-03:00	424	29	67	SCD30
2021-12-14T20:52:17-03:00	424	29	67	SCD30
2021-12-14T20:52:19-03:00	424	29	67	SCD30
2021-12-14T20:52:21-03:00	424	29	66	SCD30
2021-12-14T20:52:23-03:00	423	29	67	SCD30
2021-12-14T20:52:25-03:00	423	29	67	SCD30
2021-12-14T20:52:27-03:00	423	29	67	SCD30
2021-12-14T20:52:29-03:00	422	29	67	SCD30
2021-12-14T20:52:31-03:00	422	29	67	SCD30
2021-12-14T20:52:33-03:00	423	29	67	SCD30
2021-12-14T20:52:36-03:00	423	29	66	SCD30
2021-12-14T20:52:38-03:00	423	29	66	SCD30
2021-12-14T20:52:40-03:00	423	29	66	SCD30
2021-12-14T20:52:42-03:00	423	29	66	SCD30
2021-12-14T20:52:44-03:00	423	29	66	SCD30
2021-12-14T20:52:46-03:00	423	29	66	SCD30
2021-12-14T20:52:49-03:00	423	29	66	SCD30
2021-12-14T20:52:51-03:00	422	29	66	SCD30
2021-12-14T20:52:53-03:00	421	29	66	SCD30
2021-12-14T20:52:55-03:00	421	29	66	SCD30
2021-12-14T20:52:57-03:00	421	29	66	SCD30
2021-12-14T20:52:59-03:00	420	29	66	SCD30
2021-12-14T20:53:01-03:00	420	29	66	SCD30
2021-12-14T20:53:03-03:00	420	29	66	SCD30
2021-12-14T20:53:05-03:00	420	29	66	SCD30
2021-12-14T20:53:07-03:00	419	29	67	SCD30
2021-12-14T20:53:09-03:00	419	29	67	SCD30
2021-12-14T20:53:12-03:00	419	29	67	SCD30
2021-12-14T20:53:14-03:00	419	29	67	SCD30
2021-12-14T20:53:16-03:00	418	29	67	SCD30
2021-12-14T20:53:18-03:00	418	29	67	SCD30
2021-12-14T20:53:20-03:00	417	29	67	SCD30
2021-12-14T20:53:22-03:00	417	29	67	SCD30
2021-12-14T20:53:25-03:00	417	29	67	SCD30
2021-12-14T20:53:27-03:00	416	29	67	SCD30
2021-12-14T20:53:29-03:00	416	29	67	SCD30
2021-12-14T20:53:31-03:00	416	29	67	SCD30
2021-12-14T20:53:33-03:00	415	29	67	SCD30
2021-12-14T20:53:35-03:00	414	29	67	SCD30
2021-12-14T20:53:37-03:00	413	29	67	SCD30
2021-12-14T20:53:39-03:00	412	29	67	SCD30
2021-12-14T20:53:41-03:00	412	29	67	SCD30
2021-12-14T20:53:43-03:00	412	29	67	SCD30
2021-12-14T20:53:45-03:00	411	29	67	SCD30
2021-12-14T20:53:47-03:00	411	29	67	SCD30
2021-12-14T20:53:50-03:00	411	29	67	SCD30
2021-12-14T20:53:52-03:00	411	29	67	SCD30
2021-12-14T20:53:54-03:00	411	29	67	SCD30
2021-12-14T20:53:56-03:00	411	29	67	SCD30
2021-12-14T20:53:58-03:00	412	29	67	SCD30
2021-12-14T20:54:00-03:00	412	29	67	SCD30
2021-12-14T20:54:03-03:00	412	29	66	SCD30
2021-12-14T20:54:05-03:00	412	30	66	SCD30
2021-12-14T20:54:07-03:00	412	29	66	SCD30
2021-12-14T20:54:09-03:00	412	29	66	SCD30
2021-12-14T20:54:11-03:00	412	29	66	SCD30
2021-12-14T20:54:13-03:00	412	29	66	SCD30
2021-12-14T20:54:15-03:00	413	30	66	SCD30
2021-12-14T20:54:17-03:00	413	29	66	SCD30
2021-12-14T20:54:19-03:00	413	30	66	SCD30
2021-12-14T20:54:21-03:00	413	29	66	SCD30
2021-12-14T20:54:23-03:00	413	29	66	SCD30
2021-12-14T20:54:25-03:00	413	29	66	SCD30
2021-12-14T20:54:28-03:00	413	29	66	SCD30
2021-12-14T20:54:30-03:00	412	30	66	SCD30
2021-12-14T20:54:32-03:00	412	30	66	SCD30
2021-12-14T20:54:34-03:00	411	30	66	SCD30
2021-12-14T20:54:36-03:00	411	30	66	SCD30
2021-12-14T20:54:38-03:00	411	30	66	SCD30
2021-12-14T20:54:41-03:00	412	30	66	SCD30
2021-12-14T20:54:43-03:00	412	30	66	SCD30
2021-12-14T20:54:45-03:00	412	30	66	SCD30
2021-12-14T20:54:47-03:00	413	30	66	SCD30
2021-12-14T20:54:49-03:00	414	30	66	SCD30
2021-12-14T20:54:51-03:00	415	30	66	SCD30
2021-12-14T20:54:53-03:00	416	30	66	SCD30
2021-12-14T20:54:55-03:00	416	30	66	SCD30
2021-12-14T20:54:57-03:00	419	30	66	SCD30
2021-12-14T20:54:59-03:00	419	30	66	SCD30
2021-12-14T20:55:01-03:00	419	30	66	SCD30
2021-12-14T20:55:04-03:00	420	29	66	SCD30
2021-12-14T20:55:06-03:00	421	29	66	SCD30
2021-12-14T20:55:08-03:00	422	29	66	SCD30
2021-12-14T20:55:10-03:00	422	30	66	SCD30
2021-12-14T20:55:12-03:00	421	29	66	SCD30
2021-12-14T20:55:14-03:00	421	30	66	SCD30
2021-12-14T20:55:17-03:00	422	30	66	SCD30
2021-12-14T20:55:19-03:00	422	30	66	SCD30
2021-12-14T20:55:21-03:00	423	30	66	SCD30
2021-12-14T20:55:23-03:00	423	30	66	SCD30
2021-12-14T20:55:25-03:00	425	30	66	SCD30
2021-12-14T20:55:27-03:00	426	30	66	SCD30
2021-12-14T20:55:29-03:00	427	30	66	SCD30
2021-12-14T20:55:31-03:00	427	30	66	SCD30
2021-12-14T20:55:33-03:00	426	30	66	SCD30
2021-12-14T20:55:35-03:00	426	30	66	SCD30
2021-12-14T20:55:37-03:00	426	30	66	SCD30
2021-12-14T20:55:39-03:00	427	30	66	SCD30
2021-12-14T20:55:42-03:00	428	30	66	SCD30
2021-12-14T20:55:44-03:00	433	30	66	SCD30
2021-12-14T20:55:46-03:00	439	30	66	SCD30
2021-12-14T20:55:48-03:00	447	30	66	SCD30
2021-12-14T20:55:50-03:00	468	30	66	SCD30
2021-12-14T20:55:52-03:00	532	30	66	SCD30
2021-12-14T20:55:55-03:00	716	30	66	SCD30
2021-12-14T20:55:57-03:00	996	30	66	SCD30
2021-12-14T20:55:59-03:00	1111	30	66	SCD30
2021-12-14T20:56:01-03:00	1210	30	66	SCD30
2021-12-14T20:56:03-03:00	1283	30	66	SCD30
2021-12-14T20:56:05-03:00	1318	30	66	SCD30
2021-12-14T20:56:07-03:00	1327	30	66	SCD30
2021-12-14T20:56:09-03:00	1313	30	66	SCD30
2021-12-14T20:56:11-03:00	1293	30	66	SCD30
2021-12-14T20:56:13-03:00	1267	30	66	SCD30
2021-12-14T20:56:15-03:00	1242	30	66	SCD30
2021-12-14T20:56:17-03:00	1198	30	66	SCD30
2021-12-14T20:56:20-03:00	1123	30	66	SCD30
2021-12-14T20:56:22-03:00	1098	30	66	SCD30
2021-12-14T20:56:24-03:00	1066	30	66	SCD30
2021-12-14T20:56:26-03:00	1075	30	66	SCD30
2021-12-14T20:56:28-03:00	1081	30	66	SCD30
2021-12-14T20:56:31-03:00	1055	30	66	SCD30
2021-12-14T20:56:33-03:00	1033	30	66	SCD30
2021-12-14T20:56:35-03:00	1009	30	66	SCD30
2021-12-14T20:56:37-03:00	962	30	66	SCD30
2021-12-14T20:56:39-03:00	913	30	66	SCD30
2021-12-14T20:56:41-03:00	876	30	66	SCD30
2021-12-14T20:56:43-03:00	836	30	66	SCD30
2021-12-14T20:56:45-03:00	786	30	66	SCD30
2021-12-14T20:56:47-03:00	756	30	66	SCD30
2021-12-14T20:56:49-03:00	733	30	66	SCD30
2021-12-14T20:56:51-03:00	726	30	66	SCD30
2021-12-14T20:56:53-03:00	713	30	66	SCD30
2021-12-14T20:56:56-03:00	702	30	66	SCD30
2021-12-14T20:56:58-03:00	690	30	66	SCD30
2021-12-14T20:57:00-03:00	683	30	66	SCD30
2021-12-14T20:57:02-03:00	679	30	66	SCD30
2021-12-14T20:57:04-03:00	676	30	66	SCD30
2021-12-14T20:57:06-03:00	671	30	66	SCD30
2021-12-14T20:57:09-03:00	669	30	66	SCD30
2021-12-14T20:57:11-03:00	668	30	66	SCD30
2021-12-14T20:57:13-03:00	665	30	66	SCD30
2021-12-14T20:57:15-03:00	666	30	66	SCD30
2021-12-14T20:57:17-03:00	665	30	66	SCD30
2021-12-14T20:57:19-03:00	669	30	66	SCD30
2021-12-14T20:57:21-03:00	671	30	66	SCD30
2021-12-14T20:57:23-03:00	674	30	66	SCD30
2021-12-14T20:57:25-03:00	675	30	66	SCD30
2021-12-14T20:57:27-03:00	677	30	66	SCD30
2021-12-14T20:57:29-03:00	678	30	66	SCD30
2021-12-14T20:57:32-03:00	677	30	66	SCD30
2021-12-14T20:57:34-03:00	676	30	66	SCD30
2021-12-14T20:57:36-03:00	678	30	66	SCD30
2021-12-14T20:57:38-03:00	677	30	66	SCD30
2021-12-14T20:57:40-03:00	676	30	66	SCD30
2021-12-14T20:57:42-03:00	677	30	66	SCD30
2021-12-14T20:57:44-03:00	678	30	66	SCD30
2021-12-14T20:57:47-03:00	679	30	66	SCD30
2021-12-14T20:57:49-03:00	682	30	66	SCD30
2021-12-14T20:57:51-03:00	683	30	66	SCD30
2021-12-14T20:57:53-03:00	684	30	66	SCD30
2021-12-14T20:57:55-03:00	685	30	66	SCD30
2021-12-14T20:57:57-03:00	686	30	66	SCD30
2021-12-14T20:57:59-03:00	686	30	66	SCD30
2021-12-14T20:58:01-03:00	686	30	66	SCD30
2021-12-14T20:58:03-03:00	685	30	66	SCD30
2021-12-14T20:58:06-03:00	686	30	66	SCD30
2021-12-14T20:58:08-03:00	686	30	66	SCD30
2021-12-14T20:58:10-03:00	686	30	66	SCD30
2021-12-14T20:58:12-03:00	685	30	66	SCD30
2021-12-14T20:58:14-03:00	685	30	66	SCD30
2021-12-14T20:58:16-03:00	685	30	66	SCD30
2021-12-14T20:58:18-03:00	685	30	66	SCD30
2021-12-14T20:58:20-03:00	684	30	66	SCD30
2021-12-14T20:58:22-03:00	685	30	66	SCD30
2021-12-14T20:58:25-03:00	685	30	66	SCD30
2021-12-14T20:58:27-03:00	684	30	66	SCD30
2021-12-14T20:58:29-03:00	684	30	66	SCD30
2021-12-14T20:58:31-03:00	683	30	66	SCD30
2021-12-14T20:58:33-03:00	683	30	66	SCD30
2021-12-14T20:58:35-03:00	682	30	66	SCD30
2021-12-14T20:58:37-03:00	682	30	66	SCD30
2021-12-14T20:58:39-03:00	682	30	66	SCD30
2021-12-14T20:58:42-03:00	681	30	66	SCD30
2021-12-14T20:58:44-03:00	681	30	66	SCD30
2021-12-14T20:58:46-03:00	682	30	66	SCD30
2021-12-14T20:58:48-03:00	682	30	66	SCD30
2021-12-14T20:58:50-03:00	683	30	66	SCD30
2021-12-14T20:58:52-03:00	683	30	66	SCD30
2021-12-14T20:58:54-03:00	683	30	66	SCD30
2021-12-14T20:58:56-03:00	683	30	66	SCD30
2021-12-14T20:58:58-03:00	683	30	66	SCD30
2021-12-14T20:59:01-03:00	684	30	66	SCD30
2021-12-14T20:59:03-03:00	685	30	66	SCD30
2021-12-14T20:59:05-03:00	685	30	66	SCD30
2021-12-14T20:59:07-03:00	685	30	66	SCD30
2021-12-14T20:59:09-03:00	685	30	66	SCD30
2021-12-14T20:59:11-03:00	685	30	66	SCD30
2021-12-14T20:59:13-03:00	686	30	66	SCD30
2021-12-14T20:59:15-03:00	687	30	66	SCD30
2021-12-14T20:59:18-03:00	688	30	66	SCD30
2021-12-14T20:59:20-03:00	689	30	66	SCD30
2021-12-14T20:59:22-03:00	689	30	65	SCD30
2021-12-14T20:59:24-03:00	690	30	65	SCD30
2021-12-14T20:59:26-03:00	690	30	66	SCD30
2021-12-14T20:59:28-03:00	691	30	65	SCD30
2021-12-14T20:59:30-03:00	692	30	65	SCD30
2021-12-14T20:59:32-03:00	693	30	65	SCD30
2021-12-14T20:59:34-03:00	694	30	65	SCD30
2021-12-14T20:59:36-03:00	694	30	65	SCD30
2021-12-14T20:59:39-03:00	694	30	65	SCD30
2021-12-14T20:59:41-03:00	694	30	65	SCD30
2021-12-14T20:59:43-03:00	695	30	65	SCD30
2021-12-14T20:59:45-03:00	695	30	65	SCD30
2021-12-14T20:59:47-03:00	696	30	65	SCD30
2021-12-14T20:59:49-03:00	697	30	65	SCD30
2021-12-14T20:59:51-03:00	698	30	65	SCD30
2021-12-14T20:59:54-03:00	699	30	65	SCD30
2021-12-14T20:59:56-03:00	700	30	65	SCD30
2021-12-14T20:59:58-03:00	701	30	65	SCD30
2021-12-14T21:00:00-03:00	701	30	65	SCD30
2021-12-14T21:00:02-03:00	702	30	65	SCD30
2021-12-14T21:00:04-03:00	703	30	65	SCD30
2021-12-14T21:00:06-03:00	704	30	65	SCD30
2021-12-14T21:00:08-03:00	705	30	65	SCD30
2021-12-14T21:00:10-03:00	706	30	65	SCD30
2021-12-14T21:00:12-03:00	707	30	65	SCD30
2021-12-14T21:00:15-03:00	708	30	65	SCD30
2021-12-14T21:00:17-03:00	710	30	65	SCD30
2021-12-14T21:00:19-03:00	713	30	65	SCD30
2021-12-14T21:00:21-03:00	715	30	65	SCD30
2021-12-14T21:00:23-03:00	719	30	65	SCD30
2021-12-14T21:00:25-03:00	724	30	65	SCD30
2021-12-14T21:00:27-03:00	728	30	65	SCD30
2021-12-14T21:00:30-03:00	732	30	65	SCD30
2021-12-14T21:00:32-03:00	730	30	65	SCD30
2021-12-14T21:00:34-03:00	736	30	65	SCD30
2021-12-14T21:00:36-03:00	743	30	65	SCD30
2021-12-14T21:00:38-03:00	743	30	65	SCD30
2021-12-14T21:00:40-03:00	746	30	65	SCD30
2021-12-14T21:00:42-03:00	750	30	65	SCD30
2021-12-14T21:00:44-03:00	750	30	65	SCD30
2021-12-14T21:00:46-03:00	752	30	65	SCD30
2021-12-14T21:00:48-03:00	753	30	65	SCD30
2021-12-14T21:00:50-03:00	752	30	65	SCD30
2021-12-14T21:00:53-03:00	754	30	65	SCD30
2021-12-14T21:00:55-03:00	754	30	65	SCD30
2021-12-14T21:00:57-03:00	756	30	65	SCD30
2021-12-14T21:00:59-03:00	756	30	65	SCD30
2021-12-14T21:01:01-03:00	757	30	65	SCD30
2021-12-14T21:01:03-03:00	758	30	65	SCD30
2021-12-14T21:01:06-03:00	758	30	65	SCD30
2021-12-14T21:01:08-03:00	759	30	65	SCD30
2021-12-14T21:01:10-03:00	760	30	65	SCD30
2021-12-14T21:01:12-03:00	760	30	65	SCD30
2021-12-14T21:01:14-03:00	760	30	65	SCD30
2021-12-14T21:01:16-03:00	761	30	65	SCD30
2021-12-14T21:01:18-03:00	762	30	65	SCD30
2021-12-14T21:01:20-03:00	763	30	65	SCD30
2021-12-14T21:01:22-03:00	762	30	65	SCD30
2021-12-14T21:01:24-03:00	762	30	65	SCD30
2021-12-14T21:01:26-03:00	762	30	65	SCD30
2021-12-14T21:01:28-03:00	762	30	65	SCD30
2021-12-14T21:01:31-03:00	762	30	65	SCD30
2021-12-14T21:01:33-03:00	762	30	65	SCD30
2021-12-14T21:01:35-03:00	761	30	65	SCD30
2021-12-14T21:01:37-03:00	761	30	65	SCD30
2021-12-14T21:01:39-03:00	762	30	65	SCD30
2021-12-14T21:01:41-03:00	761	30	65	SCD30
2021-12-14T21:01:44-03:00	762	30	65	SCD30
2021-12-14T21:01:46-03:00	761	30	65	SCD30
2021-12-14T21:01:48-03:00	761	30	65	SCD30
2021-12-14T21:01:50-03:00	760	30	65	SCD30
2021-12-14T21:01:52-03:00	760	30	65	SCD30
2021-12-14T21:01:54-03:00	760	30	65	SCD30
2021-12-14T21:01:56-03:00	760	30	65	SCD30
2021-12-14T21:01:58-03:00	759	30	65	SCD30
2021-12-14T21:02:00-03:00	759	30	65	SCD30
2021-12-14T21:02:02-03:00	758	30	65	SCD30
2021-12-14T21:02:04-03:00	758	30	65	SCD30
2021-12-14T21:02:07-03:00	756	30	65	SCD30
2021-12-14T21:02:09-03:00	757	30	65	SCD30
2021-12-14T21:02:11-03:00	757	30	65	SCD30
2021-12-14T21:02:13-03:00	757	30	65	SCD30
2021-12-14T21:02:15-03:00	757	30	65	SCD30
2021-12-14T21:02:17-03:00	758	30	65	SCD30
2021-12-14T21:02:20-03:00	757	30	65	SCD30
2021-12-14T21:02:22-03:00	756	30	65	SCD30
2021-12-14T21:02:24-03:00	756	30	65	SCD30
2021-12-14T21:02:26-03:00	755	30	65	SCD30
2021-12-14T21:02:28-03:00	756	30	65	SCD30
2021-12-14T21:02:30-03:00	756	30	65	SCD30
2021-12-14T21:02:32-03:00	756	30	65	SCD30
2021-12-14T21:02:34-03:00	756	30	65	SCD30
2021-12-14T21:02:36-03:00	756	30	65	SCD30
2021-12-14T21:02:38-03:00	756	30	65	SCD30
2021-12-14T21:02:40-03:00	756	30	65	SCD30
2021-12-14T21:02:42-03:00	755	30	65	SCD30
2021-12-14T21:02:45-03:00	756	30	65	SCD30
2021-12-14T21:02:47-03:00	755	30	65	SCD30
2021-12-14T21:02:49-03:00	755	30	65	SCD30
2021-12-14T21:02:51-03:00	755	30	65	SCD30
2021-12-14T21:02:53-03:00	755	30	65	SCD30
2021-12-14T21:02:56-03:00	755	30	65	SCD30
2021-12-14T21:02:58-03:00	756	30	65	SCD30
2021-12-14T21:03:00-03:00	756	30	65	SCD30
2021-12-14T21:03:02-03:00	756	30	65	SCD30
2021-12-14T21:03:04-03:00	756	30	65	SCD30
2021-12-14T21:03:06-03:00	756	30	65	SCD30
2021-12-14T21:03:08-03:00	756	30	65	SCD30
2021-12-14T21:03:10-03:00	756	30	65	SCD30
2021-12-14T21:03:12-03:00	757	30	65	SCD30
2021-12-14T21:03:14-03:00	756	30	65	SCD30
2021-12-14T21:03:16-03:00	756	30	65	SCD30
2021-12-14T21:03:18-03:00	757	30	65	SCD30
2021-12-14T21:03:21-03:00	757	30	65	SCD30
2021-12-14T21:03:23-03:00	756	30	65	SCD30
2021-12-14T21:03:25-03:00	756	30	65	SCD30
2021-12-14T21:03:27-03:00	757	30	65	SCD30
2021-12-14T21:03:29-03:00	757	30	65	SCD30
2021-12-14T21:03:31-03:00	757	30	65	SCD30
2021-12-14T21:03:34-03:00	757	30	65	SCD30
2021-12-14T21:03:36-03:00	757	30	65	SCD30
2021-12-14T21:03:38-03:00	756	30	65	SCD30
2021-12-14T21:03:40-03:00	756	30	65	SCD30
2021-12-14T21:03:42-03:00	756	30	65	SCD30
2021-12-14T21:03:44-03:00	756	30	65	SCD30
2021-12-14T21:03:46-03:00	756	30	65	SCD30
2021-12-14T21:03:48-03:00	756	30	65	SCD30
2021-12-14T21:03:50-03:00	756	30	65	SCD30
2021-12-14T21:03:52-03:00	756	30	65	SCD30
2021-12-14T21:03:55-03:00	756	30	65	SCD30
2021-12-14T21:03:57-03:00	755	30	65	SCD30
2021-12-14T21:03:59-03:00	756	30	65	SCD30
2021-12-14T21:04:01-03:00	756	30	65	SCD30
2021-12-14T21:04:03-03:00	756	30	65	SCD30
2021-12-14T21:04:05-03:00	756	30	65	SCD30
2021-12-14T21:04:08-03:00	757	30	65	SCD30
2021-12-14T21:04:10-03:00	757	30	65	SCD30
2021-12-14T21:04:12-03:00	757	30	65	SCD30
2021-12-14T21:04:14-03:00	757	30	65	SCD30
2021-12-14T21:04:16-03:00	758	30	65	SCD30
2021-12-14T21:04:18-03:00	758	30	65	SCD30
2021-12-14T21:04:20-03:00	758	30	65	SCD30
2021-12-14T21:04:22-03:00	758	30	65	SCD30
2021-12-14T21:04:24-03:00	759	30	65	SCD30
2021-12-14T21:04:26-03:00	758	30	65	SCD30
2021-12-14T21:04:28-03:00	758	30	65	SCD30
2021-12-14T21:04:30-03:00	758	30	65	SCD30
2021-12-14T21:04:33-03:00	759	30	65	SCD30
2021-12-14T21:04:35-03:00	759	30	65	SCD30
2021-12-14T21:04:37-03:00	760	30	65	SCD30
2021-12-14T21:04:39-03:00	760	30	65	SCD30
2021-12-14T21:04:41-03:00	761	30	65	SCD30
2021-12-14T21:04:43-03:00	761	30	65	SCD30
2021-12-14T21:04:46-03:00	761	30	65	SCD30
2021-12-14T21:04:48-03:00	761	30	65	SCD30
2021-12-14T21:04:50-03:00	760	30	65	SCD30
2021-12-14T21:04:52-03:00	761	30	65	SCD30
2021-12-14T21:04:54-03:00	760	30	65	SCD30
2021-12-14T21:04:56-03:00	760	30	65	SCD30
2021-12-14T21:04:58-03:00	760	30	65	SCD30
2021-12-14T21:05:00-03:00	760	30	65	SCD30
2021-12-14T21:05:02-03:00	760	30	65	SCD30
2021-12-14T21:05:04-03:00	759	30	65	SCD30
2021-12-14T21:05:06-03:00	759	30	65	SCD30
2021-12-14T21:05:09-03:00	759	30	65	SCD30
2021-12-14T21:05:11-03:00	759	30	65	SCD30
2021-12-14T21:05:13-03:00	759	30	65	SCD30
2021-12-14T21:05:15-03:00	759	30	65	SCD30
2021-12-14T21:05:17-03:00	760	30	65	SCD30
2021-12-14T21:05:19-03:00	759	30	65	SCD30
2021-12-14T21:05:22-03:00	759	30	65	SCD30
2021-12-14T21:05:24-03:00	760	30	65	SCD30
2021-12-14T21:05:26-03:00	759	30	65	SCD30
2021-12-14T21:05:28-03:00	759	30	65	SCD30
2021-12-14T21:05:30-03:00	759	30	65	SCD30
2021-12-14T21:05:32-03:00	759	30	65	SCD30
2021-12-14T21:05:34-03:00	760	30	65	SCD30
2021-12-14T21:05:36-03:00	760	30	65	SCD30
2021-12-14T21:05:38-03:00	760	30	65	SCD30
2021-12-14T21:05:40-03:00	760	30	65	SCD30
2021-12-14T21:05:42-03:00	760	30	65	SCD30
2021-12-14T21:05:44-03:00	761	30	65	SCD30
2021-12-14T21:05:47-03:00	761	30	65	SCD30
2021-12-14T21:05:49-03:00	761	30	65	SCD30
2021-12-14T21:05:51-03:00	761	30	65	SCD30
2021-12-14T21:05:53-03:00	760	30	65	SCD30
2021-12-14T21:05:55-03:00	760	30	65	SCD30
2021-12-14T21:05:57-03:00	760	30	65	SCD30
2021-12-14T21:06:00-03:00	760	30	65	SCD30
2021-12-14T21:06:02-03:00	760	30	65	SCD30
2021-12-14T21:06:04-03:00	760	30	65	SCD30
2021-12-14T21:06:06-03:00	760	30	65	SCD30
2021-12-14T21:06:08-03:00	760	30	65	SCD30
2021-12-14T21:06:10-03:00	761	30	65	SCD30
2021-12-14T21:06:12-03:00	761	30	65	SCD30
2021-12-14T21:06:14-03:00	760	30	65	SCD30
2021-12-14T21:06:16-03:00	761	30	65	SCD30
2021-12-14T21:06:18-03:00	761	30	65	SCD30
2021-12-14T21:06:20-03:00	762	30	65	SCD30
2021-12-14T21:06:23-03:00	762	30	65	SCD30
2021-12-14T21:06:25-03:00	761	30	65	SCD30
2021-12-14T21:06:27-03:00	762	30	65	SCD30
2021-12-14T21:06:29-03:00	762	30	65	SCD30
2021-12-14T21:06:31-03:00	762	30	65	SCD30
2021-12-14T21:06:33-03:00	762	30	65	SCD30
2021-12-14T21:06:36-03:00	762	30	65	SCD30
2021-12-14T21:06:38-03:00	762	30	65	SCD30
2021-12-14T21:06:40-03:00	762	30	65	SCD30
2021-12-14T21:06:42-03:00	762	30	65	SCD30
2021-12-14T21:06:44-03:00	762	30	65	SCD30
2021-12-14T21:06:46-03:00	762	30	65	SCD30
2021-12-14T21:06:48-03:00	762	30	65	SCD30
2021-12-14T21:06:50-03:00	762	30	65	SCD30
2021-12-14T21:06:52-03:00	762	30	65	SCD30
2021-12-14T21:06:54-03:00	761	30	65	SCD30
2021-12-14T21:06:56-03:00	761	30	65	SCD30
2021-12-14T21:06:59-03:00	761	30	65	SCD30
2021-12-14T21:07:01-03:00	761	30	65	SCD30
2021-12-14T21:07:03-03:00	761	30	64	SCD30
2021-12-14T21:07:05-03:00	761	30	64	SCD30
2021-12-14T21:07:07-03:00	761	30	64	SCD30
2021-12-14T21:07:09-03:00	761	30	64	SCD30
2021-12-14T21:07:11-03:00	761	30	64	SCD30
2021-12-14T21:07:14-03:00	761	30	64	SCD30
2021-12-14T21:07:16-03:00	761	30	64	SCD30
2021-12-14T21:07:18-03:00	761	30	64	SCD30
2021-12-14T21:07:20-03:00	761	30	64	SCD30
2021-12-14T21:07:22-03:00	761	30	64	SCD30
2021-12-14T21:07:24-03:00	761	30	64	SCD30
2021-12-14T21:07:26-03:00	761	30	64	SCD30
2021-12-14T21:07:28-03:00	761	30	64	SCD30
2021-12-14T21:07:30-03:00	761	30	64	SCD30
2021-12-14T21:07:32-03:00	761	30	65	SCD30
2021-12-14T21:07:35-03:00	761	30	64	SCD30
2021-12-14T21:07:37-03:00	761	30	64	SCD30
2021-12-14T21:07:39-03:00	761	30	64	SCD30
2021-12-14T21:07:41-03:00	761	30	64	SCD30
2021-12-14T21:07:43-03:00	761	30	64	SCD30
2021-12-14T21:07:45-03:00	760	30	64	SCD30
2021-12-14T21:07:47-03:00	760	30	64	SCD30
2021-12-14T21:07:50-03:00	761	30	64	SCD30
2021-12-14T21:07:52-03:00	760	30	64	SCD30
2021-12-14T21:07:54-03:00	760	30	64	SCD30
2021-12-14T21:07:56-03:00	760	30	64	SCD30
2021-12-14T21:07:58-03:00	760	30	64	SCD30
2021-12-14T21:08:00-03:00	760	30	64	SCD30
2021-12-14T21:08:02-03:00	759	30	64	SCD30
2021-12-14T21:08:04-03:00	760	30	64	SCD30
2021-12-14T21:08:06-03:00	759	30	64	SCD30
2021-12-14T21:08:08-03:00	760	30	64	SCD30
2021-12-14T21:08:11-03:00	760	30	64	SCD30
2021-12-14T21:08:13-03:00	760	30	64	SCD30
2021-12-14T21:08:15-03:00	760	30	64	SCD30
2021-12-14T21:08:17-03:00	761	30	64	SCD30
2021-12-14T21:08:19-03:00	761	30	64	SCD30
2021-12-14T21:08:21-03:00	761	30	64	SCD30
2021-12-14T21:08:23-03:00	761	30	64	SCD30
2021-12-14T21:08:25-03:00	761	30	64	SCD30
2021-12-14T21:08:28-03:00	761	30	64	SCD30
2021-12-14T21:08:30-03:00	761	30	64	SCD30
2021-12-14T21:08:32-03:00	761	30	64	SCD30
2021-12-14T21:08:34-03:00	761	30	64	SCD30
2021-12-14T21:08:36-03:00	762	30	64	SCD30
2021-12-14T21:08:38-03:00	762	30	64	SCD30
2021-12-14T21:08:40-03:00	762	30	64	SCD30
2021-12-14T21:08:42-03:00	762	30	64	SCD30
2021-12-14T21:08:44-03:00	762	30	64	SCD30
2021-12-14T21:08:47-03:00	762	30	64	SCD30
2021-12-14T21:08:49-03:00	762	30	64	SCD30
2021-12-14T21:08:51-03:00	762	30	64	SCD30
2021-12-14T21:08:53-03:00	762	30	64	SCD30
2021-12-14T21:08:55-03:00	762	30	64	SCD30
2021-12-14T21:08:57-03:00	763	30	64	SCD30
2021-12-14T21:08:59-03:00	763	30	64	SCD30
2021-12-14T21:09:01-03:00	764	30	64	SCD30
2021-12-14T21:09:03-03:00	764	30	64	SCD30
2021-12-14T21:09:06-03:00	764	30	64	SCD30
2021-12-14T21:09:08-03:00	764	30	64	SCD30
2021-12-14T21:09:10-03:00	764	30	64	SCD30
2021-12-14T21:09:12-03:00	764	30	64	SCD30
2021-12-14T21:09:14-03:00	764	30	64	SCD30
2021-12-14T21:09:16-03:00	764	30	64	SCD30
2021-12-14T21:09:18-03:00	764	30	64	SCD30
2021-12-14T21:09:21-03:00	764	30	64	SCD30
2021-12-14T21:09:23-03:00	764	30	64	SCD30
2021-12-14T21:09:25-03:00	764	30	64	SCD30
2021-12-14T21:09:27-03:00	764	30	64	SCD30
2021-12-14T21:09:29-03:00	764	30	64	SCD30
2021-12-14T21:09:31-03:00	764	30	64	SCD30
2021-12-14T21:09:33-03:00	765	30	64	SCD30
2021-12-14T21:09:35-03:00	765	30	64	SCD30
2021-12-14T21:09:37-03:00	765	30	64	SCD30
2021-12-14T21:09:39-03:00	765	30	64	SCD30
2021-12-14T21:09:42-03:00	765	30	64	SCD30
2021-12-14T21:09:44-03:00	765	30	64	SCD30
2021-12-14T21:09:46-03:00	765	30	64	SCD30
2021-12-14T21:09:48-03:00	766	30	64	SCD30
2021-12-14T21:09:50-03:00	765	30	64	SCD30
2021-12-14T21:09:52-03:00	766	30	64	SCD30
2021-12-14T21:09:54-03:00	766	30	64	SCD30
2021-12-14T21:09:57-03:00	766	30	64	SCD30
2021-12-14T21:09:59-03:00	766	30	64	SCD30
2021-12-14T21:10:01-03:00	766	30	64	SCD30
2021-12-14T21:10:03-03:00	766	30	64	SCD30
2021-12-14T21:10:05-03:00	765	30	64	SCD30
2021-12-14T21:10:07-03:00	765	30	64	SCD30
2021-12-14T21:10:09-03:00	766	30	64	SCD30
2021-12-14T21:10:11-03:00	766	30	64	SCD30
2021-12-14T21:10:13-03:00	766	30	64	SCD30
2021-12-14T21:10:15-03:00	765	30	64	SCD30
2021-12-14T21:10:17-03:00	765	30	64	SCD30
2021-12-14T21:10:20-03:00	765	30	64	SCD30
2021-12-14T21:10:22-03:00	765	30	64	SCD30
2021-12-14T21:10:24-03:00	764	30	64	SCD30
2021-12-14T21:10:26-03:00	765	30	64	SCD30
2021-12-14T21:10:28-03:00	766	30	64	SCD30
2021-12-14T21:10:30-03:00	766	30	64	SCD30
2021-12-14T21:10:33-03:00	766	30	64	SCD30
2021-12-14T21:10:35-03:00	766	30	64	SCD30
2021-12-14T21:10:37-03:00	766	30	64	SCD30
2021-12-14T21:10:39-03:00	766	30	64	SCD30
2021-12-14T21:10:41-03:00	767	30	64	SCD30
2021-12-14T21:10:43-03:00	767	30	64	SCD30
2021-12-14T21:10:45-03:00	767	30	64	SCD30
2021-12-14T21:10:47-03:00	767	30	64	SCD30
2021-12-14T21:10:49-03:00	768	30	64	SCD30
2021-12-14T21:10:51-03:00	768	30	64	SCD30
2021-12-14T21:10:53-03:00	768	30	64	SCD30
2021-12-14T21:10:56-03:00	768	30	64	SCD30
2021-12-14T21:10:58-03:00	768	30	64	SCD30
2021-12-14T21:11:00-03:00	768	30	64	SCD30
2021-12-14T21:11:02-03:00	767	30	64	SCD30
2021-12-14T21:11:04-03:00	767	30	64	SCD30
2021-12-14T21:11:06-03:00	767	30	64	SCD30
2021-12-14T21:11:09-03:00	767	30	64	SCD30
2021-12-14T21:11:11-03:00	767	30	64	SCD30
2021-12-14T21:11:13-03:00	767	30	64	SCD30
2021-12-14T21:11:15-03:00	766	30	64	SCD30
2021-12-14T21:11:17-03:00	766	30	64	SCD30
2021-12-14T21:11:19-03:00	767	30	64	SCD30
2021-12-14T21:11:21-03:00	767	30	64	SCD30
2021-12-14T21:11:23-03:00	767	30	64	SCD30
2021-12-14T21:11:25-03:00	766	30	64	SCD30
2021-12-14T21:11:27-03:00	766	30	64	SCD30
2021-12-14T21:11:29-03:00	767	30	64	SCD30
2021-12-14T21:11:32-03:00	766	30	64	SCD30
2021-12-14T21:11:34-03:00	766	30	64	SCD30
2021-12-14T21:11:36-03:00	766	30	64	SCD30
2021-12-14T21:11:38-03:00	766	30	64	SCD30
2021-12-14T21:11:40-03:00	766	30	64	SCD30
2021-12-14T21:11:42-03:00	766	30	64	SCD30
2021-12-14T21:11:45-03:00	766	30	64	SCD30
2021-12-14T21:11:47-03:00	765	30	64	SCD30
2021-12-14T21:11:49-03:00	766	30	64	SCD30
2021-12-14T21:11:51-03:00	766	30	64	SCD30
2021-12-14T21:11:53-03:00	767	30	64	SCD30
2021-12-14T21:11:55-03:00	767	30	64	SCD30
2021-12-14T21:11:57-03:00	768	30	64	SCD30
2021-12-14T21:11:59-03:00	768	30	64	SCD30
2021-12-14T21:12:01-03:00	768	30	64	SCD30
2021-12-14T21:12:03-03:00	768	30	64	SCD30
2021-12-14T21:12:05-03:00	768	30	64	SCD30
2021-12-14T21:12:07-03:00	768	30	64	SCD30
2021-12-14T21:12:10-03:00	767	30	64	SCD30
2021-12-14T21:12:12-03:00	767	30	64	SCD30
2021-12-14T21:12:14-03:00	768	30	64	SCD30
2021-12-14T21:12:16-03:00	767	30	64	SCD30
2021-12-14T21:12:18-03:00	767	30	64	SCD30
2021-12-14T21:12:20-03:00	768	30	64	SCD30
2021-12-14T21:12:23-03:00	768	30	64	SCD30
2021-12-14T21:12:25-03:00	768	30	64	SCD30
2021-12-14T21:12:27-03:00	768	30	64	SCD30
2021-12-14T21:12:29-03:00	768	30	64	SCD30
2021-12-14T21:12:31-03:00	768	30	64	SCD30
2021-12-14T21:12:33-03:00	768	30	64	SCD30
2021-12-14T21:12:35-03:00	768	30	64	SCD30
2021-12-14T21:12:37-03:00	768	30	64	SCD30
2021-12-14T21:12:39-03:00	768	30	64	SCD30
2021-12-14T21:12:41-03:00	767	30	64	SCD30
2021-12-14T21:12:43-03:00	767	30	64	SCD30
2021-12-14T21:12:46-03:00	767	30	64	SCD30
2021-12-14T21:12:48-03:00	767	30	64	SCD30
2021-12-14T21:12:50-03:00	767	30	64	SCD30
2021-12-14T21:12:52-03:00	767	30	64	SCD30
2021-12-14T21:12:54-03:00	767	30	64	SCD30
2021-12-14T21:12:56-03:00	767	30	64	SCD30
2021-12-14T21:12:59-03:00	767	30	64	SCD30
2021-12-14T21:13:01-03:00	767	30	64	SCD30
2021-12-14T21:13:03-03:00	767	30	64	SCD30
2021-12-14T21:13:05-03:00	766	30	64	SCD30
2021-12-14T21:13:07-03:00	766	30	64	SCD30
2021-12-14T21:13:09-03:00	765	30	64	SCD30
2021-12-14T21:13:11-03:00	765	30	64	SCD30
2021-12-14T21:13:13-03:00	766	30	64	SCD30
2021-12-14T21:13:15-03:00	766	30	64	SCD30
2021-12-14T21:13:17-03:00	766	30	64	SCD30
2021-12-14T21:13:19-03:00	766	30	64	SCD30
2021-12-14T21:13:21-03:00	766	30	64	SCD30
2021-12-14T21:13:24-03:00	765	30	64	SCD30
2021-12-14T21:13:26-03:00	765	30	64	SCD30
2021-12-14T21:13:28-03:00	765	30	64	SCD30
2021-12-14T21:13:30-03:00	765	30	64	SCD30
2021-12-14T21:13:32-03:00	765	30	64	SCD30
2021-12-14T21:13:35-03:00	765	30	64	SCD30
2021-12-14T21:13:37-03:00	765	30	64	SCD30
2021-12-14T21:13:39-03:00	765	30	64	SCD30
2021-12-14T21:13:41-03:00	765	30	64	SCD30
2021-12-14T21:13:43-03:00	765	30	64	SCD30
2021-12-14T21:13:45-03:00	765	30	64	SCD30
2021-12-14T21:13:47-03:00	764	30	64	SCD30
2021-12-14T21:13:49-03:00	764	30	64	SCD30
2021-12-14T21:13:51-03:00	764	30	64	SCD30
2021-12-14T21:13:53-03:00	765	30	64	SCD30
2021-12-14T21:13:55-03:00	765	30	64	SCD30
2021-12-14T21:13:57-03:00	765	30	64	SCD30
2021-12-14T21:14:00-03:00	765	30	64	SCD30
2021-12-14T21:14:02-03:00	765	30	64	SCD30
2021-12-14T21:14:04-03:00	765	30	64	SCD30
2021-12-14T21:14:06-03:00	765	30	64	SCD30
2021-12-14T21:14:08-03:00	765	30	64	SCD30
2021-12-14T21:14:10-03:00	764	30	64	SCD30
2021-12-14T21:14:13-03:00	764	30	64	SCD30
2021-12-14T21:14:15-03:00	764	30	64	SCD30
2021-12-14T21:14:17-03:00	764	30	64	SCD30
2021-12-14T21:14:19-03:00	763	30	64	SCD30
2021-12-14T21:14:21-03:00	763	30	64	SCD30
2021-12-14T21:14:23-03:00	763	30	64	SCD30
2021-12-14T21:14:25-03:00	763	30	64	SCD30
2021-12-14T21:14:27-03:00	763	30	64	SCD30
2021-12-14T21:14:29-03:00	763	30	64	SCD30
2021-12-14T21:14:31-03:00	762	30	64	SCD30
2021-12-14T21:14:33-03:00	762	30	64	SCD30
2021-12-14T21:14:35-03:00	762	30	64	SCD30
2021-12-14T21:14:38-03:00	762	30	64	SCD30
2021-12-14T21:14:40-03:00	762	30	64	SCD30
2021-12-14T21:14:42-03:00	762	30	64	SCD30
2021-12-14T21:14:44-03:00	763	30	64	SCD30
2021-12-14T21:14:46-03:00	763	30	64	SCD30
2021-12-14T21:14:49-03:00	763	30	64	SCD30
2021-12-14T21:14:51-03:00	763	30	64	SCD30
2021-12-14T21:14:53-03:00	763	30	64	SCD30
2021-12-14T21:14:55-03:00	763	30	64	SCD30
2021-12-14T21:14:57-03:00	763	30	64	SCD30
2021-12-14T21:14:59-03:00	764	30	64	SCD30
2021-12-14T21:15:01-03:00	765	30	64	SCD30
2021-12-14T21:15:03-03:00	765	30	64	SCD30
2021-12-14T21:15:05-03:00	764	30	64	SCD30
2021-12-14T21:15:07-03:00	764	30	64	SCD30
2021-12-14T21:15:09-03:00	765	30	64	SCD30
2021-12-14T21:15:11-03:00	765	30	64	SCD30
2021-12-14T21:15:14-03:00	765	30	64	SCD30
2021-12-14T21:15:16-03:00	765	30	64	SCD30
2021-12-14T21:15:18-03:00	765	30	64	SCD30
2021-12-14T21:15:20-03:00	765	30	64	SCD30
2021-12-14T21:15:22-03:00	765	30	64	SCD30
2021-12-14T21:15:24-03:00	764	30	64	SCD30
2021-12-14T21:15:27-03:00	765	30	64	SCD30
2021-12-14T21:15:29-03:00	765	30	64	SCD30
2021-12-14T21:15:31-03:00	764	30	64	SCD30
2021-12-14T21:15:33-03:00	764	30	64	SCD30
2021-12-14T21:15:35-03:00	763	30	64	SCD30
2021-12-14T21:15:37-03:00	761	30	64	SCD30
2021-12-14T21:15:39-03:00	759	30	64	SCD30
2021-12-14T21:15:41-03:00	753	30	64	SCD30
2021-12-14T21:15:43-03:00	735	30	64	SCD30
2021-12-14T21:15:45-03:00	657	30	64	SCD30
2021-12-14T21:15:47-03:00	615	30	64	SCD30
2021-12-14T21:15:50-03:00	582	30	64	SCD30
2021-12-14T21:15:52-03:00	567	30	64	SCD30
2021-12-14T21:15:54-03:00	563	30	64	SCD30
2021-12-14T21:15:56-03:00	562	30	64	SCD30
2021-12-14T21:15:58-03:00	556	30	64	SCD30
2021-12-14T21:16:00-03:00	534	30	64	SCD30
2021-12-14T21:16:03-03:00	525	30	64	SCD30
2021-12-14T21:16:05-03:00	520	30	64	SCD30
2021-12-14T21:16:07-03:00	512	30	64	SCD30
2021-12-14T21:16:09-03:00	509	30	64	SCD30
2021-12-14T21:16:11-03:00	502	30	64	SCD30
2021-12-14T21:16:13-03:00	489	30	64	SCD30
2021-12-14T21:16:15-03:00	487	30	64	SCD30
2021-12-14T21:16:17-03:00	483	30	64	SCD30
2021-12-14T21:16:19-03:00	479	30	64	SCD30
2021-12-14T21:16:21-03:00	477	30	64	SCD30
2021-12-14T21:16:23-03:00	474	30	65	SCD30
2021-12-14T21:16:25-03:00	466	30	65	SCD30
2021-12-14T21:16:28-03:00	466	30	65	SCD30
2021-12-14T21:16:30-03:00	464	30	65	SCD30
2021-12-14T21:16:32-03:00	461	30	65	SCD30
2021-12-14T21:16:34-03:00	456	30	65	SCD30
2021-12-14T21:16:36-03:00	452	30	65	SCD30
2021-12-14T21:16:38-03:00	450	30	65	SCD30
2021-12-14T21:16:41-03:00	450	30	65	SCD30
2021-12-14T21:16:43-03:00	448	30	65	SCD30
2021-12-14T21:16:45-03:00	444	30	65	SCD30
2021-12-14T21:16:47-03:00	442	30	65	SCD30
2021-12-14T21:16:49-03:00	438	30	65	SCD30
2021-12-14T21:16:51-03:00	436	30	65	SCD30
2021-12-14T21:16:53-03:00	431	30	65	SCD30
2021-12-14T21:16:55-03:00	426	30	65	SCD30
2021-12-14T21:16:57-03:00	424	30	65	SCD30
2021-12-14T21:16:59-03:00	420	30	65	SCD30
2021-12-14T21:17:02-03:00	414	30	65	SCD30
2021-12-14T21:17:04-03:00	418	30	65	SCD30
2021-12-14T21:17:06-03:00	419	30	65	SCD30
2021-12-14T21:17:08-03:00	418	30	65	SCD30
2021-12-14T21:17:10-03:00	419	30	65	SCD30
2021-12-14T21:17:12-03:00	421	30	65	SCD30
2021-12-14T21:17:14-03:00	420	30	65	SCD30
2021-12-14T21:17:17-03:00	418	30	65	SCD30
2021-12-14T21:17:19-03:00	417	30	65	SCD30
2021-12-14T21:17:21-03:00	420	30	65	SCD30
2021-12-14T21:17:23-03:00	421	30	65	SCD30
2021-12-14T21:17:25-03:00	421	30	65	SCD30
2021-12-14T21:17:27-03:00	419	30	65	SCD30
2021-12-14T21:17:29-03:00	421	30	65	SCD30
2021-12-14T21:17:31-03:00	421	30	65	SCD30
2021-12-14T21:17:33-03:00	420	30	65	SCD30
2021-12-14T21:17:35-03:00	420	30	65	SCD30
2021-12-14T21:17:38-03:00	423	30	65	SCD30
2021-12-14T21:17:40-03:00	424	30	65	SCD30
2021-12-14T21:17:42-03:00	424	30	65	SCD30
2021-12-14T21:17:44-03:00	424	30	65	SCD30
2021-12-14T21:17:46-03:00	423	30	65	SCD30
2021-12-14T21:17:48-03:00	423	30	65	SCD30
2021-12-14T21:17:50-03:00	424	30	65	SCD30
2021-12-14T21:17:52-03:00	424	30	65	SCD30
2021-12-14T21:17:55-03:00	425	30	65	SCD30
2021-12-14T21:17:57-03:00	425	30	65	SCD30
2021-12-14T21:17:59-03:00	426	30	65	SCD30
2021-12-14T21:18:01-03:00	426	30	65	SCD30
2021-12-14T21:18:03-03:00	426	30	65	SCD30
2021-12-14T21:18:05-03:00	425	30	65	SCD30
2021-12-14T21:18:07-03:00	424	30	65	SCD30
2021-12-14T21:18:09-03:00	425	30	65	SCD30
2021-12-14T21:18:11-03:00	425	30	65	SCD30
2021-12-14T21:18:14-03:00	427	30	65	SCD30
2021-12-14T21:18:16-03:00	427	30	65	SCD30
2021-12-14T21:18:18-03:00	427	30	65	SCD30
2021-12-14T21:18:20-03:00	428	30	65	SCD30
2021-12-14T21:18:22-03:00	428	30	65	SCD30
2021-12-14T21:18:24-03:00	428	30	65	SCD30
2021-12-14T21:18:26-03:00	427	30	65	SCD30
2021-12-14T21:18:28-03:00	427	30	65	SCD30
2021-12-14T21:18:31-03:00	427	30	66	SCD30
2021-12-14T21:18:33-03:00	426	30	65	SCD30
2021-12-14T21:18:35-03:00	425	30	65	SCD30
2021-12-14T21:18:37-03:00	426	30	65	SCD30
2021-12-14T21:18:39-03:00	426	30	65	SCD30
2021-12-14T21:18:41-03:00	426	30	65	SCD30
2021-12-14T21:18:43-03:00	427	30	65	SCD30
2021-12-14T21:18:45-03:00	428	30	65	SCD30
2021-12-14T21:18:47-03:00	428	30	65	SCD30
2021-12-14T21:18:50-03:00	427	30	65	SCD30
2021-12-14T21:18:52-03:00	427	30	65	SCD30
2021-12-14T21:18:54-03:00	427	30	65	SCD30
2021-12-14T21:18:56-03:00	428	30	65	SCD30
2021-12-14T21:18:58-03:00	428	30	65	SCD30
2021-12-14T21:19:00-03:00	428	30	65	SCD30
2021-12-14T21:19:02-03:00	429	30	65	SCD30
2021-12-14T21:19:04-03:00	429	30	65	SCD30
2021-12-14T21:19:06-03:00	430	30	65	SCD30
2021-12-14T21:19:09-03:00	430	30	65	SCD30
2021-12-14T21:19:11-03:00	430	30	65	SCD30
2021-12-14T21:19:13-03:00	430	30	65	SCD30
2021-12-14T21:19:15-03:00	429	30	65	SCD30
2021-12-14T21:19:17-03:00	430	30	65	SCD30
2021-12-14T21:19:19-03:00	431	30	65	SCD30
2021-12-14T21:19:21-03:00	431	30	65	SCD30
2021-12-14T21:19:24-03:00	431	30	65	SCD30
2021-12-14T21:19:26-03:00	431	30	65	SCD30
2021-12-14T21:19:28-03:00	431	30	65	SCD30
2021-12-14T21:19:30-03:00	431	30	65	SCD30
2021-12-14T21:19:32-03:00	431	30	65	SCD30
2021-12-14T21:19:34-03:00	431	30	65	SCD30
2021-12-14T21:19:36-03:00	431	30	65	SCD30
2021-12-14T21:19:38-03:00	431	30	65	SCD30
2021-12-14T21:19:40-03:00	430	30	65	SCD30
2021-12-14T21:19:42-03:00	430	30	65	SCD30
2021-12-14T21:19:45-03:00	430	30	65	SCD30
2021-12-14T21:19:47-03:00	429	30	65	SCD30
2021-12-14T21:19:49-03:00	429	30	65	SCD30
2021-12-14T21:19:51-03:00	430	30	65	SCD30
2021-12-14T21:19:53-03:00	430	30	65	SCD30
2021-12-14T21:19:55-03:00	430	30	65	SCD30
2021-12-14T21:19:57-03:00	430	30	65	SCD30
2021-12-14T21:20:00-03:00	429	30	65	SCD30
2021-12-14T21:20:02-03:00	428	30	65	SCD30
2021-12-14T21:20:04-03:00	427	30	65	SCD30
2021-12-14T21:20:06-03:00	426	30	65	SCD30
2021-12-14T21:20:08-03:00	426	30	65	SCD30
2021-12-14T21:20:10-03:00	425	30	65	SCD30
2021-12-14T21:20:12-03:00	425	30	65	SCD30
2021-12-14T21:20:14-03:00	426	30	65	SCD30
2021-12-14T21:20:16-03:00	426	30	65	SCD30
2021-12-14T21:20:18-03:00	427	30	65	SCD30
2021-12-14T21:20:20-03:00	426	30	65	SCD30
2021-12-14T21:20:23-03:00	425	30	65	SCD30
2021-12-14T21:20:25-03:00	425	30	65	SCD30
2021-12-14T21:20:27-03:00	425	30	65	SCD30
2021-12-14T21:20:29-03:00	424	30	65	SCD30
2021-12-14T21:20:31-03:00	423	30	65	SCD30
2021-12-14T21:20:33-03:00	423	30	65	SCD30
2021-12-14T21:20:36-03:00	432	30	66	SCD30
2021-12-14T21:20:38-03:00	447	30	67	SCD30
2021-12-14T21:20:40-03:00	472	30	68	SCD30
2021-12-14T21:20:42-03:00	520	30	68	SCD30
2021-12-14T21:20:44-03:00	658	30	68	SCD30
2021-12-14T21:20:46-03:00	1071	30	68	SCD30
2021-12-14T21:20:48-03:00	1556	30	68	SCD30
2021-12-14T21:20:50-03:00	1333	30	68	SCD30
2021-12-14T21:20:52-03:00	1879	30	69	SCD30
2021-12-14T21:20:54-03:00	2467	30	69	SCD30
2021-12-14T21:20:56-03:00	2442	30	70	SCD30
2021-12-14T21:20:58-03:00	2569	30	69	SCD30
2021-12-14T21:21:01-03:00	2662	30	70	SCD30
2021-12-14T21:21:03-03:00	2745	30	70	SCD30
2021-12-14T21:21:05-03:00	2744	30	69	SCD30
2021-12-14T21:21:07-03:00	2697	30	69	SCD30
2021-12-14T21:21:09-03:00	2673	30	69	SCD30
2021-12-14T21:21:12-03:00	2637	30	69	SCD30
2021-12-14T21:21:14-03:00	2534	30	68	SCD30
2021-12-14T21:21:16-03:00	2294	30	68	SCD30
2021-12-14T21:21:18-03:00	1978	30	67	SCD30
2021-12-14T21:21:20-03:00	1832	30	67	SCD30
2021-12-14T21:21:22-03:00	1664	30	67	SCD30
2021-12-14T21:21:24-03:00	1583	30	67	SCD30
2021-12-14T21:21:26-03:00	1519	30	67	SCD30
2021-12-14T21:21:28-03:00	1394	30	66	SCD30
2021-12-14T21:21:30-03:00	1220	30	66	SCD30
2021-12-14T21:21:32-03:00	1175	30	66	SCD30
2021-12-14T21:21:34-03:00	1138	30	66	SCD30
2021-12-14T21:21:37-03:00	1088	30	66	SCD30
2021-12-14T21:21:39-03:00	1032	30	66	SCD30
2021-12-14T21:21:41-03:00	939	30	66	SCD30
2021-12-14T21:21:43-03:00	841	30	66	SCD30
2021-12-14T21:21:45-03:00	806	30	66	SCD30
2021-12-14T21:21:47-03:00	782	30	66	SCD30
2021-12-14T21:21:50-03:00	765	30	66	SCD30
2021-12-14T21:21:52-03:00	767	30	66	SCD30
2021-12-14T21:21:54-03:00	757	30	66	SCD30
2021-12-14T21:21:56-03:00	738	30	66	SCD30
2021-12-14T21:21:58-03:00	718	30	66	SCD30
2021-12-14T21:22:00-03:00	701	30	66	SCD30
2021-12-14T21:22:02-03:00	685	30	66	SCD30
2021-12-14T21:22:04-03:00	658	30	66	SCD30
2021-12-14T21:22:06-03:00	635	30	66	SCD30
2021-12-14T21:22:08-03:00	596	30	66	SCD30
2021-12-14T21:22:10-03:00	561	30	66	SCD30
2021-12-14T21:22:12-03:00	536	30	66	SCD30
2021-12-14T21:22:15-03:00	524	30	66	SCD30
2021-12-14T21:22:17-03:00	518	30	66	SCD30
2021-12-14T21:22:19-03:00	521	29	66	SCD30
2021-12-14T21:22:21-03:00	520	29	67	SCD30
2021-12-14T21:22:23-03:00	521	29	67	SCD30
2021-12-14T21:22:26-03:00	523	29	67	SCD30
2021-12-14T21:22:28-03:00	517	29	67	SCD30
2021-12-14T21:22:30-03:00	514	29	67	SCD30
2021-12-14T21:22:32-03:00	513	29	67	SCD30
2021-12-14T21:22:34-03:00	509	29	67	SCD30
2021-12-14T21:22:36-03:00	504	29	67	SCD30
2021-12-14T21:22:38-03:00	503	29	67	SCD30
2021-12-14T21:22:40-03:00	503	29	66	SCD30
2021-12-14T21:22:42-03:00	499	29	66	SCD30
2021-12-14T21:22:44-03:00	496	29	66	SCD30
2021-12-14T21:22:46-03:00	494	29	66	SCD30
2021-12-14T21:22:48-03:00	494	30	66	SCD30
2021-12-14T21:22:51-03:00	491	30	66	SCD30
2021-12-14T21:22:53-03:00	490	30	66	SCD30
2021-12-14T21:22:55-03:00	488	30	66	SCD30
2021-12-14T21:22:57-03:00	488	30	66	SCD30
2021-12-14T21:22:59-03:00	487	30	66	SCD30
2021-12-14T21:23:01-03:00	484	30	66	SCD30
2021-12-14T21:23:04-03:00	483	30	66	SCD30
2021-12-14T21:23:06-03:00	482	30	66	SCD30
2021-12-14T21:23:08-03:00	482	30	66	SCD30
2021-12-14T21:23:10-03:00	482	30	66	SCD30
2021-12-14T21:23:12-03:00	482	30	66	SCD30
2021-12-14T21:23:14-03:00	481	30	66	SCD30
2021-12-14T21:23:16-03:00	481	30	66	SCD30
2021-12-14T21:23:18-03:00	478	30	66	SCD30
2021-12-14T21:23:20-03:00	477	30	66	SCD30
2021-12-14T21:23:22-03:00	475	30	66	SCD30
2021-12-14T21:23:24-03:00	475	30	66	SCD30
2021-12-14T21:23:26-03:00	474	30	66	SCD30
2021-12-14T21:23:29-03:00	472	30	66	SCD30
2021-12-14T21:23:31-03:00	471	30	66	SCD30
2021-12-14T21:23:33-03:00	469	30	66	SCD30
2021-12-14T21:23:35-03:00	467	30	66	SCD30
2021-12-14T21:23:37-03:00	465	30	66	SCD30
2021-12-14T21:23:40-03:00	465	30	66	SCD30
2021-12-14T21:23:42-03:00	463	30	65	SCD30
2021-12-14T21:23:44-03:00	462	30	65	SCD30
2021-12-14T21:23:46-03:00	461	30	65	SCD30
2021-12-14T21:23:48-03:00	459	30	66	SCD30
2021-12-14T21:23:50-03:00	458	30	66	SCD30
2021-12-14T21:23:52-03:00	457	30	66	SCD30
2021-12-14T21:23:54-03:00	455	30	66	SCD30
2021-12-14T21:23:56-03:00	452	30	66	SCD30
2021-12-14T21:23:58-03:00	451	30	66	SCD30
2021-12-14T21:24:00-03:00	448	30	66	SCD30
2021-12-14T21:24:02-03:00	446	30	65	SCD30
2021-12-14T21:24:05-03:00	446	30	65	SCD30
2021-12-14T21:24:07-03:00	446	30	66	SCD30
2021-12-14T21:24:09-03:00	445	30	65	SCD30
2021-12-14T21:24:11-03:00	445	30	65	SCD30
2021-12-14T21:24:13-03:00	444	30	65	SCD30
2021-12-14T21:24:15-03:00	444	30	65	SCD30
2021-12-14T21:24:18-03:00	440	30	65	SCD30
2021-12-14T21:24:20-03:00	437	30	66	SCD30
2021-12-14T21:24:22-03:00	435	30	66	SCD30
2021-12-14T21:24:24-03:00	432	30	66	SCD30
2021-12-14T21:24:26-03:00	425	30	66	SCD30
2021-12-14T21:24:28-03:00	413	30	66	SCD30
2021-12-14T21:24:30-03:00	414	30	66	SCD30
2021-12-14T21:24:32-03:00	414	30	66	SCD30
2021-12-14T21:24:34-03:00	425	30	66	SCD30
2021-12-14T21:24:36-03:00	432	30	66	SCD30
2021-12-14T21:24:38-03:00	439	30	66	SCD30
2021-12-14T21:24:41-03:00	449	30	66	SCD30
2021-12-14T21:24:43-03:00	463	30	66	SCD30
2021-12-14T21:24:45-03:00	491	30	66	SCD30
2021-12-14T21:24:47-03:00	499	30	66	SCD30
2021-12-14T21:24:49-03:00	510	30	66	SCD30
2021-12-14T21:24:51-03:00	519	30	65	SCD30
2021-12-14T21:24:54-03:00	528	30	65	SCD30
2021-12-14T21:24:56-03:00	536	30	65	SCD30
2021-12-14T21:24:58-03:00	540	30	65	SCD30
2021-12-14T21:25:00-03:00	548	30	65	SCD30
2021-12-14T21:25:02-03:00	550	30	65	SCD30
2021-12-14T21:25:04-03:00	555	30	65	SCD30
2021-12-14T21:25:06-03:00	560	30	65	SCD30
2021-12-14T21:25:08-03:00	564	30	65	SCD30
2021-12-14T21:25:10-03:00	563	30	65	SCD30
2021-12-14T21:25:12-03:00	562	30	65	SCD30
2021-12-14T21:25:14-03:00	561	30	65	SCD30
2021-12-14T21:25:16-03:00	562	30	65	SCD30
2021-12-14T21:25:19-03:00	563	30	65	SCD30
2021-12-14T21:25:21-03:00	575	30	65	SCD30
2021-12-14T21:25:23-03:00	594	30	65	SCD30
2021-12-14T21:25:25-03:00	620	30	65	SCD30
2021-12-14T21:25:27-03:00	661	30	65	SCD30
2021-12-14T21:25:29-03:00	771	30	65	SCD30
2021-12-14T21:25:32-03:00	1121	30	65	SCD30
2021-12-14T21:25:34-03:00	1698	30	65	SCD30
2021-12-14T21:25:36-03:00	2173	30	65	SCD30
2021-12-14T21:25:38-03:00	2485	30	65	SCD30
2021-12-14T21:25:40-03:00	2656	30	65	SCD30
2021-12-14T21:25:42-03:00	2979	30	65	SCD30
2021-12-14T21:25:44-03:00	3151	30	65	SCD30
2021-12-14T21:25:46-03:00	3405	30	65	SCD30
2021-12-14T21:25:48-03:00	3505	30	66	SCD30
2021-12-14T21:25:50-03:00	3545	30	65	SCD30
2021-12-14T21:25:52-03:00	3566	30	65	SCD30
2021-12-14T21:25:55-03:00	3583	30	66	SCD30
2021-12-14T21:25:57-03:00	3589	30	65	SCD30
2021-12-14T21:25:59-03:00	3597	30	65	SCD30
2021-12-14T21:26:01-03:00	3614	30	65	SCD30
2021-12-14T21:26:03-03:00	3626	30	65	SCD30
2021-12-14T21:26:05-03:00	3636	30	65	SCD30
2021-12-14T21:26:08-03:00	3654	30	65	SCD30
2021-12-14T21:26:10-03:00	3662	30	65	SCD30
2021-12-14T21:26:12-03:00	3656	30	65	SCD30
2021-12-14T21:26:14-03:00	3667	30	65	SCD30
2021-12-14T21:26:16-03:00	3673	30	65	SCD30
2021-12-14T21:26:18-03:00	3674	30	65	SCD30
2021-12-14T21:26:20-03:00	3677	30	65	SCD30
2021-12-14T21:26:22-03:00	3673	30	65	SCD30
2021-12-14T21:26:24-03:00	3665	30	65	SCD30
2021-12-14T21:26:26-03:00	3650	30	65	SCD30
2021-12-14T21:26:28-03:00	3623	30	65	SCD30
2021-12-14T21:26:31-03:00	3575	30	65	SCD30
2021-12-14T21:26:33-03:00	3456	30	65	SCD30
2021-12-14T21:26:35-03:00	3139	30	65	SCD30
2021-12-14T21:26:37-03:00	2682	30	65	SCD30
2021-12-14T21:26:39-03:00	2517	30	65	SCD30
2021-12-14T21:26:41-03:00	2333	30	65	SCD30
2021-12-14T21:26:43-03:00	2261	30	65	SCD30
2021-12-14T21:26:46-03:00	2217	30	65	SCD30
2021-12-14T21:26:48-03:00	2185	30	65	SCD30
2021-12-14T21:26:50-03:00	2153	30	65	SCD30
2021-12-14T21:26:52-03:00	2126	30	65	SCD30
2021-12-14T21:26:54-03:00	2084	30	65	SCD30
2021-12-14T21:26:56-03:00	2034	30	65	SCD30
2021-12-14T21:26:58-03:00	1979	30	65	SCD30
2021-12-14T21:27:00-03:00	1921	30	65	SCD30
2021-12-14T21:27:02-03:00	1891	30	65	SCD30
2021-12-14T21:27:04-03:00	1850	30	65	SCD30
2021-12-14T21:27:07-03:00	1829	30	65	SCD30
2021-12-14T21:27:09-03:00	1810	30	65	SCD30
2021-12-14T21:27:11-03:00	1796	30	65	SCD30
2021-12-14T21:27:13-03:00	1777	30	65	SCD30
2021-12-14T21:27:15-03:00	1769	30	65	SCD30
2021-12-14T21:27:17-03:00	1750	30	65	SCD30
2021-12-14T21:27:19-03:00	1738	30	65	SCD30
2021-12-14T21:27:21-03:00	1716	30	65	SCD30
2021-12-14T21:27:24-03:00	1688	30	65	SCD30
2021-12-14T21:27:26-03:00	1607	30	65	SCD30
2021-12-14T21:27:28-03:00	1500	30	65	SCD30
2021-12-14T21:27:30-03:00	1503	30	65	SCD30
2021-12-14T21:27:32-03:00	1500	30	65	SCD30
2021-12-14T21:27:34-03:00	1496	30	65	SCD30
2021-12-14T21:27:36-03:00	1479	30	65	SCD30
2021-12-14T21:27:38-03:00	1480	30	65	SCD30
2021-12-14T21:27:41-03:00	1466	30	65	SCD30
2021-12-14T21:27:43-03:00	1458	30	65	SCD30
2021-12-14T21:27:45-03:00	1449	30	65	SCD30
2021-12-14T21:27:47-03:00	1440	30	65	SCD30
2021-12-14T21:27:49-03:00	1431	30	65	SCD30
2021-12-14T21:27:51-03:00	1420	30	65	SCD30
2021-12-14T21:27:53-03:00	1402	30	65	SCD30
2021-12-14T21:27:55-03:00	1361	30	65	SCD30
2021-12-14T21:27:57-03:00	1356	30	65	SCD30
2021-12-14T21:27:59-03:00	1356	30	65	SCD30
2021-12-14T21:28:02-03:00	1355	30	65	SCD30
2021-12-14T21:28:04-03:00	1343	30	65	SCD30
2021-12-14T21:28:06-03:00	1340	30	65	SCD30
2021-12-14T21:28:08-03:00	1334	30	65	SCD30
2021-12-14T21:28:10-03:00	1329	30	65	SCD30
2021-12-14T21:28:12-03:00	1329	30	65	SCD30
2021-12-14T21:28:14-03:00	1328	30	65	SCD30
2021-12-14T21:28:17-03:00	1324	30	65	SCD30
2021-12-14T21:28:19-03:00	1320	30	65	SCD30
2021-12-14T21:28:21-03:00	1322	30	65	SCD30
2021-12-14T21:28:23-03:00	1318	30	65	SCD30
2021-12-14T21:28:25-03:00	1317	30	65	SCD30
2021-12-14T21:28:27-03:00	1315	30	65	SCD30
2021-12-14T21:28:29-03:00	1314	30	65	SCD30
2021-12-14T21:28:31-03:00	1313	30	65	SCD30
2021-12-14T21:28:33-03:00	1311	30	65	SCD30
2021-12-14T21:28:35-03:00	1310	30	65	SCD30
2021-12-14T21:28:38-03:00	1309	30	65	SCD30
2021-12-14T21:28:40-03:00	1306	30	65	SCD30
2021-12-14T21:28:42-03:00	1306	30	65	SCD30
2021-12-14T21:28:44-03:00	1305	30	65	SCD30
2021-12-14T21:28:46-03:00	1303	30	65	SCD30
2021-12-14T21:28:48-03:00	1302	30	65	SCD30
2021-12-14T21:28:50-03:00	1301	30	65	SCD30
2021-12-14T21:28:53-03:00	1301	30	65	SCD30
2021-12-14T21:28:55-03:00	1301	30	65	SCD30
2021-12-14T21:28:57-03:00	1300	30	65	SCD30
2021-12-14T21:28:59-03:00	1299	30	65	SCD30
2021-12-14T21:29:01-03:00	1300	30	65	SCD30
2021-12-14T21:29:03-03:00	1300	30	65	SCD30
2021-12-14T21:29:05-03:00	1299	30	65	SCD30
2021-12-14T21:29:07-03:00	1300	30	65	SCD30
2021-12-14T21:29:09-03:00	1299	30	65	SCD30
2021-12-14T21:29:11-03:00	1298	30	65	SCD30
2021-12-14T21:29:13-03:00	1296	30	65	SCD30
2021-12-14T21:29:16-03:00	1296	30	65	SCD30
2021-12-14T21:29:18-03:00	1294	30	65	SCD30
2021-12-14T21:29:20-03:00	1294	30	65	SCD30
2021-12-14T21:29:22-03:00	1293	30	64	SCD30
2021-12-14T21:29:24-03:00	1293	30	65	SCD30
2021-12-14T21:29:26-03:00	1292	30	65	SCD30
2021-12-14T21:29:29-03:00	1291	30	64	SCD30
2021-12-14T21:29:31-03:00	1291	30	65	SCD30
2021-12-14T21:29:33-03:00	1289	30	64	SCD30
2021-12-14T21:29:35-03:00	1289	30	64	SCD30
2021-12-14T21:29:37-03:00	1288	30	64	SCD30
2021-12-14T21:29:39-03:00	1287	30	64	SCD30
2021-12-14T21:29:41-03:00	1287	30	64	SCD30
2021-12-14T21:29:43-03:00	1286	30	64	SCD30
2021-12-14T21:29:45-03:00	1286	30	64	SCD30
2021-12-14T21:29:47-03:00	1285	30	64	SCD30
2021-12-14T21:29:49-03:00	1285	30	64	SCD30
2021-12-14T21:29:52-03:00	1286	30	64	SCD30
2021-12-14T21:29:54-03:00	1285	30	64	SCD30
2021-12-14T21:29:56-03:00	1285	30	64	SCD30
2021-12-14T21:29:58-03:00	1285	30	64	SCD30
2021-12-14T21:30:00-03:00	1285	30	64	SCD30
2021-12-14T21:30:02-03:00	1285	30	64	SCD30
2021-12-14T21:30:05-03:00	1285	30	64	SCD30
2021-12-14T21:30:07-03:00	1285	30	64	SCD30
2021-12-14T21:30:09-03:00	1285	30	64	SCD30
2021-12-14T21:30:11-03:00	1284	30	64	SCD30
2021-12-14T21:30:13-03:00	1284	30	64	SCD30
2021-12-14T21:30:15-03:00	1283	30	64	SCD30
2021-12-14T21:30:17-03:00	1283	30	64	SCD30
2021-12-14T21:30:19-03:00	1283	30	64	SCD30
2021-12-14T21:30:21-03:00	1283	30	64	SCD30
2021-12-14T21:30:23-03:00	1283	30	64	SCD30
2021-12-14T21:30:25-03:00	1283	30	64	SCD30
2021-12-14T21:30:27-03:00	1284	30	64	SCD30
2021-12-14T21:30:30-03:00	1283	30	64	SCD30
2021-12-14T21:30:32-03:00	1283	30	64	SCD30
2021-12-14T21:30:34-03:00	1283	30	64	SCD30
2021-12-14T21:30:36-03:00	1282	30	64	SCD30
2021-12-14T21:30:38-03:00	1282	30	64	SCD30
2021-12-14T21:30:40-03:00	1282	30	64	SCD30
2021-12-14T21:30:43-03:00	1281	30	64	SCD30
2021-12-14T21:30:45-03:00	1281	30	64	SCD30
2021-12-14T21:30:47-03:00	1281	30	64	SCD30
2021-12-14T21:30:49-03:00	1281	30	64	SCD30
2021-12-14T21:30:51-03:00	1282	30	64	SCD30
2021-12-14T21:30:53-03:00	1281	30	64	SCD30
2021-12-14T21:30:55-03:00	1281	30	64	SCD30
2021-12-14T21:30:57-03:00	1281	30	64	SCD30
2021-12-14T21:30:59-03:00	1281	30	64	SCD30
2021-12-14T21:31:01-03:00	1282	30	64	SCD30
2021-12-14T21:31:03-03:00	1281	30	64	SCD30
2021-12-14T21:31:06-03:00	1281	30	64	SCD30
2021-12-14T21:31:08-03:00	1281	30	64	SCD30
2021-12-14T21:31:10-03:00	1281	30	64	SCD30
2021-12-14T21:31:12-03:00	1281	30	64	SCD30
2021-12-14T21:31:14-03:00	1281	30	64	SCD30
2021-12-14T21:31:16-03:00	1281	30	64	SCD30
2021-12-14T21:31:19-03:00	1281	30	64	SCD30
2021-12-14T21:31:21-03:00	1281	30	64	SCD30
2021-12-14T21:31:23-03:00	1282	30	64	SCD30
2021-12-14T21:31:25-03:00	1282	30	64	SCD30
2021-12-14T21:31:27-03:00	1281	30	64	SCD30
2021-12-14T21:31:29-03:00	1281	30	64	SCD30
2021-12-14T21:31:31-03:00	1281	30	64	SCD30
2021-12-14T21:31:33-03:00	1280	30	64	SCD30
2021-12-14T21:31:35-03:00	1280	30	64	SCD30
2021-12-14T21:31:37-03:00	1280	30	64	SCD30
2021-12-14T21:31:39-03:00	1280	30	64	SCD30
2021-12-14T21:31:41-03:00	1280	30	64	SCD30
2021-12-14T21:31:44-03:00	1280	30	64	SCD30
2021-12-14T21:31:46-03:00	1280	30	64	SCD30
2021-12-14T21:31:48-03:00	1280	30	64	SCD30
2021-12-14T21:31:50-03:00	1279	30	64	SCD30
2021-12-14T21:31:52-03:00	1280	30	64	SCD30
2021-12-14T21:31:54-03:00	1280	30	64	SCD30
2021-12-14T21:31:57-03:00	1280	30	64	SCD30
2021-12-14T21:31:59-03:00	1281	30	64	SCD30
2021-12-14T21:32:01-03:00	1281	30	64	SCD30
2021-12-14T21:32:03-03:00	1281	30	64	SCD30
2021-12-14T21:32:05-03:00	1281	30	64	SCD30
2021-12-14T21:32:07-03:00	1281	30	64	SCD30
2021-12-14T21:32:09-03:00	1281	30	64	SCD30
2021-12-14T21:32:11-03:00	1281	30	64	SCD30
2021-12-14T21:32:13-03:00	1282	30	64	SCD30
2021-12-14T21:32:15-03:00	1281	30	64	SCD30
2021-12-14T21:32:17-03:00	1281	30	64	SCD30
2021-12-14T21:32:19-03:00	1281	30	64	SCD30
2021-12-14T21:32:22-03:00	1282	30	64	SCD30
2021-12-14T21:32:24-03:00	1282	30	64	SCD30
2021-12-14T21:32:26-03:00	1283	30	64	SCD30
2021-12-14T21:32:28-03:00	1283	30	64	SCD30
2021-12-14T21:32:30-03:00	1283	30	64	SCD30
2021-12-14T21:32:32-03:00	1283	30	64	SCD30
2021-12-14T21:32:35-03:00	1282	30	64	SCD30
2021-12-14T21:32:37-03:00	1282	30	64	SCD30
2021-12-14T21:32:39-03:00	1282	30	64	SCD30
2021-12-14T21:32:41-03:00	1282	30	64	SCD30
2021-12-14T21:32:43-03:00	1282	30	64	SCD30
2021-12-14T21:32:45-03:00	1282	30	64	SCD30
2021-12-14T21:32:47-03:00	1281	30	64	SCD30
2021-12-14T21:32:49-03:00	1281	30	64	SCD30
2021-12-14T21:32:51-03:00	1281	30	64	SCD30
2021-12-14T21:32:53-03:00	1281	30	64	SCD30
2021-12-14T21:32:55-03:00	1281	30	64	SCD30
2021-12-14T21:32:57-03:00	1281	30	64	SCD30
2021-12-14T21:33:00-03:00	1281	30	64	SCD30
2021-12-14T21:33:02-03:00	1282	30	64	SCD30
2021-12-14T21:33:04-03:00	1282	30	64	SCD30
2021-12-14T21:33:06-03:00	1282	30	64	SCD30
2021-12-14T21:33:08-03:00	1282	30	64	SCD30
2021-12-14T21:33:10-03:00	1281	30	64	SCD30
2021-12-14T21:33:13-03:00	1281	30	64	SCD30
2021-12-14T21:33:15-03:00	1281	30	64	SCD30
2021-12-14T21:33:17-03:00	1280	30	64	SCD30
2021-12-14T21:33:19-03:00	1281	30	64	SCD30
2021-12-14T21:33:21-03:00	1281	30	64	SCD30
2021-12-14T21:33:23-03:00	1282	30	64	SCD30
2021-12-14T21:33:25-03:00	1282	30	64	SCD30
2021-12-14T21:33:27-03:00	1282	30	64	SCD30
2021-12-14T21:33:29-03:00	1282	30	64	SCD30
2021-12-14T21:33:31-03:00	1283	30	64	SCD30
2021-12-14T21:33:33-03:00	1283	30	64	SCD30
2021-12-14T21:33:36-03:00	1283	30	64	SCD30
2021-12-14T21:33:38-03:00	1283	30	64	SCD30
2021-12-14T21:33:40-03:00	1283	30	64	SCD30
2021-12-14T21:33:42-03:00	1283	30	64	SCD30
2021-12-14T21:33:44-03:00	1283	30	64	SCD30
2021-12-14T21:33:46-03:00	1283	30	64	SCD30
2021-12-14T21:33:49-03:00	1284	30	64	SCD30
2021-12-14T21:33:51-03:00	1285	30	64	SCD30
2021-12-14T21:33:53-03:00	1285	30	64	SCD30
2021-12-14T21:33:55-03:00	1284	30	64	SCD30
2021-12-14T21:33:57-03:00	1285	30	64	SCD30
2021-12-14T21:33:59-03:00	1284	30	64	SCD30
2021-12-14T21:34:01-03:00	1285	30	64	SCD30
2021-12-14T21:34:03-03:00	1285	30	64	SCD30
2021-12-14T21:34:05-03:00	1285	30	64	SCD30
2021-12-14T21:34:07-03:00	1285	30	64	SCD30
2021-12-14T21:34:09-03:00	1286	30	64	SCD30
2021-12-14T21:34:12-03:00	1286	30	64	SCD30
2021-12-14T21:34:14-03:00	1286	30	64	SCD30
2021-12-14T21:34:16-03:00	1286	30	64	SCD30
2021-12-14T21:34:18-03:00	1286	30	64	SCD30
2021-12-14T21:34:20-03:00	1286	30	64	SCD30
2021-12-14T21:34:22-03:00	1286	30	64	SCD30
2021-12-14T21:34:24-03:00	1286	30	64	SCD30
2021-12-14T21:34:27-03:00	1287	30	64	SCD30
2021-12-14T21:34:29-03:00	1287	30	64	SCD30
2021-12-14T21:34:31-03:00	1287	30	64	SCD30
2021-12-14T21:34:33-03:00	1288	30	64	SCD30
2021-12-14T21:34:35-03:00	1288	30	64	SCD30
2021-12-14T21:34:37-03:00	1288	30	64	SCD30
2021-12-14T21:34:39-03:00	1288	30	64	SCD30
2021-12-14T21:34:41-03:00	1288	30	64	SCD30
2021-12-14T21:34:43-03:00	1287	30	64	SCD30
2021-12-14T21:34:45-03:00	1287	30	64	SCD30
2021-12-14T21:34:48-03:00	1288	30	64	SCD30
2021-12-14T21:34:50-03:00	1288	30	64	SCD30
2021-12-14T21:34:52-03:00	1287	30	64	SCD30
2021-12-14T21:34:54-03:00	1288	30	64	SCD30
2021-12-14T21:34:56-03:00	1288	30	64	SCD30
2021-12-14T21:34:58-03:00	1289	30	64	SCD30
2021-12-14T21:35:00-03:00	1288	30	64	SCD30
2021-12-14T21:35:03-03:00	1288	30	64	SCD30
2021-12-14T21:35:05-03:00	1288	30	64	SCD30
2021-12-14T21:35:07-03:00	1289	30	64	SCD30
2021-12-14T21:35:09-03:00	1288	30	64	SCD30
2021-12-14T21:35:11-03:00	1288	30	64	SCD30
2021-12-14T21:35:13-03:00	1288	30	64	SCD30
2021-12-14T21:35:15-03:00	1288	30	64	SCD30
2021-12-14T21:35:17-03:00	1288	30	64	SCD30
2021-12-14T21:35:19-03:00	1289	30	64	SCD30
2021-12-14T21:35:21-03:00	1289	30	64	SCD30
2021-12-14T21:35:24-03:00	1289	30	64	SCD30
2021-12-14T21:35:26-03:00	1289	30	64	SCD30
2021-12-14T21:35:28-03:00	1289	30	64	SCD30
2021-12-14T21:35:30-03:00	1288	30	64	SCD30
2021-12-14T21:35:32-03:00	1288	30	64	SCD30
2021-12-14T21:35:34-03:00	1288	30	64	SCD30
2021-12-14T21:35:36-03:00	1288	30	64	SCD30
2021-12-14T21:35:38-03:00	1287	30	64	SCD30
2021-12-14T21:35:41-03:00	1287	30	64	SCD30
2021-12-14T21:35:43-03:00	1288	30	64	SCD30
2021-12-14T21:35:45-03:00	1289	30	64	SCD30
2021-12-14T21:35:47-03:00	1289	30	64	SCD30
2021-12-14T21:35:49-03:00	1289	30	64	SCD30
2021-12-14T21:35:51-03:00	1290	30	64	SCD30
2021-12-14T21:35:53-03:00	1291	30	64	SCD30
2021-12-14T21:35:55-03:00	1291	30	64	SCD30
2021-12-14T21:35:58-03:00	1291	30	64	SCD30
2021-12-14T21:36:00-03:00	1291	30	64	SCD30
2021-12-14T21:36:02-03:00	1291	30	64	SCD30
2021-12-14T21:36:04-03:00	1291	30	64	SCD30
2021-12-14T21:36:06-03:00	1291	30	64	SCD30
2021-12-14T21:36:08-03:00	1291	30	64	SCD30
2021-12-14T21:36:10-03:00	1292	30	64	SCD30
2021-12-14T21:36:12-03:00	1291	30	64	SCD30
2021-12-14T21:36:14-03:00	1291	30	64	SCD30
2021-12-14T21:36:16-03:00	1291	30	64	SCD30
2021-12-14T21:36:19-03:00	1291	30	64	SCD30
2021-12-14T21:36:21-03:00	1291	30	64	SCD30
2021-12-14T21:36:23-03:00	1290	30	64	SCD30
2021-12-14T21:36:25-03:00	1290	30	64	SCD30
2021-12-14T21:36:27-03:00	1290	30	64	SCD30
2021-12-14T21:36:29-03:00	1290	30	64	SCD30
2021-12-14T21:36:31-03:00	1290	30	64	SCD30
2021-12-14T21:36:34-03:00	1290	30	64	SCD30
2021-12-14T21:36:36-03:00	1291	30	64	SCD30
2021-12-14T21:36:38-03:00	1291	30	64	SCD30
2021-12-14T21:36:40-03:00	1291	30	64	SCD30
2021-12-14T21:36:42-03:00	1291	30	64	SCD30
2021-12-14T21:36:44-03:00	1291	30	64	SCD30
2021-12-14T21:36:46-03:00	1291	30	64	SCD30
2021-12-14T21:36:48-03:00	1291	30	64	SCD30
2021-12-14T21:36:50-03:00	1292	30	64	SCD30
2021-12-14T21:36:52-03:00	1292	30	64	SCD30
2021-12-14T21:36:55-03:00	1292	30	64	SCD30
2021-12-14T21:36:57-03:00	1292	30	64	SCD30
2021-12-14T21:36:59-03:00	1292	30	64	SCD30
2021-12-14T21:37:01-03:00	1292	30	64	SCD30
2021-12-14T21:37:03-03:00	1292	30	64	SCD30
2021-12-14T21:37:05-03:00	1292	30	64	SCD30
2021-12-14T21:37:07-03:00	1292	30	64	SCD30
2021-12-14T21:37:10-03:00	1293	30	64	SCD30
2021-12-14T21:37:12-03:00	1293	30	64	SCD30
2021-12-14T21:37:14-03:00	1293	30	64	SCD30
2021-12-14T21:37:16-03:00	1293	30	64	SCD30
2021-12-14T21:37:18-03:00	1293	30	64	SCD30
2021-12-14T21:37:20-03:00	1293	30	64	SCD30
2021-12-14T21:37:22-03:00	1294	30	64	SCD30
2021-12-14T21:37:24-03:00	1293	30	64	SCD30
2021-12-14T21:37:26-03:00	1293	30	64	SCD30
2021-12-14T21:37:28-03:00	1293	30	64	SCD30
2021-12-14T21:37:30-03:00	1292	30	64	SCD30
2021-12-14T21:37:33-03:00	1292	30	64	SCD30
2021-12-14T21:37:35-03:00	1292	30	64	SCD30
2021-12-14T21:37:37-03:00	1291	30	64	SCD30
2021-12-14T21:37:39-03:00	1291	30	64	SCD30
2021-12-14T21:37:41-03:00	1292	30	64	SCD30
2021-12-14T21:37:43-03:00	1292	30	64	SCD30
2021-12-14T21:37:46-03:00	1291	30	64	SCD30
2021-12-14T21:37:48-03:00	1291	30	64	SCD30
2021-12-14T21:37:50-03:00	1291	30	64	SCD30
2021-12-14T21:37:52-03:00	1291	30	64	SCD30
2021-12-14T21:37:54-03:00	1291	30	64	SCD30
2021-12-14T21:37:56-03:00	1291	30	64	SCD30
2021-12-14T21:37:58-03:00	1291	30	64	SCD30
2021-12-14T21:38:00-03:00	1291	30	64	SCD30
2021-12-14T21:38:02-03:00	1290	30	64	SCD30
2021-12-14T21:38:04-03:00	1291	30	64	SCD30
2021-12-14T21:38:06-03:00	1291	30	64	SCD30
2021-12-14T21:38:08-03:00	1291	30	64	SCD30
2021-12-14T21:38:11-03:00	1291	30	64	SCD30
2021-12-14T21:38:13-03:00	1292	30	64	SCD30
2021-12-14T21:38:15-03:00	1293	30	64	SCD30
2021-12-14T21:38:17-03:00	1293	30	64	SCD30
2021-12-14T21:38:19-03:00	1293	30	64	SCD30
2021-12-14T21:38:21-03:00	1292	30	64	SCD30
2021-12-14T21:38:24-03:00	1292	30	64	SCD30
2021-12-14T21:38:26-03:00	1293	30	64	SCD30
2021-12-14T21:38:28-03:00	1293	30	64	SCD30
2021-12-14T21:38:30-03:00	1293	30	64	SCD30
2021-12-14T21:38:32-03:00	1293	30	64	SCD30
2021-12-14T21:38:34-03:00	1294	30	64	SCD30
2021-12-14T21:38:36-03:00	1295	30	64	SCD30
2021-12-14T21:38:38-03:00	1295	30	64	SCD30
2021-12-14T21:38:40-03:00	1294	30	64	SCD30
2021-12-14T21:38:42-03:00	1296	30	64	SCD30
2021-12-14T21:38:44-03:00	1296	30	64	SCD30
2021-12-14T21:38:46-03:00	1295	30	64	SCD30
2021-12-14T21:38:49-03:00	1295	30	64	SCD30
2021-12-14T21:38:51-03:00	1295	30	64	SCD30
2021-12-14T21:38:53-03:00	1296	30	64	SCD30
2021-12-14T21:38:55-03:00	1296	30	64	SCD30
2021-12-14T21:38:57-03:00	1296	30	64	SCD30
2021-12-14T21:38:59-03:00	1296	30	64	SCD30
2021-12-14T21:39:02-03:00	1296	30	64	SCD30
2021-12-14T21:39:04-03:00	1296	30	64	SCD30
2021-12-14T21:39:06-03:00	1296	30	64	SCD30
2021-12-14T21:39:08-03:00	1296	30	64	SCD30
2021-12-14T21:39:10-03:00	1296	30	64	SCD30
2021-12-14T21:39:12-03:00	1297	30	64	SCD30
2021-12-14T21:39:14-03:00	1297	30	64	SCD30
2021-12-14T21:39:16-03:00	1297	30	64	SCD30
2021-12-14T21:39:18-03:00	1297	30	64	SCD30
2021-12-14T21:39:20-03:00	1297	30	64	SCD30
2021-12-14T21:39:22-03:00	1297	30	64	SCD30
2021-12-14T21:39:24-03:00	1296	30	64	SCD30
2021-12-14T21:39:27-03:00	1297	30	64	SCD30
2021-12-14T21:39:29-03:00	1297	30	64	SCD30
2021-12-14T21:39:31-03:00	1298	30	64	SCD30
2021-12-14T21:39:33-03:00	1298	30	64	SCD30
2021-12-14T21:39:35-03:00	1298	30	64	SCD30
2021-12-14T21:39:37-03:00	1297	30	64	SCD30
2021-12-14T21:39:40-03:00	1297	30	64	SCD30
2021-12-14T21:39:42-03:00	1297	30	64	SCD30
2021-12-14T21:39:44-03:00	1297	30	64	SCD30
2021-12-14T21:39:46-03:00	1296	30	64	SCD30
2021-12-14T21:39:48-03:00	1297	30	64	SCD30
2021-12-14T21:39:50-03:00	1296	30	64	SCD30
2021-12-14T21:39:52-03:00	1297	30	64	SCD30
2021-12-14T21:39:54-03:00	1297	30	64	SCD30
2021-12-14T21:39:56-03:00	1297	30	64	SCD30
2021-12-14T21:39:58-03:00	1296	30	64	SCD30
2021-12-14T21:40:00-03:00	1296	30	64	SCD30
2021-12-14T21:40:02-03:00	1296	30	64	SCD30
2021-12-14T21:40:05-03:00	1296	30	64	SCD30
2021-12-14T21:40:07-03:00	1296	30	64	SCD30
2021-12-14T21:40:09-03:00	1295	30	64	SCD30
2021-12-14T21:40:11-03:00	1295	30	64	SCD30
2021-12-14T21:40:13-03:00	1296	30	64	SCD30
2021-12-14T21:40:15-03:00	1295	30	64	SCD30
2021-12-14T21:40:18-03:00	1296	30	64	SCD30
2021-12-14T21:40:20-03:00	1296	30	64	SCD30
2021-12-14T21:40:22-03:00	1295	30	64	SCD30
2021-12-14T21:40:24-03:00	1294	30	64	SCD30
2021-12-14T21:40:26-03:00	1294	30	64	SCD30
2021-12-14T21:40:28-03:00	1294	30	64	SCD30
2021-12-14T21:40:30-03:00	1294	30	64	SCD30
2021-12-14T21:40:32-03:00	1294	30	64	SCD30
2021-12-14T21:40:34-03:00	1294	30	64	SCD30
2021-12-14T21:40:36-03:00	1294	30	64	SCD30
2021-12-14T21:40:38-03:00	1293	30	64	SCD30
2021-12-14T21:40:40-03:00	1294	30	64	SCD30
2021-12-14T21:40:43-03:00	1293	30	64	SCD30
2021-12-14T21:40:45-03:00	1293	30	64	SCD30
2021-12-14T21:40:47-03:00	1293	30	64	SCD30
2021-12-14T21:40:49-03:00	1292	30	64	SCD30
2021-12-14T21:40:51-03:00	1292	30	64	SCD30
2021-12-14T21:40:53-03:00	1292	30	64	SCD30
2021-12-14T21:40:56-03:00	1292	30	64	SCD30
2021-12-14T21:40:58-03:00	1293	30	64	SCD30
2021-12-14T21:41:00-03:00	1292	30	64	SCD30
2021-12-14T21:41:02-03:00	1292	30	64	SCD30
2021-12-14T21:41:04-03:00	1292	30	64	SCD30
2021-12-14T21:41:06-03:00	1292	30	64	SCD30
2021-12-14T21:41:08-03:00	1292	30	64	SCD30
2021-12-14T21:41:10-03:00	1292	30	64	SCD30
2021-12-14T21:41:12-03:00	1293	30	64	SCD30
2021-12-14T21:41:14-03:00	1293	30	64	SCD30
2021-12-14T21:41:16-03:00	1293	30	64	SCD30
2021-12-14T21:41:19-03:00	1293	30	64	SCD30
2021-12-14T21:41:21-03:00	1292	30	64	SCD30
2021-12-14T21:41:23-03:00	1293	30	64	SCD30
2021-12-14T21:41:25-03:00	1293	30	64	SCD30
2021-12-14T21:41:27-03:00	1293	30	64	SCD30
2021-12-14T21:41:29-03:00	1293	30	64	SCD30
2021-12-14T21:41:31-03:00	1292	30	64	SCD30
2021-12-14T21:41:34-03:00	1293	30	64	SCD30
2021-12-14T21:41:36-03:00	1293	30	64	SCD30
2021-12-14T21:41:38-03:00	1293	30	64	SCD30
2021-12-14T21:41:40-03:00	1293	30	64	SCD30
2021-12-14T21:41:42-03:00	1293	30	64	SCD30
2021-12-14T21:41:44-03:00	1294	30	64	SCD30
2021-12-14T21:41:46-03:00	1294	30	64	SCD30
2021-12-14T21:41:48-03:00	1294	30	64	SCD30
2021-12-14T21:41:50-03:00	1293	30	64	SCD30
2021-12-14T21:41:53-03:00	1293	30	64	SCD30
2021-12-14T21:41:55-03:00	1293	30	64	SCD30
2021-12-14T21:41:57-03:00	1293	30	64	SCD30
2021-12-14T21:41:59-03:00	1294	30	64	SCD30
2021-12-14T21:42:01-03:00	1294	30	64	SCD30
2021-12-14T21:42:03-03:00	1294	30	64	SCD30
2021-12-14T21:42:05-03:00	1294	30	64	SCD30
2021-12-14T21:42:07-03:00	1295	30	64	SCD30
2021-12-14T21:42:10-03:00	1295	30	64	SCD30
2021-12-14T21:42:12-03:00	1295	30	64	SCD30
2021-12-14T21:42:14-03:00	1296	30	64	SCD30
2021-12-14T21:42:16-03:00	1297	30	64	SCD30
2021-12-14T21:42:18-03:00	1297	30	64	SCD30
2021-12-14T21:42:20-03:00	1297	30	64	SCD30
2021-12-14T21:42:22-03:00	1297	30	64	SCD30
2021-12-14T21:42:24-03:00	1297	30	64	SCD30
2021-12-14T21:42:26-03:00	1297	30	64	SCD30
2021-12-14T21:42:29-03:00	1297	30	64	SCD30
2021-12-14T21:42:31-03:00	1296	30	64	SCD30
2021-12-14T21:42:33-03:00	1296	30	64	SCD30
2021-12-14T21:42:35-03:00	1296	30	64	SCD30
2021-12-14T21:42:37-03:00	1296	30	64	SCD30
2021-12-14T21:42:39-03:00	1295	30	64	SCD30
2021-12-14T21:42:41-03:00	1295	30	64	SCD30
2021-12-14T21:42:43-03:00	1294	30	64	SCD30
2021-12-14T21:42:45-03:00	1295	30	64	SCD30
2021-12-14T21:42:48-03:00	1295	30	64	SCD30
2021-12-14T21:42:50-03:00	1294	30	64	SCD30
2021-12-14T21:42:52-03:00	1294	30	64	SCD30
2021-12-14T21:42:54-03:00	1294	30	64	SCD30
2021-12-14T21:42:56-03:00	1294	30	64	SCD30
2021-12-14T21:42:58-03:00	1294	30	64	SCD30
2021-12-14T21:43:00-03:00	1294	30	64	SCD30
2021-12-14T21:43:02-03:00	1293	30	64	SCD30
2021-12-14T21:43:05-03:00	1292	30	64	SCD30
2021-12-14T21:43:07-03:00	1292	30	64	SCD30
2021-12-14T21:43:09-03:00	1292	30	64	SCD30
2021-12-14T21:43:11-03:00	1292	30	64	SCD30
2021-12-14T21:43:13-03:00	1292	30	64	SCD30
2021-12-14T21:43:15-03:00	1292	30	64	SCD30
2021-12-14T21:43:17-03:00	1292	30	64	SCD30
2021-12-14T21:43:19-03:00	1293	30	64	SCD30
2021-12-14T21:43:21-03:00	1293	30	64	SCD30
2021-12-14T21:43:23-03:00	1294	30	64	SCD30
2021-12-14T21:43:26-03:00	1294	30	64	SCD30
2021-12-14T21:43:28-03:00	1294	30	64	SCD30
2021-12-14T21:43:30-03:00	1294	30	64	SCD30
2021-12-14T21:43:32-03:00	1293	30	64	SCD30
2021-12-14T21:43:34-03:00	1292	30	64	SCD30
2021-12-14T21:43:36-03:00	1292	30	64	SCD30
2021-12-14T21:43:38-03:00	1293	30	64	SCD30
2021-12-14T21:43:41-03:00	1292	30	64	SCD30
2021-12-14T21:43:43-03:00	1292	30	64	SCD30
2021-12-14T21:43:45-03:00	1293	30	64	SCD30
2021-12-14T21:43:47-03:00	1292	30	64	SCD30
2021-12-14T21:43:49-03:00	1292	30	64	SCD30
2021-12-14T21:43:51-03:00	1292	30	64	SCD30
2021-12-14T21:43:53-03:00	1292	30	64	SCD30
2021-12-14T21:43:55-03:00	1292	30	64	SCD30
2021-12-14T21:43:57-03:00	1292	30	64	SCD30
2021-12-14T21:43:59-03:00	1292	30	64	SCD30
2021-12-14T21:44:01-03:00	1292	30	64	SCD30
2021-12-14T21:44:04-03:00	1292	30	64	SCD30
2021-12-14T21:44:06-03:00	1292	30	64	SCD30
2021-12-14T21:44:08-03:00	1292	30	64	SCD30
2021-12-14T21:44:10-03:00	1292	30	64	SCD30
2021-12-14T21:44:12-03:00	1292	30	64	SCD30
2021-12-14T21:44:14-03:00	1291	30	64	SCD30
2021-12-14T21:44:17-03:00	1291	30	64	SCD30
2021-12-14T21:44:19-03:00	1291	30	64	SCD30
2021-12-14T21:44:21-03:00	1291	30	64	SCD30
2021-12-14T21:44:23-03:00	1291	30	64	SCD30
2021-12-14T21:44:25-03:00	1291	30	64	SCD30
2021-12-14T21:44:27-03:00	1291	30	64	SCD30
2021-12-14T21:44:29-03:00	1292	30	64	SCD30
2021-12-14T21:44:31-03:00	1292	30	64	SCD30
2021-12-14T21:44:33-03:00	1292	30	64	SCD30
2021-12-14T21:44:35-03:00	1292	30	64	SCD30
2021-12-14T21:44:37-03:00	1291	30	64	SCD30
2021-12-14T21:44:40-03:00	1291	30	64	SCD30
2021-12-14T21:44:42-03:00	1291	30	64	SCD30
2021-12-14T21:44:44-03:00	1291	30	64	SCD30
2021-12-14T21:44:46-03:00	1291	30	64	SCD30
2021-12-14T21:44:48-03:00	1291	30	64	SCD30
2021-12-14T21:44:50-03:00	1291	30	64	SCD30
2021-12-14T21:44:53-03:00	1291	30	64	SCD30
2021-12-14T21:44:55-03:00	1290	30	64	SCD30
2021-12-14T21:44:57-03:00	1290	30	64	SCD30
2021-12-14T21:44:59-03:00	1290	30	64	SCD30
2021-12-14T21:45:01-03:00	1291	30	64	SCD30
2021-12-14T21:45:03-03:00	1291	30	64	SCD30
2021-12-14T21:45:05-03:00	1290	30	64	SCD30
2021-12-14T21:45:07-03:00	1290	30	64	SCD30
2021-12-14T21:45:09-03:00	1290	30	64	SCD30
2021-12-14T21:45:11-03:00	1290	30	64	SCD30
2021-12-14T21:45:13-03:00	1289	30	64	SCD30
2021-12-14T21:45:15-03:00	1287	30	64	SCD30
2021-12-14T21:45:18-03:00	1283	30	64	SCD30
2021-12-14T21:45:20-03:00	1273	30	64	SCD30
2021-12-14T21:45:22-03:00	1232	30	64	SCD30
2021-12-14T21:45:24-03:00	1125	30	64	SCD30
2021-12-14T21:45:26-03:00	956	30	64	SCD30
2021-12-14T21:45:28-03:00	901	30	64	SCD30
2021-12-14T21:45:31-03:00	858	30	64	SCD30
2021-12-14T21:45:33-03:00	826	30	64	SCD30
2021-12-14T21:45:35-03:00	814	30	64	SCD30
2021-12-14T21:45:37-03:00	799	30	64	SCD30
2021-12-14T21:45:39-03:00	774	30	64	SCD30
2021-12-14T21:45:41-03:00	760	30	64	SCD30
2021-12-14T21:45:43-03:00	725	30	64	SCD30
2021-12-14T21:45:45-03:00	720	30	64	SCD30
2021-12-14T21:45:47-03:00	704	30	64	SCD30
2021-12-14T21:45:49-03:00	673	30	64	SCD30
2021-12-14T21:45:51-03:00	647	30	64	SCD30
2021-12-14T21:45:53-03:00	595	30	64	SCD30
2021-12-14T21:45:56-03:00	537	30	64	SCD30
2021-12-14T21:45:58-03:00	507	30	64	SCD30
2021-12-14T21:46:00-03:00	506	30	64	SCD30
2021-12-14T21:46:02-03:00	500	30	64	SCD30
2021-12-14T21:46:04-03:00	505	30	64	SCD30
2021-12-14T21:46:06-03:00	500	30	64	SCD30
2021-12-14T21:46:09-03:00	491	30	64	SCD30
2021-12-14T21:46:11-03:00	486	30	64	SCD30
2021-12-14T21:46:13-03:00	485	30	64	SCD30
2021-12-14T21:46:15-03:00	482	30	64	SCD30
2021-12-14T21:46:17-03:00	478	30	64	SCD30
2021-12-14T21:46:19-03:00	471	30	64	SCD30
2021-12-14T21:46:21-03:00	466	30	64	SCD30
2021-12-14T21:46:23-03:00	459	30	64	SCD30
2021-12-14T21:46:25-03:00	452	30	64	SCD30
2021-12-14T21:46:27-03:00	445	30	64	SCD30
2021-12-14T21:46:29-03:00	442	30	64	SCD30
2021-12-14T21:46:32-03:00	440	30	64	SCD30
2021-12-14T21:46:34-03:00	441	30	64	SCD30
2021-12-14T21:46:36-03:00	442	30	64	SCD30
2021-12-14T21:46:38-03:00	440	30	64	SCD30
2021-12-14T21:46:40-03:00	438	30	64	SCD30
2021-12-14T21:46:42-03:00	440	30	64	SCD30
2021-12-14T21:46:45-03:00	440	30	64	SCD30
2021-12-14T21:46:47-03:00	438	30	64	SCD30
2021-12-14T21:46:49-03:00	439	30	64	SCD30
2021-12-14T21:46:51-03:00	438	30	64	SCD30
2021-12-14T21:46:53-03:00	438	30	64	SCD30
2021-12-14T21:46:55-03:00	438	30	64	SCD30
2021-12-14T21:46:57-03:00	437	30	64	SCD30
2021-12-14T21:46:59-03:00	437	30	64	SCD30
2021-12-14T21:47:01-03:00	436	30	64	SCD30
2021-12-14T21:47:03-03:00	434	30	64	SCD30
2021-12-14T21:47:05-03:00	433	30	64	SCD30
2021-12-14T21:47:07-03:00	432	30	64	SCD30
2021-12-14T21:47:10-03:00	431	30	64	SCD30
2021-12-14T21:47:12-03:00	432	30	64	SCD30
2021-12-14T21:47:14-03:00	430	30	64	SCD30
2021-12-14T21:47:16-03:00	434	30	64	SCD30
2021-12-14T21:47:18-03:00	435	30	64	SCD30
2021-12-14T21:47:20-03:00	434	30	64	SCD30
2021-12-14T21:47:23-03:00	433	30	64	SCD30
2021-12-14T21:47:25-03:00	434	30	64	SCD30
2021-12-14T21:47:27-03:00	437	30	64	SCD30
2021-12-14T21:47:29-03:00	435	30	64	SCD30
2021-12-14T21:47:31-03:00	435	30	65	SCD30
2021-12-14T21:47:33-03:00	434	30	65	SCD30
2021-12-14T21:47:35-03:00	433	30	65	SCD30
2021-12-14T21:47:37-03:00	433	30	65	SCD30
2021-12-14T21:47:39-03:00	432	30	65	SCD30
2021-12-14T21:47:41-03:00	430	30	65	SCD30
2021-12-14T21:47:43-03:00	427	30	65	SCD30
2021-12-14T21:47:45-03:00	424	30	65	SCD30
2021-12-14T21:47:48-03:00	422	30	65	SCD30
2021-12-14T21:47:50-03:00	427	30	65	SCD30
2021-12-14T21:47:52-03:00	421	30	65	SCD30
2021-12-14T21:47:54-03:00	421	30	65	SCD30
2021-12-14T21:47:56-03:00	423	30	65	SCD30
2021-12-14T21:47:58-03:00	424	30	65	SCD30
2021-12-14T21:48:01-03:00	421	30	65	SCD30
2021-12-14T21:48:03-03:00	419	30	65	SCD30
2021-12-14T21:48:05-03:00	417	30	65	SCD30
2021-12-14T21:48:07-03:00	415	30	65	SCD30
2021-12-14T21:48:09-03:00	414	30	65	SCD30
2021-12-14T21:48:11-03:00	410	30	65	SCD30
2021-12-14T21:48:13-03:00	409	30	65	SCD30
2021-12-14T21:48:15-03:00	407	30	65	SCD30
2021-12-14T21:48:17-03:00	406	30	65	SCD30
2021-12-14T21:48:19-03:00	404	30	65	SCD30
2021-12-14T21:48:21-03:00	404	30	65	SCD30
2021-12-14T21:48:24-03:00	403	30	65	SCD30
2021-12-14T21:48:26-03:00	403	30	65	SCD30
2021-12-14T21:48:28-03:00	401	30	65	SCD30
2021-12-14T21:48:30-03:00	401	30	65	SCD30
2021-12-14T21:48:32-03:00	401	30	65	SCD30
2021-12-14T21:48:34-03:00	399	30	65	SCD30
2021-12-14T21:48:36-03:00	398	30	65	SCD30
2021-12-14T21:48:39-03:00	397	30	65	SCD30
2021-12-14T21:48:41-03:00	397	30	65	SCD30
2021-12-14T21:48:43-03:00	397	30	65	SCD30
2021-12-14T21:48:45-03:00	397	30	65	SCD30
2021-12-14T21:48:47-03:00	397	30	65	SCD30
2021-12-14T21:48:49-03:00	398	30	65	SCD30
2021-12-14T21:48:51-03:00	397	30	65	SCD30
2021-12-14T21:48:53-03:00	397	30	65	SCD30
2021-12-14T21:48:55-03:00	397	30	65	SCD30
2021-12-14T21:48:57-03:00	397	30	65	SCD30
2021-12-14T21:49:00-03:00	397	30	65	SCD30
2021-12-14T21:49:02-03:00	397	30	65	SCD30
2021-12-14T21:49:04-03:00	397	30	65	SCD30
2021-12-14T21:49:06-03:00	398	30	65	SCD30
2021-12-14T21:49:08-03:00	398	30	65	SCD30
2021-12-14T21:49:10-03:00	398	30	65	SCD30
2021-12-14T21:49:12-03:00	399	30	65	SCD30
2021-12-14T21:49:15-03:00	400	30	65	SCD30
2021-12-14T21:49:17-03:00	401	30	65	SCD30
2021-12-14T21:49:19-03:00	400	30	65	SCD30
2021-12-14T21:49:21-03:00	401	30	65	SCD30
2021-12-14T21:49:23-03:00	402	30	65	SCD30
2021-12-14T21:49:25-03:00	403	30	65	SCD30
2021-12-14T21:49:27-03:00	404	30	65	SCD30
2021-12-14T21:49:29-03:00	404	30	65	SCD30
2021-12-14T21:49:31-03:00	404	30	65	SCD30
2021-12-14T21:49:33-03:00	405	30	65	SCD30
2021-12-14T21:49:36-03:00	405	30	65	SCD30
2021-12-14T21:49:38-03:00	405	30	65	SCD30
2021-12-14T21:49:40-03:00	405	30	65	SCD30
2021-12-14T21:49:42-03:00	406	30	65	SCD30
2021-12-14T21:49:44-03:00	405	30	65	SCD30
2021-12-14T21:49:46-03:00	405	30	65	SCD30
2021-12-14T21:49:48-03:00	405	30	65	SCD30
2021-12-14T21:49:50-03:00	405	30	65	SCD30
2021-12-14T21:49:53-03:00	405	30	65	SCD30
2021-12-14T21:49:55-03:00	405	30	65	SCD30
2021-12-14T21:49:57-03:00	406	30	65	SCD30
2021-12-14T21:49:59-03:00	406	30	65	SCD30
2021-12-14T21:50:01-03:00	405	30	65	SCD30
2021-12-14T21:50:03-03:00	406	30	65	SCD30
2021-12-14T21:50:05-03:00	406	30	65	SCD30
2021-12-14T21:50:07-03:00	406	30	65	SCD30
2021-12-14T21:50:10-03:00	406	30	65	SCD30
2021-12-14T21:50:12-03:00	405	30	65	SCD30
2021-12-14T21:50:14-03:00	406	30	65	SCD30
2021-12-14T21:50:16-03:00	406	30	65	SCD30
2021-12-14T21:50:18-03:00	407	30	65	SCD30
2021-12-14T21:50:20-03:00	407	30	65	SCD30
2021-12-14T21:50:22-03:00	408	30	66	SCD30
2021-12-14T21:50:24-03:00	408	30	66	SCD30
2021-12-14T21:50:26-03:00	408	30	66	SCD30
2021-12-14T21:50:28-03:00	409	30	66	SCD30
2021-12-14T21:50:31-03:00	409	30	66	SCD30
2021-12-14T21:50:33-03:00	409	30	66	SCD30
2021-12-14T21:50:35-03:00	409	30	66	SCD30
2021-12-14T21:50:37-03:00	408	30	66	SCD30
2021-12-14T21:50:39-03:00	408	30	66	SCD30
2021-12-14T21:50:41-03:00	408	30	66	SCD30
2021-12-14T21:50:43-03:00	408	30	66	SCD30
2021-12-14T21:50:46-03:00	408	30	66	SCD30
2021-12-14T21:50:48-03:00	407	30	66	SCD30
2021-12-14T21:50:50-03:00	407	30	66	SCD30
2021-12-14T21:50:52-03:00	407	30	66	SCD30
2021-12-14T21:50:54-03:00	407	30	66	SCD30
2021-12-14T21:50:56-03:00	407	30	66	SCD30
2021-12-14T21:50:58-03:00	407	30	66	SCD30
2021-12-14T21:51:00-03:00	407	30	66	SCD30
2021-12-14T21:51:02-03:00	406	30	66	SCD30
2021-12-14T21:51:04-03:00	406	30	66	SCD30
2021-12-14T21:51:07-03:00	407	30	66	SCD30
2021-12-14T21:51:09-03:00	407	30	66	SCD30
2021-12-14T21:51:11-03:00	408	30	66	SCD30
2021-12-14T21:51:13-03:00	408	30	66	SCD30
2021-12-14T21:51:15-03:00	407	30	66	SCD30
2021-12-14T21:51:17-03:00	407	30	66	SCD30
2021-12-14T21:51:19-03:00	406	30	66	SCD30
2021-12-14T21:51:22-03:00	406	30	66	SCD30
2021-12-14T21:51:24-03:00	407	30	66	SCD30
2021-12-14T21:51:26-03:00	407	30	66	SCD30
2021-12-14T21:51:28-03:00	406	30	66	SCD30
2021-12-14T21:51:30-03:00	406	30	66	SCD30
2021-12-14T21:51:32-03:00	407	30	66	SCD30
2021-12-14T21:51:34-03:00	408	30	66	SCD30
2021-12-14T21:51:36-03:00	408	30	66	SCD30
2021-12-14T21:51:38-03:00	408	30	66	SCD30
2021-12-14T21:51:40-03:00	409	30	66	SCD30
2021-12-14T21:51:42-03:00	410	29	66	SCD30
2021-12-14T21:51:45-03:00	409	29	66	SCD30
2021-12-14T21:51:47-03:00	409	29	66	SCD30
2021-12-14T21:51:49-03:00	408	29	66	SCD30
2021-12-14T21:51:51-03:00	408	29	66	SCD30
2021-12-14T21:51:53-03:00	407	29	66	SCD30
2021-12-14T21:51:55-03:00	406	29	66	SCD30
2021-12-14T21:51:58-03:00	405	29	66	SCD30
2021-12-14T21:52:00-03:00	405	29	66	SCD30
2021-12-14T21:52:02-03:00	405	29	66	SCD30
2021-12-14T21:52:04-03:00	403	29	66	SCD30
2021-12-14T21:52:06-03:00	404	29	66	SCD30
2021-12-14T21:52:08-03:00	403	30	66	SCD30
2021-12-14T21:52:10-03:00	402	30	66	SCD30
2021-12-14T21:52:12-03:00	403	30	66	SCD30
2021-12-14T21:52:14-03:00	403	30	66	SCD30
2021-12-14T21:52:16-03:00	402	30	66	SCD30
2021-12-14T21:52:18-03:00	402	30	66	SCD30
2021-12-14T21:52:20-03:00	403	30	66	SCD30
2021-12-14T21:52:23-03:00	403	30	66	SCD30
2021-12-14T21:52:25-03:00	404	30	66	SCD30
2021-12-14T21:52:27-03:00	404	30	66	SCD30
2021-12-14T21:52:29-03:00	403	30	66	SCD30
2021-12-14T21:52:31-03:00	404	30	66	SCD30
2021-12-14T21:52:33-03:00	404	30	66	SCD30
2021-12-14T21:52:36-03:00	404	30	66	SCD30
2021-12-14T21:52:38-03:00	405	30	66	SCD30
2021-12-14T21:52:40-03:00	405	30	66	SCD30
2021-12-14T21:52:42-03:00	405	30	66	SCD30
2021-12-14T21:52:44-03:00	405	30	66	SCD30
2021-12-14T21:52:46-03:00	405	30	66	SCD30
2021-12-14T21:52:48-03:00	405	30	66	SCD30
2021-12-14T21:52:50-03:00	406	30	66	SCD30
2021-12-14T21:52:52-03:00	406	30	66	SCD30
2021-12-14T21:52:54-03:00	406	30	66	SCD30
2021-12-14T21:52:56-03:00	407	30	66	SCD30
2021-12-14T21:52:58-03:00	407	30	66	SCD30
2021-12-14T21:53:01-03:00	407	30	66	SCD30
2021-12-14T21:53:03-03:00	407	30	66	SCD30
2021-12-14T21:53:05-03:00	407	30	66	SCD30
2021-12-14T21:53:07-03:00	407	30	66	SCD30
2021-12-14T21:53:09-03:00	407	30	66	SCD30
2021-12-14T21:53:11-03:00	407	30	65	SCD30
2021-12-14T21:53:14-03:00	407	30	65	SCD30
2021-12-14T21:53:16-03:00	407	30	65	SCD30
2021-12-14T21:53:18-03:00	407	30	65	SCD30
2021-12-14T21:53:20-03:00	408	30	65	SCD30
2021-12-14T21:53:22-03:00	408	30	65	SCD30
2021-12-14T21:53:24-03:00	408	30	65	SCD30
2021-12-14T21:53:26-03:00	408	30	65	SCD30
2021-12-14T21:53:28-03:00	408	30	65	SCD30
2021-12-14T21:53:30-03:00	408	30	65	SCD30
2021-12-14T21:53:32-03:00	409	30	65	SCD30
2021-12-14T21:53:34-03:00	409	30	65	SCD30
2021-12-14T21:53:36-03:00	409	30	65	SCD30
2021-12-14T21:53:39-03:00	410	30	65	SCD30
2021-12-14T21:53:41-03:00	410	30	65	SCD30
2021-12-14T21:53:43-03:00	410	30	65	SCD30
2021-12-14T21:53:45-03:00	410	30	65	SCD30
2021-12-14T21:53:47-03:00	410	30	65	SCD30
2021-12-14T21:53:49-03:00	410	30	65	SCD30
2021-12-14T21:53:52-03:00	411	30	65	SCD30
2021-12-14T21:53:54-03:00	411	30	65	SCD30
2021-12-14T21:53:56-03:00	411	30	65	SCD30
2021-12-14T21:53:58-03:00	411	30	65	SCD30
2021-12-14T21:54:00-03:00	412	30	65	SCD30
